transformed OHLCV at frequency 1D
reading cache of TXF in 1D OHLCV
feature: 97367270 has generated.
feature 97367270_lag1 has generated.
feature 97367270_lag2 has generated.
feature 97367270_lag3 has generated.
feature 97367270_lag4 has generated.
transformed OHLCV at frequency 1D
reading cache of TXF in 1D OHLCV
feature: 68488648 has generated.
feature 68488648_lag1 has generated.
feature 68488648_lag2 has generated.
feature 68488648_lag3 has generated.
feature 68488648_lag4 has generated.
transformed OHLCV at frequency 1D
reading cache of TXF in 1D OHLCV
feature: 56494646 has generated.
feature 56494646_lag1 has generated.
feature 56494646_lag2 has generated.
feature 56494646_lag3 has generated.
feature 56494646_lag4 has generated.
transformed OHLCV at frequency 1D
reading cache of TXF in 1D OHLCV
feature: 62918036 has generated.
feature 62918036_lag1 has generated.
feature 62918036_lag2 has generated.
feature 62918036_lag3 has generated.
feature 62918036_lag4 has generated.
transformed OHLCV at frequency 1D
reading cache of TXF in 1D OHLCV
feature: 09904850 has generated.
feature 09904850_lag1 has generated.
feature 09904850_lag2 has generated.
feature 09904850_lag3 has generated.
feature 09904850_lag4 has generated.
transformed OHLCV at frequency 1D
reading cache of TXF in 1D OHLCV
feature: 41716908 has generated.
feature 41716908_lag1 has generated.
feature 41716908_lag2 has generated.
feature 41716908_lag3 has generated.
feature 41716908_lag4 has generated.
transformed OHLCV at frequency 1D
reading cache of TXF in 1D OHLCV
feature: 22224505 has generated.
feature 22224505_lag1 has generated.
feature 22224505_lag2 has generated.
feature 22224505_lag3 has generated.
feature 22224505_lag4 has generated.
transformed OHLCV at frequency 1D
reading cache of TXF in 1D OHLCV
feature: 65400347 has generated.
feature 65400347_lag1 has generated.
feature 65400347_lag2 has generated.
feature 65400347_lag3 has generated.
feature 65400347_lag4 has generated.
transformed OHLCV at frequency 1D
reading cache of TXF in 1D OHLCV
feature: 79649739 has generated.
feature 79649739_lag1 has generated.
feature 79649739_lag2 has generated.
feature 79649739_lag3 has generated.
feature 79649739_lag4 has generated.
transformed OHLCV at frequency 1D
reading cache of TXF in 1D OHLCV
feature: 96290600 has generated.
feature 96290600_lag1 has generated.
feature 96290600_lag2 has generated.
feature 96290600_lag3 has generated.
feature 96290600_lag4 has generated.
transformed OHLCV at frequency 1D
reading cache of TXF in 1D OHLCV
feature: 38805934 has generated.
feature 38805934_lag1 has generated.
feature 38805934_lag2 has generated.
feature 38805934_lag3 has generated.
feature 38805934_lag4 has generated.
transformed OHLCV at frequency 1D
reading cache of TXF in 1D OHLCV
feature: 70807987 has generated.
feature 70807987_lag1 has generated.
feature 70807987_lag2 has generated.
feature 70807987_lag3 has generated.
feature 70807987_lag4 has generated.
transformed OHLCV at frequency 1D
reading cache of TXF in 1D OHLCV
feature: 05846388 has generated.
feature 05846388_lag1 has generated.
feature 05846388_lag2 has generated.
feature 05846388_lag3 has generated.
feature 05846388_lag4 has generated.
transformed OHLCV at frequency 1D
reading cache of TXF in 1D OHLCV
feature: 60827192 has generated.
feature 60827192_lag1 has generated.
feature 60827192_lag2 has generated.
feature 60827192_lag3 has generated.
feature 60827192_lag4 has generated.
transformed OHLCV at frequency 1D
reading cache of TXF in 1D OHLCV
feature: 32678710 has generated.
feature 32678710_lag1 has generated.
feature 32678710_lag2 has generated.
feature 32678710_lag3 has generated.
feature 32678710_lag4 has generated.
transformed OHLCV at frequency 1D
reading cache of TXF in 1D OHLCV
feature: 09074581 has generated.
feature 09074581_lag1 has generated.
feature 09074581_lag2 has generated.
feature 09074581_lag3 has generated.
feature 09074581_lag4 has generated.
transformed OHLCV at frequency 1D
reading cache of TXF in 1D OHLCV
feature: 95740378 has generated.
feature 95740378_lag1 has generated.
feature 95740378_lag2 has generated.
feature 95740378_lag3 has generated.
feature 95740378_lag4 has generated.
transformed OHLCV at frequency 1D
reading cache of TXF in 1D OHLCV
feature: 79761808 has generated.
feature 79761808_lag1 has generated.
feature 79761808_lag2 has generated.
feature 79761808_lag3 has generated.
feature 79761808_lag4 has generated.
transformed OHLCV at frequency 1D
reading cache of TXF in 1D OHLCV
feature: 40585393 has generated.
feature 40585393_lag1 has generated.
feature 40585393_lag2 has generated.
feature 40585393_lag3 has generated.
feature 40585393_lag4 has generated.
transformed OHLCV at frequency 1D
reading cache of TXF in 1D OHLCV
feature: 23530526 has generated.
feature 23530526_lag1 has generated.
feature 23530526_lag2 has generated.
feature 23530526_lag3 has generated.
feature 23530526_lag4 has generated.
transformed OHLCV at frequency 1D
reading cache of TXF in 1D OHLCV
feature: 64738114 has generated.
feature 64738114_lag1 has generated.
feature 64738114_lag2 has generated.
feature 64738114_lag3 has generated.
feature 64738114_lag4 has generated.
transformed OHLCV at frequency 1D
reading cache of TXF in 1D OHLCV
feature: 35321937 has generated.
feature 35321937_lag1 has generated.
feature 35321937_lag2 has generated.
feature 35321937_lag3 has generated.
feature 35321937_lag4 has generated.
transformed OHLCV at frequency 1D
reading cache of TXF in 1D OHLCV
feature: 16853914 has generated.
feature 16853914_lag1 has generated.
feature 16853914_lag2 has generated.
feature 16853914_lag3 has generated.
feature 16853914_lag4 has generated.
transformed OHLCV at frequency 1D
reading cache of TXF in 1D OHLCV
feature: 73272611 has generated.
feature 73272611_lag1 has generated.
feature 73272611_lag2 has generated.
feature 73272611_lag3 has generated.
feature 73272611_lag4 has generated.
transformed OHLCV at frequency 1D
reading cache of TXF in 1D OHLCV
feature: 98447210 has generated.
feature 98447210_lag1 has generated.
feature 98447210_lag2 has generated.
feature 98447210_lag3 has generated.
feature 98447210_lag4 has generated.
transformed OHLCV at frequency 1D
reading cache of TXF in 1D OHLCV
feature: 18654221 has generated.
feature 18654221_lag1 has generated.
feature 18654221_lag2 has generated.
feature 18654221_lag3 has generated.
feature 18654221_lag4 has generated.
transformed OHLCV at frequency 1D
reading cache of TXF in 1D OHLCV
feature: 86775622 has generated.
feature 86775622_lag1 has generated.
feature 86775622_lag2 has generated.
feature 86775622_lag3 has generated.
feature 86775622_lag4 has generated.
transformed OHLCV at frequency 1D
reading cache of TXF in 1D OHLCV
feature: 29303935 has generated.
feature 29303935_lag1 has generated.
feature 29303935_lag2 has generated.
feature 29303935_lag3 has generated.
feature 29303935_lag4 has generated.
transformed OHLCV at frequency 1D
reading cache of TXF in 1D OHLCV
feature: 95895325 has generated.
feature 95895325_lag1 has generated.
feature 95895325_lag2 has generated.
feature 95895325_lag3 has generated.
feature 95895325_lag4 has generated.
transformed OHLCV at frequency 1D
reading cache of TXF in 1D OHLCV
feature: 79527895 has generated.
feature 79527895_lag1 has generated.
feature 79527895_lag2 has generated.
feature 79527895_lag3 has generated.
feature 79527895_lag4 has generated.
transformed OHLCV at frequency 1D
reading cache of TXF in 1D OHLCV
feature: 20968309 has generated.
feature 20968309_lag1 has generated.
feature 20968309_lag2 has generated.
feature 20968309_lag3 has generated.
feature 20968309_lag4 has generated.
transformed OHLCV at frequency 1D
reading cache of TXF in 1D OHLCV
feature: 43266536 has generated.
feature 43266536_lag1 has generated.
feature 43266536_lag2 has generated.
feature 43266536_lag3 has generated.
feature 43266536_lag4 has generated.
transformed OHLCV at frequency 1D
reading cache of TXF in 1D OHLCV
feature: 38155758 has generated.
feature 38155758_lag1 has generated.
feature 38155758_lag2 has generated.
feature 38155758_lag3 has generated.
feature 38155758_lag4 has generated.
transformed OHLCV at frequency 1D
reading cache of TXF in 1D OHLCV
feature: 98334683 has generated.
feature 98334683_lag1 has generated.
feature 98334683_lag2 has generated.
feature 98334683_lag3 has generated.
feature 98334683_lag4 has generated.
transformed OHLCV at frequency 1D
reading cache of TXF in 1D OHLCV
feature: 08737879 has generated.
feature 08737879_lag1 has generated.
feature 08737879_lag2 has generated.
feature 08737879_lag3 has generated.
feature 08737879_lag4 has generated.
transformed OHLCV at frequency 1D
reading cache of TXF in 1D OHLCV
feature: 31387256 has generated.
feature 31387256_lag1 has generated.
feature 31387256_lag2 has generated.
feature 31387256_lag3 has generated.
feature 31387256_lag4 has generated.
transformed OHLCV at frequency 1D
reading cache of TXF in 1D OHLCV
feature: 85906314 has generated.
feature 85906314_lag1 has generated.
feature 85906314_lag2 has generated.
feature 85906314_lag3 has generated.
feature 85906314_lag4 has generated.
transformed OHLCV at frequency 1D
reading cache of TXF in 1D OHLCV
feature: 42576887 has generated.
feature 42576887_lag1 has generated.
feature 42576887_lag2 has generated.
feature 42576887_lag3 has generated.
feature 42576887_lag4 has generated.
transformed OHLCV at frequency 1D
reading cache of TXF in 1D OHLCV
feature: 29362743 has generated.
feature 29362743_lag1 has generated.
feature 29362743_lag2 has generated.
feature 29362743_lag3 has generated.
feature 29362743_lag4 has generated.
transformed OHLCV at frequency 1D
reading cache of TXF in 1D OHLCV
feature: 96105422 has generated.
feature 96105422_lag1 has generated.
feature 96105422_lag2 has generated.
feature 96105422_lag3 has generated.
feature 96105422_lag4 has generated.
transformed OHLCV at frequency 1D
reading cache of TXF in 1D OHLCV
feature: 77356892 has generated.
feature 77356892_lag1 has generated.
feature 77356892_lag2 has generated.
feature 77356892_lag3 has generated.
feature 77356892_lag4 has generated.
transformed OHLCV at frequency 1D
reading cache of TXF in 1D OHLCV
feature: 01615041 has generated.
feature 01615041_lag1 has generated.
feature 01615041_lag2 has generated.
feature 01615041_lag3 has generated.
feature 01615041_lag4 has generated.
transformed OHLCV at frequency 1D
reading cache of TXF in 1D OHLCV
feature: 72391189 has generated.
feature 72391189_lag1 has generated.
feature 72391189_lag2 has generated.
feature 72391189_lag3 has generated.
feature 72391189_lag4 has generated.
transformed OHLCV at frequency 1D
reading cache of TXF in 1D OHLCV
feature: 05236104 has generated.
feature 05236104_lag1 has generated.
feature 05236104_lag2 has generated.
feature 05236104_lag3 has generated.
feature 05236104_lag4 has generated.
transformed OHLCV at frequency 1D
reading cache of TXF in 1D OHLCV
feature: 64835975 has generated.
feature 64835975_lag1 has generated.
feature 64835975_lag2 has generated.
feature 64835975_lag3 has generated.
feature 64835975_lag4 has generated.
transformed OHLCV at frequency 1D
reading cache of TXF in 1D OHLCV
feature: 01082365 has generated.
feature 01082365_lag1 has generated.
feature 01082365_lag2 has generated.
feature 01082365_lag3 has generated.
feature 01082365_lag4 has generated.
transformed OHLCV at frequency 1D
reading cache of TXF in 1D OHLCV
feature: 94111142 has generated.
feature 94111142_lag1 has generated.
feature 94111142_lag2 has generated.
feature 94111142_lag3 has generated.
feature 94111142_lag4 has generated.
transformed OHLCV at frequency 1D
reading cache of TXF in 1D OHLCV
feature: 84940937 has generated.
feature 84940937_lag1 has generated.
feature 84940937_lag2 has generated.
feature 84940937_lag3 has generated.
feature 84940937_lag4 has generated.
transformed OHLCV at frequency 1D
reading cache of TXF in 1D OHLCV
feature: 72243738 has generated.
feature 72243738_lag1 has generated.
feature 72243738_lag2 has generated.
feature 72243738_lag3 has generated.
feature 72243738_lag4 has generated.
transformed OHLCV at frequency 1D
reading cache of TXF in 1D OHLCV
feature: 63872636 has generated.
feature 63872636_lag1 has generated.
feature 63872636_lag2 has generated.
feature 63872636_lag3 has generated.
feature 63872636_lag4 has generated.
transformed OHLCV at frequency 1D
reading cache of TXF in 1D OHLCV
feature: 12082156 has generated.
feature 12082156_lag1 has generated.
feature 12082156_lag2 has generated.
feature 12082156_lag3 has generated.
feature 12082156_lag4 has generated.
transformed OHLCV at frequency 1D
reading cache of TXF in 1D OHLCV
feature: 68213521 has generated.
feature 68213521_lag1 has generated.
feature 68213521_lag2 has generated.
feature 68213521_lag3 has generated.
feature 68213521_lag4 has generated.
transformed OHLCV at frequency 1D
reading cache of TXF in 1D OHLCV
feature: 27257567 has generated.
feature 27257567_lag1 has generated.
feature 27257567_lag2 has generated.
feature 27257567_lag3 has generated.
feature 27257567_lag4 has generated.
transformed OHLCV at frequency 1D
reading cache of TXF in 1D OHLCV
feature: 65532996 has generated.
feature 65532996_lag1 has generated.
feature 65532996_lag2 has generated.
feature 65532996_lag3 has generated.
feature 65532996_lag4 has generated.
transformed OHLCV at frequency 1D
reading cache of TXF in 1D OHLCV
feature: 66701434 has generated.
feature 66701434_lag1 has generated.
feature 66701434_lag2 has generated.
feature 66701434_lag3 has generated.
feature 66701434_lag4 has generated.
transformed OHLCV at frequency 1D
reading cache of TXF in 1D OHLCV
feature: 92195671 has generated.
feature 92195671_lag1 has generated.
feature 92195671_lag2 has generated.
feature 92195671_lag3 has generated.
feature 92195671_lag4 has generated.
transformed OHLCV at frequency 1D
reading cache of TXF in 1D OHLCV
feature: 38690895 has generated.
feature 38690895_lag1 has generated.
feature 38690895_lag2 has generated.
feature 38690895_lag3 has generated.
feature 38690895_lag4 has generated.
transformed OHLCV at frequency 1D
reading cache of TXF in 1D OHLCV
feature: 56076046 has generated.
feature 56076046_lag1 has generated.
feature 56076046_lag2 has generated.
feature 56076046_lag3 has generated.
feature 56076046_lag4 has generated.
transformed OHLCV at frequency 1D
reading cache of TXF in 1D OHLCV
feature: 92248921 has generated.
feature 92248921_lag1 has generated.
feature 92248921_lag2 has generated.
feature 92248921_lag3 has generated.
feature 92248921_lag4 has generated.
transformed OHLCV at frequency 1D
reading cache of TXF in 1D OHLCV
feature: 84331432 has generated.
feature 84331432_lag1 has generated.
feature 84331432_lag2 has generated.
feature 84331432_lag3 has generated.
feature 84331432_lag4 has generated.
transformed OHLCV at frequency 1D
reading cache of TXF in 1D OHLCV
feature: 74430244 has generated.
feature 74430244_lag1 has generated.
feature 74430244_lag2 has generated.
feature 74430244_lag3 has generated.
feature 74430244_lag4 has generated.
transformed OHLCV at frequency 1D
reading cache of TXF in 1D OHLCV
feature: 44070915 has generated.
feature 44070915_lag1 has generated.
feature 44070915_lag2 has generated.
feature 44070915_lag3 has generated.
feature 44070915_lag4 has generated.
transformed OHLCV at frequency 1D
reading cache of TXF in 1D OHLCV
feature: 62755712 has generated.
feature 62755712_lag1 has generated.
feature 62755712_lag2 has generated.
feature 62755712_lag3 has generated.
feature 62755712_lag4 has generated.
transformed OHLCV at frequency 1D
reading cache of TXF in 1D OHLCV
feature: 76453313 has generated.
feature 76453313_lag1 has generated.
feature 76453313_lag2 has generated.
feature 76453313_lag3 has generated.
feature 76453313_lag4 has generated.
transformed OHLCV at frequency 1D
reading cache of TXF in 1D OHLCV
feature: 55471756 has generated.
feature 55471756_lag1 has generated.
feature 55471756_lag2 has generated.
feature 55471756_lag3 has generated.
feature 55471756_lag4 has generated.
transformed OHLCV at frequency 1D
reading cache of TXF in 1D OHLCV
feature: 88127301 has generated.
feature 88127301_lag1 has generated.
feature 88127301_lag2 has generated.
feature 88127301_lag3 has generated.
feature 88127301_lag4 has generated.
transformed OHLCV at frequency 1D
reading cache of TXF in 1D OHLCV
feature: 00957305 has generated.
feature 00957305_lag1 has generated.
feature 00957305_lag2 has generated.
feature 00957305_lag3 has generated.
feature 00957305_lag4 has generated.
transformed OHLCV at frequency 1D
reading cache of TXF in 1D OHLCV
feature: 46067661 has generated.
feature 46067661_lag1 has generated.
feature 46067661_lag2 has generated.
feature 46067661_lag3 has generated.
feature 46067661_lag4 has generated.
transformed OHLCV at frequency 1D
reading cache of TXF in 1D OHLCV
feature: 37865502 has generated.
feature 37865502_lag1 has generated.
feature 37865502_lag2 has generated.
feature 37865502_lag3 has generated.
feature 37865502_lag4 has generated.
transformed OHLCV at frequency 1D
reading cache of TXF in 1D OHLCV
feature: 48032436 has generated.
feature 48032436_lag1 has generated.
feature 48032436_lag2 has generated.
feature 48032436_lag3 has generated.
feature 48032436_lag4 has generated.
transformed OHLCV at frequency 1D
reading cache of TXF in 1D OHLCV
feature: 27939058 has generated.
feature 27939058_lag1 has generated.
feature 27939058_lag2 has generated.
feature 27939058_lag3 has generated.
feature 27939058_lag4 has generated.
transformed OHLCV at frequency 1D
reading cache of TXF in 1D OHLCV
feature: 23569330 has generated.
feature 23569330_lag1 has generated.
feature 23569330_lag2 has generated.
feature 23569330_lag3 has generated.
feature 23569330_lag4 has generated.
transformed OHLCV at frequency 1D
reading cache of TXF in 1D OHLCV
feature: 22166205 has generated.
feature 22166205_lag1 has generated.
feature 22166205_lag2 has generated.
feature 22166205_lag3 has generated.
feature 22166205_lag4 has generated.
transformed OHLCV at frequency 1D
reading cache of TXF in 1D OHLCV
feature: 49320730 has generated.
feature 49320730_lag1 has generated.
feature 49320730_lag2 has generated.
feature 49320730_lag3 has generated.
feature 49320730_lag4 has generated.
transformed OHLCV at frequency 1D
reading cache of TXF in 1D OHLCV
0:	learn: 0.4907686	test: 0.6516749	best: 0.6516749 (0)	total: 783ms	remaining: 21h 45m 18s
1:	learn: 0.4282332	test: 0.5631318	best: 0.5631318 (1)	total: 1.52s	remaining: 21h 7m 9s
2:	learn: 0.3777936	test: 0.4911663	best: 0.4911663 (2)	total: 2.85s	remaining: 1d 2h 23m 5s
3:	learn: 0.3495537	test: 0.4737414	best: 0.4737414 (3)	total: 3.59s	remaining: 1d 54m 35s
4:	learn: 0.3295670	test: 0.4420524	best: 0.4420524 (4)	total: 4.4s	remaining: 1d 25m 48s
5:	learn: 0.3145963	test: 0.4227115	best: 0.4227115 (5)	total: 5.22s	remaining: 1d 9m 56s
6:	learn: 0.3057180	test: 0.4147805	best: 0.4147805 (6)	total: 6.16s	remaining: 1d 26m 42s
7:	learn: 0.2931567	test: 0.4129161	best: 0.4129161 (7)	total: 7.42s	remaining: 1d 1h 46m 34s
8:	learn: 0.2826211	test: 0.4068484	best: 0.4068484 (8)	total: 8.62s	remaining: 1d 2h 36m 18s
9:	learn: 0.2757399	test: 0.3980605	best: 0.3980605 (9)	total: 9.58s	remaining: 1d 2h 37m 19s
10:	learn: 0.2665815	test: 0.3877430	best: 0.3877430 (10)	total: 10.7s	remaining: 1d 2h 56m 20s
11:	learn: 0.2600723	test: 0.3843382	best: 0.3843382 (11)	total: 11.7s	remaining: 1d 3h 11m 19s
12:	learn: 0.2551979	test: 0.3798143	best: 0.3798143 (12)	total: 12.7s	remaining: 1d 3h 8m 16s
13:	learn: 0.2494823	test: 0.3741103	best: 0.3741103 (13)	total: 14s	remaining: 1d 3h 49m 48s
14:	learn: 0.2393265	test: 0.3656261	best: 0.3656261 (14)	total: 14.9s	remaining: 1d 3h 38m
15:	learn: 0.2331699	test: 0.3612400	best: 0.3612400 (15)	total: 15.9s	remaining: 1d 3h 33m 35s
16:	learn: 0.2275988	test: 0.3584738	best: 0.3584738 (16)	total: 16.8s	remaining: 1d 3h 28m 37s
17:	learn: 0.2232946	test: 0.3567261	best: 0.3567261 (17)	total: 18.4s	remaining: 1d 4h 20m 36s
18:	learn: 0.2159067	test: 0.3528765	best: 0.3528765 (18)	total: 19.3s	remaining: 1d 4h 13m 28s
19:	learn: 0.2117915	test: 0.3513938	best: 0.3513938 (19)	total: 20.7s	remaining: 1d 4h 44m 22s
20:	learn: 0.2042700	test: 0.3463855	best: 0.3463855 (20)	total: 22.1s	remaining: 1d 5h 17m 22s
21:	learn: 0.1991261	test: 0.3446004	best: 0.3446004 (21)	total: 23.8s	remaining: 1d 6h 2m 16s
22:	learn: 0.1956892	test: 0.3434065	best: 0.3434065 (22)	total: 25.4s	remaining: 1d 6h 40m 8s
23:	learn: 0.1892974	test: 0.3396719	best: 0.3396719 (23)	total: 26.9s	remaining: 1d 7h 5m 19s
24:	learn: 0.1858810	test: 0.3392870	best: 0.3392870 (24)	total: 30.1s	remaining: 1d 9h 23m 36s
25:	learn: 0.1814574	test: 0.3372080	best: 0.3372080 (25)	total: 31.7s	remaining: 1d 9h 50m 7s
26:	learn: 0.1788807	test: 0.3366407	best: 0.3366407 (26)	total: 33.3s	remaining: 1d 10h 16m 25s
27:	learn: 0.1755095	test: 0.3356889	best: 0.3356889 (27)	total: 34.4s	remaining: 1d 10h 7m 46s
28:	learn: 0.1729481	test: 0.3352818	best: 0.3352818 (28)	total: 35.5s	remaining: 1d 9h 59m 13s
29:	learn: 0.1698305	test: 0.3339089	best: 0.3339089 (29)	total: 37.1s	remaining: 1d 10h 20m 31s
30:	learn: 0.1673875	test: 0.3333873	best: 0.3333873 (30)	total: 38.4s	remaining: 1d 10h 21m 32s
31:	learn: 0.1648532	test: 0.3322314	best: 0.3322314 (31)	total: 39.7s	remaining: 1d 10h 29m 21s
32:	learn: 0.1602120	test: 0.3290050	best: 0.3290050 (32)	total: 40.8s	remaining: 1d 10h 21m
33:	learn: 0.1570483	test: 0.3269966	best: 0.3269966 (33)	total: 41.9s	remaining: 1d 10h 13m 36s
34:	learn: 0.1543741	test: 0.3264672	best: 0.3264672 (34)	total: 43.4s	remaining: 1d 10h 27m 8s
35:	learn: 0.1510954	test: 0.3248484	best: 0.3248484 (35)	total: 46.3s	remaining: 1d 11h 41m 46s
36:	learn: 0.1486416	test: 0.3239968	best: 0.3239968 (36)	total: 47.5s	remaining: 1d 11h 38m 9s
37:	learn: 0.1449368	test: 0.3222678	best: 0.3222678 (37)	total: 48.9s	remaining: 1d 11h 44m 5s
38:	learn: 0.1412765	test: 0.3197985	best: 0.3197985 (38)	total: 50.4s	remaining: 1d 11h 52m 6s
39:	learn: 0.1382767	test: 0.3182620	best: 0.3182620 (39)	total: 51.7s	remaining: 1d 11h 53m 26s
40:	learn: 0.1362774	test: 0.3173432	best: 0.3173432 (40)	total: 53.2s	remaining: 1d 12h 2m 20s
41:	learn: 0.1328839	test: 0.3148832	best: 0.3148832 (41)	total: 55.3s	remaining: 1d 12h 34m 12s
42:	learn: 0.1287990	test: 0.3138053	best: 0.3138053 (42)	total: 57.6s	remaining: 1d 13h 13m 17s
43:	learn: 0.1261492	test: 0.3124162	best: 0.3124162 (43)	total: 59.3s	remaining: 1d 13h 27m 5s
44:	learn: 0.1242636	test: 0.3116828	best: 0.3116828 (44)	total: 1m	remaining: 1d 13h 35m 22s
45:	learn: 0.1218163	test: 0.3106866	best: 0.3106866 (45)	total: 1m 2s	remaining: 1d 13h 43m 21s
46:	learn: 0.1196044	test: 0.3099231	best: 0.3099231 (46)	total: 1m 4s	remaining: 1d 13h 51m 42s
47:	learn: 0.1179983	test: 0.3086925	best: 0.3086925 (47)	total: 1m 5s	remaining: 1d 14h 4m 47s
48:	learn: 0.1154715	test: 0.3082715	best: 0.3082715 (48)	total: 1m 6s	remaining: 1d 13h 56m 39s
49:	learn: 0.1135755	test: 0.3063714	best: 0.3063714 (49)	total: 1m 8s	remaining: 1d 14h 3m 56s
50:	learn: 0.1120928	test: 0.3054471	best: 0.3054471 (50)	total: 1m 9s	remaining: 1d 14h 5m 33s
51:	learn: 0.1102617	test: 0.3037999	best: 0.3037999 (51)	total: 1m 11s	remaining: 1d 14h 10m
52:	learn: 0.1086544	test: 0.3025541	best: 0.3025541 (52)	total: 1m 12s	remaining: 1d 14h 1m 30s
53:	learn: 0.1071040	test: 0.3014677	best: 0.3014677 (53)	total: 1m 13s	remaining: 1d 13h 59m 31s
54:	learn: 0.1054286	test: 0.3010762	best: 0.3010762 (54)	total: 1m 15s	remaining: 1d 13h 59m 32s
55:	learn: 0.1044221	test: 0.3005037	best: 0.3005037 (55)	total: 1m 16s	remaining: 1d 13h 45m 12s
56:	learn: 0.1028858	test: 0.2989868	best: 0.2989868 (56)	total: 1m 17s	remaining: 1d 13h 32m 26s
57:	learn: 0.1010620	test: 0.2977557	best: 0.2977557 (57)	total: 1m 17s	remaining: 1d 13h 15m 23s
58:	learn: 0.0991140	test: 0.2965503	best: 0.2965503 (58)	total: 1m 18s	remaining: 1d 13h 6m 17s
59:	learn: 0.0976260	test: 0.2954234	best: 0.2954234 (59)	total: 1m 20s	remaining: 1d 13h 2m 52s
60:	learn: 0.0964420	test: 0.2945755	best: 0.2945755 (60)	total: 1m 20s	remaining: 1d 12h 51m 36s
61:	learn: 0.0951591	test: 0.2938828	best: 0.2938828 (61)	total: 1m 21s	remaining: 1d 12h 41m 35s
62:	learn: 0.0931889	test: 0.2924074	best: 0.2924074 (62)	total: 1m 23s	remaining: 1d 12h 39m 47s
63:	learn: 0.0917092	test: 0.2912708	best: 0.2912708 (63)	total: 1m 24s	remaining: 1d 12h 39m 57s
64:	learn: 0.0904999	test: 0.2903114	best: 0.2903114 (64)	total: 1m 25s	remaining: 1d 12h 39m 22s
65:	learn: 0.0894297	test: 0.2897864	best: 0.2897864 (65)	total: 1m 26s	remaining: 1d 12h 34m 27s
66:	learn: 0.0881381	test: 0.2888159	best: 0.2888159 (66)	total: 1m 28s	remaining: 1d 12h 42m 8s
67:	learn: 0.0869079	test: 0.2886230	best: 0.2886230 (67)	total: 1m 29s	remaining: 1d 12h 42m 4s
68:	learn: 0.0857861	test: 0.2881261	best: 0.2881261 (68)	total: 1m 31s	remaining: 1d 12h 41m 39s
69:	learn: 0.0819779	test: 0.2813444	best: 0.2813444 (69)	total: 1m 32s	remaining: 1d 12h 42m 32s
70:	learn: 0.0801836	test: 0.2793221	best: 0.2793221 (70)	total: 1m 33s	remaining: 1d 12h 40m 22s
71:	learn: 0.0791693	test: 0.2785172	best: 0.2785172 (71)	total: 1m 35s	remaining: 1d 12h 42m 26s
72:	learn: 0.0777124	test: 0.2777259	best: 0.2777259 (72)	total: 1m 36s	remaining: 1d 12h 49m 27s
73:	learn: 0.0768905	test: 0.2772195	best: 0.2772195 (73)	total: 1m 38s	remaining: 1d 12h 53m 20s
74:	learn: 0.0760694	test: 0.2770461	best: 0.2770461 (74)	total: 1m 39s	remaining: 1d 12h 58m 21s
75:	learn: 0.0748078	test: 0.2764454	best: 0.2764454 (75)	total: 1m 42s	remaining: 1d 13h 18m 8s
76:	learn: 0.0730505	test: 0.2753227	best: 0.2753227 (76)	total: 1m 43s	remaining: 1d 13h 15m 11s
77:	learn: 0.0707018	test: 0.2723580	best: 0.2723580 (77)	total: 1m 44s	remaining: 1d 13h 15m 51s
78:	learn: 0.0697243	test: 0.2709274	best: 0.2709274 (78)	total: 1m 46s	remaining: 1d 13h 17m 19s
79:	learn: 0.0690744	test: 0.2703518	best: 0.2703518 (79)	total: 1m 47s	remaining: 1d 13h 14m 38s
80:	learn: 0.0684201	test: 0.2696028	best: 0.2696028 (80)	total: 1m 48s	remaining: 1d 13h 14m 44s
81:	learn: 0.0676621	test: 0.2690758	best: 0.2690758 (81)	total: 1m 50s	remaining: 1d 13h 27m 8s
82:	learn: 0.0668995	test: 0.2692177	best: 0.2690758 (81)	total: 1m 51s	remaining: 1d 13h 25m 54s
83:	learn: 0.0661428	test: 0.2687493	best: 0.2687493 (83)	total: 1m 52s	remaining: 1d 13h 19m 29s
84:	learn: 0.0655039	test: 0.2679005	best: 0.2679005 (84)	total: 1m 54s	remaining: 1d 13h 18m 12s
85:	learn: 0.0647940	test: 0.2675068	best: 0.2675068 (85)	total: 1m 55s	remaining: 1d 13h 24m 1s
86:	learn: 0.0639437	test: 0.2670381	best: 0.2670381 (86)	total: 1m 57s	remaining: 1d 13h 22m 6s
87:	learn: 0.0630065	test: 0.2672437	best: 0.2670381 (86)	total: 1m 59s	remaining: 1d 13h 32m 18s
88:	learn: 0.0624882	test: 0.2669685	best: 0.2669685 (88)	total: 2m	remaining: 1d 13h 33m 40s
89:	learn: 0.0617729	test: 0.2665771	best: 0.2665771 (89)	total: 2m 1s	remaining: 1d 13h 32m 47s
90:	learn: 0.0611337	test: 0.2664400	best: 0.2664400 (90)	total: 2m 2s	remaining: 1d 13h 26m 26s
91:	learn: 0.0604769	test: 0.2661350	best: 0.2661350 (91)	total: 2m 4s	remaining: 1d 13h 27m 35s
92:	learn: 0.0598809	test: 0.2657326	best: 0.2657326 (92)	total: 2m 5s	remaining: 1d 13h 29m 42s
93:	learn: 0.0592898	test: 0.2652716	best: 0.2652716 (93)	total: 2m 7s	remaining: 1d 13h 32m 22s
94:	learn: 0.0587515	test: 0.2652124	best: 0.2652124 (94)	total: 2m 8s	remaining: 1d 13h 28m 15s
95:	learn: 0.0582896	test: 0.2643397	best: 0.2643397 (95)	total: 2m 9s	remaining: 1d 13h 30m 42s
96:	learn: 0.0578125	test: 0.2638911	best: 0.2638911 (96)	total: 2m 10s	remaining: 1d 13h 25m 8s
97:	learn: 0.0569999	test: 0.2626316	best: 0.2626316 (97)	total: 2m 12s	remaining: 1d 13h 27m 57s
98:	learn: 0.0565727	test: 0.2625839	best: 0.2625839 (98)	total: 2m 13s	remaining: 1d 13h 30m 57s
99:	learn: 0.0559276	test: 0.2612740	best: 0.2612740 (99)	total: 2m 15s	remaining: 1d 13h 30m 59s
100:	learn: 0.0554372	test: 0.2607929	best: 0.2607929 (100)	total: 2m 16s	remaining: 1d 13h 34m 10s
101:	learn: 0.0547878	test: 0.2605481	best: 0.2605481 (101)	total: 2m 18s	remaining: 1d 13h 35m 36s
102:	learn: 0.0539812	test: 0.2600186	best: 0.2600186 (102)	total: 2m 19s	remaining: 1d 13h 35m 12s
103:	learn: 0.0534176	test: 0.2598109	best: 0.2598109 (103)	total: 2m 20s	remaining: 1d 13h 26m 55s
104:	learn: 0.0527970	test: 0.2597014	best: 0.2597014 (104)	total: 2m 21s	remaining: 1d 13h 23m 4s
105:	learn: 0.0524272	test: 0.2593898	best: 0.2593898 (105)	total: 2m 22s	remaining: 1d 13h 19m 49s
106:	learn: 0.0516340	test: 0.2594581	best: 0.2593898 (105)	total: 2m 26s	remaining: 1d 13h 54m 41s
107:	learn: 0.0512015	test: 0.2590522	best: 0.2590522 (107)	total: 2m 27s	remaining: 1d 14h 56s
108:	learn: 0.0508252	test: 0.2587684	best: 0.2587684 (108)	total: 2m 29s	remaining: 1d 14h 1m 20s
109:	learn: 0.0502508	test: 0.2585697	best: 0.2585697 (109)	total: 2m 30s	remaining: 1d 14h 3m 49s
110:	learn: 0.0498894	test: 0.2581211	best: 0.2581211 (110)	total: 2m 32s	remaining: 1d 14h 9m 57s
111:	learn: 0.0495442	test: 0.2579927	best: 0.2579927 (111)	total: 2m 34s	remaining: 1d 14h 11m 4s
112:	learn: 0.0490680	test: 0.2579949	best: 0.2579927 (111)	total: 2m 35s	remaining: 1d 14h 13m 57s
113:	learn: 0.0485777	test: 0.2576579	best: 0.2576579 (113)	total: 2m 37s	remaining: 1d 14h 17m 57s
114:	learn: 0.0482401	test: 0.2577059	best: 0.2576579 (113)	total: 2m 38s	remaining: 1d 14h 18m 1s
115:	learn: 0.0477956	test: 0.2571381	best: 0.2571381 (115)	total: 2m 42s	remaining: 1d 14h 45m
116:	learn: 0.0473065	test: 0.2564071	best: 0.2564071 (116)	total: 2m 43s	remaining: 1d 14h 48m 35s
117:	learn: 0.0468944	test: 0.2562117	best: 0.2562117 (117)	total: 2m 44s	remaining: 1d 14h 45m 52s
118:	learn: 0.0466051	test: 0.2562024	best: 0.2562024 (118)	total: 2m 46s	remaining: 1d 14h 45m 13s
119:	learn: 0.0461362	test: 0.2555622	best: 0.2555622 (119)	total: 2m 47s	remaining: 1d 14h 42m 44s
120:	learn: 0.0456925	test: 0.2551922	best: 0.2551922 (120)	total: 2m 48s	remaining: 1d 14h 44m 44s
121:	learn: 0.0452852	test: 0.2552417	best: 0.2551922 (120)	total: 2m 50s	remaining: 1d 14h 44m 18s
122:	learn: 0.0448269	test: 0.2552025	best: 0.2551922 (120)	total: 2m 51s	remaining: 1d 14h 46m 42s
123:	learn: 0.0443929	test: 0.2553578	best: 0.2551922 (120)	total: 2m 53s	remaining: 1d 14h 42m 28s
124:	learn: 0.0438631	test: 0.2550516	best: 0.2550516 (124)	total: 2m 54s	remaining: 1d 14h 42m 12s
125:	learn: 0.0436154	test: 0.2550684	best: 0.2550516 (124)	total: 2m 55s	remaining: 1d 14h 43m 14s
126:	learn: 0.0433973	test: 0.2551348	best: 0.2550516 (124)	total: 2m 56s	remaining: 1d 14h 37m 23s
127:	learn: 0.0430994	test: 0.2551948	best: 0.2550516 (124)	total: 2m 57s	remaining: 1d 14h 30m 21s
128:	learn: 0.0428820	test: 0.2550832	best: 0.2550516 (124)	total: 2m 58s	remaining: 1d 14h 25m 9s
129:	learn: 0.0425908	test: 0.2545948	best: 0.2545948 (129)	total: 3m	remaining: 1d 14h 26m 9s
130:	learn: 0.0423722	test: 0.2544118	best: 0.2544118 (130)	total: 3m 1s	remaining: 1d 14h 29m 57s
131:	learn: 0.0421729	test: 0.2543679	best: 0.2543679 (131)	total: 3m 3s	remaining: 1d 14h 33m 10s
132:	learn: 0.0417962	test: 0.2542926	best: 0.2542926 (132)	total: 3m 4s	remaining: 1d 14h 34m 41s
133:	learn: 0.0416237	test: 0.2542897	best: 0.2542897 (133)	total: 3m 6s	remaining: 1d 14h 33m 19s
134:	learn: 0.0413903	test: 0.2542824	best: 0.2542824 (134)	total: 3m 7s	remaining: 1d 14h 34m 49s
135:	learn: 0.0411871	test: 0.2542188	best: 0.2542188 (135)	total: 3m 9s	remaining: 1d 14h 38m 13s
136:	learn: 0.0409785	test: 0.2542508	best: 0.2542188 (135)	total: 3m 10s	remaining: 1d 14h 36m 36s
137:	learn: 0.0407386	test: 0.2542289	best: 0.2542188 (135)	total: 3m 12s	remaining: 1d 14h 38m 55s
138:	learn: 0.0405702	test: 0.2541167	best: 0.2541167 (138)	total: 3m 13s	remaining: 1d 14h 40m 47s
139:	learn: 0.0403515	test: 0.2541401	best: 0.2541167 (138)	total: 3m 15s	remaining: 1d 14h 44m 37s
140:	learn: 0.0401442	test: 0.2542432	best: 0.2541167 (138)	total: 3m 16s	remaining: 1d 14h 44m 22s
141:	learn: 0.0399460	test: 0.2541834	best: 0.2541167 (138)	total: 3m 18s	remaining: 1d 14h 48m 47s
142:	learn: 0.0397391	test: 0.2540540	best: 0.2540540 (142)	total: 3m 20s	remaining: 1d 14h 50m 5s
143:	learn: 0.0395496	test: 0.2540861	best: 0.2540540 (142)	total: 3m 21s	remaining: 1d 14h 51m 11s
144:	learn: 0.0393206	test: 0.2540964	best: 0.2540540 (142)	total: 3m 23s	remaining: 1d 14h 55m 10s
145:	learn: 0.0389632	test: 0.2532973	best: 0.2532973 (145)	total: 3m 24s	remaining: 1d 14h 52m 39s
146:	learn: 0.0387175	test: 0.2532449	best: 0.2532449 (146)	total: 3m 25s	remaining: 1d 14h 51m 30s
147:	learn: 0.0384635	test: 0.2534050	best: 0.2532449 (146)	total: 3m 27s	remaining: 1d 14h 49m 4s
148:	learn: 0.0381570	test: 0.2532529	best: 0.2532449 (146)	total: 3m 28s	remaining: 1d 14h 49m 6s
149:	learn: 0.0378984	test: 0.2530850	best: 0.2530850 (149)	total: 3m 29s	remaining: 1d 14h 48m 20s
150:	learn: 0.0376269	test: 0.2522430	best: 0.2522430 (150)	total: 3m 31s	remaining: 1d 14h 50m 46s
151:	learn: 0.0374275	test: 0.2524538	best: 0.2522430 (150)	total: 3m 32s	remaining: 1d 14h 50m 5s
152:	learn: 0.0372260	test: 0.2524725	best: 0.2522430 (150)	total: 3m 34s	remaining: 1d 14h 47m 59s
153:	learn: 0.0369207	test: 0.2518968	best: 0.2518968 (153)	total: 3m 35s	remaining: 1d 14h 49m 48s
154:	learn: 0.0367159	test: 0.2517146	best: 0.2517146 (154)	total: 3m 37s	remaining: 1d 14h 51m 34s
155:	learn: 0.0364831	test: 0.2515710	best: 0.2515710 (155)	total: 3m 38s	remaining: 1d 14h 52m 31s
156:	learn: 0.0362671	test: 0.2513699	best: 0.2513699 (156)	total: 3m 39s	remaining: 1d 14h 49m 8s
157:	learn: 0.0360917	test: 0.2513523	best: 0.2513523 (157)	total: 3m 41s	remaining: 1d 14h 49m 49s
158:	learn: 0.0358606	test: 0.2516613	best: 0.2513523 (157)	total: 3m 42s	remaining: 1d 14h 52m 12s
159:	learn: 0.0356603	test: 0.2514389	best: 0.2513523 (157)	total: 3m 44s	remaining: 1d 14h 50m 38s
160:	learn: 0.0355022	test: 0.2511611	best: 0.2511611 (160)	total: 3m 45s	remaining: 1d 14h 49m 48s
161:	learn: 0.0353684	test: 0.2511182	best: 0.2511182 (161)	total: 3m 46s	remaining: 1d 14h 50m 5s
162:	learn: 0.0351912	test: 0.2510939	best: 0.2510939 (162)	total: 3m 48s	remaining: 1d 14h 49m 32s
163:	learn: 0.0349866	test: 0.2508987	best: 0.2508987 (163)	total: 3m 49s	remaining: 1d 14h 44m 39s
164:	learn: 0.0348463	test: 0.2507771	best: 0.2507771 (164)	total: 3m 50s	remaining: 1d 14h 42m 59s
165:	learn: 0.0346926	test: 0.2507386	best: 0.2507386 (165)	total: 3m 51s	remaining: 1d 14h 40m 36s
166:	learn: 0.0343705	test: 0.2504273	best: 0.2504273 (166)	total: 3m 52s	remaining: 1d 14h 40m 49s
167:	learn: 0.0341422	test: 0.2501955	best: 0.2501955 (167)	total: 3m 54s	remaining: 1d 14h 39m 43s
168:	learn: 0.0338731	test: 0.2502091	best: 0.2501955 (167)	total: 3m 55s	remaining: 1d 14h 40m 51s
169:	learn: 0.0335833	test: 0.2504108	best: 0.2501955 (167)	total: 3m 56s	remaining: 1d 14h 38m 56s
170:	learn: 0.0333169	test: 0.2497695	best: 0.2497695 (170)	total: 3m 58s	remaining: 1d 14h 37m 18s
171:	learn: 0.0331790	test: 0.2494950	best: 0.2494950 (171)	total: 3m 59s	remaining: 1d 14h 34m 49s
172:	learn: 0.0330590	test: 0.2495180	best: 0.2494950 (171)	total: 4m	remaining: 1d 14h 31m 39s
173:	learn: 0.0329445	test: 0.2496331	best: 0.2494950 (171)	total: 4m 1s	remaining: 1d 14h 28m 54s
174:	learn: 0.0326337	test: 0.2495534	best: 0.2494950 (171)	total: 4m 2s	remaining: 1d 14h 28m 52s
175:	learn: 0.0325051	test: 0.2495631	best: 0.2494950 (171)	total: 4m 4s	remaining: 1d 14h 27m 8s
176:	learn: 0.0323809	test: 0.2496373	best: 0.2494950 (171)	total: 4m 5s	remaining: 1d 14h 25m 38s
177:	learn: 0.0322505	test: 0.2495164	best: 0.2494950 (171)	total: 4m 6s	remaining: 1d 14h 22m 4s
178:	learn: 0.0321190	test: 0.2495885	best: 0.2494950 (171)	total: 4m 7s	remaining: 1d 14h 18m 30s
179:	learn: 0.0319753	test: 0.2496516	best: 0.2494950 (171)	total: 4m 8s	remaining: 1d 14h 19m 57s
180:	learn: 0.0316771	test: 0.2495189	best: 0.2494950 (171)	total: 4m 10s	remaining: 1d 14h 23m 25s
181:	learn: 0.0315592	test: 0.2494161	best: 0.2494161 (181)	total: 4m 12s	remaining: 1d 14h 26m 58s
182:	learn: 0.0312510	test: 0.2491811	best: 0.2491811 (182)	total: 4m 13s	remaining: 1d 14h 27m 33s
183:	learn: 0.0308771	test: 0.2489201	best: 0.2489201 (183)	total: 4m 15s	remaining: 1d 14h 27m 13s
184:	learn: 0.0307420	test: 0.2488590	best: 0.2488590 (184)	total: 4m 16s	remaining: 1d 14h 29m 41s
185:	learn: 0.0304346	test: 0.2490914	best: 0.2488590 (184)	total: 4m 18s	remaining: 1d 14h 31m 56s
186:	learn: 0.0302775	test: 0.2488735	best: 0.2488590 (184)	total: 4m 20s	remaining: 1d 14h 34m 2s
187:	learn: 0.0301418	test: 0.2487867	best: 0.2487867 (187)	total: 4m 21s	remaining: 1d 14h 31m 3s
188:	learn: 0.0299776	test: 0.2487739	best: 0.2487739 (188)	total: 4m 22s	remaining: 1d 14h 28m 31s
189:	learn: 0.0298324	test: 0.2488274	best: 0.2487739 (188)	total: 4m 23s	remaining: 1d 14h 25m 12s
190:	learn: 0.0295257	test: 0.2485072	best: 0.2485072 (190)	total: 4m 24s	remaining: 1d 14h 23m 50s
191:	learn: 0.0294019	test: 0.2485201	best: 0.2485072 (190)	total: 4m 25s	remaining: 1d 14h 23m 45s
192:	learn: 0.0292637	test: 0.2485764	best: 0.2485072 (190)	total: 4m 27s	remaining: 1d 14h 21m 44s
193:	learn: 0.0290279	test: 0.2484901	best: 0.2484901 (193)	total: 4m 28s	remaining: 1d 14h 18m 6s
194:	learn: 0.0289311	test: 0.2485235	best: 0.2484901 (193)	total: 4m 29s	remaining: 1d 14h 17m 33s
195:	learn: 0.0288120	test: 0.2484222	best: 0.2484222 (195)	total: 4m 30s	remaining: 1d 14h 17m 42s
196:	learn: 0.0286936	test: 0.2482895	best: 0.2482895 (196)	total: 4m 32s	remaining: 1d 14h 19m 31s
197:	learn: 0.0283817	test: 0.2479212	best: 0.2479212 (197)	total: 4m 33s	remaining: 1d 14h 20m 35s
198:	learn: 0.0282067	test: 0.2478429	best: 0.2478429 (198)	total: 4m 35s	remaining: 1d 14h 21m 15s
199:	learn: 0.0280884	test: 0.2478363	best: 0.2478363 (199)	total: 4m 37s	remaining: 1d 14h 24m 38s
200:	learn: 0.0279198	test: 0.2477931	best: 0.2477931 (200)	total: 4m 38s	remaining: 1d 14h 25m 59s
201:	learn: 0.0277526	test: 0.2477098	best: 0.2477098 (201)	total: 4m 40s	remaining: 1d 14h 26m 49s
202:	learn: 0.0275915	test: 0.2477221	best: 0.2477098 (201)	total: 4m 41s	remaining: 1d 14h 24m 18s
203:	learn: 0.0275076	test: 0.2477735	best: 0.2477098 (201)	total: 4m 42s	remaining: 1d 14h 19m 36s
204:	learn: 0.0274102	test: 0.2478649	best: 0.2477098 (201)	total: 4m 42s	remaining: 1d 14h 14m 56s
205:	learn: 0.0273281	test: 0.2477635	best: 0.2477098 (201)	total: 4m 43s	remaining: 1d 14h 10m 18s
206:	learn: 0.0271698	test: 0.2477467	best: 0.2477098 (201)	total: 4m 44s	remaining: 1d 14h 5m 30s
207:	learn: 0.0270263	test: 0.2477181	best: 0.2477098 (201)	total: 4m 45s	remaining: 1d 14h 6m 28s
208:	learn: 0.0269056	test: 0.2476909	best: 0.2476909 (208)	total: 4m 47s	remaining: 1d 14h 8m 31s
209:	learn: 0.0267923	test: 0.2476685	best: 0.2476685 (209)	total: 4m 49s	remaining: 1d 14h 10m 38s
210:	learn: 0.0266977	test: 0.2478088	best: 0.2476685 (209)	total: 4m 50s	remaining: 1d 14h 11m 54s
211:	learn: 0.0265716	test: 0.2480590	best: 0.2476685 (209)	total: 4m 52s	remaining: 1d 14h 11m 21s
212:	learn: 0.0264526	test: 0.2478273	best: 0.2476685 (209)	total: 4m 53s	remaining: 1d 14h 13m 44s
213:	learn: 0.0263244	test: 0.2476857	best: 0.2476685 (209)	total: 4m 55s	remaining: 1d 14h 15m 34s
214:	learn: 0.0262161	test: 0.2476948	best: 0.2476685 (209)	total: 4m 56s	remaining: 1d 14h 15m 41s
215:	learn: 0.0261257	test: 0.2476533	best: 0.2476533 (215)	total: 4m 58s	remaining: 1d 14h 18m 11s
216:	learn: 0.0260517	test: 0.2475954	best: 0.2475954 (216)	total: 4m 59s	remaining: 1d 14h 16m 47s
217:	learn: 0.0259392	test: 0.2474751	best: 0.2474751 (217)	total: 5m 1s	remaining: 1d 14h 16m 13s
218:	learn: 0.0258532	test: 0.2474635	best: 0.2474635 (218)	total: 5m 2s	remaining: 1d 14h 16m 48s
219:	learn: 0.0257651	test: 0.2472316	best: 0.2472316 (219)	total: 5m 4s	remaining: 1d 14h 18m 9s
220:	learn: 0.0255927	test: 0.2472057	best: 0.2472057 (220)	total: 5m 4s	remaining: 1d 14h 15m
221:	learn: 0.0254836	test: 0.2472506	best: 0.2472057 (220)	total: 5m 6s	remaining: 1d 14h 13m 29s
222:	learn: 0.0253960	test: 0.2472960	best: 0.2472057 (220)	total: 5m 7s	remaining: 1d 14h 12m 57s
223:	learn: 0.0252933	test: 0.2472634	best: 0.2472057 (220)	total: 5m 9s	remaining: 1d 14h 19m 48s
224:	learn: 0.0252067	test: 0.2473146	best: 0.2472057 (220)	total: 5m 11s	remaining: 1d 14h 23m 1s
225:	learn: 0.0250694	test: 0.2474643	best: 0.2472057 (220)	total: 5m 12s	remaining: 1d 14h 22m 38s
226:	learn: 0.0249894	test: 0.2475534	best: 0.2472057 (220)	total: 5m 14s	remaining: 1d 14h 20m 40s
227:	learn: 0.0247623	test: 0.2471628	best: 0.2471628 (227)	total: 5m 15s	remaining: 1d 14h 22m 36s
228:	learn: 0.0246749	test: 0.2473946	best: 0.2471628 (227)	total: 5m 17s	remaining: 1d 14h 24m 2s
229:	learn: 0.0246093	test: 0.2473603	best: 0.2471628 (227)	total: 5m 18s	remaining: 1d 14h 24m 15s
230:	learn: 0.0245351	test: 0.2472728	best: 0.2471628 (227)	total: 5m 20s	remaining: 1d 14h 27m 12s
231:	learn: 0.0244662	test: 0.2472857	best: 0.2471628 (227)	total: 5m 22s	remaining: 1d 14h 28m 33s
232:	learn: 0.0243816	test: 0.2472879	best: 0.2471628 (227)	total: 5m 23s	remaining: 1d 14h 27m 16s
233:	learn: 0.0242815	test: 0.2471945	best: 0.2471628 (227)	total: 5m 24s	remaining: 1d 14h 26m 52s
234:	learn: 0.0242010	test: 0.2471840	best: 0.2471628 (227)	total: 5m 26s	remaining: 1d 14h 29m 11s
235:	learn: 0.0241354	test: 0.2471883	best: 0.2471628 (227)	total: 5m 27s	remaining: 1d 14h 28m 10s
236:	learn: 0.0240514	test: 0.2471995	best: 0.2471628 (227)	total: 5m 28s	remaining: 1d 14h 27m 3s
237:	learn: 0.0239817	test: 0.2471937	best: 0.2471628 (227)	total: 5m 29s	remaining: 1d 14h 24m 2s
238:	learn: 0.0239089	test: 0.2472135	best: 0.2471628 (227)	total: 5m 30s	remaining: 1d 14h 19m 55s
239:	learn: 0.0237825	test: 0.2471406	best: 0.2471406 (239)	total: 5m 31s	remaining: 1d 14h 18m 37s
240:	learn: 0.0236808	test: 0.2471585	best: 0.2471406 (239)	total: 5m 32s	remaining: 1d 14h 16m 58s
241:	learn: 0.0235773	test: 0.2470354	best: 0.2470354 (241)	total: 5m 34s	remaining: 1d 14h 16m 22s
242:	learn: 0.0234664	test: 0.2471826	best: 0.2470354 (241)	total: 5m 35s	remaining: 1d 14h 17m 7s
243:	learn: 0.0234037	test: 0.2472375	best: 0.2470354 (241)	total: 5m 36s	remaining: 1d 14h 15m 57s
244:	learn: 0.0233435	test: 0.2472827	best: 0.2470354 (241)	total: 5m 38s	remaining: 1d 14h 16m 1s
245:	learn: 0.0232785	test: 0.2472411	best: 0.2470354 (241)	total: 5m 40s	remaining: 1d 14h 18m 9s
246:	learn: 0.0232126	test: 0.2471818	best: 0.2470354 (241)	total: 5m 41s	remaining: 1d 14h 18m 30s
247:	learn: 0.0231475	test: 0.2471565	best: 0.2470354 (241)	total: 5m 42s	remaining: 1d 14h 18m 29s
248:	learn: 0.0230748	test: 0.2470829	best: 0.2470354 (241)	total: 5m 43s	remaining: 1d 14h 16m 6s
249:	learn: 0.0229712	test: 0.2471421	best: 0.2470354 (241)	total: 5m 46s	remaining: 1d 14h 22m 39s
250:	learn: 0.0229043	test: 0.2470905	best: 0.2470354 (241)	total: 5m 48s	remaining: 1d 14h 27m 24s
251:	learn: 0.0228096	test: 0.2470570	best: 0.2470354 (241)	total: 5m 50s	remaining: 1d 14h 33m 23s
252:	learn: 0.0227048	test: 0.2470058	best: 0.2470058 (252)	total: 5m 52s	remaining: 1d 14h 33m 56s
253:	learn: 0.0226233	test: 0.2469647	best: 0.2469647 (253)	total: 5m 53s	remaining: 1d 14h 36m 38s
254:	learn: 0.0225097	test: 0.2470219	best: 0.2469647 (253)	total: 5m 55s	remaining: 1d 14h 36m 40s
255:	learn: 0.0224398	test: 0.2471728	best: 0.2469647 (253)	total: 5m 58s	remaining: 1d 14h 44m 54s
256:	learn: 0.0223160	test: 0.2471842	best: 0.2469647 (253)	total: 5m 59s	remaining: 1d 14h 44m 44s
257:	learn: 0.0222405	test: 0.2470871	best: 0.2469647 (253)	total: 6m	remaining: 1d 14h 45m 56s
258:	learn: 0.0220435	test: 0.2472353	best: 0.2469647 (253)	total: 6m 2s	remaining: 1d 14h 45m 55s
259:	learn: 0.0219319	test: 0.2471825	best: 0.2469647 (253)	total: 6m 3s	remaining: 1d 14h 45m 12s
260:	learn: 0.0218548	test: 0.2471004	best: 0.2469647 (253)	total: 6m 5s	remaining: 1d 14h 45m 55s
261:	learn: 0.0217817	test: 0.2471000	best: 0.2469647 (253)	total: 6m 6s	remaining: 1d 14h 46m 1s
262:	learn: 0.0217247	test: 0.2471090	best: 0.2469647 (253)	total: 6m 8s	remaining: 1d 14h 47m 7s
263:	learn: 0.0216657	test: 0.2471867	best: 0.2469647 (253)	total: 6m 9s	remaining: 1d 14h 48m 50s
264:	learn: 0.0215933	test: 0.2470448	best: 0.2469647 (253)	total: 6m 11s	remaining: 1d 14h 52m 32s
265:	learn: 0.0215323	test: 0.2470575	best: 0.2469647 (253)	total: 6m 13s	remaining: 1d 14h 50m 53s
266:	learn: 0.0214760	test: 0.2470542	best: 0.2469647 (253)	total: 6m 13s	remaining: 1d 14h 48m 10s
267:	learn: 0.0213979	test: 0.2470645	best: 0.2469647 (253)	total: 6m 15s	remaining: 1d 14h 47m 11s
268:	learn: 0.0213427	test: 0.2470627	best: 0.2469647 (253)	total: 6m 16s	remaining: 1d 14h 46m 56s
269:	learn: 0.0212639	test: 0.2470472	best: 0.2469647 (253)	total: 6m 17s	remaining: 1d 14h 44m 23s
270:	learn: 0.0211886	test: 0.2469601	best: 0.2469601 (270)	total: 6m 18s	remaining: 1d 14h 44m 17s
271:	learn: 0.0210303	test: 0.2467755	best: 0.2467755 (271)	total: 6m 20s	remaining: 1d 14h 43m 32s
272:	learn: 0.0209765	test: 0.2467767	best: 0.2467755 (271)	total: 6m 21s	remaining: 1d 14h 44m 39s
273:	learn: 0.0208858	test: 0.2467635	best: 0.2467635 (273)	total: 6m 23s	remaining: 1d 14h 45m 44s
274:	learn: 0.0207869	test: 0.2466653	best: 0.2466653 (274)	total: 6m 24s	remaining: 1d 14h 42m 25s
275:	learn: 0.0207399	test: 0.2465996	best: 0.2465996 (275)	total: 6m 25s	remaining: 1d 14h 39m 30s
276:	learn: 0.0206811	test: 0.2465759	best: 0.2465759 (276)	total: 6m 26s	remaining: 1d 14h 41m 51s
277:	learn: 0.0206308	test: 0.2466250	best: 0.2465759 (276)	total: 6m 28s	remaining: 1d 14h 42m 28s
278:	learn: 0.0205573	test: 0.2466144	best: 0.2465759 (276)	total: 6m 29s	remaining: 1d 14h 41m 6s
279:	learn: 0.0204712	test: 0.2465018	best: 0.2465018 (279)	total: 6m 31s	remaining: 1d 14h 40m 57s
280:	learn: 0.0204166	test: 0.2464293	best: 0.2464293 (280)	total: 6m 32s	remaining: 1d 14h 40m 58s
281:	learn: 0.0203591	test: 0.2464334	best: 0.2464293 (280)	total: 6m 33s	remaining: 1d 14h 38m 26s
282:	learn: 0.0202859	test: 0.2464510	best: 0.2464293 (280)	total: 6m 34s	remaining: 1d 14h 36m 49s
283:	learn: 0.0202169	test: 0.2464457	best: 0.2464293 (280)	total: 6m 35s	remaining: 1d 14h 34m 3s
284:	learn: 0.0201664	test: 0.2464260	best: 0.2464260 (284)	total: 6m 36s	remaining: 1d 14h 33m 44s
285:	learn: 0.0201113	test: 0.2463995	best: 0.2463995 (285)	total: 6m 38s	remaining: 1d 14h 34m 49s
286:	learn: 0.0200429	test: 0.2463545	best: 0.2463545 (286)	total: 6m 39s	remaining: 1d 14h 32m 52s
287:	learn: 0.0199743	test: 0.2464214	best: 0.2463545 (286)	total: 6m 40s	remaining: 1d 14h 31m 27s
288:	learn: 0.0199207	test: 0.2463864	best: 0.2463545 (286)	total: 6m 41s	remaining: 1d 14h 29m 12s
289:	learn: 0.0198496	test: 0.2463706	best: 0.2463545 (286)	total: 6m 42s	remaining: 1d 14h 28m 58s
290:	learn: 0.0197838	test: 0.2463453	best: 0.2463453 (290)	total: 6m 44s	remaining: 1d 14h 27m 27s
291:	learn: 0.0197475	test: 0.2463286	best: 0.2463286 (291)	total: 6m 46s	remaining: 1d 14h 30m 44s
292:	learn: 0.0196283	test: 0.2464306	best: 0.2463286 (291)	total: 6m 47s	remaining: 1d 14h 31m 14s
293:	learn: 0.0195752	test: 0.2464586	best: 0.2463286 (291)	total: 6m 49s	remaining: 1d 14h 33m 14s
294:	learn: 0.0195170	test: 0.2465319	best: 0.2463286 (291)	total: 6m 50s	remaining: 1d 14h 33m 17s
295:	learn: 0.0194565	test: 0.2465201	best: 0.2463286 (291)	total: 6m 52s	remaining: 1d 14h 34m 26s
296:	learn: 0.0194062	test: 0.2465438	best: 0.2463286 (291)	total: 6m 53s	remaining: 1d 14h 32m 39s
297:	learn: 0.0193464	test: 0.2464817	best: 0.2463286 (291)	total: 6m 54s	remaining: 1d 14h 33m 10s
298:	learn: 0.0192687	test: 0.2464308	best: 0.2463286 (291)	total: 6m 56s	remaining: 1d 14h 34m 44s
299:	learn: 0.0192227	test: 0.2464394	best: 0.2463286 (291)	total: 6m 57s	remaining: 1d 14h 34m 18s
300:	learn: 0.0190638	test: 0.2462943	best: 0.2462943 (300)	total: 6m 58s	remaining: 1d 14h 32m 23s
301:	learn: 0.0190204	test: 0.2462819	best: 0.2462819 (301)	total: 7m	remaining: 1d 14h 31m 33s
302:	learn: 0.0189621	test: 0.2462450	best: 0.2462450 (302)	total: 7m 1s	remaining: 1d 14h 29m 17s
303:	learn: 0.0189014	test: 0.2461944	best: 0.2461944 (303)	total: 7m 2s	remaining: 1d 14h 29m 53s
304:	learn: 0.0188431	test: 0.2460764	best: 0.2460764 (304)	total: 7m 3s	remaining: 1d 14h 29m 13s
305:	learn: 0.0188028	test: 0.2460696	best: 0.2460696 (305)	total: 7m 5s	remaining: 1d 14h 29m 40s
306:	learn: 0.0187511	test: 0.2461426	best: 0.2460696 (305)	total: 7m 7s	remaining: 1d 14h 33m 28s
307:	learn: 0.0187023	test: 0.2461472	best: 0.2460696 (305)	total: 7m 8s	remaining: 1d 14h 31m 10s
308:	learn: 0.0186394	test: 0.2460686	best: 0.2460686 (308)	total: 7m 9s	remaining: 1d 14h 29m 17s
309:	learn: 0.0185848	test: 0.2460125	best: 0.2460125 (309)	total: 7m 10s	remaining: 1d 14h 27m 21s
310:	learn: 0.0185168	test: 0.2460138	best: 0.2460125 (309)	total: 7m 12s	remaining: 1d 14h 29m 40s
311:	learn: 0.0184515	test: 0.2459627	best: 0.2459627 (311)	total: 7m 13s	remaining: 1d 14h 29m 26s
312:	learn: 0.0183500	test: 0.2461319	best: 0.2459627 (311)	total: 7m 14s	remaining: 1d 14h 28m 12s
313:	learn: 0.0183136	test: 0.2460777	best: 0.2459627 (311)	total: 7m 16s	remaining: 1d 14h 28m 29s
314:	learn: 0.0182535	test: 0.2460180	best: 0.2459627 (311)	total: 7m 17s	remaining: 1d 14h 25m 4s
315:	learn: 0.0181939	test: 0.2460091	best: 0.2459627 (311)	total: 7m 18s	remaining: 1d 14h 24m 38s
316:	learn: 0.0181430	test: 0.2460747	best: 0.2459627 (311)	total: 7m 19s	remaining: 1d 14h 24m 17s
317:	learn: 0.0180885	test: 0.2460636	best: 0.2459627 (311)	total: 7m 20s	remaining: 1d 14h 22m 43s
318:	learn: 0.0180422	test: 0.2460439	best: 0.2459627 (311)	total: 7m 21s	remaining: 1d 14h 21m 45s
319:	learn: 0.0179656	test: 0.2459176	best: 0.2459176 (319)	total: 7m 23s	remaining: 1d 14h 23m 34s
320:	learn: 0.0179225	test: 0.2459047	best: 0.2459047 (320)	total: 7m 25s	remaining: 1d 14h 23m 19s
321:	learn: 0.0178571	test: 0.2459209	best: 0.2459047 (320)	total: 7m 26s	remaining: 1d 14h 22m 20s
322:	learn: 0.0178029	test: 0.2458662	best: 0.2458662 (322)	total: 7m 27s	remaining: 1d 14h 19m 39s
323:	learn: 0.0177492	test: 0.2458213	best: 0.2458213 (323)	total: 7m 28s	remaining: 1d 14h 19m 9s
324:	learn: 0.0176657	test: 0.2458602	best: 0.2458213 (323)	total: 7m 30s	remaining: 1d 14h 21m 42s
325:	learn: 0.0176318	test: 0.2458493	best: 0.2458213 (323)	total: 7m 32s	remaining: 1d 14h 24m 45s
326:	learn: 0.0175965	test: 0.2458395	best: 0.2458213 (323)	total: 7m 33s	remaining: 1d 14h 25m 13s
327:	learn: 0.0175600	test: 0.2458749	best: 0.2458213 (323)	total: 7m 35s	remaining: 1d 14h 25m 2s
328:	learn: 0.0174949	test: 0.2459874	best: 0.2458213 (323)	total: 7m 36s	remaining: 1d 14h 26m 29s
329:	learn: 0.0173977	test: 0.2460942	best: 0.2458213 (323)	total: 7m 38s	remaining: 1d 14h 27m 46s
330:	learn: 0.0173096	test: 0.2460094	best: 0.2458213 (323)	total: 7m 39s	remaining: 1d 14h 27m 5s
331:	learn: 0.0172762	test: 0.2460364	best: 0.2458213 (323)	total: 7m 40s	remaining: 1d 14h 25m 51s
332:	learn: 0.0172379	test: 0.2460044	best: 0.2458213 (323)	total: 7m 42s	remaining: 1d 14h 27m 30s
333:	learn: 0.0171845	test: 0.2461490	best: 0.2458213 (323)	total: 7m 43s	remaining: 1d 14h 26m 1s
334:	learn: 0.0171437	test: 0.2461984	best: 0.2458213 (323)	total: 7m 44s	remaining: 1d 14h 24m 23s
335:	learn: 0.0171046	test: 0.2462185	best: 0.2458213 (323)	total: 7m 46s	remaining: 1d 14h 25m 52s
336:	learn: 0.0170644	test: 0.2461854	best: 0.2458213 (323)	total: 7m 47s	remaining: 1d 14h 23m 8s
337:	learn: 0.0170237	test: 0.2462446	best: 0.2458213 (323)	total: 7m 48s	remaining: 1d 14h 20m 37s
338:	learn: 0.0169892	test: 0.2462412	best: 0.2458213 (323)	total: 7m 49s	remaining: 1d 14h 18m 4s
339:	learn: 0.0169514	test: 0.2463105	best: 0.2458213 (323)	total: 7m 49s	remaining: 1d 14h 15m 25s
340:	learn: 0.0169001	test: 0.2462755	best: 0.2458213 (323)	total: 7m 50s	remaining: 1d 14h 13m 6s
341:	learn: 0.0168620	test: 0.2462574	best: 0.2458213 (323)	total: 7m 51s	remaining: 1d 14h 10m 46s
342:	learn: 0.0168153	test: 0.2461424	best: 0.2458213 (323)	total: 7m 52s	remaining: 1d 14h 8m 11s
343:	learn: 0.0167720	test: 0.2462104	best: 0.2458213 (323)	total: 7m 53s	remaining: 1d 14h 5m 31s
344:	learn: 0.0167257	test: 0.2461442	best: 0.2458213 (323)	total: 7m 54s	remaining: 1d 14h 2m 50s
345:	learn: 0.0166532	test: 0.2461389	best: 0.2458213 (323)	total: 7m 55s	remaining: 1d 14h 1m 30s
346:	learn: 0.0166224	test: 0.2461679	best: 0.2458213 (323)	total: 7m 56s	remaining: 1d 14h 8s
347:	learn: 0.0164851	test: 0.2459474	best: 0.2458213 (323)	total: 7m 57s	remaining: 1d 13h 56m 59s
348:	learn: 0.0164434	test: 0.2459610	best: 0.2458213 (323)	total: 7m 58s	remaining: 1d 13h 56m 33s
349:	learn: 0.0164016	test: 0.2459668	best: 0.2458213 (323)	total: 7m 59s	remaining: 1d 13h 57m 12s
350:	learn: 0.0163553	test: 0.2459257	best: 0.2458213 (323)	total: 8m	remaining: 1d 13h 55m 41s
351:	learn: 0.0163007	test: 0.2460689	best: 0.2458213 (323)	total: 8m 2s	remaining: 1d 13h 58m 2s
352:	learn: 0.0162590	test: 0.2460283	best: 0.2458213 (323)	total: 8m 5s	remaining: 1d 14h 3m 5s
353:	learn: 0.0162106	test: 0.2460291	best: 0.2458213 (323)	total: 8m 6s	remaining: 1d 14h 2m 21s
354:	learn: 0.0161407	test: 0.2460992	best: 0.2458213 (323)	total: 8m 7s	remaining: 1d 13h 59m 48s
355:	learn: 0.0160764	test: 0.2460742	best: 0.2458213 (323)	total: 8m 8s	remaining: 1d 13h 57m 15s
356:	learn: 0.0160371	test: 0.2459970	best: 0.2458213 (323)	total: 8m 9s	remaining: 1d 13h 54m 53s
357:	learn: 0.0159848	test: 0.2461104	best: 0.2458213 (323)	total: 8m 9s	remaining: 1d 13h 52m 20s
358:	learn: 0.0159485	test: 0.2460785	best: 0.2458213 (323)	total: 8m 10s	remaining: 1d 13h 50m 6s
359:	learn: 0.0159203	test: 0.2460832	best: 0.2458213 (323)	total: 8m 11s	remaining: 1d 13h 47m 33s
360:	learn: 0.0158599	test: 0.2460603	best: 0.2458213 (323)	total: 8m 12s	remaining: 1d 13h 45m 45s
361:	learn: 0.0158232	test: 0.2460556	best: 0.2458213 (323)	total: 8m 13s	remaining: 1d 13h 43m 12s
362:	learn: 0.0157889	test: 0.2460484	best: 0.2458213 (323)	total: 8m 14s	remaining: 1d 13h 40m 37s
363:	learn: 0.0157582	test: 0.2461101	best: 0.2458213 (323)	total: 8m 15s	remaining: 1d 13h 38m 49s
364:	learn: 0.0157245	test: 0.2460663	best: 0.2458213 (323)	total: 8m 15s	remaining: 1d 13h 36m 11s
365:	learn: 0.0156854	test: 0.2460850	best: 0.2458213 (323)	total: 8m 16s	remaining: 1d 13h 34m 12s
366:	learn: 0.0156502	test: 0.2461704	best: 0.2458213 (323)	total: 8m 17s	remaining: 1d 13h 30m 38s
367:	learn: 0.0154764	test: 0.2465616	best: 0.2458213 (323)	total: 8m 18s	remaining: 1d 13h 27m 25s
368:	learn: 0.0154391	test: 0.2465524	best: 0.2458213 (323)	total: 8m 18s	remaining: 1d 13h 24m 35s
369:	learn: 0.0154127	test: 0.2465889	best: 0.2458213 (323)	total: 8m 19s	remaining: 1d 13h 21m 38s
370:	learn: 0.0153703	test: 0.2465999	best: 0.2458213 (323)	total: 8m 20s	remaining: 1d 13h 18m 39s
371:	learn: 0.0153282	test: 0.2465602	best: 0.2458213 (323)	total: 8m 20s	remaining: 1d 13h 15m 42s
372:	learn: 0.0152576	test: 0.2465247	best: 0.2458213 (323)	total: 8m 21s	remaining: 1d 13h 12m 49s
373:	learn: 0.0152282	test: 0.2465260	best: 0.2458213 (323)	total: 8m 22s	remaining: 1d 13h 9m 42s
374:	learn: 0.0152003	test: 0.2465590	best: 0.2458213 (323)	total: 8m 22s	remaining: 1d 13h 5m 59s
375:	learn: 0.0151703	test: 0.2465288	best: 0.2458213 (323)	total: 8m 23s	remaining: 1d 13h 2m 51s
376:	learn: 0.0151270	test: 0.2464954	best: 0.2458213 (323)	total: 8m 24s	remaining: 1d 12h 59m 48s
377:	learn: 0.0150984	test: 0.2464974	best: 0.2458213 (323)	total: 8m 25s	remaining: 1d 12h 59m 11s
378:	learn: 0.0150627	test: 0.2465489	best: 0.2458213 (323)	total: 8m 25s	remaining: 1d 12h 55m 40s
379:	learn: 0.0150249	test: 0.2465322	best: 0.2458213 (323)	total: 8m 26s	remaining: 1d 12h 52m 58s
380:	learn: 0.0149882	test: 0.2465718	best: 0.2458213 (323)	total: 8m 27s	remaining: 1d 12h 49m 35s
381:	learn: 0.0149512	test: 0.2465758	best: 0.2458213 (323)	total: 8m 27s	remaining: 1d 12h 46m 39s
382:	learn: 0.0149092	test: 0.2464904	best: 0.2458213 (323)	total: 8m 28s	remaining: 1d 12h 44m 19s
383:	learn: 0.0148705	test: 0.2464857	best: 0.2458213 (323)	total: 8m 29s	remaining: 1d 12h 41m 26s
384:	learn: 0.0148208	test: 0.2464631	best: 0.2458213 (323)	total: 8m 29s	remaining: 1d 12h 38m 6s
385:	learn: 0.0147970	test: 0.2464517	best: 0.2458213 (323)	total: 8m 30s	remaining: 1d 12h 34m 16s
386:	learn: 0.0147542	test: 0.2465632	best: 0.2458213 (323)	total: 8m 30s	remaining: 1d 12h 30m 20s
387:	learn: 0.0147244	test: 0.2465753	best: 0.2458213 (323)	total: 8m 31s	remaining: 1d 12h 26m 44s
388:	learn: 0.0147013	test: 0.2465763	best: 0.2458213 (323)	total: 8m 31s	remaining: 1d 12h 23m 24s
389:	learn: 0.0146243	test: 0.2464602	best: 0.2458213 (323)	total: 8m 32s	remaining: 1d 12h 20m 23s
390:	learn: 0.0145899	test: 0.2464130	best: 0.2458213 (323)	total: 8m 32s	remaining: 1d 12h 17m
391:	learn: 0.0145673	test: 0.2464110	best: 0.2458213 (323)	total: 8m 33s	remaining: 1d 12h 13m 45s
392:	learn: 0.0145010	test: 0.2464183	best: 0.2458213 (323)	total: 8m 33s	remaining: 1d 12h 10m 26s
393:	learn: 0.0144642	test: 0.2463899	best: 0.2458213 (323)	total: 8m 34s	remaining: 1d 12h 6m 54s
394:	learn: 0.0144180	test: 0.2464886	best: 0.2458213 (323)	total: 8m 34s	remaining: 1d 12h 3m 15s
395:	learn: 0.0143671	test: 0.2464194	best: 0.2458213 (323)	total: 8m 35s	remaining: 1d 12h 11s
396:	learn: 0.0143271	test: 0.2463912	best: 0.2458213 (323)	total: 8m 35s	remaining: 1d 11h 57m 34s
397:	learn: 0.0142959	test: 0.2463815	best: 0.2458213 (323)	total: 8m 36s	remaining: 1d 11h 54m 23s
398:	learn: 0.0142489	test: 0.2464913	best: 0.2458213 (323)	total: 8m 37s	remaining: 1d 11h 50m 57s
399:	learn: 0.0142205	test: 0.2465253	best: 0.2458213 (323)	total: 8m 37s	remaining: 1d 11h 47m 36s
400:	learn: 0.0141988	test: 0.2465147	best: 0.2458213 (323)	total: 8m 37s	remaining: 1d 11h 44m 8s
401:	learn: 0.0141631	test: 0.2464590	best: 0.2458213 (323)	total: 8m 38s	remaining: 1d 11h 41m 33s
402:	learn: 0.0141342	test: 0.2464757	best: 0.2458213 (323)	total: 8m 39s	remaining: 1d 11h 38m 38s
403:	learn: 0.0141020	test: 0.2464437	best: 0.2458213 (323)	total: 8m 39s	remaining: 1d 11h 35m 21s
404:	learn: 0.0140761	test: 0.2464489	best: 0.2458213 (323)	total: 8m 40s	remaining: 1d 11h 31m 55s
405:	learn: 0.0140545	test: 0.2464456	best: 0.2458213 (323)	total: 8m 40s	remaining: 1d 11h 28m 5s
406:	learn: 0.0139527	test: 0.2465313	best: 0.2458213 (323)	total: 8m 40s	remaining: 1d 11h 24m 16s
407:	learn: 0.0139259	test: 0.2465542	best: 0.2458213 (323)	total: 8m 41s	remaining: 1d 11h 21m 3s
408:	learn: 0.0138979	test: 0.2465448	best: 0.2458213 (323)	total: 8m 41s	remaining: 1d 11h 17m 34s
409:	learn: 0.0138553	test: 0.2466404	best: 0.2458213 (323)	total: 8m 42s	remaining: 1d 11h 14m 10s
410:	learn: 0.0138251	test: 0.2465734	best: 0.2458213 (323)	total: 8m 42s	remaining: 1d 11h 10m 49s
411:	learn: 0.0137801	test: 0.2466006	best: 0.2458213 (323)	total: 8m 43s	remaining: 1d 11h 7m 30s
412:	learn: 0.0137433	test: 0.2466155	best: 0.2458213 (323)	total: 8m 43s	remaining: 1d 11h 4m 32s
413:	learn: 0.0137041	test: 0.2466721	best: 0.2458213 (323)	total: 8m 44s	remaining: 1d 11h 1m 31s
414:	learn: 0.0136706	test: 0.2466257	best: 0.2458213 (323)	total: 8m 44s	remaining: 1d 10h 58m 14s
415:	learn: 0.0136330	test: 0.2466667	best: 0.2458213 (323)	total: 8m 45s	remaining: 1d 10h 55m 19s
416:	learn: 0.0135952	test: 0.2466637	best: 0.2458213 (323)	total: 8m 45s	remaining: 1d 10h 51m 54s
417:	learn: 0.0135512	test: 0.2466763	best: 0.2458213 (323)	total: 8m 45s	remaining: 1d 10h 48m 26s
418:	learn: 0.0135197	test: 0.2467095	best: 0.2458213 (323)	total: 8m 46s	remaining: 1d 10h 44m 53s
419:	learn: 0.0134917	test: 0.2466716	best: 0.2458213 (323)	total: 8m 46s	remaining: 1d 10h 41m 23s
420:	learn: 0.0134521	test: 0.2467639	best: 0.2458213 (323)	total: 8m 47s	remaining: 1d 10h 37m 58s
421:	learn: 0.0134139	test: 0.2468734	best: 0.2458213 (323)	total: 8m 47s	remaining: 1d 10h 34m 33s
422:	learn: 0.0133885	test: 0.2468816	best: 0.2458213 (323)	total: 8m 47s	remaining: 1d 10h 31m 5s
423:	learn: 0.0133420	test: 0.2469437	best: 0.2458213 (323)	total: 8m 48s	remaining: 1d 10h 27m 29s
424:	learn: 0.0133176	test: 0.2469563	best: 0.2458213 (323)	total: 8m 48s	remaining: 1d 10h 23m 51s
425:	learn: 0.0132831	test: 0.2470203	best: 0.2458213 (323)	total: 8m 48s	remaining: 1d 10h 20m 24s
426:	learn: 0.0132634	test: 0.2470139	best: 0.2458213 (323)	total: 8m 49s	remaining: 1d 10h 16m 43s
427:	learn: 0.0132326	test: 0.2471053	best: 0.2458213 (323)	total: 8m 49s	remaining: 1d 10h 13m 24s
428:	learn: 0.0132040	test: 0.2470674	best: 0.2458213 (323)	total: 8m 49s	remaining: 1d 10h 9m 59s
429:	learn: 0.0131724	test: 0.2470688	best: 0.2458213 (323)	total: 8m 50s	remaining: 1d 10h 6m 47s
430:	learn: 0.0131098	test: 0.2471298	best: 0.2458213 (323)	total: 8m 50s	remaining: 1d 10h 3m 31s
431:	learn: 0.0130864	test: 0.2471114	best: 0.2458213 (323)	total: 8m 51s	remaining: 1d 10h 3s
432:	learn: 0.0130596	test: 0.2471805	best: 0.2458213 (323)	total: 8m 51s	remaining: 1d 9h 56m 41s
433:	learn: 0.0130103	test: 0.2472751	best: 0.2458213 (323)	total: 8m 51s	remaining: 1d 9h 53m 19s
434:	learn: 0.0129560	test: 0.2472428	best: 0.2458213 (323)	total: 8m 52s	remaining: 1d 9h 49m 59s
435:	learn: 0.0129322	test: 0.2473110	best: 0.2458213 (323)	total: 8m 52s	remaining: 1d 9h 46m 36s
436:	learn: 0.0129063	test: 0.2473460	best: 0.2458213 (323)	total: 8m 52s	remaining: 1d 9h 43m 13s
437:	learn: 0.0128829	test: 0.2473196	best: 0.2458213 (323)	total: 8m 53s	remaining: 1d 9h 40m 2s
438:	learn: 0.0128605	test: 0.2473456	best: 0.2458213 (323)	total: 8m 53s	remaining: 1d 9h 36m 39s
439:	learn: 0.0128341	test: 0.2473338	best: 0.2458213 (323)	total: 8m 53s	remaining: 1d 9h 33m 16s
440:	learn: 0.0127968	test: 0.2473028	best: 0.2458213 (323)	total: 8m 54s	remaining: 1d 9h 30m 2s
441:	learn: 0.0127731	test: 0.2473977	best: 0.2458213 (323)	total: 8m 54s	remaining: 1d 9h 26m 48s
442:	learn: 0.0127516	test: 0.2473968	best: 0.2458213 (323)	total: 8m 54s	remaining: 1d 9h 23m 35s
443:	learn: 0.0127205	test: 0.2473200	best: 0.2458213 (323)	total: 8m 55s	remaining: 1d 9h 20m 23s
444:	learn: 0.0126940	test: 0.2473297	best: 0.2458213 (323)	total: 8m 55s	remaining: 1d 9h 17m 16s
445:	learn: 0.0126670	test: 0.2473410	best: 0.2458213 (323)	total: 8m 56s	remaining: 1d 9h 14m 13s
446:	learn: 0.0125828	test: 0.2475652	best: 0.2458213 (323)	total: 8m 56s	remaining: 1d 9h 11m 10s
447:	learn: 0.0125583	test: 0.2474500	best: 0.2458213 (323)	total: 8m 56s	remaining: 1d 9h 7m 55s
448:	learn: 0.0125237	test: 0.2474255	best: 0.2458213 (323)	total: 8m 57s	remaining: 1d 9h 4m 35s
449:	learn: 0.0125044	test: 0.2474548	best: 0.2458213 (323)	total: 8m 57s	remaining: 1d 9h 1m 17s
450:	learn: 0.0124779	test: 0.2474246	best: 0.2458213 (323)	total: 8m 57s	remaining: 1d 8h 58m 53s
451:	learn: 0.0124482	test: 0.2474853	best: 0.2458213 (323)	total: 8m 58s	remaining: 1d 8h 56m 5s
452:	learn: 0.0124323	test: 0.2474985	best: 0.2458213 (323)	total: 8m 58s	remaining: 1d 8h 53m 9s
453:	learn: 0.0124047	test: 0.2474788	best: 0.2458213 (323)	total: 8m 59s	remaining: 1d 8h 49m 57s
454:	learn: 0.0123800	test: 0.2474544	best: 0.2458213 (323)	total: 8m 59s	remaining: 1d 8h 46m 55s
455:	learn: 0.0123540	test: 0.2474451	best: 0.2458213 (323)	total: 8m 59s	remaining: 1d 8h 43m 35s
456:	learn: 0.0123076	test: 0.2473878	best: 0.2458213 (323)	total: 8m 59s	remaining: 1d 8h 40m 15s
457:	learn: 0.0122747	test: 0.2474345	best: 0.2458213 (323)	total: 9m	remaining: 1d 8h 37m 2s
458:	learn: 0.0122531	test: 0.2474626	best: 0.2458213 (323)	total: 9m	remaining: 1d 8h 33m 47s
459:	learn: 0.0122296	test: 0.2475382	best: 0.2458213 (323)	total: 9m	remaining: 1d 8h 30m 24s
460:	learn: 0.0122127	test: 0.2475340	best: 0.2458213 (323)	total: 9m 1s	remaining: 1d 8h 27m 3s
461:	learn: 0.0121942	test: 0.2475519	best: 0.2458213 (323)	total: 9m 1s	remaining: 1d 8h 23m 19s
462:	learn: 0.0121665	test: 0.2476221	best: 0.2458213 (323)	total: 9m 1s	remaining: 1d 8h 19m 38s
463:	learn: 0.0121467	test: 0.2476066	best: 0.2458213 (323)	total: 9m 1s	remaining: 1d 8h 15m 54s
464:	learn: 0.0121239	test: 0.2476572	best: 0.2458213 (323)	total: 9m 1s	remaining: 1d 8h 12m 13s
465:	learn: 0.0120968	test: 0.2475841	best: 0.2458213 (323)	total: 9m 1s	remaining: 1d 8h 8m 30s
466:	learn: 0.0120720	test: 0.2475544	best: 0.2458213 (323)	total: 9m 1s	remaining: 1d 8h 4m 49s
467:	learn: 0.0120489	test: 0.2475329	best: 0.2458213 (323)	total: 9m 1s	remaining: 1d 8h 1m 8s
468:	learn: 0.0120298	test: 0.2474907	best: 0.2458213 (323)	total: 9m 2s	remaining: 1d 7h 57m 28s
469:	learn: 0.0120054	test: 0.2474557	best: 0.2458213 (323)	total: 9m 2s	remaining: 1d 7h 53m 51s
470:	learn: 0.0119826	test: 0.2474352	best: 0.2458213 (323)	total: 9m 2s	remaining: 1d 7h 50m 15s
471:	learn: 0.0119649	test: 0.2474454	best: 0.2458213 (323)	total: 9m 2s	remaining: 1d 7h 46m 40s
472:	learn: 0.0119394	test: 0.2473944	best: 0.2458213 (323)	total: 9m 2s	remaining: 1d 7h 43m 4s
473:	learn: 0.0119168	test: 0.2473908	best: 0.2458213 (323)	total: 9m 2s	remaining: 1d 7h 39m 30s
474:	learn: 0.0118844	test: 0.2474394	best: 0.2458213 (323)	total: 9m 2s	remaining: 1d 7h 35m 57s
475:	learn: 0.0118591	test: 0.2474854	best: 0.2458213 (323)	total: 9m 3s	remaining: 1d 7h 32m 25s
476:	learn: 0.0118389	test: 0.2474602	best: 0.2458213 (323)	total: 9m 3s	remaining: 1d 7h 28m 55s
477:	learn: 0.0118199	test: 0.2474597	best: 0.2458213 (323)	total: 9m 3s	remaining: 1d 7h 25m 24s
478:	learn: 0.0117951	test: 0.2474858	best: 0.2458213 (323)	total: 9m 3s	remaining: 1d 7h 21m 55s
479:	learn: 0.0117641	test: 0.2476195	best: 0.2458213 (323)	total: 9m 3s	remaining: 1d 7h 18m 27s
480:	learn: 0.0117049	test: 0.2476934	best: 0.2458213 (323)	total: 9m 3s	remaining: 1d 7h 14m 59s
481:	learn: 0.0116627	test: 0.2477903	best: 0.2458213 (323)	total: 9m 3s	remaining: 1d 7h 11m 33s
482:	learn: 0.0116347	test: 0.2477120	best: 0.2458213 (323)	total: 9m 4s	remaining: 1d 7h 8m 7s
483:	learn: 0.0116130	test: 0.2477267	best: 0.2458213 (323)	total: 9m 4s	remaining: 1d 7h 4m 42s
484:	learn: 0.0115944	test: 0.2476752	best: 0.2458213 (323)	total: 9m 4s	remaining: 1d 7h 1m 19s
485:	learn: 0.0115580	test: 0.2478185	best: 0.2458213 (323)	total: 9m 4s	remaining: 1d 6h 57m 56s
486:	learn: 0.0115459	test: 0.2477975	best: 0.2458213 (323)	total: 9m 4s	remaining: 1d 6h 54m 34s
487:	learn: 0.0115275	test: 0.2477968	best: 0.2458213 (323)	total: 9m 4s	remaining: 1d 6h 51m 12s
488:	learn: 0.0115085	test: 0.2477943	best: 0.2458213 (323)	total: 9m 4s	remaining: 1d 6h 47m 52s
489:	learn: 0.0114790	test: 0.2479454	best: 0.2458213 (323)	total: 9m 4s	remaining: 1d 6h 44m 32s
490:	learn: 0.0114520	test: 0.2478690	best: 0.2458213 (323)	total: 9m 5s	remaining: 1d 6h 41m 13s
491:	learn: 0.0114318	test: 0.2479181	best: 0.2458213 (323)	total: 9m 5s	remaining: 1d 6h 37m 56s
492:	learn: 0.0113984	test: 0.2480610	best: 0.2458213 (323)	total: 9m 5s	remaining: 1d 6h 34m 38s
493:	learn: 0.0113801	test: 0.2480424	best: 0.2458213 (323)	total: 9m 5s	remaining: 1d 6h 31m 21s
494:	learn: 0.0113586	test: 0.2480169	best: 0.2458213 (323)	total: 9m 5s	remaining: 1d 6h 28m 5s
495:	learn: 0.0113399	test: 0.2480300	best: 0.2458213 (323)	total: 9m 5s	remaining: 1d 6h 24m 49s
496:	learn: 0.0113254	test: 0.2480593	best: 0.2458213 (323)	total: 9m 5s	remaining: 1d 6h 21m 35s
497:	learn: 0.0113087	test: 0.2480486	best: 0.2458213 (323)	total: 9m 6s	remaining: 1d 6h 18m 24s
498:	learn: 0.0112913	test: 0.2480844	best: 0.2458213 (323)	total: 9m 6s	remaining: 1d 6h 15m 12s
499:	learn: 0.0112654	test: 0.2480100	best: 0.2458213 (323)	total: 9m 6s	remaining: 1d 6h 11m 59s
500:	learn: 0.0112099	test: 0.2481622	best: 0.2458213 (323)	total: 9m 6s	remaining: 1d 6h 8m 46s
501:	learn: 0.0111960	test: 0.2481901	best: 0.2458213 (323)	total: 9m 6s	remaining: 1d 6h 5m 34s
502:	learn: 0.0111791	test: 0.2482209	best: 0.2458213 (323)	total: 9m 6s	remaining: 1d 6h 2m 23s
503:	learn: 0.0111613	test: 0.2482449	best: 0.2458213 (323)	total: 9m 6s	remaining: 1d 5h 59m 13s
504:	learn: 0.0111453	test: 0.2482211	best: 0.2458213 (323)	total: 9m 6s	remaining: 1d 5h 56m 3s
505:	learn: 0.0111279	test: 0.2482167	best: 0.2458213 (323)	total: 9m 7s	remaining: 1d 5h 52m 55s
506:	learn: 0.0111108	test: 0.2482112	best: 0.2458213 (323)	total: 9m 7s	remaining: 1d 5h 49m 48s
507:	learn: 0.0110411	test: 0.2486487	best: 0.2458213 (323)	total: 9m 7s	remaining: 1d 5h 46m 41s
508:	learn: 0.0110278	test: 0.2486502	best: 0.2458213 (323)	total: 9m 7s	remaining: 1d 5h 43m 35s
509:	learn: 0.0110151	test: 0.2486777	best: 0.2458213 (323)	total: 9m 7s	remaining: 1d 5h 40m 33s
510:	learn: 0.0109988	test: 0.2487134	best: 0.2458213 (323)	total: 9m 7s	remaining: 1d 5h 37m 28s
511:	learn: 0.0109765	test: 0.2486489	best: 0.2458213 (323)	total: 9m 7s	remaining: 1d 5h 34m 29s
512:	learn: 0.0109570	test: 0.2487088	best: 0.2458213 (323)	total: 9m 8s	remaining: 1d 5h 31m 26s
513:	learn: 0.0109401	test: 0.2487086	best: 0.2458213 (323)	total: 9m 8s	remaining: 1d 5h 28m 25s
514:	learn: 0.0109205	test: 0.2487353	best: 0.2458213 (323)	total: 9m 8s	remaining: 1d 5h 25m 24s
515:	learn: 0.0109061	test: 0.2487396	best: 0.2458213 (323)	total: 9m 8s	remaining: 1d 5h 22m 23s
516:	learn: 0.0108903	test: 0.2487382	best: 0.2458213 (323)	total: 9m 8s	remaining: 1d 5h 19m 23s
517:	learn: 0.0108711	test: 0.2488271	best: 0.2458213 (323)	total: 9m 8s	remaining: 1d 5h 16m 23s
518:	learn: 0.0108559	test: 0.2488211	best: 0.2458213 (323)	total: 9m 8s	remaining: 1d 5h 13m 24s
519:	learn: 0.0108314	test: 0.2488770	best: 0.2458213 (323)	total: 9m 8s	remaining: 1d 5h 10m 26s
520:	learn: 0.0108050	test: 0.2488910	best: 0.2458213 (323)	total: 9m 9s	remaining: 1d 5h 7m 28s
521:	learn: 0.0107855	test: 0.2488729	best: 0.2458213 (323)	total: 9m 9s	remaining: 1d 5h 4m 37s
522:	learn: 0.0107703	test: 0.2488590	best: 0.2458213 (323)	total: 9m 9s	remaining: 1d 5h 1m 42s
523:	learn: 0.0107537	test: 0.2488576	best: 0.2458213 (323)	total: 9m 9s	remaining: 1d 4h 58m 48s
524:	learn: 0.0107403	test: 0.2488778	best: 0.2458213 (323)	total: 9m 9s	remaining: 1d 4h 55m 53s
525:	learn: 0.0107272	test: 0.2489237	best: 0.2458213 (323)	total: 9m 9s	remaining: 1d 4h 52m 58s
526:	learn: 0.0107111	test: 0.2489295	best: 0.2458213 (323)	total: 9m 9s	remaining: 1d 4h 50m 5s
527:	learn: 0.0106982	test: 0.2489755	best: 0.2458213 (323)	total: 9m 10s	remaining: 1d 4h 47m 12s
528:	learn: 0.0106769	test: 0.2490570	best: 0.2458213 (323)	total: 9m 10s	remaining: 1d 4h 44m 20s
529:	learn: 0.0106570	test: 0.2490765	best: 0.2458213 (323)	total: 9m 10s	remaining: 1d 4h 41m 29s
530:	learn: 0.0106331	test: 0.2491634	best: 0.2458213 (323)	total: 9m 10s	remaining: 1d 4h 38m 37s
531:	learn: 0.0106205	test: 0.2491903	best: 0.2458213 (323)	total: 9m 10s	remaining: 1d 4h 35m 48s
532:	learn: 0.0106018	test: 0.2491737	best: 0.2458213 (323)	total: 9m 10s	remaining: 1d 4h 32m 59s
533:	learn: 0.0105792	test: 0.2492347	best: 0.2458213 (323)	total: 9m 10s	remaining: 1d 4h 30m 11s
534:	learn: 0.0105662	test: 0.2492350	best: 0.2458213 (323)	total: 9m 11s	remaining: 1d 4h 27m 23s
535:	learn: 0.0105477	test: 0.2492202	best: 0.2458213 (323)	total: 9m 11s	remaining: 1d 4h 24m 36s
536:	learn: 0.0105356	test: 0.2492389	best: 0.2458213 (323)	total: 9m 11s	remaining: 1d 4h 21m 49s
537:	learn: 0.0105155	test: 0.2492391	best: 0.2458213 (323)	total: 9m 11s	remaining: 1d 4h 19m 2s
538:	learn: 0.0104926	test: 0.2492943	best: 0.2458213 (323)	total: 9m 11s	remaining: 1d 4h 16m 15s
539:	learn: 0.0104599	test: 0.2494743	best: 0.2458213 (323)	total: 9m 11s	remaining: 1d 4h 13m 29s
540:	learn: 0.0104442	test: 0.2494648	best: 0.2458213 (323)	total: 9m 11s	remaining: 1d 4h 10m 44s
541:	learn: 0.0104289	test: 0.2494363	best: 0.2458213 (323)	total: 9m 11s	remaining: 1d 4h 8m
542:	learn: 0.0104120	test: 0.2494508	best: 0.2458213 (323)	total: 9m 12s	remaining: 1d 4h 5m 16s
543:	learn: 0.0103983	test: 0.2494760	best: 0.2458213 (323)	total: 9m 12s	remaining: 1d 4h 2m 33s
544:	learn: 0.0103805	test: 0.2495436	best: 0.2458213 (323)	total: 9m 12s	remaining: 1d 3h 59m 50s
545:	learn: 0.0103607	test: 0.2494844	best: 0.2458213 (323)	total: 9m 12s	remaining: 1d 3h 57m 9s
546:	learn: 0.0103487	test: 0.2494923	best: 0.2458213 (323)	total: 9m 12s	remaining: 1d 3h 54m 29s
547:	learn: 0.0103375	test: 0.2494983	best: 0.2458213 (323)	total: 9m 12s	remaining: 1d 3h 51m 49s
548:	learn: 0.0103159	test: 0.2494354	best: 0.2458213 (323)	total: 9m 12s	remaining: 1d 3h 49m 9s
549:	learn: 0.0102953	test: 0.2494050	best: 0.2458213 (323)	total: 9m 12s	remaining: 1d 3h 46m 30s
550:	learn: 0.0102785	test: 0.2494148	best: 0.2458213 (323)	total: 9m 13s	remaining: 1d 3h 43m 52s
551:	learn: 0.0102594	test: 0.2494081	best: 0.2458213 (323)	total: 9m 13s	remaining: 1d 3h 41m 15s
552:	learn: 0.0102480	test: 0.2494300	best: 0.2458213 (323)	total: 9m 13s	remaining: 1d 3h 38m 37s
553:	learn: 0.0102351	test: 0.2494388	best: 0.2458213 (323)	total: 9m 13s	remaining: 1d 3h 36m 1s
554:	learn: 0.0102211	test: 0.2494332	best: 0.2458213 (323)	total: 9m 13s	remaining: 1d 3h 33m 24s
555:	learn: 0.0102090	test: 0.2494582	best: 0.2458213 (323)	total: 9m 13s	remaining: 1d 3h 30m 49s
556:	learn: 0.0101904	test: 0.2494864	best: 0.2458213 (323)	total: 9m 13s	remaining: 1d 3h 28m 13s
557:	learn: 0.0101723	test: 0.2494787	best: 0.2458213 (323)	total: 9m 14s	remaining: 1d 3h 25m 39s
558:	learn: 0.0101569	test: 0.2494396	best: 0.2458213 (323)	total: 9m 14s	remaining: 1d 3h 23m 11s
559:	learn: 0.0101463	test: 0.2494436	best: 0.2458213 (323)	total: 9m 14s	remaining: 1d 3h 20m 39s
560:	learn: 0.0101280	test: 0.2494954	best: 0.2458213 (323)	total: 9m 14s	remaining: 1d 3h 18m 6s
561:	learn: 0.0101110	test: 0.2494958	best: 0.2458213 (323)	total: 9m 14s	remaining: 1d 3h 15m 33s
562:	learn: 0.0100989	test: 0.2495023	best: 0.2458213 (323)	total: 9m 14s	remaining: 1d 3h 13m 1s
563:	learn: 0.0100831	test: 0.2495160	best: 0.2458213 (323)	total: 9m 14s	remaining: 1d 3h 10m 30s
564:	learn: 0.0100646	test: 0.2495404	best: 0.2458213 (323)	total: 9m 15s	remaining: 1d 3h 7m 59s
565:	learn: 0.0100424	test: 0.2496212	best: 0.2458213 (323)	total: 9m 15s	remaining: 1d 3h 5m 29s
/home/cyyen/miniconda3/envs/stock_path_tracker/lib/python3.8/site-packages/pandas/core/groupby/groupby.py:980: FutureWarning: Sorting because non-concatenation axis is not aligned. A future version
of pandas will change to not sort by default.

To accept the future behavior, pass 'sort=False'.

To retain the current behavior and silence the warning, pass 'sort=True'.

  result = concat(values, axis=self.axis, keys=keys)
566:	learn: 0.0100298	test: 0.2496041	best: 0.2458213 (323)	total: 9m 15s	remaining: 1d 3h 3m 2s
567:	learn: 0.0100195	test: 0.2496109	best: 0.2458213 (323)	total: 9m 15s	remaining: 1d 3h 34s
568:	learn: 0.0100037	test: 0.2496636	best: 0.2458213 (323)	total: 9m 15s	remaining: 1d 2h 58m 7s
569:	learn: 0.0099785	test: 0.2496703	best: 0.2458213 (323)	total: 9m 15s	remaining: 1d 2h 55m 39s
570:	learn: 0.0099585	test: 0.2497526	best: 0.2458213 (323)	total: 9m 15s	remaining: 1d 2h 53m 12s
571:	learn: 0.0099410	test: 0.2497731	best: 0.2458213 (323)	total: 9m 15s	remaining: 1d 2h 50m 45s
572:	learn: 0.0099211	test: 0.2497141	best: 0.2458213 (323)	total: 9m 16s	remaining: 1d 2h 48m 20s
573:	learn: 0.0099028	test: 0.2497680	best: 0.2458213 (323)	total: 9m 16s	remaining: 1d 2h 45m 54s
Stopped by overfitting detector  (250 iterations wait)

bestTest = 0.2458212885
bestIteration = 323

Shrink model to first 324 iterations.
is_turnpt_downward, 10, 0.75, 100000, 10, 0.5, RMSE, 202, Iter, 250, 0.0, 0.0
