transformed OHLCV at frequency 1D
reading cache of TXF in 1D OHLCV
feature: 97367270 has generated.
feature 97367270_lag1 has generated.
feature 97367270_lag2 has generated.
feature 97367270_lag3 has generated.
feature 97367270_lag4 has generated.
transformed OHLCV at frequency 1D
reading cache of TXF in 1D OHLCV
feature: 68488648 has generated.
feature 68488648_lag1 has generated.
feature 68488648_lag2 has generated.
feature 68488648_lag3 has generated.
feature 68488648_lag4 has generated.
transformed OHLCV at frequency 1D
reading cache of TXF in 1D OHLCV
feature: 56494646 has generated.
feature 56494646_lag1 has generated.
feature 56494646_lag2 has generated.
feature 56494646_lag3 has generated.
feature 56494646_lag4 has generated.
transformed OHLCV at frequency 1D
reading cache of TXF in 1D OHLCV
feature: 62918036 has generated.
feature 62918036_lag1 has generated.
feature 62918036_lag2 has generated.
feature 62918036_lag3 has generated.
feature 62918036_lag4 has generated.
transformed OHLCV at frequency 1D
reading cache of TXF in 1D OHLCV
feature: 09904850 has generated.
feature 09904850_lag1 has generated.
feature 09904850_lag2 has generated.
feature 09904850_lag3 has generated.
feature 09904850_lag4 has generated.
transformed OHLCV at frequency 1D
reading cache of TXF in 1D OHLCV
feature: 41716908 has generated.
feature 41716908_lag1 has generated.
feature 41716908_lag2 has generated.
feature 41716908_lag3 has generated.
feature 41716908_lag4 has generated.
transformed OHLCV at frequency 1D
reading cache of TXF in 1D OHLCV
feature: 22224505 has generated.
feature 22224505_lag1 has generated.
feature 22224505_lag2 has generated.
feature 22224505_lag3 has generated.
feature 22224505_lag4 has generated.
transformed OHLCV at frequency 1D
reading cache of TXF in 1D OHLCV
feature: 65400347 has generated.
feature 65400347_lag1 has generated.
feature 65400347_lag2 has generated.
feature 65400347_lag3 has generated.
feature 65400347_lag4 has generated.
transformed OHLCV at frequency 1D
reading cache of TXF in 1D OHLCV
feature: 79649739 has generated.
feature 79649739_lag1 has generated.
feature 79649739_lag2 has generated.
feature 79649739_lag3 has generated.
feature 79649739_lag4 has generated.
transformed OHLCV at frequency 1D
reading cache of TXF in 1D OHLCV
feature: 96290600 has generated.
feature 96290600_lag1 has generated.
feature 96290600_lag2 has generated.
feature 96290600_lag3 has generated.
feature 96290600_lag4 has generated.
transformed OHLCV at frequency 1D
reading cache of TXF in 1D OHLCV
feature: 38805934 has generated.
feature 38805934_lag1 has generated.
feature 38805934_lag2 has generated.
feature 38805934_lag3 has generated.
feature 38805934_lag4 has generated.
transformed OHLCV at frequency 1D
reading cache of TXF in 1D OHLCV
feature: 70807987 has generated.
feature 70807987_lag1 has generated.
feature 70807987_lag2 has generated.
feature 70807987_lag3 has generated.
feature 70807987_lag4 has generated.
transformed OHLCV at frequency 1D
reading cache of TXF in 1D OHLCV
feature: 05846388 has generated.
feature 05846388_lag1 has generated.
feature 05846388_lag2 has generated.
feature 05846388_lag3 has generated.
feature 05846388_lag4 has generated.
transformed OHLCV at frequency 1D
reading cache of TXF in 1D OHLCV
feature: 60827192 has generated.
feature 60827192_lag1 has generated.
feature 60827192_lag2 has generated.
feature 60827192_lag3 has generated.
feature 60827192_lag4 has generated.
transformed OHLCV at frequency 1D
reading cache of TXF in 1D OHLCV
feature: 32678710 has generated.
feature 32678710_lag1 has generated.
feature 32678710_lag2 has generated.
feature 32678710_lag3 has generated.
feature 32678710_lag4 has generated.
transformed OHLCV at frequency 1D
reading cache of TXF in 1D OHLCV
feature: 09074581 has generated.
feature 09074581_lag1 has generated.
feature 09074581_lag2 has generated.
feature 09074581_lag3 has generated.
feature 09074581_lag4 has generated.
transformed OHLCV at frequency 1D
reading cache of TXF in 1D OHLCV
feature: 95740378 has generated.
feature 95740378_lag1 has generated.
feature 95740378_lag2 has generated.
feature 95740378_lag3 has generated.
feature 95740378_lag4 has generated.
transformed OHLCV at frequency 1D
reading cache of TXF in 1D OHLCV
feature: 79761808 has generated.
feature 79761808_lag1 has generated.
feature 79761808_lag2 has generated.
feature 79761808_lag3 has generated.
feature 79761808_lag4 has generated.
transformed OHLCV at frequency 1D
reading cache of TXF in 1D OHLCV
feature: 40585393 has generated.
feature 40585393_lag1 has generated.
feature 40585393_lag2 has generated.
feature 40585393_lag3 has generated.
feature 40585393_lag4 has generated.
transformed OHLCV at frequency 1D
reading cache of TXF in 1D OHLCV
feature: 23530526 has generated.
feature 23530526_lag1 has generated.
feature 23530526_lag2 has generated.
feature 23530526_lag3 has generated.
feature 23530526_lag4 has generated.
transformed OHLCV at frequency 1D
reading cache of TXF in 1D OHLCV
feature: 64738114 has generated.
feature 64738114_lag1 has generated.
feature 64738114_lag2 has generated.
feature 64738114_lag3 has generated.
feature 64738114_lag4 has generated.
transformed OHLCV at frequency 1D
reading cache of TXF in 1D OHLCV
feature: 35321937 has generated.
feature 35321937_lag1 has generated.
feature 35321937_lag2 has generated.
feature 35321937_lag3 has generated.
feature 35321937_lag4 has generated.
transformed OHLCV at frequency 1D
reading cache of TXF in 1D OHLCV
feature: 16853914 has generated.
feature 16853914_lag1 has generated.
feature 16853914_lag2 has generated.
feature 16853914_lag3 has generated.
feature 16853914_lag4 has generated.
transformed OHLCV at frequency 1D
reading cache of TXF in 1D OHLCV
feature: 73272611 has generated.
feature 73272611_lag1 has generated.
feature 73272611_lag2 has generated.
feature 73272611_lag3 has generated.
feature 73272611_lag4 has generated.
transformed OHLCV at frequency 1D
reading cache of TXF in 1D OHLCV
feature: 98447210 has generated.
feature 98447210_lag1 has generated.
feature 98447210_lag2 has generated.
feature 98447210_lag3 has generated.
feature 98447210_lag4 has generated.
transformed OHLCV at frequency 1D
reading cache of TXF in 1D OHLCV
feature: 18654221 has generated.
feature 18654221_lag1 has generated.
feature 18654221_lag2 has generated.
feature 18654221_lag3 has generated.
feature 18654221_lag4 has generated.
transformed OHLCV at frequency 1D
reading cache of TXF in 1D OHLCV
feature: 86775622 has generated.
feature 86775622_lag1 has generated.
feature 86775622_lag2 has generated.
feature 86775622_lag3 has generated.
feature 86775622_lag4 has generated.
transformed OHLCV at frequency 1D
reading cache of TXF in 1D OHLCV
feature: 29303935 has generated.
feature 29303935_lag1 has generated.
feature 29303935_lag2 has generated.
feature 29303935_lag3 has generated.
feature 29303935_lag4 has generated.
transformed OHLCV at frequency 1D
reading cache of TXF in 1D OHLCV
feature: 95895325 has generated.
feature 95895325_lag1 has generated.
feature 95895325_lag2 has generated.
feature 95895325_lag3 has generated.
feature 95895325_lag4 has generated.
transformed OHLCV at frequency 1D
reading cache of TXF in 1D OHLCV
feature: 79527895 has generated.
feature 79527895_lag1 has generated.
feature 79527895_lag2 has generated.
feature 79527895_lag3 has generated.
feature 79527895_lag4 has generated.
transformed OHLCV at frequency 1D
reading cache of TXF in 1D OHLCV
feature: 20968309 has generated.
feature 20968309_lag1 has generated.
feature 20968309_lag2 has generated.
feature 20968309_lag3 has generated.
feature 20968309_lag4 has generated.
transformed OHLCV at frequency 1D
reading cache of TXF in 1D OHLCV
feature: 43266536 has generated.
feature 43266536_lag1 has generated.
feature 43266536_lag2 has generated.
feature 43266536_lag3 has generated.
feature 43266536_lag4 has generated.
transformed OHLCV at frequency 1D
reading cache of TXF in 1D OHLCV
feature: 38155758 has generated.
feature 38155758_lag1 has generated.
feature 38155758_lag2 has generated.
feature 38155758_lag3 has generated.
feature 38155758_lag4 has generated.
transformed OHLCV at frequency 1D
reading cache of TXF in 1D OHLCV
feature: 98334683 has generated.
feature 98334683_lag1 has generated.
feature 98334683_lag2 has generated.
feature 98334683_lag3 has generated.
feature 98334683_lag4 has generated.
transformed OHLCV at frequency 1D
reading cache of TXF in 1D OHLCV
feature: 08737879 has generated.
feature 08737879_lag1 has generated.
feature 08737879_lag2 has generated.
feature 08737879_lag3 has generated.
feature 08737879_lag4 has generated.
transformed OHLCV at frequency 1D
reading cache of TXF in 1D OHLCV
feature: 31387256 has generated.
feature 31387256_lag1 has generated.
feature 31387256_lag2 has generated.
feature 31387256_lag3 has generated.
feature 31387256_lag4 has generated.
transformed OHLCV at frequency 1D
reading cache of TXF in 1D OHLCV
feature: 85906314 has generated.
feature 85906314_lag1 has generated.
feature 85906314_lag2 has generated.
feature 85906314_lag3 has generated.
feature 85906314_lag4 has generated.
transformed OHLCV at frequency 1D
reading cache of TXF in 1D OHLCV
feature: 42576887 has generated.
feature 42576887_lag1 has generated.
feature 42576887_lag2 has generated.
feature 42576887_lag3 has generated.
feature 42576887_lag4 has generated.
transformed OHLCV at frequency 1D
reading cache of TXF in 1D OHLCV
feature: 29362743 has generated.
feature 29362743_lag1 has generated.
feature 29362743_lag2 has generated.
feature 29362743_lag3 has generated.
feature 29362743_lag4 has generated.
transformed OHLCV at frequency 1D
reading cache of TXF in 1D OHLCV
feature: 96105422 has generated.
feature 96105422_lag1 has generated.
feature 96105422_lag2 has generated.
feature 96105422_lag3 has generated.
feature 96105422_lag4 has generated.
transformed OHLCV at frequency 1D
reading cache of TXF in 1D OHLCV
feature: 77356892 has generated.
feature 77356892_lag1 has generated.
feature 77356892_lag2 has generated.
feature 77356892_lag3 has generated.
feature 77356892_lag4 has generated.
transformed OHLCV at frequency 1D
reading cache of TXF in 1D OHLCV
feature: 01615041 has generated.
feature 01615041_lag1 has generated.
feature 01615041_lag2 has generated.
feature 01615041_lag3 has generated.
feature 01615041_lag4 has generated.
transformed OHLCV at frequency 1D
reading cache of TXF in 1D OHLCV
feature: 72391189 has generated.
feature 72391189_lag1 has generated.
feature 72391189_lag2 has generated.
feature 72391189_lag3 has generated.
feature 72391189_lag4 has generated.
transformed OHLCV at frequency 1D
reading cache of TXF in 1D OHLCV
feature: 05236104 has generated.
feature 05236104_lag1 has generated.
feature 05236104_lag2 has generated.
feature 05236104_lag3 has generated.
feature 05236104_lag4 has generated.
transformed OHLCV at frequency 1D
reading cache of TXF in 1D OHLCV
feature: 64835975 has generated.
feature 64835975_lag1 has generated.
feature 64835975_lag2 has generated.
feature 64835975_lag3 has generated.
feature 64835975_lag4 has generated.
transformed OHLCV at frequency 1D
reading cache of TXF in 1D OHLCV
feature: 01082365 has generated.
feature 01082365_lag1 has generated.
feature 01082365_lag2 has generated.
feature 01082365_lag3 has generated.
feature 01082365_lag4 has generated.
transformed OHLCV at frequency 1D
reading cache of TXF in 1D OHLCV
feature: 94111142 has generated.
feature 94111142_lag1 has generated.
feature 94111142_lag2 has generated.
feature 94111142_lag3 has generated.
feature 94111142_lag4 has generated.
transformed OHLCV at frequency 1D
reading cache of TXF in 1D OHLCV
feature: 84940937 has generated.
feature 84940937_lag1 has generated.
feature 84940937_lag2 has generated.
feature 84940937_lag3 has generated.
feature 84940937_lag4 has generated.
transformed OHLCV at frequency 1D
reading cache of TXF in 1D OHLCV
feature: 72243738 has generated.
feature 72243738_lag1 has generated.
feature 72243738_lag2 has generated.
feature 72243738_lag3 has generated.
feature 72243738_lag4 has generated.
transformed OHLCV at frequency 1D
reading cache of TXF in 1D OHLCV
feature: 63872636 has generated.
feature 63872636_lag1 has generated.
feature 63872636_lag2 has generated.
feature 63872636_lag3 has generated.
feature 63872636_lag4 has generated.
transformed OHLCV at frequency 1D
reading cache of TXF in 1D OHLCV
feature: 12082156 has generated.
feature 12082156_lag1 has generated.
feature 12082156_lag2 has generated.
feature 12082156_lag3 has generated.
feature 12082156_lag4 has generated.
transformed OHLCV at frequency 1D
reading cache of TXF in 1D OHLCV
feature: 68213521 has generated.
feature 68213521_lag1 has generated.
feature 68213521_lag2 has generated.
feature 68213521_lag3 has generated.
feature 68213521_lag4 has generated.
transformed OHLCV at frequency 1D
reading cache of TXF in 1D OHLCV
feature: 27257567 has generated.
feature 27257567_lag1 has generated.
feature 27257567_lag2 has generated.
feature 27257567_lag3 has generated.
feature 27257567_lag4 has generated.
transformed OHLCV at frequency 1D
reading cache of TXF in 1D OHLCV
feature: 65532996 has generated.
feature 65532996_lag1 has generated.
feature 65532996_lag2 has generated.
feature 65532996_lag3 has generated.
feature 65532996_lag4 has generated.
transformed OHLCV at frequency 1D
reading cache of TXF in 1D OHLCV
feature: 66701434 has generated.
feature 66701434_lag1 has generated.
feature 66701434_lag2 has generated.
feature 66701434_lag3 has generated.
feature 66701434_lag4 has generated.
transformed OHLCV at frequency 1D
reading cache of TXF in 1D OHLCV
feature: 92195671 has generated.
feature 92195671_lag1 has generated.
feature 92195671_lag2 has generated.
feature 92195671_lag3 has generated.
feature 92195671_lag4 has generated.
transformed OHLCV at frequency 1D
reading cache of TXF in 1D OHLCV
feature: 38690895 has generated.
feature 38690895_lag1 has generated.
feature 38690895_lag2 has generated.
feature 38690895_lag3 has generated.
feature 38690895_lag4 has generated.
transformed OHLCV at frequency 1D
reading cache of TXF in 1D OHLCV
feature: 56076046 has generated.
feature 56076046_lag1 has generated.
feature 56076046_lag2 has generated.
feature 56076046_lag3 has generated.
feature 56076046_lag4 has generated.
transformed OHLCV at frequency 1D
reading cache of TXF in 1D OHLCV
feature: 92248921 has generated.
feature 92248921_lag1 has generated.
feature 92248921_lag2 has generated.
feature 92248921_lag3 has generated.
feature 92248921_lag4 has generated.
transformed OHLCV at frequency 1D
reading cache of TXF in 1D OHLCV
feature: 84331432 has generated.
feature 84331432_lag1 has generated.
feature 84331432_lag2 has generated.
feature 84331432_lag3 has generated.
feature 84331432_lag4 has generated.
transformed OHLCV at frequency 1D
reading cache of TXF in 1D OHLCV
feature: 74430244 has generated.
feature 74430244_lag1 has generated.
feature 74430244_lag2 has generated.
feature 74430244_lag3 has generated.
feature 74430244_lag4 has generated.
transformed OHLCV at frequency 1D
reading cache of TXF in 1D OHLCV
feature: 44070915 has generated.
feature 44070915_lag1 has generated.
feature 44070915_lag2 has generated.
feature 44070915_lag3 has generated.
feature 44070915_lag4 has generated.
transformed OHLCV at frequency 1D
reading cache of TXF in 1D OHLCV
feature: 62755712 has generated.
feature 62755712_lag1 has generated.
feature 62755712_lag2 has generated.
feature 62755712_lag3 has generated.
feature 62755712_lag4 has generated.
transformed OHLCV at frequency 1D
reading cache of TXF in 1D OHLCV
feature: 76453313 has generated.
feature 76453313_lag1 has generated.
feature 76453313_lag2 has generated.
feature 76453313_lag3 has generated.
feature 76453313_lag4 has generated.
transformed OHLCV at frequency 1D
reading cache of TXF in 1D OHLCV
feature: 55471756 has generated.
feature 55471756_lag1 has generated.
feature 55471756_lag2 has generated.
feature 55471756_lag3 has generated.
feature 55471756_lag4 has generated.
transformed OHLCV at frequency 1D
reading cache of TXF in 1D OHLCV
feature: 88127301 has generated.
feature 88127301_lag1 has generated.
feature 88127301_lag2 has generated.
feature 88127301_lag3 has generated.
feature 88127301_lag4 has generated.
transformed OHLCV at frequency 1D
reading cache of TXF in 1D OHLCV
feature: 00957305 has generated.
feature 00957305_lag1 has generated.
feature 00957305_lag2 has generated.
feature 00957305_lag3 has generated.
feature 00957305_lag4 has generated.
transformed OHLCV at frequency 1D
reading cache of TXF in 1D OHLCV
feature: 46067661 has generated.
feature 46067661_lag1 has generated.
feature 46067661_lag2 has generated.
feature 46067661_lag3 has generated.
feature 46067661_lag4 has generated.
transformed OHLCV at frequency 1D
reading cache of TXF in 1D OHLCV
feature: 37865502 has generated.
feature 37865502_lag1 has generated.
feature 37865502_lag2 has generated.
feature 37865502_lag3 has generated.
feature 37865502_lag4 has generated.
transformed OHLCV at frequency 1D
reading cache of TXF in 1D OHLCV
feature: 48032436 has generated.
feature 48032436_lag1 has generated.
feature 48032436_lag2 has generated.
feature 48032436_lag3 has generated.
feature 48032436_lag4 has generated.
transformed OHLCV at frequency 1D
reading cache of TXF in 1D OHLCV
feature: 27939058 has generated.
feature 27939058_lag1 has generated.
feature 27939058_lag2 has generated.
feature 27939058_lag3 has generated.
feature 27939058_lag4 has generated.
transformed OHLCV at frequency 1D
reading cache of TXF in 1D OHLCV
feature: 23569330 has generated.
feature 23569330_lag1 has generated.
feature 23569330_lag2 has generated.
feature 23569330_lag3 has generated.
feature 23569330_lag4 has generated.
transformed OHLCV at frequency 1D
reading cache of TXF in 1D OHLCV
feature: 22166205 has generated.
feature 22166205_lag1 has generated.
feature 22166205_lag2 has generated.
feature 22166205_lag3 has generated.
feature 22166205_lag4 has generated.
transformed OHLCV at frequency 1D
reading cache of TXF in 1D OHLCV
feature: 49320730 has generated.
feature 49320730_lag1 has generated.
feature 49320730_lag2 has generated.
feature 49320730_lag3 has generated.
feature 49320730_lag4 has generated.
transformed OHLCV at frequency 1D
reading cache of TXF in 1D OHLCV
0:	learn: 0.4542136	test: 0.6570506	best: 0.6570506 (0)	total: 612ms	remaining: 16h 59m 48s
1:	learn: 0.4015862	test: 0.5792709	best: 0.5792709 (1)	total: 1.38s	remaining: 19h 13m 33s
2:	learn: 0.3537946	test: 0.5011601	best: 0.5011601 (2)	total: 2.43s	remaining: 22h 32m 10s
3:	learn: 0.3255923	test: 0.4594174	best: 0.4594174 (3)	total: 3.36s	remaining: 23h 21m 49s
4:	learn: 0.3061504	test: 0.4373869	best: 0.4373869 (4)	total: 4.15s	remaining: 23h 2m 50s
5:	learn: 0.2862648	test: 0.4093292	best: 0.4093292 (5)	total: 4.92s	remaining: 22h 47m 43s
6:	learn: 0.2663002	test: 0.3850704	best: 0.3850704 (6)	total: 5.78s	remaining: 22h 56m 5s
7:	learn: 0.2548423	test: 0.3691767	best: 0.3691767 (7)	total: 6.96s	remaining: 1d 9m 27s
8:	learn: 0.2346631	test: 0.3616042	best: 0.3616042 (8)	total: 8.33s	remaining: 1d 1h 42m 5s
9:	learn: 0.2269101	test: 0.3605806	best: 0.3605806 (9)	total: 9.49s	remaining: 1d 2h 21m 23s
10:	learn: 0.2201381	test: 0.3525535	best: 0.3525535 (10)	total: 10.4s	remaining: 1d 2h 12m 8s
11:	learn: 0.2122951	test: 0.3467087	best: 0.3467087 (11)	total: 11.5s	remaining: 1d 2h 34m 48s
12:	learn: 0.2074603	test: 0.3409900	best: 0.3409900 (12)	total: 12.4s	remaining: 1d 2h 31m 35s
13:	learn: 0.2030045	test: 0.3398755	best: 0.3398755 (13)	total: 13.3s	remaining: 1d 2h 19m 43s
14:	learn: 0.1984388	test: 0.3376692	best: 0.3376692 (14)	total: 14.6s	remaining: 1d 2h 58m 5s
15:	learn: 0.1944745	test: 0.3368007	best: 0.3368007 (15)	total: 16.1s	remaining: 1d 3h 51m 38s
16:	learn: 0.1881887	test: 0.3340994	best: 0.3340994 (16)	total: 17.3s	remaining: 1d 4h 10m 53s
17:	learn: 0.1815452	test: 0.3290145	best: 0.3290145 (17)	total: 18.8s	remaining: 1d 5h 1m 29s
18:	learn: 0.1770557	test: 0.3265580	best: 0.3265580 (18)	total: 21.2s	remaining: 1d 7h 3m 16s
19:	learn: 0.1732451	test: 0.3252145	best: 0.3252145 (19)	total: 22.5s	remaining: 1d 7h 13m 31s
20:	learn: 0.1692556	test: 0.3248566	best: 0.3248566 (20)	total: 24s	remaining: 1d 7h 41m 41s
21:	learn: 0.1627567	test: 0.3196176	best: 0.3196176 (21)	total: 25.7s	remaining: 1d 8h 25m 6s
22:	learn: 0.1573965	test: 0.3191686	best: 0.3191686 (22)	total: 27s	remaining: 1d 8h 38m 21s
23:	learn: 0.1529405	test: 0.3174309	best: 0.3174309 (23)	total: 30.5s	remaining: 1d 11h 14m 48s
24:	learn: 0.1493961	test: 0.3167809	best: 0.3167809 (24)	total: 32.2s	remaining: 1d 11h 43m 43s
25:	learn: 0.1453947	test: 0.3157988	best: 0.3157988 (25)	total: 33.2s	remaining: 1d 11h 27m 21s
26:	learn: 0.1401550	test: 0.3112990	best: 0.3112990 (26)	total: 34.2s	remaining: 1d 11h 11m 4s
27:	learn: 0.1373847	test: 0.3101777	best: 0.3101777 (27)	total: 35.1s	remaining: 1d 10h 49m 57s
28:	learn: 0.1351614	test: 0.3088729	best: 0.3088729 (28)	total: 36.1s	remaining: 1d 10h 35m 42s
29:	learn: 0.1329048	test: 0.3075102	best: 0.3075102 (29)	total: 37.2s	remaining: 1d 10h 27m 18s
30:	learn: 0.1284930	test: 0.3056755	best: 0.3056755 (30)	total: 38.3s	remaining: 1d 10h 20m 15s
31:	learn: 0.1265087	test: 0.3041278	best: 0.3041278 (31)	total: 40.2s	remaining: 1d 10h 52m 9s
32:	learn: 0.1220166	test: 0.3008282	best: 0.3008282 (32)	total: 41.5s	remaining: 1d 10h 56m 56s
33:	learn: 0.1185617	test: 0.2991075	best: 0.2991075 (33)	total: 43.1s	remaining: 1d 11h 9m 42s
34:	learn: 0.1166316	test: 0.2982962	best: 0.2982962 (34)	total: 44.7s	remaining: 1d 11h 28m 40s
35:	learn: 0.1137737	test: 0.2964899	best: 0.2964899 (35)	total: 46s	remaining: 1d 11h 31m 3s
36:	learn: 0.1118002	test: 0.2958100	best: 0.2958100 (36)	total: 47.4s	remaining: 1d 11h 33m 53s
37:	learn: 0.1078199	test: 0.2949862	best: 0.2949862 (37)	total: 48.8s	remaining: 1d 11h 39m 51s
38:	learn: 0.1058767	test: 0.2939153	best: 0.2939153 (38)	total: 49.7s	remaining: 1d 11h 24m 31s
39:	learn: 0.1030209	test: 0.2925520	best: 0.2925520 (39)	total: 51.4s	remaining: 1d 11h 40m 17s
40:	learn: 0.1005491	test: 0.2909577	best: 0.2909577 (40)	total: 52.9s	remaining: 1d 11h 48m 1s
41:	learn: 0.0984164	test: 0.2906153	best: 0.2906153 (41)	total: 54.1s	remaining: 1d 11h 47m 43s
42:	learn: 0.0961429	test: 0.2895572	best: 0.2895572 (42)	total: 55.6s	remaining: 1d 11h 52m 34s
43:	learn: 0.0940972	test: 0.2889400	best: 0.2889400 (43)	total: 57.2s	remaining: 1d 12h 7m 4s
44:	learn: 0.0926409	test: 0.2885113	best: 0.2885113 (44)	total: 58.7s	remaining: 1d 12h 11m 22s
45:	learn: 0.0910153	test: 0.2875032	best: 0.2875032 (45)	total: 1m	remaining: 1d 12h 19m 21s
46:	learn: 0.0885445	test: 0.2873090	best: 0.2873090 (46)	total: 1m 1s	remaining: 1d 12h 29m 49s
47:	learn: 0.0840913	test: 0.2828773	best: 0.2828773 (47)	total: 1m 3s	remaining: 1d 12h 41m 21s
48:	learn: 0.0826961	test: 0.2821372	best: 0.2821372 (48)	total: 1m 4s	remaining: 1d 12h 35m 12s
49:	learn: 0.0812207	test: 0.2809962	best: 0.2809962 (49)	total: 1m 5s	remaining: 1d 12h 30m 18s
50:	learn: 0.0801079	test: 0.2805137	best: 0.2805137 (50)	total: 1m 7s	remaining: 1d 12h 32m 20s
51:	learn: 0.0785425	test: 0.2798739	best: 0.2798739 (51)	total: 1m 9s	remaining: 1d 12h 51m 44s
52:	learn: 0.0767958	test: 0.2787454	best: 0.2787454 (52)	total: 1m 10s	remaining: 1d 12h 51m 33s
53:	learn: 0.0751760	test: 0.2776198	best: 0.2776198 (53)	total: 1m 12s	remaining: 1d 13h 3m 9s
54:	learn: 0.0733548	test: 0.2764746	best: 0.2764746 (54)	total: 1m 13s	remaining: 1d 13h 24s
55:	learn: 0.0719876	test: 0.2761919	best: 0.2761919 (55)	total: 1m 14s	remaining: 1d 13h 1m 43s
56:	learn: 0.0703866	test: 0.2753468	best: 0.2753468 (56)	total: 1m 17s	remaining: 1d 13h 54m 52s
57:	learn: 0.0693206	test: 0.2745889	best: 0.2745889 (57)	total: 1m 19s	remaining: 1d 13h 55m 35s
58:	learn: 0.0681390	test: 0.2738848	best: 0.2738848 (58)	total: 1m 20s	remaining: 1d 13h 53m 7s
59:	learn: 0.0673716	test: 0.2737749	best: 0.2737749 (59)	total: 1m 22s	remaining: 1d 13h 58m 41s
60:	learn: 0.0664447	test: 0.2733516	best: 0.2733516 (60)	total: 1m 23s	remaining: 1d 13h 55m 13s
61:	learn: 0.0652438	test: 0.2726058	best: 0.2726058 (61)	total: 1m 24s	remaining: 1d 13h 49m 33s
62:	learn: 0.0645679	test: 0.2722095	best: 0.2722095 (62)	total: 1m 25s	remaining: 1d 13h 49m 1s
63:	learn: 0.0638151	test: 0.2720201	best: 0.2720201 (63)	total: 1m 27s	remaining: 1d 13h 45m 4s
64:	learn: 0.0629409	test: 0.2717620	best: 0.2717620 (64)	total: 1m 28s	remaining: 1d 13h 41m 43s
65:	learn: 0.0598288	test: 0.2677828	best: 0.2677828 (65)	total: 1m 29s	remaining: 1d 13h 47m 13s
66:	learn: 0.0591179	test: 0.2673916	best: 0.2673916 (66)	total: 1m 31s	remaining: 1d 13h 47m 36s
67:	learn: 0.0581959	test: 0.2671943	best: 0.2671943 (67)	total: 1m 32s	remaining: 1d 13h 47m 25s
68:	learn: 0.0572289	test: 0.2661750	best: 0.2661750 (68)	total: 1m 33s	remaining: 1d 13h 43m
69:	learn: 0.0561711	test: 0.2656797	best: 0.2656797 (69)	total: 1m 35s	remaining: 1d 13h 40m 54s
70:	learn: 0.0553265	test: 0.2653481	best: 0.2653481 (70)	total: 1m 36s	remaining: 1d 13h 46m 54s
71:	learn: 0.0545814	test: 0.2647919	best: 0.2647919 (71)	total: 1m 38s	remaining: 1d 13h 51m 55s
72:	learn: 0.0537261	test: 0.2639955	best: 0.2639955 (72)	total: 1m 39s	remaining: 1d 13h 56m 25s
73:	learn: 0.0523492	test: 0.2629515	best: 0.2629515 (73)	total: 1m 41s	remaining: 1d 13h 59m 11s
74:	learn: 0.0517591	test: 0.2630528	best: 0.2629515 (73)	total: 1m 45s	remaining: 1d 14h 51m 57s
75:	learn: 0.0513018	test: 0.2626563	best: 0.2626563 (75)	total: 1m 46s	remaining: 1d 14h 51m 47s
76:	learn: 0.0506780	test: 0.2624483	best: 0.2624483 (76)	total: 1m 47s	remaining: 1d 14h 45m 51s
77:	learn: 0.0502534	test: 0.2624565	best: 0.2624483 (76)	total: 1m 48s	remaining: 1d 14h 44m 33s
78:	learn: 0.0497788	test: 0.2619505	best: 0.2619505 (78)	total: 1m 49s	remaining: 1d 14h 36m 45s
79:	learn: 0.0493299	test: 0.2618461	best: 0.2618461 (79)	total: 1m 51s	remaining: 1d 14h 34m 54s
80:	learn: 0.0481356	test: 0.2611515	best: 0.2611515 (80)	total: 1m 52s	remaining: 1d 14h 29m 27s
81:	learn: 0.0477401	test: 0.2609282	best: 0.2609282 (81)	total: 1m 53s	remaining: 1d 14h 29m 31s
82:	learn: 0.0473028	test: 0.2610177	best: 0.2609282 (81)	total: 1m 54s	remaining: 1d 14h 22m 3s
83:	learn: 0.0466612	test: 0.2613377	best: 0.2609282 (81)	total: 1m 55s	remaining: 1d 14h 14m 2s
84:	learn: 0.0462031	test: 0.2611253	best: 0.2609282 (81)	total: 1m 57s	remaining: 1d 14h 18m 7s
85:	learn: 0.0459042	test: 0.2611869	best: 0.2609282 (81)	total: 1m 59s	remaining: 1d 14h 25m 37s
86:	learn: 0.0454101	test: 0.2609617	best: 0.2609282 (81)	total: 2m	remaining: 1d 14h 23m 7s
87:	learn: 0.0449071	test: 0.2607723	best: 0.2607723 (87)	total: 2m 1s	remaining: 1d 14h 23m 10s
88:	learn: 0.0444821	test: 0.2606308	best: 0.2606308 (88)	total: 2m 3s	remaining: 1d 14h 30m 44s
89:	learn: 0.0440851	test: 0.2605604	best: 0.2605604 (89)	total: 2m 5s	remaining: 1d 14h 50m 39s
90:	learn: 0.0435995	test: 0.2601654	best: 0.2601654 (90)	total: 2m 7s	remaining: 1d 14h 47m 30s
91:	learn: 0.0431880	test: 0.2601671	best: 0.2601654 (90)	total: 2m 9s	remaining: 1d 15h 9m 47s
92:	learn: 0.0428232	test: 0.2601797	best: 0.2601654 (90)	total: 2m 11s	remaining: 1d 15h 20m 1s
93:	learn: 0.0423944	test: 0.2601347	best: 0.2601347 (93)	total: 2m 12s	remaining: 1d 15h 15m 19s
94:	learn: 0.0417459	test: 0.2601041	best: 0.2601041 (94)	total: 2m 13s	remaining: 1d 15h 4m 18s
95:	learn: 0.0414263	test: 0.2600734	best: 0.2600734 (95)	total: 2m 15s	remaining: 1d 15h 6m 23s
96:	learn: 0.0411828	test: 0.2601230	best: 0.2600734 (95)	total: 2m 16s	remaining: 1d 14h 58m 18s
97:	learn: 0.0406162	test: 0.2596798	best: 0.2596798 (97)	total: 2m 17s	remaining: 1d 14h 49m 12s
98:	learn: 0.0400334	test: 0.2598236	best: 0.2596798 (97)	total: 2m 18s	remaining: 1d 14h 41m 31s
99:	learn: 0.0395690	test: 0.2597844	best: 0.2596798 (97)	total: 2m 19s	remaining: 1d 14h 36m 51s
100:	learn: 0.0392920	test: 0.2599940	best: 0.2596798 (97)	total: 2m 20s	remaining: 1d 14h 36m 32s
101:	learn: 0.0389486	test: 0.2601684	best: 0.2596798 (97)	total: 2m 22s	remaining: 1d 14h 38m 3s
102:	learn: 0.0386170	test: 0.2603449	best: 0.2596798 (97)	total: 2m 23s	remaining: 1d 14h 40m 45s
103:	learn: 0.0381988	test: 0.2602690	best: 0.2596798 (97)	total: 2m 24s	remaining: 1d 14h 31m 48s
104:	learn: 0.0374523	test: 0.2603411	best: 0.2596798 (97)	total: 2m 25s	remaining: 1d 14h 23m 16s
105:	learn: 0.0372286	test: 0.2602149	best: 0.2596798 (97)	total: 2m 26s	remaining: 1d 14h 19m 51s
106:	learn: 0.0369137	test: 0.2604389	best: 0.2596798 (97)	total: 2m 27s	remaining: 1d 14h 16m
107:	learn: 0.0365946	test: 0.2607197	best: 0.2596798 (97)	total: 2m 28s	remaining: 1d 14h 14m 34s
108:	learn: 0.0362623	test: 0.2608609	best: 0.2596798 (97)	total: 2m 30s	remaining: 1d 14h 14m 33s
109:	learn: 0.0359191	test: 0.2612819	best: 0.2596798 (97)	total: 2m 31s	remaining: 1d 14h 8m 15s
110:	learn: 0.0355966	test: 0.2611431	best: 0.2596798 (97)	total: 2m 32s	remaining: 1d 14h 9m 58s
111:	learn: 0.0353934	test: 0.2610311	best: 0.2596798 (97)	total: 2m 33s	remaining: 1d 14h 7m 12s
112:	learn: 0.0349378	test: 0.2608261	best: 0.2596798 (97)	total: 2m 36s	remaining: 1d 14h 21m 41s
113:	learn: 0.0345619	test: 0.2609560	best: 0.2596798 (97)	total: 2m 38s	remaining: 1d 14h 38m 23s
114:	learn: 0.0342357	test: 0.2612149	best: 0.2596798 (97)	total: 2m 40s	remaining: 1d 14h 37m 41s
115:	learn: 0.0340320	test: 0.2610739	best: 0.2596798 (97)	total: 2m 41s	remaining: 1d 14h 37m 15s
116:	learn: 0.0335221	test: 0.2610739	best: 0.2596798 (97)	total: 2m 42s	remaining: 1d 14h 36m 51s
117:	learn: 0.0332589	test: 0.2611791	best: 0.2596798 (97)	total: 2m 44s	remaining: 1d 14h 37m 46s
118:	learn: 0.0329800	test: 0.2613239	best: 0.2596798 (97)	total: 2m 45s	remaining: 1d 14h 36m 14s
119:	learn: 0.0327674	test: 0.2610591	best: 0.2596798 (97)	total: 2m 46s	remaining: 1d 14h 36m 28s
120:	learn: 0.0325291	test: 0.2611108	best: 0.2596798 (97)	total: 2m 48s	remaining: 1d 14h 35m 10s
121:	learn: 0.0320283	test: 0.2617423	best: 0.2596798 (97)	total: 2m 49s	remaining: 1d 14h 36m 7s
122:	learn: 0.0318298	test: 0.2614942	best: 0.2596798 (97)	total: 2m 51s	remaining: 1d 14h 34m 52s
123:	learn: 0.0316049	test: 0.2614523	best: 0.2596798 (97)	total: 2m 52s	remaining: 1d 14h 29m 29s
124:	learn: 0.0313754	test: 0.2614704	best: 0.2596798 (97)	total: 2m 53s	remaining: 1d 14h 26m 56s
125:	learn: 0.0310814	test: 0.2613117	best: 0.2596798 (97)	total: 2m 54s	remaining: 1d 14h 23m 41s
126:	learn: 0.0308665	test: 0.2613943	best: 0.2596798 (97)	total: 2m 55s	remaining: 1d 14h 22m 29s
127:	learn: 0.0306602	test: 0.2613255	best: 0.2596798 (97)	total: 2m 56s	remaining: 1d 14h 18m 1s
128:	learn: 0.0304794	test: 0.2610976	best: 0.2596798 (97)	total: 2m 58s	remaining: 1d 14h 22m 40s
129:	learn: 0.0301520	test: 0.2615348	best: 0.2596798 (97)	total: 2m 59s	remaining: 1d 14h 23m 35s
130:	learn: 0.0299634	test: 0.2614129	best: 0.2596798 (97)	total: 3m 1s	remaining: 1d 14h 24m 59s
131:	learn: 0.0297527	test: 0.2611414	best: 0.2596798 (97)	total: 3m 2s	remaining: 1d 14h 19m 47s
132:	learn: 0.0295329	test: 0.2614109	best: 0.2596798 (97)	total: 3m 3s	remaining: 1d 14h 14m 22s
133:	learn: 0.0293188	test: 0.2614709	best: 0.2596798 (97)	total: 3m 4s	remaining: 1d 14h 8m 15s
134:	learn: 0.0285715	test: 0.2624049	best: 0.2596798 (97)	total: 3m 5s	remaining: 1d 14h 2m 33s
135:	learn: 0.0284024	test: 0.2624032	best: 0.2596798 (97)	total: 3m 6s	remaining: 1d 13h 59m 23s
136:	learn: 0.0282236	test: 0.2623863	best: 0.2596798 (97)	total: 3m 7s	remaining: 1d 13h 54m 58s
137:	learn: 0.0280167	test: 0.2624168	best: 0.2596798 (97)	total: 3m 8s	remaining: 1d 13h 50m 21s
138:	learn: 0.0277983	test: 0.2623991	best: 0.2596798 (97)	total: 3m 9s	remaining: 1d 13h 45m 58s
139:	learn: 0.0276143	test: 0.2625727	best: 0.2596798 (97)	total: 3m 10s	remaining: 1d 13h 42m 55s
140:	learn: 0.0274655	test: 0.2626764	best: 0.2596798 (97)	total: 3m 11s	remaining: 1d 13h 42m 34s
141:	learn: 0.0273007	test: 0.2622908	best: 0.2596798 (97)	total: 3m 13s	remaining: 1d 13h 44m 43s
142:	learn: 0.0271500	test: 0.2624113	best: 0.2596798 (97)	total: 3m 14s	remaining: 1d 13h 44m
143:	learn: 0.0269522	test: 0.2626522	best: 0.2596798 (97)	total: 3m 16s	remaining: 1d 13h 45m 15s
144:	learn: 0.0267799	test: 0.2626468	best: 0.2596798 (97)	total: 3m 17s	remaining: 1d 13h 44m 21s
145:	learn: 0.0266414	test: 0.2626560	best: 0.2596798 (97)	total: 3m 18s	remaining: 1d 13h 42m 55s
146:	learn: 0.0265026	test: 0.2628025	best: 0.2596798 (97)	total: 3m 19s	remaining: 1d 13h 41m 31s
147:	learn: 0.0261861	test: 0.2636718	best: 0.2596798 (97)	total: 3m 20s	remaining: 1d 13h 36m 44s
148:	learn: 0.0260533	test: 0.2634913	best: 0.2596798 (97)	total: 3m 21s	remaining: 1d 13h 34m 4s
149:	learn: 0.0259228	test: 0.2635068	best: 0.2596798 (97)	total: 3m 22s	remaining: 1d 13h 31m 51s
150:	learn: 0.0256313	test: 0.2632664	best: 0.2596798 (97)	total: 3m 23s	remaining: 1d 13h 26m 16s
151:	learn: 0.0255332	test: 0.2633208	best: 0.2596798 (97)	total: 3m 24s	remaining: 1d 13h 23m 53s
152:	learn: 0.0253940	test: 0.2633614	best: 0.2596798 (97)	total: 3m 25s	remaining: 1d 13h 20m 4s
153:	learn: 0.0252822	test: 0.2632960	best: 0.2596798 (97)	total: 3m 27s	remaining: 1d 13h 19m 51s
154:	learn: 0.0251664	test: 0.2632877	best: 0.2596798 (97)	total: 3m 28s	remaining: 1d 13h 19m 14s
155:	learn: 0.0247799	test: 0.2641231	best: 0.2596798 (97)	total: 3m 30s	remaining: 1d 13h 22m 28s
156:	learn: 0.0246740	test: 0.2641654	best: 0.2596798 (97)	total: 3m 31s	remaining: 1d 13h 22m 32s
157:	learn: 0.0245650	test: 0.2643195	best: 0.2596798 (97)	total: 3m 32s	remaining: 1d 13h 23m 4s
158:	learn: 0.0244509	test: 0.2644226	best: 0.2596798 (97)	total: 3m 34s	remaining: 1d 13h 24m 4s
159:	learn: 0.0242816	test: 0.2645853	best: 0.2596798 (97)	total: 3m 36s	remaining: 1d 13h 29m 20s
160:	learn: 0.0241712	test: 0.2646932	best: 0.2596798 (97)	total: 3m 37s	remaining: 1d 13h 28m 13s
161:	learn: 0.0240691	test: 0.2646024	best: 0.2596798 (97)	total: 3m 39s	remaining: 1d 13h 33m 47s
162:	learn: 0.0239735	test: 0.2645239	best: 0.2596798 (97)	total: 3m 41s	remaining: 1d 13h 38m 49s
163:	learn: 0.0238459	test: 0.2646864	best: 0.2596798 (97)	total: 3m 42s	remaining: 1d 13h 40m 34s
164:	learn: 0.0237113	test: 0.2646883	best: 0.2596798 (97)	total: 3m 44s	remaining: 1d 13h 40m 3s
165:	learn: 0.0235014	test: 0.2646212	best: 0.2596798 (97)	total: 3m 45s	remaining: 1d 13h 43m
166:	learn: 0.0233961	test: 0.2645834	best: 0.2596798 (97)	total: 3m 47s	remaining: 1d 13h 43m 17s
167:	learn: 0.0232414	test: 0.2645350	best: 0.2596798 (97)	total: 3m 48s	remaining: 1d 13h 45m 40s
168:	learn: 0.0230702	test: 0.2643025	best: 0.2596798 (97)	total: 3m 52s	remaining: 1d 14h 5m 58s
169:	learn: 0.0228790	test: 0.2646330	best: 0.2596798 (97)	total: 3m 53s	remaining: 1d 14h 5m 37s
170:	learn: 0.0227832	test: 0.2645050	best: 0.2596798 (97)	total: 3m 54s	remaining: 1d 14h 5m 10s
171:	learn: 0.0225325	test: 0.2645570	best: 0.2596798 (97)	total: 3m 56s	remaining: 1d 14h 5m 46s
172:	learn: 0.0224407	test: 0.2644625	best: 0.2596798 (97)	total: 3m 57s	remaining: 1d 14h 7m 27s
173:	learn: 0.0223088	test: 0.2644797	best: 0.2596798 (97)	total: 3m 59s	remaining: 1d 14h 7m 29s
174:	learn: 0.0222199	test: 0.2646131	best: 0.2596798 (97)	total: 4m 2s	remaining: 1d 14h 25m 1s
175:	learn: 0.0221061	test: 0.2645256	best: 0.2596798 (97)	total: 4m 4s	remaining: 1d 14h 26m 59s
176:	learn: 0.0219495	test: 0.2645523	best: 0.2596798 (97)	total: 4m 5s	remaining: 1d 14h 24m 54s
177:	learn: 0.0218032	test: 0.2645760	best: 0.2596798 (97)	total: 4m 6s	remaining: 1d 14h 23m 9s
178:	learn: 0.0216917	test: 0.2646759	best: 0.2596798 (97)	total: 4m 7s	remaining: 1d 14h 18m 37s
179:	learn: 0.0215843	test: 0.2648051	best: 0.2596798 (97)	total: 4m 8s	remaining: 1d 14h 15m 8s
180:	learn: 0.0213982	test: 0.2651161	best: 0.2596798 (97)	total: 4m 9s	remaining: 1d 14h 13m 38s
181:	learn: 0.0212500	test: 0.2650999	best: 0.2596798 (97)	total: 4m 10s	remaining: 1d 14h 9m 24s
182:	learn: 0.0211430	test: 0.2651119	best: 0.2596798 (97)	total: 4m 11s	remaining: 1d 14h 4m 26s
183:	learn: 0.0209764	test: 0.2653092	best: 0.2596798 (97)	total: 4m 12s	remaining: 1d 14h 3m 4s
184:	learn: 0.0208424	test: 0.2654310	best: 0.2596798 (97)	total: 4m 13s	remaining: 1d 13h 58m 34s
185:	learn: 0.0207368	test: 0.2654611	best: 0.2596798 (97)	total: 4m 14s	remaining: 1d 13h 57m 51s
186:	learn: 0.0206485	test: 0.2653722	best: 0.2596798 (97)	total: 4m 16s	remaining: 1d 13h 59m 15s
187:	learn: 0.0205694	test: 0.2652359	best: 0.2596798 (97)	total: 4m 17s	remaining: 1d 13h 57m 10s
188:	learn: 0.0204479	test: 0.2650910	best: 0.2596798 (97)	total: 4m 18s	remaining: 1d 13h 57m 54s
189:	learn: 0.0203645	test: 0.2651063	best: 0.2596798 (97)	total: 4m 19s	remaining: 1d 13h 55m 46s
190:	learn: 0.0202584	test: 0.2651404	best: 0.2596798 (97)	total: 4m 20s	remaining: 1d 13h 53m 5s
191:	learn: 0.0200597	test: 0.2652187	best: 0.2596798 (97)	total: 4m 21s	remaining: 1d 13h 48m 19s
192:	learn: 0.0199130	test: 0.2648006	best: 0.2596798 (97)	total: 4m 22s	remaining: 1d 13h 45m 43s
193:	learn: 0.0198042	test: 0.2650595	best: 0.2596798 (97)	total: 4m 24s	remaining: 1d 13h 45m 47s
194:	learn: 0.0197221	test: 0.2650851	best: 0.2596798 (97)	total: 4m 25s	remaining: 1d 13h 47m 5s
195:	learn: 0.0196291	test: 0.2650743	best: 0.2596798 (97)	total: 4m 26s	remaining: 1d 13h 44m 15s
196:	learn: 0.0194343	test: 0.2655190	best: 0.2596798 (97)	total: 4m 27s	remaining: 1d 13h 41m 52s
197:	learn: 0.0192841	test: 0.2656654	best: 0.2596798 (97)	total: 4m 28s	remaining: 1d 13h 37m 32s
198:	learn: 0.0191223	test: 0.2655711	best: 0.2596798 (97)	total: 4m 29s	remaining: 1d 13h 33m 38s
199:	learn: 0.0190562	test: 0.2655905	best: 0.2596798 (97)	total: 4m 31s	remaining: 1d 13h 35m 35s
200:	learn: 0.0189723	test: 0.2657042	best: 0.2596798 (97)	total: 4m 32s	remaining: 1d 13h 33m 18s
201:	learn: 0.0188719	test: 0.2657010	best: 0.2596798 (97)	total: 4m 33s	remaining: 1d 13h 33m 5s
202:	learn: 0.0187821	test: 0.2657120	best: 0.2596798 (97)	total: 4m 35s	remaining: 1d 13h 33m 29s
203:	learn: 0.0185215	test: 0.2660459	best: 0.2596798 (97)	total: 4m 36s	remaining: 1d 13h 34m 10s
204:	learn: 0.0184229	test: 0.2665031	best: 0.2596798 (97)	total: 4m 37s	remaining: 1d 13h 31m 5s
205:	learn: 0.0183045	test: 0.2665500	best: 0.2596798 (97)	total: 4m 38s	remaining: 1d 13h 31m 26s
206:	learn: 0.0182388	test: 0.2666818	best: 0.2596798 (97)	total: 4m 40s	remaining: 1d 13h 31m 37s
207:	learn: 0.0181741	test: 0.2668102	best: 0.2596798 (97)	total: 4m 41s	remaining: 1d 13h 30m 17s
208:	learn: 0.0181149	test: 0.2668667	best: 0.2596798 (97)	total: 4m 42s	remaining: 1d 13h 32m 1s
209:	learn: 0.0180567	test: 0.2669529	best: 0.2596798 (97)	total: 4m 43s	remaining: 1d 13h 27m 59s
210:	learn: 0.0179588	test: 0.2670705	best: 0.2596798 (97)	total: 4m 44s	remaining: 1d 13h 23m 25s
211:	learn: 0.0178942	test: 0.2670858	best: 0.2596798 (97)	total: 4m 45s	remaining: 1d 13h 21m 2s
212:	learn: 0.0178320	test: 0.2672502	best: 0.2596798 (97)	total: 4m 46s	remaining: 1d 13h 17m 50s
213:	learn: 0.0177705	test: 0.2672836	best: 0.2596798 (97)	total: 4m 47s	remaining: 1d 13h 13m 31s
214:	learn: 0.0176929	test: 0.2672811	best: 0.2596798 (97)	total: 4m 48s	remaining: 1d 13h 9m 32s
215:	learn: 0.0176088	test: 0.2673382	best: 0.2596798 (97)	total: 4m 49s	remaining: 1d 13h 6m 41s
216:	learn: 0.0174572	test: 0.2677863	best: 0.2596798 (97)	total: 4m 50s	remaining: 1d 13h 4m 48s
217:	learn: 0.0173533	test: 0.2679722	best: 0.2596798 (97)	total: 4m 51s	remaining: 1d 13h 6m 4s
218:	learn: 0.0172960	test: 0.2681264	best: 0.2596798 (97)	total: 4m 53s	remaining: 1d 13h 6m 7s
219:	learn: 0.0172391	test: 0.2680444	best: 0.2596798 (97)	total: 4m 54s	remaining: 1d 13h 6m 55s
220:	learn: 0.0171699	test: 0.2680771	best: 0.2596798 (97)	total: 4m 56s	remaining: 1d 13h 10m 13s
221:	learn: 0.0171025	test: 0.2680410	best: 0.2596798 (97)	total: 4m 57s	remaining: 1d 13h 7m 47s
222:	learn: 0.0170503	test: 0.2680983	best: 0.2596798 (97)	total: 4m 58s	remaining: 1d 13h 4m 7s
223:	learn: 0.0169566	test: 0.2683236	best: 0.2596798 (97)	total: 4m 59s	remaining: 1d 13h 36s
224:	learn: 0.0168797	test: 0.2682644	best: 0.2596798 (97)	total: 5m	remaining: 1d 12h 59m 46s
225:	learn: 0.0167645	test: 0.2686098	best: 0.2596798 (97)	total: 5m 1s	remaining: 1d 12h 58m 13s
226:	learn: 0.0166773	test: 0.2686571	best: 0.2596798 (97)	total: 5m 2s	remaining: 1d 12h 59m 14s
227:	learn: 0.0166035	test: 0.2686001	best: 0.2596798 (97)	total: 5m 4s	remaining: 1d 13h 1m 39s
228:	learn: 0.0165405	test: 0.2686215	best: 0.2596798 (97)	total: 5m 6s	remaining: 1d 13h 4m 25s
229:	learn: 0.0164885	test: 0.2686119	best: 0.2596798 (97)	total: 5m 7s	remaining: 1d 13h 5m 19s
230:	learn: 0.0163413	test: 0.2693945	best: 0.2596798 (97)	total: 5m 9s	remaining: 1d 13h 4m 31s
231:	learn: 0.0162862	test: 0.2691094	best: 0.2596798 (97)	total: 5m 10s	remaining: 1d 13h 2m 51s
232:	learn: 0.0162294	test: 0.2691013	best: 0.2596798 (97)	total: 5m 11s	remaining: 1d 13h 14s
233:	learn: 0.0161675	test: 0.2691025	best: 0.2596798 (97)	total: 5m 12s	remaining: 1d 13h 4s
234:	learn: 0.0160248	test: 0.2697421	best: 0.2596798 (97)	total: 5m 14s	remaining: 1d 13h 6m 50s
235:	learn: 0.0159314	test: 0.2699008	best: 0.2596798 (97)	total: 5m 16s	remaining: 1d 13h 6m 51s
236:	learn: 0.0158734	test: 0.2698092	best: 0.2596798 (97)	total: 5m 17s	remaining: 1d 13h 6m 6s
237:	learn: 0.0158189	test: 0.2698551	best: 0.2596798 (97)	total: 5m 18s	remaining: 1d 13h 7m 3s
238:	learn: 0.0157476	test: 0.2701543	best: 0.2596798 (97)	total: 5m 20s	remaining: 1d 13h 8m 39s
239:	learn: 0.0157102	test: 0.2702206	best: 0.2596798 (97)	total: 5m 21s	remaining: 1d 13h 9m 13s
240:	learn: 0.0155836	test: 0.2704532	best: 0.2596798 (97)	total: 5m 22s	remaining: 1d 13h 6m 53s
241:	learn: 0.0155298	test: 0.2704751	best: 0.2596798 (97)	total: 5m 23s	remaining: 1d 13h 4m 59s
242:	learn: 0.0154689	test: 0.2706343	best: 0.2596798 (97)	total: 5m 24s	remaining: 1d 13h 2m 9s
243:	learn: 0.0154206	test: 0.2708621	best: 0.2596798 (97)	total: 5m 25s	remaining: 1d 12h 58m 37s
244:	learn: 0.0153829	test: 0.2709447	best: 0.2596798 (97)	total: 5m 26s	remaining: 1d 12h 55m 25s
245:	learn: 0.0153355	test: 0.2711723	best: 0.2596798 (97)	total: 5m 27s	remaining: 1d 12h 53m 4s
246:	learn: 0.0152581	test: 0.2715290	best: 0.2596798 (97)	total: 5m 28s	remaining: 1d 12h 52m 47s
247:	learn: 0.0151294	test: 0.2717635	best: 0.2596798 (97)	total: 5m 29s	remaining: 1d 12h 49m 47s
248:	learn: 0.0150780	test: 0.2719255	best: 0.2596798 (97)	total: 5m 30s	remaining: 1d 12h 46m 41s
249:	learn: 0.0150083	test: 0.2718105	best: 0.2596798 (97)	total: 5m 32s	remaining: 1d 12h 50m 51s
250:	learn: 0.0149635	test: 0.2720313	best: 0.2596798 (97)	total: 5m 33s	remaining: 1d 12h 50m 26s
251:	learn: 0.0148891	test: 0.2720826	best: 0.2596798 (97)	total: 5m 35s	remaining: 1d 12h 50m 26s
252:	learn: 0.0148454	test: 0.2722046	best: 0.2596798 (97)	total: 5m 36s	remaining: 1d 12h 49m 54s
253:	learn: 0.0148025	test: 0.2723260	best: 0.2596798 (97)	total: 5m 38s	remaining: 1d 12h 54m 32s
254:	learn: 0.0147020	test: 0.2722724	best: 0.2596798 (97)	total: 5m 40s	remaining: 1d 12h 56m 51s
255:	learn: 0.0146194	test: 0.2725052	best: 0.2596798 (97)	total: 5m 41s	remaining: 1d 12h 58m 44s
256:	learn: 0.0145776	test: 0.2726472	best: 0.2596798 (97)	total: 5m 42s	remaining: 1d 12h 55m 45s
257:	learn: 0.0145370	test: 0.2726117	best: 0.2596798 (97)	total: 5m 43s	remaining: 1d 12h 53m 21s
258:	learn: 0.0144625	test: 0.2728477	best: 0.2596798 (97)	total: 5m 44s	remaining: 1d 12h 52m 20s
259:	learn: 0.0143825	test: 0.2730159	best: 0.2596798 (97)	total: 5m 46s	remaining: 1d 12h 53m 9s
260:	learn: 0.0143365	test: 0.2731948	best: 0.2596798 (97)	total: 5m 47s	remaining: 1d 12h 52m 21s
261:	learn: 0.0142538	test: 0.2735477	best: 0.2596798 (97)	total: 5m 48s	remaining: 1d 12h 50m 15s
262:	learn: 0.0142191	test: 0.2735419	best: 0.2596798 (97)	total: 5m 49s	remaining: 1d 12h 48m 9s
263:	learn: 0.0141574	test: 0.2734906	best: 0.2596798 (97)	total: 5m 50s	remaining: 1d 12h 46m 57s
264:	learn: 0.0141235	test: 0.2734960	best: 0.2596798 (97)	total: 5m 51s	remaining: 1d 12h 43m 35s
265:	learn: 0.0140787	test: 0.2735668	best: 0.2596798 (97)	total: 5m 52s	remaining: 1d 12h 41m 27s
266:	learn: 0.0140054	test: 0.2737128	best: 0.2596798 (97)	total: 5m 53s	remaining: 1d 12h 38m 47s
267:	learn: 0.0139120	test: 0.2741063	best: 0.2596798 (97)	total: 5m 54s	remaining: 1d 12h 36m 39s
268:	learn: 0.0138490	test: 0.2744377	best: 0.2596798 (97)	total: 5m 55s	remaining: 1d 12h 35m 41s
269:	learn: 0.0138085	test: 0.2744860	best: 0.2596798 (97)	total: 5m 56s	remaining: 1d 12h 33m 56s
270:	learn: 0.0137674	test: 0.2745133	best: 0.2596798 (97)	total: 5m 57s	remaining: 1d 12h 32m 6s
271:	learn: 0.0137097	test: 0.2744128	best: 0.2596798 (97)	total: 5m 58s	remaining: 1d 12h 28m 39s
272:	learn: 0.0136709	test: 0.2744695	best: 0.2596798 (97)	total: 5m 59s	remaining: 1d 12h 27m 47s
273:	learn: 0.0135915	test: 0.2746633	best: 0.2596798 (97)	total: 6m	remaining: 1d 12h 26m 52s
274:	learn: 0.0135429	test: 0.2747368	best: 0.2596798 (97)	total: 6m 1s	remaining: 1d 12h 24m 6s
275:	learn: 0.0134967	test: 0.2746282	best: 0.2596798 (97)	total: 6m 2s	remaining: 1d 12h 21m 42s
276:	learn: 0.0134364	test: 0.2746926	best: 0.2596798 (97)	total: 6m 3s	remaining: 1d 12h 21m 42s
277:	learn: 0.0133993	test: 0.2747096	best: 0.2596798 (97)	total: 6m 4s	remaining: 1d 12h 21m 52s
278:	learn: 0.0133579	test: 0.2747917	best: 0.2596798 (97)	total: 6m 6s	remaining: 1d 12h 20m 57s
279:	learn: 0.0133045	test: 0.2747255	best: 0.2596798 (97)	total: 6m 7s	remaining: 1d 12h 24m 6s
280:	learn: 0.0132483	test: 0.2748960	best: 0.2596798 (97)	total: 6m 9s	remaining: 1d 12h 25m 43s
281:	learn: 0.0132118	test: 0.2749444	best: 0.2596798 (97)	total: 6m 10s	remaining: 1d 12h 25m 40s
282:	learn: 0.0131831	test: 0.2750294	best: 0.2596798 (97)	total: 6m 12s	remaining: 1d 12h 24m 58s
283:	learn: 0.0131444	test: 0.2750776	best: 0.2596798 (97)	total: 6m 13s	remaining: 1d 12h 24m 10s
284:	learn: 0.0131048	test: 0.2752212	best: 0.2596798 (97)	total: 6m 14s	remaining: 1d 12h 22m 55s
285:	learn: 0.0130715	test: 0.2751544	best: 0.2596798 (97)	total: 6m 15s	remaining: 1d 12h 21m 37s
286:	learn: 0.0129920	test: 0.2756626	best: 0.2596798 (97)	total: 6m 16s	remaining: 1d 12h 20m 28s
287:	learn: 0.0129639	test: 0.2757057	best: 0.2596798 (97)	total: 6m 17s	remaining: 1d 12h 19m 1s
288:	learn: 0.0129278	test: 0.2757031	best: 0.2596798 (97)	total: 6m 19s	remaining: 1d 12h 19m 30s
289:	learn: 0.0128967	test: 0.2757157	best: 0.2596798 (97)	total: 6m 20s	remaining: 1d 12h 19m 41s
290:	learn: 0.0128164	test: 0.2759083	best: 0.2596798 (97)	total: 6m 21s	remaining: 1d 12h 17m 35s
291:	learn: 0.0127879	test: 0.2759466	best: 0.2596798 (97)	total: 6m 22s	remaining: 1d 12h 19m 36s
292:	learn: 0.0127440	test: 0.2756872	best: 0.2596798 (97)	total: 6m 25s	remaining: 1d 12h 24m 3s
293:	learn: 0.0126959	test: 0.2757151	best: 0.2596798 (97)	total: 6m 26s	remaining: 1d 12h 23m 20s
294:	learn: 0.0126624	test: 0.2757637	best: 0.2596798 (97)	total: 6m 27s	remaining: 1d 12h 22m 31s
295:	learn: 0.0126117	test: 0.2759921	best: 0.2596798 (97)	total: 6m 28s	remaining: 1d 12h 21m 33s
296:	learn: 0.0125459	test: 0.2761453	best: 0.2596798 (97)	total: 6m 29s	remaining: 1d 12h 20m 29s
297:	learn: 0.0125080	test: 0.2762884	best: 0.2596798 (97)	total: 6m 30s	remaining: 1d 12h 18m 41s
298:	learn: 0.0124627	test: 0.2763831	best: 0.2596798 (97)	total: 6m 31s	remaining: 1d 12h 16m 47s
299:	learn: 0.0124297	test: 0.2764089	best: 0.2596798 (97)	total: 6m 33s	remaining: 1d 12h 18m 48s
300:	learn: 0.0123888	test: 0.2764671	best: 0.2596798 (97)	total: 6m 36s	remaining: 1d 12h 26m 7s
301:	learn: 0.0123456	test: 0.2765667	best: 0.2596798 (97)	total: 6m 37s	remaining: 1d 12h 26m 26s
302:	learn: 0.0123189	test: 0.2766022	best: 0.2596798 (97)	total: 6m 38s	remaining: 1d 12h 26m 35s
303:	learn: 0.0122678	test: 0.2767934	best: 0.2596798 (97)	total: 6m 40s	remaining: 1d 12h 26m 46s
304:	learn: 0.0122367	test: 0.2768339	best: 0.2596798 (97)	total: 6m 41s	remaining: 1d 12h 27m 1s
305:	learn: 0.0122090	test: 0.2769647	best: 0.2596798 (97)	total: 6m 42s	remaining: 1d 12h 25m 20s
306:	learn: 0.0121533	test: 0.2772826	best: 0.2596798 (97)	total: 6m 43s	remaining: 1d 12h 24m 25s
307:	learn: 0.0121164	test: 0.2772983	best: 0.2596798 (97)	total: 6m 45s	remaining: 1d 12h 25m 25s
308:	learn: 0.0120686	test: 0.2773740	best: 0.2596798 (97)	total: 6m 46s	remaining: 1d 12h 24m 40s
309:	learn: 0.0120206	test: 0.2774423	best: 0.2596798 (97)	total: 6m 47s	remaining: 1d 12h 26m 31s
310:	learn: 0.0119923	test: 0.2774990	best: 0.2596798 (97)	total: 6m 49s	remaining: 1d 12h 29m 7s
311:	learn: 0.0119694	test: 0.2775647	best: 0.2596798 (97)	total: 6m 51s	remaining: 1d 12h 29m 55s
312:	learn: 0.0119423	test: 0.2776504	best: 0.2596798 (97)	total: 6m 52s	remaining: 1d 12h 31m 5s
313:	learn: 0.0118765	test: 0.2776800	best: 0.2596798 (97)	total: 6m 54s	remaining: 1d 12h 30m 58s
314:	learn: 0.0118452	test: 0.2777723	best: 0.2596798 (97)	total: 6m 55s	remaining: 1d 12h 32m 25s
315:	learn: 0.0118243	test: 0.2777608	best: 0.2596798 (97)	total: 6m 57s	remaining: 1d 12h 33m 24s
316:	learn: 0.0117780	test: 0.2781066	best: 0.2596798 (97)	total: 6m 58s	remaining: 1d 12h 33m 51s
/home/cyyen/miniconda3/envs/stock_path_tracker/lib/python3.8/site-packages/pandas/core/groupby/groupby.py:980: FutureWarning: Sorting because non-concatenation axis is not aligned. A future version
of pandas will change to not sort by default.

To accept the future behavior, pass 'sort=False'.

To retain the current behavior and silence the warning, pass 'sort=True'.

  result = concat(values, axis=self.axis, keys=keys)
317:	learn: 0.0117518	test: 0.2780892	best: 0.2596798 (97)	total: 6m 59s	remaining: 1d 12h 32m 30s
318:	learn: 0.0117285	test: 0.2781322	best: 0.2596798 (97)	total: 7m	remaining: 1d 12h 31m 28s
319:	learn: 0.0116797	test: 0.2783153	best: 0.2596798 (97)	total: 7m 1s	remaining: 1d 12h 29m 28s
320:	learn: 0.0116508	test: 0.2783426	best: 0.2596798 (97)	total: 7m 2s	remaining: 1d 12h 28m 18s
321:	learn: 0.0116161	test: 0.2783416	best: 0.2596798 (97)	total: 7m 4s	remaining: 1d 12h 28m 22s
322:	learn: 0.0115751	test: 0.2786311	best: 0.2596798 (97)	total: 7m 5s	remaining: 1d 12h 26m 18s
323:	learn: 0.0115523	test: 0.2786461	best: 0.2596798 (97)	total: 7m 6s	remaining: 1d 12h 24m 32s
324:	learn: 0.0115279	test: 0.2787544	best: 0.2596798 (97)	total: 7m 6s	remaining: 1d 12h 22m 27s
325:	learn: 0.0115005	test: 0.2788005	best: 0.2596798 (97)	total: 7m 8s	remaining: 1d 12h 21m 11s
326:	learn: 0.0114731	test: 0.2789224	best: 0.2596798 (97)	total: 7m 9s	remaining: 1d 12h 20m 25s
327:	learn: 0.0114526	test: 0.2789327	best: 0.2596798 (97)	total: 7m 10s	remaining: 1d 12h 21m 29s
328:	learn: 0.0114208	test: 0.2789555	best: 0.2596798 (97)	total: 7m 12s	remaining: 1d 12h 23m 6s
329:	learn: 0.0113383	test: 0.2792989	best: 0.2596798 (97)	total: 7m 14s	remaining: 1d 12h 24m 42s
330:	learn: 0.0113133	test: 0.2793914	best: 0.2596798 (97)	total: 7m 15s	remaining: 1d 12h 25m 20s
331:	learn: 0.0112939	test: 0.2794409	best: 0.2596798 (97)	total: 7m 16s	remaining: 1d 12h 24m 12s
332:	learn: 0.0112758	test: 0.2794985	best: 0.2596798 (97)	total: 7m 17s	remaining: 1d 12h 21m 49s
333:	learn: 0.0112279	test: 0.2795658	best: 0.2596798 (97)	total: 7m 18s	remaining: 1d 12h 21m 57s
334:	learn: 0.0111734	test: 0.2797851	best: 0.2596798 (97)	total: 7m 19s	remaining: 1d 12h 20m 20s
335:	learn: 0.0111316	test: 0.2799676	best: 0.2596798 (97)	total: 7m 20s	remaining: 1d 12h 18m 12s
336:	learn: 0.0110764	test: 0.2799711	best: 0.2596798 (97)	total: 7m 21s	remaining: 1d 12h 16m 6s
337:	learn: 0.0110352	test: 0.2801748	best: 0.2596798 (97)	total: 7m 22s	remaining: 1d 12h 14m 11s
338:	learn: 0.0110168	test: 0.2801948	best: 0.2596798 (97)	total: 7m 23s	remaining: 1d 12h 12m 25s
339:	learn: 0.0109940	test: 0.2801580	best: 0.2596798 (97)	total: 7m 24s	remaining: 1d 12h 10m 42s
340:	learn: 0.0109704	test: 0.2802460	best: 0.2596798 (97)	total: 7m 26s	remaining: 1d 12h 16m 30s
341:	learn: 0.0109498	test: 0.2802615	best: 0.2596798 (97)	total: 7m 28s	remaining: 1d 12h 19m 11s
342:	learn: 0.0109170	test: 0.2803314	best: 0.2596798 (97)	total: 7m 30s	remaining: 1d 12h 19m 25s
343:	learn: 0.0108917	test: 0.2804145	best: 0.2596798 (97)	total: 7m 31s	remaining: 1d 12h 19m 13s
344:	learn: 0.0108460	test: 0.2805964	best: 0.2596798 (97)	total: 7m 32s	remaining: 1d 12h 18m 12s
345:	learn: 0.0108251	test: 0.2805936	best: 0.2596798 (97)	total: 7m 33s	remaining: 1d 12h 18m 51s
346:	learn: 0.0107864	test: 0.2806743	best: 0.2596798 (97)	total: 7m 35s	remaining: 1d 12h 18m 37s
347:	learn: 0.0107643	test: 0.2806948	best: 0.2596798 (97)	total: 7m 36s	remaining: 1d 12h 17m 43s
Stopped by overfitting detector  (250 iterations wait)

bestTest = 0.2596797802
bestIteration = 97

Shrink model to first 98 iterations.
is_turnpt_upward, 10, 0.75, 100000, 10, 0.5, RMSE, 202, Iter, 250, 0.4, 0.047619047619047616
