transformed OHLCV at frequency 1D
reading cache of TXF in 1D OHLCV
feature: 97367270 has generated.
feature 97367270_lag1 has generated.
feature 97367270_lag2 has generated.
feature 97367270_lag3 has generated.
feature 97367270_lag4 has generated.
transformed OHLCV at frequency 1D
reading cache of TXF in 1D OHLCV
feature: 68488648 has generated.
feature 68488648_lag1 has generated.
feature 68488648_lag2 has generated.
feature 68488648_lag3 has generated.
feature 68488648_lag4 has generated.
transformed OHLCV at frequency 1D
reading cache of TXF in 1D OHLCV
feature: 56494646 has generated.
feature 56494646_lag1 has generated.
feature 56494646_lag2 has generated.
feature 56494646_lag3 has generated.
feature 56494646_lag4 has generated.
transformed OHLCV at frequency 1D
reading cache of TXF in 1D OHLCV
feature: 62918036 has generated.
feature 62918036_lag1 has generated.
feature 62918036_lag2 has generated.
feature 62918036_lag3 has generated.
feature 62918036_lag4 has generated.
transformed OHLCV at frequency 1D
reading cache of TXF in 1D OHLCV
feature: 09904850 has generated.
feature 09904850_lag1 has generated.
feature 09904850_lag2 has generated.
feature 09904850_lag3 has generated.
feature 09904850_lag4 has generated.
transformed OHLCV at frequency 1D
reading cache of TXF in 1D OHLCV
feature: 41716908 has generated.
feature 41716908_lag1 has generated.
feature 41716908_lag2 has generated.
feature 41716908_lag3 has generated.
feature 41716908_lag4 has generated.
transformed OHLCV at frequency 1D
reading cache of TXF in 1D OHLCV
feature: 22224505 has generated.
feature 22224505_lag1 has generated.
feature 22224505_lag2 has generated.
feature 22224505_lag3 has generated.
feature 22224505_lag4 has generated.
transformed OHLCV at frequency 1D
reading cache of TXF in 1D OHLCV
feature: 65400347 has generated.
feature 65400347_lag1 has generated.
feature 65400347_lag2 has generated.
feature 65400347_lag3 has generated.
feature 65400347_lag4 has generated.
transformed OHLCV at frequency 1D
reading cache of TXF in 1D OHLCV
feature: 79649739 has generated.
feature 79649739_lag1 has generated.
feature 79649739_lag2 has generated.
feature 79649739_lag3 has generated.
feature 79649739_lag4 has generated.
transformed OHLCV at frequency 1D
reading cache of TXF in 1D OHLCV
feature: 96290600 has generated.
feature 96290600_lag1 has generated.
feature 96290600_lag2 has generated.
feature 96290600_lag3 has generated.
feature 96290600_lag4 has generated.
transformed OHLCV at frequency 1D
reading cache of TXF in 1D OHLCV
feature: 38805934 has generated.
feature 38805934_lag1 has generated.
feature 38805934_lag2 has generated.
feature 38805934_lag3 has generated.
feature 38805934_lag4 has generated.
transformed OHLCV at frequency 1D
reading cache of TXF in 1D OHLCV
feature: 70807987 has generated.
feature 70807987_lag1 has generated.
feature 70807987_lag2 has generated.
feature 70807987_lag3 has generated.
feature 70807987_lag4 has generated.
transformed OHLCV at frequency 1D
reading cache of TXF in 1D OHLCV
feature: 05846388 has generated.
feature 05846388_lag1 has generated.
feature 05846388_lag2 has generated.
feature 05846388_lag3 has generated.
feature 05846388_lag4 has generated.
transformed OHLCV at frequency 1D
reading cache of TXF in 1D OHLCV
feature: 60827192 has generated.
feature 60827192_lag1 has generated.
feature 60827192_lag2 has generated.
feature 60827192_lag3 has generated.
feature 60827192_lag4 has generated.
transformed OHLCV at frequency 1D
reading cache of TXF in 1D OHLCV
feature: 32678710 has generated.
feature 32678710_lag1 has generated.
feature 32678710_lag2 has generated.
feature 32678710_lag3 has generated.
feature 32678710_lag4 has generated.
transformed OHLCV at frequency 1D
reading cache of TXF in 1D OHLCV
feature: 09074581 has generated.
feature 09074581_lag1 has generated.
feature 09074581_lag2 has generated.
feature 09074581_lag3 has generated.
feature 09074581_lag4 has generated.
transformed OHLCV at frequency 1D
reading cache of TXF in 1D OHLCV
feature: 95740378 has generated.
feature 95740378_lag1 has generated.
feature 95740378_lag2 has generated.
feature 95740378_lag3 has generated.
feature 95740378_lag4 has generated.
transformed OHLCV at frequency 1D
reading cache of TXF in 1D OHLCV
feature: 79761808 has generated.
feature 79761808_lag1 has generated.
feature 79761808_lag2 has generated.
feature 79761808_lag3 has generated.
feature 79761808_lag4 has generated.
transformed OHLCV at frequency 1D
reading cache of TXF in 1D OHLCV
feature: 40585393 has generated.
feature 40585393_lag1 has generated.
feature 40585393_lag2 has generated.
feature 40585393_lag3 has generated.
feature 40585393_lag4 has generated.
transformed OHLCV at frequency 1D
reading cache of TXF in 1D OHLCV
feature: 23530526 has generated.
feature 23530526_lag1 has generated.
feature 23530526_lag2 has generated.
feature 23530526_lag3 has generated.
feature 23530526_lag4 has generated.
transformed OHLCV at frequency 1D
reading cache of TXF in 1D OHLCV
feature: 64738114 has generated.
feature 64738114_lag1 has generated.
feature 64738114_lag2 has generated.
feature 64738114_lag3 has generated.
feature 64738114_lag4 has generated.
transformed OHLCV at frequency 1D
reading cache of TXF in 1D OHLCV
feature: 35321937 has generated.
feature 35321937_lag1 has generated.
feature 35321937_lag2 has generated.
feature 35321937_lag3 has generated.
feature 35321937_lag4 has generated.
transformed OHLCV at frequency 1D
reading cache of TXF in 1D OHLCV
feature: 16853914 has generated.
feature 16853914_lag1 has generated.
feature 16853914_lag2 has generated.
feature 16853914_lag3 has generated.
feature 16853914_lag4 has generated.
transformed OHLCV at frequency 1D
reading cache of TXF in 1D OHLCV
feature: 73272611 has generated.
feature 73272611_lag1 has generated.
feature 73272611_lag2 has generated.
feature 73272611_lag3 has generated.
feature 73272611_lag4 has generated.
transformed OHLCV at frequency 1D
reading cache of TXF in 1D OHLCV
feature: 98447210 has generated.
feature 98447210_lag1 has generated.
feature 98447210_lag2 has generated.
feature 98447210_lag3 has generated.
feature 98447210_lag4 has generated.
transformed OHLCV at frequency 1D
reading cache of TXF in 1D OHLCV
feature: 18654221 has generated.
feature 18654221_lag1 has generated.
feature 18654221_lag2 has generated.
feature 18654221_lag3 has generated.
feature 18654221_lag4 has generated.
transformed OHLCV at frequency 1D
reading cache of TXF in 1D OHLCV
feature: 86775622 has generated.
feature 86775622_lag1 has generated.
feature 86775622_lag2 has generated.
feature 86775622_lag3 has generated.
feature 86775622_lag4 has generated.
transformed OHLCV at frequency 1D
reading cache of TXF in 1D OHLCV
feature: 29303935 has generated.
feature 29303935_lag1 has generated.
feature 29303935_lag2 has generated.
feature 29303935_lag3 has generated.
feature 29303935_lag4 has generated.
transformed OHLCV at frequency 1D
reading cache of TXF in 1D OHLCV
feature: 95895325 has generated.
feature 95895325_lag1 has generated.
feature 95895325_lag2 has generated.
feature 95895325_lag3 has generated.
feature 95895325_lag4 has generated.
transformed OHLCV at frequency 1D
reading cache of TXF in 1D OHLCV
feature: 79527895 has generated.
feature 79527895_lag1 has generated.
feature 79527895_lag2 has generated.
feature 79527895_lag3 has generated.
feature 79527895_lag4 has generated.
transformed OHLCV at frequency 1D
reading cache of TXF in 1D OHLCV
feature: 20968309 has generated.
feature 20968309_lag1 has generated.
feature 20968309_lag2 has generated.
feature 20968309_lag3 has generated.
feature 20968309_lag4 has generated.
transformed OHLCV at frequency 1D
reading cache of TXF in 1D OHLCV
feature: 43266536 has generated.
feature 43266536_lag1 has generated.
feature 43266536_lag2 has generated.
feature 43266536_lag3 has generated.
feature 43266536_lag4 has generated.
transformed OHLCV at frequency 1D
reading cache of TXF in 1D OHLCV
feature: 38155758 has generated.
feature 38155758_lag1 has generated.
feature 38155758_lag2 has generated.
feature 38155758_lag3 has generated.
feature 38155758_lag4 has generated.
transformed OHLCV at frequency 1D
reading cache of TXF in 1D OHLCV
feature: 98334683 has generated.
feature 98334683_lag1 has generated.
feature 98334683_lag2 has generated.
feature 98334683_lag3 has generated.
feature 98334683_lag4 has generated.
transformed OHLCV at frequency 1D
reading cache of TXF in 1D OHLCV
feature: 08737879 has generated.
feature 08737879_lag1 has generated.
feature 08737879_lag2 has generated.
feature 08737879_lag3 has generated.
feature 08737879_lag4 has generated.
transformed OHLCV at frequency 1D
reading cache of TXF in 1D OHLCV
feature: 31387256 has generated.
feature 31387256_lag1 has generated.
feature 31387256_lag2 has generated.
feature 31387256_lag3 has generated.
feature 31387256_lag4 has generated.
transformed OHLCV at frequency 1D
reading cache of TXF in 1D OHLCV
feature: 85906314 has generated.
feature 85906314_lag1 has generated.
feature 85906314_lag2 has generated.
feature 85906314_lag3 has generated.
feature 85906314_lag4 has generated.
transformed OHLCV at frequency 1D
reading cache of TXF in 1D OHLCV
feature: 42576887 has generated.
feature 42576887_lag1 has generated.
feature 42576887_lag2 has generated.
feature 42576887_lag3 has generated.
feature 42576887_lag4 has generated.
transformed OHLCV at frequency 1D
reading cache of TXF in 1D OHLCV
feature: 29362743 has generated.
feature 29362743_lag1 has generated.
feature 29362743_lag2 has generated.
feature 29362743_lag3 has generated.
feature 29362743_lag4 has generated.
transformed OHLCV at frequency 1D
reading cache of TXF in 1D OHLCV
feature: 96105422 has generated.
feature 96105422_lag1 has generated.
feature 96105422_lag2 has generated.
feature 96105422_lag3 has generated.
feature 96105422_lag4 has generated.
transformed OHLCV at frequency 1D
reading cache of TXF in 1D OHLCV
feature: 77356892 has generated.
feature 77356892_lag1 has generated.
feature 77356892_lag2 has generated.
feature 77356892_lag3 has generated.
feature 77356892_lag4 has generated.
transformed OHLCV at frequency 1D
reading cache of TXF in 1D OHLCV
feature: 01615041 has generated.
feature 01615041_lag1 has generated.
feature 01615041_lag2 has generated.
feature 01615041_lag3 has generated.
feature 01615041_lag4 has generated.
transformed OHLCV at frequency 1D
reading cache of TXF in 1D OHLCV
feature: 72391189 has generated.
feature 72391189_lag1 has generated.
feature 72391189_lag2 has generated.
feature 72391189_lag3 has generated.
feature 72391189_lag4 has generated.
transformed OHLCV at frequency 1D
reading cache of TXF in 1D OHLCV
feature: 05236104 has generated.
feature 05236104_lag1 has generated.
feature 05236104_lag2 has generated.
feature 05236104_lag3 has generated.
feature 05236104_lag4 has generated.
transformed OHLCV at frequency 1D
reading cache of TXF in 1D OHLCV
feature: 64835975 has generated.
feature 64835975_lag1 has generated.
feature 64835975_lag2 has generated.
feature 64835975_lag3 has generated.
feature 64835975_lag4 has generated.
transformed OHLCV at frequency 1D
reading cache of TXF in 1D OHLCV
feature: 01082365 has generated.
feature 01082365_lag1 has generated.
feature 01082365_lag2 has generated.
feature 01082365_lag3 has generated.
feature 01082365_lag4 has generated.
transformed OHLCV at frequency 1D
reading cache of TXF in 1D OHLCV
feature: 94111142 has generated.
feature 94111142_lag1 has generated.
feature 94111142_lag2 has generated.
feature 94111142_lag3 has generated.
feature 94111142_lag4 has generated.
transformed OHLCV at frequency 1D
reading cache of TXF in 1D OHLCV
feature: 84940937 has generated.
feature 84940937_lag1 has generated.
feature 84940937_lag2 has generated.
feature 84940937_lag3 has generated.
feature 84940937_lag4 has generated.
transformed OHLCV at frequency 1D
reading cache of TXF in 1D OHLCV
feature: 72243738 has generated.
feature 72243738_lag1 has generated.
feature 72243738_lag2 has generated.
feature 72243738_lag3 has generated.
feature 72243738_lag4 has generated.
transformed OHLCV at frequency 1D
reading cache of TXF in 1D OHLCV
feature: 63872636 has generated.
feature 63872636_lag1 has generated.
feature 63872636_lag2 has generated.
feature 63872636_lag3 has generated.
feature 63872636_lag4 has generated.
transformed OHLCV at frequency 1D
reading cache of TXF in 1D OHLCV
feature: 12082156 has generated.
feature 12082156_lag1 has generated.
feature 12082156_lag2 has generated.
feature 12082156_lag3 has generated.
feature 12082156_lag4 has generated.
transformed OHLCV at frequency 1D
reading cache of TXF in 1D OHLCV
feature: 68213521 has generated.
feature 68213521_lag1 has generated.
feature 68213521_lag2 has generated.
feature 68213521_lag3 has generated.
feature 68213521_lag4 has generated.
transformed OHLCV at frequency 1D
reading cache of TXF in 1D OHLCV
feature: 27257567 has generated.
feature 27257567_lag1 has generated.
feature 27257567_lag2 has generated.
feature 27257567_lag3 has generated.
feature 27257567_lag4 has generated.
transformed OHLCV at frequency 1D
reading cache of TXF in 1D OHLCV
feature: 65532996 has generated.
feature 65532996_lag1 has generated.
feature 65532996_lag2 has generated.
feature 65532996_lag3 has generated.
feature 65532996_lag4 has generated.
transformed OHLCV at frequency 1D
reading cache of TXF in 1D OHLCV
feature: 66701434 has generated.
feature 66701434_lag1 has generated.
feature 66701434_lag2 has generated.
feature 66701434_lag3 has generated.
feature 66701434_lag4 has generated.
transformed OHLCV at frequency 1D
reading cache of TXF in 1D OHLCV
feature: 92195671 has generated.
feature 92195671_lag1 has generated.
feature 92195671_lag2 has generated.
feature 92195671_lag3 has generated.
feature 92195671_lag4 has generated.
transformed OHLCV at frequency 1D
reading cache of TXF in 1D OHLCV
feature: 38690895 has generated.
feature 38690895_lag1 has generated.
feature 38690895_lag2 has generated.
feature 38690895_lag3 has generated.
feature 38690895_lag4 has generated.
transformed OHLCV at frequency 1D
reading cache of TXF in 1D OHLCV
feature: 56076046 has generated.
feature 56076046_lag1 has generated.
feature 56076046_lag2 has generated.
feature 56076046_lag3 has generated.
feature 56076046_lag4 has generated.
transformed OHLCV at frequency 1D
reading cache of TXF in 1D OHLCV
feature: 92248921 has generated.
feature 92248921_lag1 has generated.
feature 92248921_lag2 has generated.
feature 92248921_lag3 has generated.
feature 92248921_lag4 has generated.
transformed OHLCV at frequency 1D
reading cache of TXF in 1D OHLCV
feature: 84331432 has generated.
feature 84331432_lag1 has generated.
feature 84331432_lag2 has generated.
feature 84331432_lag3 has generated.
feature 84331432_lag4 has generated.
transformed OHLCV at frequency 1D
reading cache of TXF in 1D OHLCV
feature: 74430244 has generated.
feature 74430244_lag1 has generated.
feature 74430244_lag2 has generated.
feature 74430244_lag3 has generated.
feature 74430244_lag4 has generated.
transformed OHLCV at frequency 1D
reading cache of TXF in 1D OHLCV
feature: 44070915 has generated.
feature 44070915_lag1 has generated.
feature 44070915_lag2 has generated.
feature 44070915_lag3 has generated.
feature 44070915_lag4 has generated.
transformed OHLCV at frequency 1D
reading cache of TXF in 1D OHLCV
feature: 62755712 has generated.
feature 62755712_lag1 has generated.
feature 62755712_lag2 has generated.
feature 62755712_lag3 has generated.
feature 62755712_lag4 has generated.
transformed OHLCV at frequency 1D
reading cache of TXF in 1D OHLCV
feature: 76453313 has generated.
feature 76453313_lag1 has generated.
feature 76453313_lag2 has generated.
feature 76453313_lag3 has generated.
feature 76453313_lag4 has generated.
transformed OHLCV at frequency 1D
reading cache of TXF in 1D OHLCV
feature: 55471756 has generated.
feature 55471756_lag1 has generated.
feature 55471756_lag2 has generated.
feature 55471756_lag3 has generated.
feature 55471756_lag4 has generated.
transformed OHLCV at frequency 1D
reading cache of TXF in 1D OHLCV
feature: 88127301 has generated.
feature 88127301_lag1 has generated.
feature 88127301_lag2 has generated.
feature 88127301_lag3 has generated.
feature 88127301_lag4 has generated.
transformed OHLCV at frequency 1D
reading cache of TXF in 1D OHLCV
feature: 00957305 has generated.
feature 00957305_lag1 has generated.
feature 00957305_lag2 has generated.
feature 00957305_lag3 has generated.
feature 00957305_lag4 has generated.
transformed OHLCV at frequency 1D
reading cache of TXF in 1D OHLCV
feature: 46067661 has generated.
feature 46067661_lag1 has generated.
feature 46067661_lag2 has generated.
feature 46067661_lag3 has generated.
feature 46067661_lag4 has generated.
transformed OHLCV at frequency 1D
reading cache of TXF in 1D OHLCV
feature: 37865502 has generated.
feature 37865502_lag1 has generated.
feature 37865502_lag2 has generated.
feature 37865502_lag3 has generated.
feature 37865502_lag4 has generated.
transformed OHLCV at frequency 1D
reading cache of TXF in 1D OHLCV
feature: 48032436 has generated.
feature 48032436_lag1 has generated.
feature 48032436_lag2 has generated.
feature 48032436_lag3 has generated.
feature 48032436_lag4 has generated.
transformed OHLCV at frequency 1D
reading cache of TXF in 1D OHLCV
feature: 27939058 has generated.
feature 27939058_lag1 has generated.
feature 27939058_lag2 has generated.
feature 27939058_lag3 has generated.
feature 27939058_lag4 has generated.
transformed OHLCV at frequency 1D
reading cache of TXF in 1D OHLCV
feature: 23569330 has generated.
feature 23569330_lag1 has generated.
feature 23569330_lag2 has generated.
feature 23569330_lag3 has generated.
feature 23569330_lag4 has generated.
transformed OHLCV at frequency 1D
reading cache of TXF in 1D OHLCV
feature: 22166205 has generated.
feature 22166205_lag1 has generated.
feature 22166205_lag2 has generated.
feature 22166205_lag3 has generated.
feature 22166205_lag4 has generated.
transformed OHLCV at frequency 1D
reading cache of TXF in 1D OHLCV
feature: 49320730 has generated.
feature 49320730_lag1 has generated.
feature 49320730_lag2 has generated.
feature 49320730_lag3 has generated.
feature 49320730_lag4 has generated.
transformed OHLCV at frequency 1D
reading cache of TXF in 1D OHLCV
0:	learn: 0.6608102	test: 0.6877866	best: 0.6877866 (0)	total: 464ms	remaining: 12h 53m 20s
1:	learn: 0.6474262	test: 0.6740101	best: 0.6740101 (1)	total: 832ms	remaining: 11h 33m 12s
2:	learn: 0.6368398	test: 0.6653223	best: 0.6653223 (2)	total: 1.23s	remaining: 11h 21m 43s
3:	learn: 0.6254583	test: 0.6532535	best: 0.6532535 (3)	total: 1.66s	remaining: 11h 32m 32s
4:	learn: 0.6121201	test: 0.6399295	best: 0.6399295 (4)	total: 2.08s	remaining: 11h 31m 42s
5:	learn: 0.6014949	test: 0.6292411	best: 0.6292411 (5)	total: 2.6s	remaining: 12h 2m 32s
6:	learn: 0.5938191	test: 0.6227107	best: 0.6227107 (6)	total: 3.42s	remaining: 13h 35m 29s
7:	learn: 0.5859710	test: 0.6149281	best: 0.6149281 (7)	total: 4.23s	remaining: 14h 41m 3s
8:	learn: 0.5761257	test: 0.6116398	best: 0.6116398 (8)	total: 5.12s	remaining: 15h 48m 2s
9:	learn: 0.5691911	test: 0.6108207	best: 0.6108207 (9)	total: 5.97s	remaining: 16h 34m 26s
10:	learn: 0.5626071	test: 0.6031872	best: 0.6031872 (10)	total: 7.02s	remaining: 17h 43m 40s
11:	learn: 0.5533612	test: 0.5957861	best: 0.5957861 (11)	total: 7.73s	remaining: 17h 53m 17s
12:	learn: 0.5482272	test: 0.5913609	best: 0.5913609 (12)	total: 8.83s	remaining: 18h 51m 25s
13:	learn: 0.5415843	test: 0.5895746	best: 0.5895746 (13)	total: 9.66s	remaining: 19h 9m 31s
14:	learn: 0.5306869	test: 0.5800613	best: 0.5800613 (14)	total: 10.5s	remaining: 19h 28m 7s
15:	learn: 0.5236862	test: 0.5718768	best: 0.5718768 (15)	total: 11.4s	remaining: 19h 47m 37s
16:	learn: 0.5165381	test: 0.5713516	best: 0.5713516 (16)	total: 12.3s	remaining: 20h 1m 10s
17:	learn: 0.5091672	test: 0.5607289	best: 0.5607289 (17)	total: 13.1s	remaining: 20h 16m 43s
18:	learn: 0.5058200	test: 0.5579141	best: 0.5579141 (18)	total: 14s	remaining: 20h 25m 50s
19:	learn: 0.5018084	test: 0.5542624	best: 0.5542624 (19)	total: 14.6s	remaining: 20h 17m 1s
20:	learn: 0.4978495	test: 0.5530517	best: 0.5530517 (20)	total: 15.2s	remaining: 20h 5m 56s
21:	learn: 0.4921103	test: 0.5472582	best: 0.5472582 (21)	total: 15.9s	remaining: 20h 3m 32s
22:	learn: 0.4869634	test: 0.5426636	best: 0.5426636 (22)	total: 16.9s	remaining: 20h 21m 4s
23:	learn: 0.4830986	test: 0.5384542	best: 0.5384542 (23)	total: 17.7s	remaining: 20h 30m 47s
24:	learn: 0.4798958	test: 0.5347232	best: 0.5347232 (24)	total: 18.6s	remaining: 20h 38m
25:	learn: 0.4744800	test: 0.5288617	best: 0.5288617 (25)	total: 19.4s	remaining: 20h 42m 20s
26:	learn: 0.4721302	test: 0.5267959	best: 0.5267959 (26)	total: 20.4s	remaining: 20h 59m 32s
27:	learn: 0.4689079	test: 0.5246273	best: 0.5246273 (27)	total: 21.6s	remaining: 21h 22m 40s
28:	learn: 0.4654599	test: 0.5210525	best: 0.5210525 (28)	total: 22.3s	remaining: 21h 23m 20s
29:	learn: 0.4628083	test: 0.5203894	best: 0.5203894 (29)	total: 23.3s	remaining: 21h 32m 58s
30:	learn: 0.4592834	test: 0.5172877	best: 0.5172877 (30)	total: 24.5s	remaining: 21h 57m 7s
31:	learn: 0.4564340	test: 0.5151503	best: 0.5151503 (31)	total: 26s	remaining: 22h 35m 26s
32:	learn: 0.4537693	test: 0.5134083	best: 0.5134083 (32)	total: 27s	remaining: 22h 44m 52s
33:	learn: 0.4508487	test: 0.5109036	best: 0.5109036 (33)	total: 28.8s	remaining: 23h 33m 2s
34:	learn: 0.4479456	test: 0.5091888	best: 0.5091888 (34)	total: 31.5s	remaining: 1d 59m 46s
35:	learn: 0.4456891	test: 0.5078291	best: 0.5078291 (35)	total: 32.3s	remaining: 1d 54m 40s
36:	learn: 0.4441002	test: 0.5069497	best: 0.5069497 (36)	total: 33.3s	remaining: 1d 57m 18s
37:	learn: 0.4410413	test: 0.5034621	best: 0.5034621 (37)	total: 34.1s	remaining: 1d 56m 29s
38:	learn: 0.4380167	test: 0.5011100	best: 0.5011100 (38)	total: 35s	remaining: 1d 55m 32s
39:	learn: 0.4353966	test: 0.4979108	best: 0.4979108 (39)	total: 35.8s	remaining: 1d 52m 9s
40:	learn: 0.4291616	test: 0.4965513	best: 0.4965513 (40)	total: 36.7s	remaining: 1d 50m 26s
41:	learn: 0.4276091	test: 0.4960545	best: 0.4960545 (41)	total: 37.6s	remaining: 1d 52m 9s
42:	learn: 0.4258402	test: 0.4955379	best: 0.4955379 (42)	total: 38.4s	remaining: 1d 48m 24s
43:	learn: 0.4224859	test: 0.4950560	best: 0.4950560 (43)	total: 39.2s	remaining: 1d 45m 23s
44:	learn: 0.4204527	test: 0.4933336	best: 0.4933336 (44)	total: 40.1s	remaining: 1d 44m 53s
45:	learn: 0.4190676	test: 0.4927911	best: 0.4927911 (45)	total: 41.1s	remaining: 1d 46m 46s
46:	learn: 0.4175214	test: 0.4919255	best: 0.4919255 (46)	total: 42.1s	remaining: 1d 52m 5s
47:	learn: 0.4157855	test: 0.4905032	best: 0.4905032 (47)	total: 43s	remaining: 1d 53m 27s
48:	learn: 0.4137317	test: 0.4885816	best: 0.4885816 (48)	total: 44.1s	remaining: 1d 58m 7s
49:	learn: 0.4122795	test: 0.4873916	best: 0.4873916 (49)	total: 44.9s	remaining: 1d 55m
50:	learn: 0.4110380	test: 0.4869325	best: 0.4869325 (50)	total: 45.9s	remaining: 1d 58m 40s
51:	learn: 0.4092413	test: 0.4855526	best: 0.4855526 (51)	total: 46.7s	remaining: 1d 57m 20s
52:	learn: 0.4075613	test: 0.4841677	best: 0.4841677 (52)	total: 47.5s	remaining: 1d 54m 5s
53:	learn: 0.4061174	test: 0.4835843	best: 0.4835843 (53)	total: 48.5s	remaining: 1d 55m 20s
54:	learn: 0.4049317	test: 0.4828440	best: 0.4828440 (54)	total: 49.1s	remaining: 1d 47m 59s
55:	learn: 0.4021349	test: 0.4825481	best: 0.4825481 (55)	total: 50s	remaining: 1d 46m 30s
56:	learn: 0.4006131	test: 0.4817779	best: 0.4817779 (56)	total: 52.2s	remaining: 1d 1h 26m 3s
57:	learn: 0.3993317	test: 0.4816985	best: 0.4816985 (57)	total: 53s	remaining: 1d 1h 22m 27s
58:	learn: 0.3978328	test: 0.4810099	best: 0.4810099 (58)	total: 54.1s	remaining: 1d 1h 27m 53s
59:	learn: 0.3961212	test: 0.4802456	best: 0.4802456 (59)	total: 55s	remaining: 1d 1h 27m 40s
60:	learn: 0.3942404	test: 0.4789245	best: 0.4789245 (60)	total: 55.7s	remaining: 1d 1h 21m 24s
61:	learn: 0.3927592	test: 0.4783184	best: 0.4783184 (61)	total: 56.7s	remaining: 1d 1h 22m 51s
62:	learn: 0.3906533	test: 0.4765679	best: 0.4765679 (62)	total: 57.6s	remaining: 1d 1h 23m 45s
63:	learn: 0.3885565	test: 0.4753870	best: 0.4753870 (63)	total: 58.5s	remaining: 1d 1h 22m 47s
64:	learn: 0.3872867	test: 0.4748612	best: 0.4748612 (64)	total: 59.3s	remaining: 1d 1h 20m 8s
65:	learn: 0.3860994	test: 0.4740585	best: 0.4740585 (65)	total: 1m	remaining: 1d 1h 22m 56s
66:	learn: 0.3847636	test: 0.4731615	best: 0.4731615 (66)	total: 1m 1s	remaining: 1d 1h 21m 7s
67:	learn: 0.3831902	test: 0.4727531	best: 0.4727531 (67)	total: 1m 2s	remaining: 1d 1h 20m 40s
68:	learn: 0.3820194	test: 0.4721663	best: 0.4721663 (68)	total: 1m 2s	remaining: 1d 1h 19m 15s
69:	learn: 0.3806222	test: 0.4711679	best: 0.4711679 (69)	total: 1m 3s	remaining: 1d 1h 18m 23s
70:	learn: 0.3785504	test: 0.4710686	best: 0.4710686 (70)	total: 1m 4s	remaining: 1d 1h 14m 31s
71:	learn: 0.3773641	test: 0.4709859	best: 0.4709859 (71)	total: 1m 5s	remaining: 1d 1h 19m 52s
72:	learn: 0.3762627	test: 0.4710487	best: 0.4709859 (71)	total: 1m 6s	remaining: 1d 1h 20m 18s
73:	learn: 0.3744116	test: 0.4700373	best: 0.4700373 (73)	total: 1m 7s	remaining: 1d 1h 21m 6s
74:	learn: 0.3730929	test: 0.4698636	best: 0.4698636 (74)	total: 1m 8s	remaining: 1d 1h 22m 31s
75:	learn: 0.3716085	test: 0.4692467	best: 0.4692467 (75)	total: 1m 10s	remaining: 1d 1h 42m 28s
76:	learn: 0.3696550	test: 0.4683706	best: 0.4683706 (76)	total: 1m 11s	remaining: 1d 1h 48m
77:	learn: 0.3685211	test: 0.4683333	best: 0.4683333 (77)	total: 1m 12s	remaining: 1d 1h 46m 21s
78:	learn: 0.3673541	test: 0.4679053	best: 0.4679053 (78)	total: 1m 13s	remaining: 1d 1h 42m 49s
79:	learn: 0.3652966	test: 0.4666767	best: 0.4666767 (79)	total: 1m 14s	remaining: 1d 1h 44m 26s
80:	learn: 0.3638277	test: 0.4662254	best: 0.4662254 (80)	total: 1m 15s	remaining: 1d 1h 43m 43s
81:	learn: 0.3628697	test: 0.4659870	best: 0.4659870 (81)	total: 1m 16s	remaining: 1d 1h 45m 54s
82:	learn: 0.3615291	test: 0.4655829	best: 0.4655829 (82)	total: 1m 16s	remaining: 1d 1h 44m 29s
83:	learn: 0.3605978	test: 0.4655539	best: 0.4655539 (83)	total: 1m 17s	remaining: 1d 1h 41m 44s
84:	learn: 0.3594323	test: 0.4649490	best: 0.4649490 (84)	total: 1m 18s	remaining: 1d 1h 38m 4s
85:	learn: 0.3584851	test: 0.4646786	best: 0.4646786 (85)	total: 1m 19s	remaining: 1d 1h 37m 12s
86:	learn: 0.3570007	test: 0.4641568	best: 0.4641568 (86)	total: 1m 20s	remaining: 1d 1h 36m 21s
87:	learn: 0.3557246	test: 0.4639653	best: 0.4639653 (87)	total: 1m 21s	remaining: 1d 1h 34m 53s
88:	learn: 0.3545985	test: 0.4637849	best: 0.4637849 (88)	total: 1m 21s	remaining: 1d 1h 34m 1s
89:	learn: 0.3525225	test: 0.4635093	best: 0.4635093 (89)	total: 1m 22s	remaining: 1d 1h 33m 21s
90:	learn: 0.3514407	test: 0.4631522	best: 0.4631522 (90)	total: 1m 23s	remaining: 1d 1h 31m 57s
91:	learn: 0.3502609	test: 0.4627839	best: 0.4627839 (91)	total: 1m 24s	remaining: 1d 1h 34m 42s
92:	learn: 0.3490252	test: 0.4625493	best: 0.4625493 (92)	total: 1m 25s	remaining: 1d 1h 34m 41s
93:	learn: 0.3479225	test: 0.4623779	best: 0.4623779 (93)	total: 1m 27s	remaining: 1d 1h 54m 3s
94:	learn: 0.3465476	test: 0.4617260	best: 0.4617260 (94)	total: 1m 28s	remaining: 1d 1h 46m 49s
95:	learn: 0.3445132	test: 0.4614142	best: 0.4614142 (95)	total: 1m 29s	remaining: 1d 1h 46m 53s
96:	learn: 0.3434173	test: 0.4611392	best: 0.4611392 (96)	total: 1m 30s	remaining: 1d 1h 46m 26s
97:	learn: 0.3418879	test: 0.4607561	best: 0.4607561 (97)	total: 1m 30s	remaining: 1d 1h 42m 45s
98:	learn: 0.3401872	test: 0.4607239	best: 0.4607239 (98)	total: 1m 31s	remaining: 1d 1h 40m 5s
99:	learn: 0.3385148	test: 0.4604532	best: 0.4604532 (99)	total: 1m 32s	remaining: 1d 1h 37m 11s
100:	learn: 0.3371687	test: 0.4598670	best: 0.4598670 (100)	total: 1m 33s	remaining: 1d 1h 39m 5s
101:	learn: 0.3362097	test: 0.4595051	best: 0.4595051 (101)	total: 1m 34s	remaining: 1d 1h 39m 36s
102:	learn: 0.3348814	test: 0.4590877	best: 0.4590877 (102)	total: 1m 35s	remaining: 1d 1h 41m 10s
103:	learn: 0.3337560	test: 0.4588851	best: 0.4588851 (103)	total: 1m 36s	remaining: 1d 1h 40m 6s
104:	learn: 0.3327179	test: 0.4587157	best: 0.4587157 (104)	total: 1m 37s	remaining: 1d 1h 39m 22s
105:	learn: 0.3314979	test: 0.4585164	best: 0.4585164 (105)	total: 1m 38s	remaining: 1d 1h 39m 15s
106:	learn: 0.3291148	test: 0.4574430	best: 0.4574430 (106)	total: 1m 39s	remaining: 1d 1h 42m 1s
107:	learn: 0.3279295	test: 0.4571722	best: 0.4571722 (107)	total: 1m 39s	remaining: 1d 1h 41m 17s
108:	learn: 0.3262039	test: 0.4570535	best: 0.4570535 (108)	total: 1m 40s	remaining: 1d 1h 39m 37s
109:	learn: 0.3251781	test: 0.4568459	best: 0.4568459 (109)	total: 1m 41s	remaining: 1d 1h 38m 41s
110:	learn: 0.3240846	test: 0.4565966	best: 0.4565966 (110)	total: 1m 43s	remaining: 1d 1h 50m 57s
111:	learn: 0.3231983	test: 0.4563530	best: 0.4563530 (111)	total: 1m 44s	remaining: 1d 1h 55m 34s
112:	learn: 0.3219963	test: 0.4559941	best: 0.4559941 (112)	total: 1m 45s	remaining: 1d 1h 56m 58s
113:	learn: 0.3207430	test: 0.4556847	best: 0.4556847 (113)	total: 1m 46s	remaining: 1d 2h 1m 43s
114:	learn: 0.3197555	test: 0.4553293	best: 0.4553293 (114)	total: 1m 48s	remaining: 1d 2h 4m
115:	learn: 0.3183825	test: 0.4547768	best: 0.4547768 (115)	total: 1m 49s	remaining: 1d 2h 11m 47s
116:	learn: 0.3169727	test: 0.4542813	best: 0.4542813 (116)	total: 1m 50s	remaining: 1d 2h 14m 12s
117:	learn: 0.3152475	test: 0.4535628	best: 0.4535628 (117)	total: 1m 51s	remaining: 1d 2h 14m 18s
118:	learn: 0.3140886	test: 0.4532786	best: 0.4532786 (118)	total: 1m 53s	remaining: 1d 2h 22m 42s
119:	learn: 0.3127219	test: 0.4530467	best: 0.4530467 (119)	total: 1m 54s	remaining: 1d 2h 31m 36s
120:	learn: 0.3114935	test: 0.4526529	best: 0.4526529 (120)	total: 1m 55s	remaining: 1d 2h 32m 26s
121:	learn: 0.3106932	test: 0.4526110	best: 0.4526110 (121)	total: 1m 56s	remaining: 1d 2h 32m 44s
122:	learn: 0.3095589	test: 0.4523994	best: 0.4523994 (122)	total: 1m 57s	remaining: 1d 2h 35m 32s
123:	learn: 0.3087133	test: 0.4522543	best: 0.4522543 (123)	total: 1m 58s	remaining: 1d 2h 33m 17s
124:	learn: 0.3079912	test: 0.4521455	best: 0.4521455 (124)	total: 1m 59s	remaining: 1d 2h 34m 21s
125:	learn: 0.3064695	test: 0.4516405	best: 0.4516405 (125)	total: 2m	remaining: 1d 2h 35m 14s
126:	learn: 0.3048762	test: 0.4510195	best: 0.4510195 (126)	total: 2m 1s	remaining: 1d 2h 33m 19s
127:	learn: 0.3038319	test: 0.4505212	best: 0.4505212 (127)	total: 2m 2s	remaining: 1d 2h 30m 56s
128:	learn: 0.3030149	test: 0.4502854	best: 0.4502854 (128)	total: 2m 3s	remaining: 1d 2h 29m 31s
129:	learn: 0.3012393	test: 0.4494894	best: 0.4494894 (129)	total: 2m 4s	remaining: 1d 2h 29m 30s
130:	learn: 0.3005548	test: 0.4494338	best: 0.4494338 (130)	total: 2m 4s	remaining: 1d 2h 27m 57s
131:	learn: 0.2993975	test: 0.4488760	best: 0.4488760 (131)	total: 2m 5s	remaining: 1d 2h 27m 52s
132:	learn: 0.2986350	test: 0.4487281	best: 0.4487281 (132)	total: 2m 7s	remaining: 1d 2h 29m 49s
133:	learn: 0.2976802	test: 0.4484954	best: 0.4484954 (133)	total: 2m 8s	remaining: 1d 2h 40m 39s
134:	learn: 0.2962491	test: 0.4481516	best: 0.4481516 (134)	total: 2m 10s	remaining: 1d 2h 44m 4s
135:	learn: 0.2955506	test: 0.4478324	best: 0.4478324 (135)	total: 2m 11s	remaining: 1d 2h 43m 24s
136:	learn: 0.2948227	test: 0.4477643	best: 0.4477643 (136)	total: 2m 12s	remaining: 1d 2h 44m 4s
137:	learn: 0.2933079	test: 0.4471822	best: 0.4471822 (137)	total: 2m 12s	remaining: 1d 2h 41m 51s
138:	learn: 0.2925728	test: 0.4471616	best: 0.4471616 (138)	total: 2m 13s	remaining: 1d 2h 40m 5s
139:	learn: 0.2917679	test: 0.4469286	best: 0.4469286 (139)	total: 2m 14s	remaining: 1d 2h 38m 22s
140:	learn: 0.2906829	test: 0.4468188	best: 0.4468188 (140)	total: 2m 15s	remaining: 1d 2h 37m
141:	learn: 0.2894217	test: 0.4462465	best: 0.4462465 (141)	total: 2m 16s	remaining: 1d 2h 36m 43s
142:	learn: 0.2865833	test: 0.4450647	best: 0.4450647 (142)	total: 2m 17s	remaining: 1d 2h 37m 36s
143:	learn: 0.2856213	test: 0.4448766	best: 0.4448766 (143)	total: 2m 18s	remaining: 1d 2h 38m 27s
144:	learn: 0.2846620	test: 0.4445251	best: 0.4445251 (144)	total: 2m 19s	remaining: 1d 2h 37m 26s
145:	learn: 0.2838925	test: 0.4443985	best: 0.4443985 (145)	total: 2m 20s	remaining: 1d 2h 42m 19s
146:	learn: 0.2832613	test: 0.4442395	best: 0.4442395 (146)	total: 2m 21s	remaining: 1d 2h 43m 36s
147:	learn: 0.2821487	test: 0.4438084	best: 0.4438084 (147)	total: 2m 23s	remaining: 1d 2h 48m 59s
148:	learn: 0.2814618	test: 0.4435253	best: 0.4435253 (148)	total: 2m 24s	remaining: 1d 2h 55m 34s
149:	learn: 0.2804386	test: 0.4434371	best: 0.4434371 (149)	total: 2m 26s	remaining: 1d 3h 1m 2s
150:	learn: 0.2789270	test: 0.4434412	best: 0.4434371 (149)	total: 2m 27s	remaining: 1d 3h 17s
151:	learn: 0.2781046	test: 0.4434824	best: 0.4434371 (149)	total: 2m 27s	remaining: 1d 2h 59m 53s
152:	learn: 0.2770519	test: 0.4428472	best: 0.4428472 (152)	total: 2m 29s	remaining: 1d 3h 58s
153:	learn: 0.2763095	test: 0.4424869	best: 0.4424869 (153)	total: 2m 30s	remaining: 1d 3h 4m 35s
154:	learn: 0.2751805	test: 0.4420254	best: 0.4420254 (154)	total: 2m 31s	remaining: 1d 3h 5m 46s
155:	learn: 0.2744189	test: 0.4417786	best: 0.4417786 (155)	total: 2m 32s	remaining: 1d 3h 5m 5s
156:	learn: 0.2730156	test: 0.4411663	best: 0.4411663 (156)	total: 2m 33s	remaining: 1d 3h 3m 28s
157:	learn: 0.2722139	test: 0.4410838	best: 0.4410838 (157)	total: 2m 34s	remaining: 1d 3h 3m 8s
158:	learn: 0.2713540	test: 0.4404838	best: 0.4404838 (158)	total: 2m 34s	remaining: 1d 3h 1m 56s
159:	learn: 0.2704122	test: 0.4401741	best: 0.4401741 (159)	total: 2m 35s	remaining: 1d 3h 27s
160:	learn: 0.2690535	test: 0.4398614	best: 0.4398614 (160)	total: 2m 36s	remaining: 1d 3h 1m 1s
161:	learn: 0.2679430	test: 0.4395409	best: 0.4395409 (161)	total: 2m 38s	remaining: 1d 3h 8m 27s
162:	learn: 0.2671381	test: 0.4392662	best: 0.4392662 (162)	total: 2m 39s	remaining: 1d 3h 6m 27s
163:	learn: 0.2658361	test: 0.4389643	best: 0.4389643 (163)	total: 2m 40s	remaining: 1d 3h 8m 20s
164:	learn: 0.2650632	test: 0.4386408	best: 0.4386408 (164)	total: 2m 41s	remaining: 1d 3h 9m 40s
165:	learn: 0.2640239	test: 0.4380205	best: 0.4380205 (165)	total: 2m 42s	remaining: 1d 3h 10m 50s
166:	learn: 0.2633145	test: 0.4378247	best: 0.4378247 (166)	total: 2m 44s	remaining: 1d 3h 14m 9s
167:	learn: 0.2624628	test: 0.4377758	best: 0.4377758 (167)	total: 2m 44s	remaining: 1d 3h 12m 48s
168:	learn: 0.2613527	test: 0.4376703	best: 0.4376703 (168)	total: 2m 45s	remaining: 1d 3h 12m 8s
169:	learn: 0.2604948	test: 0.4371706	best: 0.4371706 (169)	total: 2m 46s	remaining: 1d 3h 12m 49s
170:	learn: 0.2597125	test: 0.4370824	best: 0.4370824 (170)	total: 2m 48s	remaining: 1d 3h 18m 38s
171:	learn: 0.2590548	test: 0.4369689	best: 0.4369689 (171)	total: 2m 50s	remaining: 1d 3h 29m 15s
172:	learn: 0.2581181	test: 0.4367973	best: 0.4367973 (172)	total: 2m 51s	remaining: 1d 3h 32m 35s
173:	learn: 0.2571642	test: 0.4364388	best: 0.4364388 (173)	total: 2m 52s	remaining: 1d 3h 32m 8s
174:	learn: 0.2563584	test: 0.4363856	best: 0.4363856 (174)	total: 2m 53s	remaining: 1d 3h 30m 52s
175:	learn: 0.2554694	test: 0.4365013	best: 0.4363856 (174)	total: 2m 54s	remaining: 1d 3h 26m 58s
176:	learn: 0.2542013	test: 0.4361633	best: 0.4361633 (176)	total: 2m 55s	remaining: 1d 3h 27m 16s
177:	learn: 0.2526347	test: 0.4358235	best: 0.4358235 (177)	total: 2m 56s	remaining: 1d 3h 26m 8s
178:	learn: 0.2517637	test: 0.4355246	best: 0.4355246 (178)	total: 2m 56s	remaining: 1d 3h 24m 38s
179:	learn: 0.2507519	test: 0.4351834	best: 0.4351834 (179)	total: 2m 57s	remaining: 1d 3h 23m 41s
180:	learn: 0.2500235	test: 0.4348098	best: 0.4348098 (180)	total: 2m 58s	remaining: 1d 3h 22m 31s
181:	learn: 0.2490271	test: 0.4346904	best: 0.4346904 (181)	total: 2m 59s	remaining: 1d 3h 20m 46s
182:	learn: 0.2480497	test: 0.4342094	best: 0.4342094 (182)	total: 3m	remaining: 1d 3h 19m 24s
183:	learn: 0.2468858	test: 0.4335950	best: 0.4335950 (183)	total: 3m 1s	remaining: 1d 3h 17m 29s
184:	learn: 0.2459282	test: 0.4327851	best: 0.4327851 (184)	total: 3m 2s	remaining: 1d 3h 16m 44s
185:	learn: 0.2448090	test: 0.4323256	best: 0.4323256 (185)	total: 3m 3s	remaining: 1d 3h 17m 34s
186:	learn: 0.2440105	test: 0.4320487	best: 0.4320487 (186)	total: 3m 4s	remaining: 1d 3h 20m 52s
187:	learn: 0.2431837	test: 0.4319075	best: 0.4319075 (187)	total: 3m 5s	remaining: 1d 3h 19m 35s
188:	learn: 0.2422543	test: 0.4318786	best: 0.4318786 (188)	total: 3m 6s	remaining: 1d 3h 19m 32s
189:	learn: 0.2413366	test: 0.4316132	best: 0.4316132 (189)	total: 3m 7s	remaining: 1d 3h 20m 38s
190:	learn: 0.2405672	test: 0.4313284	best: 0.4313284 (190)	total: 3m 8s	remaining: 1d 3h 20m 35s
191:	learn: 0.2394985	test: 0.4309693	best: 0.4309693 (191)	total: 3m 9s	remaining: 1d 3h 25m 23s
192:	learn: 0.2389261	test: 0.4306506	best: 0.4306506 (192)	total: 3m 11s	remaining: 1d 3h 26m 26s
193:	learn: 0.2382451	test: 0.4305236	best: 0.4305236 (193)	total: 3m 11s	remaining: 1d 3h 25m 22s
194:	learn: 0.2374910	test: 0.4302742	best: 0.4302742 (194)	total: 3m 12s	remaining: 1d 3h 24m 55s
195:	learn: 0.2368846	test: 0.4302075	best: 0.4302075 (195)	total: 3m 14s	remaining: 1d 3h 26m 53s
196:	learn: 0.2358601	test: 0.4298505	best: 0.4298505 (196)	total: 3m 15s	remaining: 1d 3h 27m 4s
197:	learn: 0.2348414	test: 0.4294556	best: 0.4294556 (197)	total: 3m 15s	remaining: 1d 3h 25m 41s
198:	learn: 0.2341295	test: 0.4292343	best: 0.4292343 (198)	total: 3m 16s	remaining: 1d 3h 26m 27s
199:	learn: 0.2328986	test: 0.4285356	best: 0.4285356 (199)	total: 3m 17s	remaining: 1d 3h 25m 43s
200:	learn: 0.2321221	test: 0.4283030	best: 0.4283030 (200)	total: 3m 19s	remaining: 1d 3h 31m 32s
201:	learn: 0.2313641	test: 0.4282465	best: 0.4282465 (201)	total: 3m 21s	remaining: 1d 3h 37m 36s
202:	learn: 0.2307268	test: 0.4280895	best: 0.4280895 (202)	total: 3m 22s	remaining: 1d 3h 42m 33s
203:	learn: 0.2300943	test: 0.4277471	best: 0.4277471 (203)	total: 3m 23s	remaining: 1d 3h 41m 58s
204:	learn: 0.2293097	test: 0.4275984	best: 0.4275984 (204)	total: 3m 25s	remaining: 1d 3h 46m 18s
205:	learn: 0.2287509	test: 0.4274030	best: 0.4274030 (205)	total: 3m 26s	remaining: 1d 3h 45m 22s
206:	learn: 0.2279902	test: 0.4272402	best: 0.4272402 (206)	total: 3m 27s	remaining: 1d 3h 44m 26s
207:	learn: 0.2270584	test: 0.4269539	best: 0.4269539 (207)	total: 3m 28s	remaining: 1d 3h 43m 24s
208:	learn: 0.2264865	test: 0.4268113	best: 0.4268113 (208)	total: 3m 29s	remaining: 1d 3h 43m 27s
209:	learn: 0.2256413	test: 0.4265835	best: 0.4265835 (209)	total: 3m 29s	remaining: 1d 3h 41m 56s
210:	learn: 0.2247673	test: 0.4263201	best: 0.4263201 (210)	total: 3m 30s	remaining: 1d 3h 40m 8s
211:	learn: 0.2239142	test: 0.4260268	best: 0.4260268 (211)	total: 3m 31s	remaining: 1d 3h 38m 28s
212:	learn: 0.2229353	test: 0.4253844	best: 0.4253844 (212)	total: 3m 32s	remaining: 1d 3h 37m 24s
213:	learn: 0.2218527	test: 0.4249380	best: 0.4249380 (213)	total: 3m 33s	remaining: 1d 3h 36m 53s
214:	learn: 0.2209290	test: 0.4243789	best: 0.4243789 (214)	total: 3m 34s	remaining: 1d 3h 36m 58s
215:	learn: 0.2204213	test: 0.4241012	best: 0.4241012 (215)	total: 3m 35s	remaining: 1d 3h 37m 29s
216:	learn: 0.2199080	test: 0.4239254	best: 0.4239254 (216)	total: 3m 36s	remaining: 1d 3h 40m 12s
217:	learn: 0.2192373	test: 0.4237918	best: 0.4237918 (217)	total: 3m 37s	remaining: 1d 3h 38m 29s
218:	learn: 0.2181852	test: 0.4230948	best: 0.4230948 (218)	total: 3m 38s	remaining: 1d 3h 38m 44s
219:	learn: 0.2175778	test: 0.4228805	best: 0.4228805 (219)	total: 3m 39s	remaining: 1d 3h 38m 25s
220:	learn: 0.2160081	test: 0.4223390	best: 0.4223390 (220)	total: 3m 40s	remaining: 1d 3h 37m 44s
221:	learn: 0.2152124	test: 0.4221593	best: 0.4221593 (221)	total: 3m 41s	remaining: 1d 3h 36m 23s
222:	learn: 0.2144838	test: 0.4222432	best: 0.4221593 (221)	total: 3m 41s	remaining: 1d 3h 35m 9s
223:	learn: 0.2140175	test: 0.4221608	best: 0.4221593 (221)	total: 3m 43s	remaining: 1d 3h 35m 43s
224:	learn: 0.2135587	test: 0.4220822	best: 0.4220822 (224)	total: 3m 44s	remaining: 1d 3h 37m 57s
225:	learn: 0.2125941	test: 0.4216889	best: 0.4216889 (225)	total: 3m 45s	remaining: 1d 3h 38m
226:	learn: 0.2119434	test: 0.4217247	best: 0.4216889 (225)	total: 3m 46s	remaining: 1d 3h 36m 51s
227:	learn: 0.2113405	test: 0.4214888	best: 0.4214888 (227)	total: 3m 47s	remaining: 1d 3h 35m 52s
228:	learn: 0.2105743	test: 0.4215255	best: 0.4214888 (227)	total: 3m 47s	remaining: 1d 3h 35m 13s
229:	learn: 0.2100149	test: 0.4215618	best: 0.4214888 (227)	total: 3m 49s	remaining: 1d 3h 36m 37s
230:	learn: 0.2095720	test: 0.4213843	best: 0.4213843 (230)	total: 3m 50s	remaining: 1d 3h 36m 20s
231:	learn: 0.2089519	test: 0.4214838	best: 0.4213843 (230)	total: 3m 50s	remaining: 1d 3h 35m 23s
232:	learn: 0.2084493	test: 0.4214702	best: 0.4213843 (230)	total: 3m 51s	remaining: 1d 3h 33m 58s
233:	learn: 0.2079002	test: 0.4214527	best: 0.4213843 (230)	total: 3m 52s	remaining: 1d 3h 32m 32s
234:	learn: 0.2074959	test: 0.4214209	best: 0.4213843 (230)	total: 3m 53s	remaining: 1d 3h 31m 10s
235:	learn: 0.2068919	test: 0.4210728	best: 0.4210728 (235)	total: 3m 54s	remaining: 1d 3h 29m 43s
236:	learn: 0.2062336	test: 0.4207746	best: 0.4207746 (236)	total: 3m 55s	remaining: 1d 3h 30m 7s
237:	learn: 0.2056196	test: 0.4204398	best: 0.4204398 (237)	total: 3m 56s	remaining: 1d 3h 29m 35s
238:	learn: 0.2050392	test: 0.4204059	best: 0.4204059 (238)	total: 3m 57s	remaining: 1d 3h 30m
239:	learn: 0.2046701	test: 0.4203569	best: 0.4203569 (239)	total: 3m 57s	remaining: 1d 3h 28m 31s
240:	learn: 0.2042080	test: 0.4202504	best: 0.4202504 (240)	total: 3m 59s	remaining: 1d 3h 29m 3s
241:	learn: 0.2036635	test: 0.4202577	best: 0.4202504 (240)	total: 4m	remaining: 1d 3h 29m 47s
242:	learn: 0.2032296	test: 0.4201544	best: 0.4201544 (242)	total: 4m	remaining: 1d 3h 28m 45s
243:	learn: 0.2026293	test: 0.4200294	best: 0.4200294 (243)	total: 4m 1s	remaining: 1d 3h 27m 46s
244:	learn: 0.2020270	test: 0.4199021	best: 0.4199021 (244)	total: 4m 2s	remaining: 1d 3h 26m 36s
245:	learn: 0.2015012	test: 0.4198101	best: 0.4198101 (245)	total: 4m 3s	remaining: 1d 3h 25m 3s
246:	learn: 0.2009912	test: 0.4197275	best: 0.4197275 (246)	total: 4m 4s	remaining: 1d 3h 24m 8s
247:	learn: 0.2004580	test: 0.4196282	best: 0.4196282 (247)	total: 4m 5s	remaining: 1d 3h 24m
248:	learn: 0.1999643	test: 0.4197396	best: 0.4196282 (247)	total: 4m 6s	remaining: 1d 3h 23m 14s
249:	learn: 0.1995984	test: 0.4197896	best: 0.4196282 (247)	total: 4m 6s	remaining: 1d 3h 21m 54s
250:	learn: 0.1991640	test: 0.4195617	best: 0.4195617 (250)	total: 4m 7s	remaining: 1d 3h 20m 38s
251:	learn: 0.1979994	test: 0.4186717	best: 0.4186717 (251)	total: 4m 8s	remaining: 1d 3h 20m 13s
252:	learn: 0.1976701	test: 0.4186816	best: 0.4186717 (251)	total: 4m 9s	remaining: 1d 3h 21m 55s
253:	learn: 0.1971548	test: 0.4185599	best: 0.4185599 (253)	total: 4m 10s	remaining: 1d 3h 22m 29s
254:	learn: 0.1968363	test: 0.4186845	best: 0.4185599 (253)	total: 4m 11s	remaining: 1d 3h 22m 3s
255:	learn: 0.1963507	test: 0.4186334	best: 0.4185599 (253)	total: 4m 12s	remaining: 1d 3h 22m 10s
256:	learn: 0.1959775	test: 0.4185261	best: 0.4185261 (256)	total: 4m 13s	remaining: 1d 3h 22m 1s
257:	learn: 0.1953303	test: 0.4183686	best: 0.4183686 (257)	total: 4m 14s	remaining: 1d 3h 21m 34s
258:	learn: 0.1949126	test: 0.4182764	best: 0.4182764 (258)	total: 4m 15s	remaining: 1d 3h 21m 36s
259:	learn: 0.1945225	test: 0.4185005	best: 0.4182764 (258)	total: 4m 17s	remaining: 1d 3h 26m 8s
260:	learn: 0.1940892	test: 0.4184969	best: 0.4182764 (258)	total: 4m 18s	remaining: 1d 3h 24m 59s
261:	learn: 0.1937088	test: 0.4183046	best: 0.4182764 (258)	total: 4m 19s	remaining: 1d 3h 24m 2s
262:	learn: 0.1933650	test: 0.4182725	best: 0.4182725 (262)	total: 4m 19s	remaining: 1d 3h 23m 18s
263:	learn: 0.1928871	test: 0.4183182	best: 0.4182725 (262)	total: 4m 20s	remaining: 1d 3h 22m 35s
264:	learn: 0.1924321	test: 0.4182547	best: 0.4182547 (264)	total: 4m 21s	remaining: 1d 3h 21m 54s
265:	learn: 0.1920495	test: 0.4181621	best: 0.4181621 (265)	total: 4m 22s	remaining: 1d 3h 21m 8s
266:	learn: 0.1916525	test: 0.4180451	best: 0.4180451 (266)	total: 4m 23s	remaining: 1d 3h 20m 25s
267:	learn: 0.1912220	test: 0.4180420	best: 0.4180420 (267)	total: 4m 24s	remaining: 1d 3h 19m 45s
268:	learn: 0.1907677	test: 0.4180392	best: 0.4180392 (268)	total: 4m 25s	remaining: 1d 3h 19m 47s
269:	learn: 0.1903042	test: 0.4180168	best: 0.4180168 (269)	total: 4m 26s	remaining: 1d 3h 19m 58s
270:	learn: 0.1899155	test: 0.4179897	best: 0.4179897 (270)	total: 4m 27s	remaining: 1d 3h 18m 46s
271:	learn: 0.1895873	test: 0.4179568	best: 0.4179568 (271)	total: 4m 28s	remaining: 1d 3h 18m 38s
272:	learn: 0.1890231	test: 0.4178076	best: 0.4178076 (272)	total: 4m 28s	remaining: 1d 3h 17m 40s
273:	learn: 0.1886546	test: 0.4178012	best: 0.4178012 (273)	total: 4m 29s	remaining: 1d 3h 16m 35s
274:	learn: 0.1881119	test: 0.4175616	best: 0.4175616 (274)	total: 4m 30s	remaining: 1d 3h 16m 14s
275:	learn: 0.1876994	test: 0.4175203	best: 0.4175203 (275)	total: 4m 31s	remaining: 1d 3h 15m 30s
276:	learn: 0.1865556	test: 0.4173057	best: 0.4173057 (276)	total: 4m 32s	remaining: 1d 3h 13m 48s
277:	learn: 0.1860608	test: 0.4172183	best: 0.4172183 (277)	total: 4m 33s	remaining: 1d 3h 13m 10s
278:	learn: 0.1857342	test: 0.4170990	best: 0.4170990 (278)	total: 4m 34s	remaining: 1d 3h 14m 56s
279:	learn: 0.1850067	test: 0.4168534	best: 0.4168534 (279)	total: 4m 35s	remaining: 1d 3h 15m 54s
280:	learn: 0.1846129	test: 0.4168498	best: 0.4168498 (280)	total: 4m 36s	remaining: 1d 3h 15m 24s
281:	learn: 0.1842222	test: 0.4168993	best: 0.4168498 (280)	total: 4m 37s	remaining: 1d 3h 13m 31s
282:	learn: 0.1838443	test: 0.4167257	best: 0.4167257 (282)	total: 4m 38s	remaining: 1d 3h 12m 44s
283:	learn: 0.1832391	test: 0.4165383	best: 0.4165383 (283)	total: 4m 38s	remaining: 1d 3h 11m 59s
284:	learn: 0.1828269	test: 0.4164247	best: 0.4164247 (284)	total: 4m 39s	remaining: 1d 3h 11m 34s
285:	learn: 0.1823046	test: 0.4162260	best: 0.4162260 (285)	total: 4m 40s	remaining: 1d 3h 11m 38s
286:	learn: 0.1818120	test: 0.4161913	best: 0.4161913 (286)	total: 4m 41s	remaining: 1d 3h 11m 22s
287:	learn: 0.1813153	test: 0.4160195	best: 0.4160195 (287)	total: 4m 43s	remaining: 1d 3h 13m 54s
288:	learn: 0.1809449	test: 0.4159967	best: 0.4159967 (288)	total: 4m 44s	remaining: 1d 3h 13m 33s
289:	learn: 0.1805814	test: 0.4158977	best: 0.4158977 (289)	total: 4m 44s	remaining: 1d 3h 12m 23s
290:	learn: 0.1799082	test: 0.4155543	best: 0.4155543 (290)	total: 4m 45s	remaining: 1d 3h 11m 33s
291:	learn: 0.1793544	test: 0.4154653	best: 0.4154653 (291)	total: 4m 46s	remaining: 1d 3h 11m 47s
292:	learn: 0.1789192	test: 0.4155686	best: 0.4154653 (291)	total: 4m 47s	remaining: 1d 3h 11m 51s
293:	learn: 0.1785293	test: 0.4155059	best: 0.4154653 (291)	total: 4m 48s	remaining: 1d 3h 11m 18s
294:	learn: 0.1779967	test: 0.4154251	best: 0.4154251 (294)	total: 4m 49s	remaining: 1d 3h 9m 54s
295:	learn: 0.1777055	test: 0.4153598	best: 0.4153598 (295)	total: 4m 50s	remaining: 1d 3h 8m 21s
296:	learn: 0.1773613	test: 0.4153214	best: 0.4153214 (296)	total: 4m 50s	remaining: 1d 3h 8m
297:	learn: 0.1770303	test: 0.4153427	best: 0.4153214 (296)	total: 4m 51s	remaining: 1d 3h 7m 59s
298:	learn: 0.1760452	test: 0.4149072	best: 0.4149072 (298)	total: 4m 52s	remaining: 1d 3h 7m 17s
299:	learn: 0.1757229	test: 0.4148572	best: 0.4148572 (299)	total: 4m 53s	remaining: 1d 3h 6m 25s
300:	learn: 0.1753900	test: 0.4148833	best: 0.4148572 (299)	total: 4m 54s	remaining: 1d 3h 5m 3s
301:	learn: 0.1750034	test: 0.4148528	best: 0.4148528 (301)	total: 4m 55s	remaining: 1d 3h 3m 53s
302:	learn: 0.1745645	test: 0.4148578	best: 0.4148528 (301)	total: 4m 55s	remaining: 1d 3h 3m 1s
303:	learn: 0.1741643	test: 0.4147378	best: 0.4147378 (303)	total: 4m 56s	remaining: 1d 3h 2m 18s
304:	learn: 0.1736196	test: 0.4146133	best: 0.4146133 (304)	total: 4m 57s	remaining: 1d 3h 2m 38s
305:	learn: 0.1731498	test: 0.4145267	best: 0.4145267 (305)	total: 4m 58s	remaining: 1d 3h 1m 49s
306:	learn: 0.1727688	test: 0.4145467	best: 0.4145267 (305)	total: 4m 59s	remaining: 1d 3h 48s
307:	learn: 0.1724292	test: 0.4145747	best: 0.4145267 (305)	total: 5m	remaining: 1d 3h 2m 10s
308:	learn: 0.1719997	test: 0.4145723	best: 0.4145267 (305)	total: 5m 1s	remaining: 1d 3h 2m 52s
309:	learn: 0.1716300	test: 0.4145586	best: 0.4145267 (305)	total: 5m 2s	remaining: 1d 3h 2m 15s
310:	learn: 0.1711881	test: 0.4145804	best: 0.4145267 (305)	total: 5m 3s	remaining: 1d 3h 1m 30s
311:	learn: 0.1708728	test: 0.4145763	best: 0.4145267 (305)	total: 5m 4s	remaining: 1d 3h 55s
312:	learn: 0.1706048	test: 0.4145635	best: 0.4145267 (305)	total: 5m 5s	remaining: 1d 3h 1m 1s
313:	learn: 0.1701263	test: 0.4144329	best: 0.4144329 (313)	total: 5m 6s	remaining: 1d 3h 17s
314:	learn: 0.1697641	test: 0.4143863	best: 0.4143863 (314)	total: 5m 7s	remaining: 1d 3h 18s
315:	learn: 0.1692787	test: 0.4144082	best: 0.4143863 (314)	total: 5m 8s	remaining: 1d 2h 59m 42s
316:	learn: 0.1689165	test: 0.4143404	best: 0.4143404 (316)	total: 5m 8s	remaining: 1d 2h 59m 5s
317:	learn: 0.1685027	test: 0.4143271	best: 0.4143271 (317)	total: 5m 9s	remaining: 1d 2h 58m 28s
318:	learn: 0.1682325	test: 0.4144154	best: 0.4143271 (317)	total: 5m 10s	remaining: 1d 2h 57m 18s
319:	learn: 0.1678958	test: 0.4143045	best: 0.4143045 (319)	total: 5m 11s	remaining: 1d 2h 58m 21s
320:	learn: 0.1673584	test: 0.4141499	best: 0.4141499 (320)	total: 5m 12s	remaining: 1d 2h 58m 34s
321:	learn: 0.1670780	test: 0.4141410	best: 0.4141410 (321)	total: 5m 13s	remaining: 1d 2h 58m 3s
322:	learn: 0.1668393	test: 0.4141411	best: 0.4141410 (321)	total: 5m 14s	remaining: 1d 2h 58m 2s
323:	learn: 0.1663437	test: 0.4141033	best: 0.4141033 (323)	total: 5m 15s	remaining: 1d 2h 56m 58s
324:	learn: 0.1660190	test: 0.4141107	best: 0.4141033 (323)	total: 5m 16s	remaining: 1d 2h 56m 33s
325:	learn: 0.1657237	test: 0.4140038	best: 0.4140038 (325)	total: 5m 17s	remaining: 1d 2h 56m 6s
326:	learn: 0.1653608	test: 0.4138877	best: 0.4138877 (326)	total: 5m 17s	remaining: 1d 2h 55m 24s
327:	learn: 0.1650468	test: 0.4137491	best: 0.4137491 (327)	total: 5m 18s	remaining: 1d 2h 55m 12s
328:	learn: 0.1641541	test: 0.4134176	best: 0.4134176 (328)	total: 5m 19s	remaining: 1d 2h 54m 28s
329:	learn: 0.1638055	test: 0.4134313	best: 0.4134176 (328)	total: 5m 20s	remaining: 1d 2h 53m 53s
330:	learn: 0.1634930	test: 0.4133586	best: 0.4133586 (330)	total: 5m 21s	remaining: 1d 2h 52m 21s
331:	learn: 0.1631637	test: 0.4132479	best: 0.4132479 (331)	total: 5m 22s	remaining: 1d 2h 52m 2s
332:	learn: 0.1628002	test: 0.4131612	best: 0.4131612 (332)	total: 5m 23s	remaining: 1d 2h 52m 5s
333:	learn: 0.1624912	test: 0.4130434	best: 0.4130434 (333)	total: 5m 24s	remaining: 1d 2h 54m 12s
334:	learn: 0.1621424	test: 0.4130531	best: 0.4130434 (333)	total: 5m 25s	remaining: 1d 2h 55m 19s
335:	learn: 0.1617063	test: 0.4129347	best: 0.4129347 (335)	total: 5m 26s	remaining: 1d 2h 55m 34s
336:	learn: 0.1613149	test: 0.4128662	best: 0.4128662 (336)	total: 5m 27s	remaining: 1d 2h 55m 6s
337:	learn: 0.1610091	test: 0.4127560	best: 0.4127560 (337)	total: 5m 28s	remaining: 1d 2h 55m 12s
338:	learn: 0.1607173	test: 0.4128465	best: 0.4127560 (337)	total: 5m 29s	remaining: 1d 2h 54m 21s
339:	learn: 0.1604343	test: 0.4128215	best: 0.4127560 (337)	total: 5m 30s	remaining: 1d 2h 53m 54s
340:	learn: 0.1601871	test: 0.4127925	best: 0.4127560 (337)	total: 5m 31s	remaining: 1d 2h 54m 16s
341:	learn: 0.1598404	test: 0.4128417	best: 0.4127560 (337)	total: 5m 32s	remaining: 1d 2h 55m 18s
342:	learn: 0.1593413	test: 0.4128140	best: 0.4127560 (337)	total: 5m 33s	remaining: 1d 2h 55m 31s
343:	learn: 0.1589977	test: 0.4126738	best: 0.4126738 (343)	total: 5m 34s	remaining: 1d 2h 55m 5s
344:	learn: 0.1586222	test: 0.4126798	best: 0.4126738 (343)	total: 5m 35s	remaining: 1d 2h 54m 37s
345:	learn: 0.1582154	test: 0.4125454	best: 0.4125454 (345)	total: 5m 36s	remaining: 1d 2h 54m 12s
346:	learn: 0.1579749	test: 0.4126150	best: 0.4125454 (345)	total: 5m 37s	remaining: 1d 2h 53m 6s
347:	learn: 0.1577062	test: 0.4126047	best: 0.4125454 (345)	total: 5m 38s	remaining: 1d 2h 53m 50s
348:	learn: 0.1572535	test: 0.4124788	best: 0.4124788 (348)	total: 5m 39s	remaining: 1d 2h 55m 11s
349:	learn: 0.1569230	test: 0.4123358	best: 0.4123358 (349)	total: 5m 41s	remaining: 1d 2h 59m 41s
350:	learn: 0.1566550	test: 0.4122344	best: 0.4122344 (350)	total: 5m 42s	remaining: 1d 2h 59m 31s
351:	learn: 0.1563362	test: 0.4121672	best: 0.4121672 (351)	total: 5m 43s	remaining: 1d 2h 58m 34s
352:	learn: 0.1561174	test: 0.4122389	best: 0.4121672 (351)	total: 5m 44s	remaining: 1d 2h 58m 34s
353:	learn: 0.1558501	test: 0.4122478	best: 0.4121672 (351)	total: 5m 45s	remaining: 1d 2h 58m 45s
354:	learn: 0.1556483	test: 0.4122806	best: 0.4121672 (351)	total: 5m 45s	remaining: 1d 2h 58m 30s
355:	learn: 0.1554239	test: 0.4122358	best: 0.4121672 (351)	total: 5m 46s	remaining: 1d 2h 57m 47s
356:	learn: 0.1551231	test: 0.4121638	best: 0.4121638 (356)	total: 5m 47s	remaining: 1d 2h 57m 31s
357:	learn: 0.1547527	test: 0.4121268	best: 0.4121268 (357)	total: 5m 48s	remaining: 1d 2h 56m 56s
358:	learn: 0.1544932	test: 0.4121635	best: 0.4121268 (357)	total: 5m 49s	remaining: 1d 2h 56m 39s
359:	learn: 0.1542158	test: 0.4121810	best: 0.4121268 (357)	total: 5m 50s	remaining: 1d 2h 55m 53s
360:	learn: 0.1539156	test: 0.4121568	best: 0.4121268 (357)	total: 5m 51s	remaining: 1d 2h 55m 6s
361:	learn: 0.1535860	test: 0.4120763	best: 0.4120763 (361)	total: 5m 51s	remaining: 1d 2h 54m 30s
362:	learn: 0.1532682	test: 0.4121216	best: 0.4120763 (361)	total: 5m 52s	remaining: 1d 2h 53m 53s
363:	learn: 0.1528594	test: 0.4120105	best: 0.4120105 (363)	total: 5m 53s	remaining: 1d 2h 53m 29s
364:	learn: 0.1519863	test: 0.4116868	best: 0.4116868 (364)	total: 5m 54s	remaining: 1d 2h 53m 31s
365:	learn: 0.1515966	test: 0.4116393	best: 0.4116393 (365)	total: 5m 55s	remaining: 1d 2h 52m 39s
366:	learn: 0.1513240	test: 0.4116079	best: 0.4116079 (366)	total: 5m 56s	remaining: 1d 2h 51m 59s
367:	learn: 0.1509397	test: 0.4115400	best: 0.4115400 (367)	total: 5m 57s	remaining: 1d 2h 51m 19s
368:	learn: 0.1504879	test: 0.4113861	best: 0.4113861 (368)	total: 5m 57s	remaining: 1d 2h 50m 42s
369:	learn: 0.1500116	test: 0.4113823	best: 0.4113823 (369)	total: 5m 58s	remaining: 1d 2h 50m 15s
370:	learn: 0.1497099	test: 0.4113932	best: 0.4113823 (369)	total: 5m 59s	remaining: 1d 2h 50m 52s
371:	learn: 0.1494541	test: 0.4113752	best: 0.4113752 (371)	total: 6m	remaining: 1d 2h 50m 33s
372:	learn: 0.1491709	test: 0.4113186	best: 0.4113186 (372)	total: 6m 1s	remaining: 1d 2h 49m 57s
373:	learn: 0.1489315	test: 0.4113273	best: 0.4113186 (372)	total: 6m 2s	remaining: 1d 2h 49m 32s
374:	learn: 0.1485290	test: 0.4110936	best: 0.4110936 (374)	total: 6m 3s	remaining: 1d 2h 48m 14s
375:	learn: 0.1481919	test: 0.4109648	best: 0.4109648 (375)	total: 6m 3s	remaining: 1d 2h 46m 43s
376:	learn: 0.1479603	test: 0.4109435	best: 0.4109435 (376)	total: 6m 4s	remaining: 1d 2h 46m 34s
377:	learn: 0.1477482	test: 0.4109188	best: 0.4109188 (377)	total: 6m 7s	remaining: 1d 2h 54m 37s
378:	learn: 0.1474406	test: 0.4108242	best: 0.4108242 (378)	total: 6m 9s	remaining: 1d 2h 57m 36s
379:	learn: 0.1472000	test: 0.4106853	best: 0.4106853 (379)	total: 6m 10s	remaining: 1d 2h 57m 45s
380:	learn: 0.1468477	test: 0.4106529	best: 0.4106529 (380)	total: 6m 11s	remaining: 1d 2h 58m 35s
381:	learn: 0.1462830	test: 0.4106691	best: 0.4106529 (380)	total: 6m 12s	remaining: 1d 2h 58m 45s
382:	learn: 0.1459094	test: 0.4105772	best: 0.4105772 (382)	total: 6m 13s	remaining: 1d 2h 58m 27s
383:	learn: 0.1453673	test: 0.4105042	best: 0.4105042 (383)	total: 6m 14s	remaining: 1d 2h 58m 41s
384:	learn: 0.1451305	test: 0.4103452	best: 0.4103452 (384)	total: 6m 15s	remaining: 1d 2h 58m 40s
385:	learn: 0.1448988	test: 0.4103095	best: 0.4103095 (385)	total: 6m 16s	remaining: 1d 2h 58m 37s
386:	learn: 0.1445177	test: 0.4104468	best: 0.4103095 (385)	total: 6m 17s	remaining: 1d 2h 57m 50s
387:	learn: 0.1443252	test: 0.4102796	best: 0.4102796 (387)	total: 6m 17s	remaining: 1d 2h 57m 4s
388:	learn: 0.1441332	test: 0.4102182	best: 0.4102182 (388)	total: 6m 18s	remaining: 1d 2h 56m 13s
389:	learn: 0.1438774	test: 0.4102106	best: 0.4102106 (389)	total: 6m 19s	remaining: 1d 2h 55m 41s
390:	learn: 0.1436004	test: 0.4101973	best: 0.4101973 (390)	total: 6m 20s	remaining: 1d 2h 55m 25s
391:	learn: 0.1432046	test: 0.4101780	best: 0.4101780 (391)	total: 6m 21s	remaining: 1d 2h 55m 8s
392:	learn: 0.1429994	test: 0.4101172	best: 0.4101172 (392)	total: 6m 22s	remaining: 1d 2h 56m 25s
393:	learn: 0.1427759	test: 0.4101244	best: 0.4101172 (392)	total: 6m 23s	remaining: 1d 2h 56m 9s
394:	learn: 0.1425528	test: 0.4100027	best: 0.4100027 (394)	total: 6m 24s	remaining: 1d 2h 55m 31s
395:	learn: 0.1422509	test: 0.4099259	best: 0.4099259 (395)	total: 6m 25s	remaining: 1d 2h 55m 1s
396:	learn: 0.1420609	test: 0.4099078	best: 0.4099078 (396)	total: 6m 26s	remaining: 1d 2h 55m 39s
397:	learn: 0.1418261	test: 0.4097699	best: 0.4097699 (397)	total: 6m 27s	remaining: 1d 2h 54m 43s
398:	learn: 0.1415493	test: 0.4097098	best: 0.4097098 (398)	total: 6m 28s	remaining: 1d 2h 55m 31s
399:	learn: 0.1413238	test: 0.4096610	best: 0.4096610 (399)	total: 6m 29s	remaining: 1d 2h 56m 5s
400:	learn: 0.1405615	test: 0.4096634	best: 0.4096610 (399)	total: 6m 30s	remaining: 1d 2h 56m 22s
401:	learn: 0.1402236	test: 0.4096856	best: 0.4096610 (399)	total: 6m 31s	remaining: 1d 2h 56m 29s
402:	learn: 0.1398449	test: 0.4098324	best: 0.4096610 (399)	total: 6m 32s	remaining: 1d 2h 56m 13s
403:	learn: 0.1396626	test: 0.4098473	best: 0.4096610 (399)	total: 6m 33s	remaining: 1d 2h 55m 56s
404:	learn: 0.1394043	test: 0.4098089	best: 0.4096610 (399)	total: 6m 34s	remaining: 1d 2h 55m 33s
405:	learn: 0.1391867	test: 0.4098428	best: 0.4096610 (399)	total: 6m 35s	remaining: 1d 2h 55m 26s
406:	learn: 0.1389273	test: 0.4098186	best: 0.4096610 (399)	total: 6m 36s	remaining: 1d 2h 55m 22s
407:	learn: 0.1386783	test: 0.4097322	best: 0.4096610 (399)	total: 6m 36s	remaining: 1d 2h 54m 20s
408:	learn: 0.1383600	test: 0.4096695	best: 0.4096610 (399)	total: 6m 37s	remaining: 1d 2h 53m 51s
409:	learn: 0.1378461	test: 0.4096491	best: 0.4096491 (409)	total: 6m 38s	remaining: 1d 2h 53m 25s
410:	learn: 0.1373975	test: 0.4094355	best: 0.4094355 (410)	total: 6m 39s	remaining: 1d 2h 53m 10s
411:	learn: 0.1370922	test: 0.4094574	best: 0.4094355 (410)	total: 6m 40s	remaining: 1d 2h 53m 13s
412:	learn: 0.1369075	test: 0.4094435	best: 0.4094355 (410)	total: 6m 41s	remaining: 1d 2h 53m 25s
413:	learn: 0.1365881	test: 0.4093750	best: 0.4093750 (413)	total: 6m 42s	remaining: 1d 2h 52m 53s
414:	learn: 0.1363699	test: 0.4093270	best: 0.4093270 (414)	total: 6m 43s	remaining: 1d 2h 52m 10s
415:	learn: 0.1360742	test: 0.4093716	best: 0.4093270 (414)	total: 6m 44s	remaining: 1d 2h 52m 48s
416:	learn: 0.1356988	test: 0.4092634	best: 0.4092634 (416)	total: 6m 45s	remaining: 1d 2h 53m 32s
417:	learn: 0.1353170	test: 0.4090884	best: 0.4090884 (417)	total: 6m 46s	remaining: 1d 2h 53m 38s
418:	learn: 0.1350520	test: 0.4090228	best: 0.4090228 (418)	total: 6m 48s	remaining: 1d 2h 56m 31s
419:	learn: 0.1348215	test: 0.4090347	best: 0.4090228 (418)	total: 6m 49s	remaining: 1d 2h 58m
420:	learn: 0.1345546	test: 0.4090687	best: 0.4090228 (418)	total: 6m 50s	remaining: 1d 2h 58m 57s
421:	learn: 0.1338247	test: 0.4091218	best: 0.4090228 (418)	total: 6m 51s	remaining: 1d 2h 59m 25s
422:	learn: 0.1335989	test: 0.4090171	best: 0.4090171 (422)	total: 6m 52s	remaining: 1d 2h 59m 25s
423:	learn: 0.1333846	test: 0.4089570	best: 0.4089570 (423)	total: 6m 53s	remaining: 1d 2h 59m 32s
424:	learn: 0.1331144	test: 0.4089388	best: 0.4089388 (424)	total: 6m 54s	remaining: 1d 2h 59m 39s
425:	learn: 0.1329430	test: 0.4089204	best: 0.4089204 (425)	total: 6m 55s	remaining: 1d 2h 58m 57s
426:	learn: 0.1326957	test: 0.4090063	best: 0.4089204 (425)	total: 6m 56s	remaining: 1d 2h 58m 52s
427:	learn: 0.1323926	test: 0.4089899	best: 0.4089204 (425)	total: 6m 57s	remaining: 1d 2h 58m 59s
428:	learn: 0.1320382	test: 0.4089364	best: 0.4089204 (425)	total: 6m 58s	remaining: 1d 2h 59m 4s
429:	learn: 0.1316922	test: 0.4090653	best: 0.4089204 (425)	total: 6m 59s	remaining: 1d 2h 59m 23s
430:	learn: 0.1315012	test: 0.4090928	best: 0.4089204 (425)	total: 7m	remaining: 1d 2h 58m 59s
431:	learn: 0.1312994	test: 0.4090505	best: 0.4089204 (425)	total: 7m 1s	remaining: 1d 2h 59m 7s
432:	learn: 0.1311122	test: 0.4090506	best: 0.4089204 (425)	total: 7m 2s	remaining: 1d 2h 59m 35s
433:	learn: 0.1305423	test: 0.4093457	best: 0.4089204 (425)	total: 7m 3s	remaining: 1d 3h 6s
434:	learn: 0.1303854	test: 0.4093150	best: 0.4089204 (425)	total: 7m 5s	remaining: 1d 3h 1m 34s
435:	learn: 0.1301795	test: 0.4093364	best: 0.4089204 (425)	total: 7m 6s	remaining: 1d 3h 3m 59s
436:	learn: 0.1299448	test: 0.4092243	best: 0.4089204 (425)	total: 7m 7s	remaining: 1d 3h 4m 29s
437:	learn: 0.1297791	test: 0.4091857	best: 0.4089204 (425)	total: 7m 9s	remaining: 1d 3h 5m 50s
438:	learn: 0.1293411	test: 0.4090086	best: 0.4089204 (425)	total: 7m 10s	remaining: 1d 3h 8m 26s
439:	learn: 0.1291626	test: 0.4090065	best: 0.4089204 (425)	total: 7m 12s	remaining: 1d 3h 9m 53s
440:	learn: 0.1288033	test: 0.4089838	best: 0.4089204 (425)	total: 7m 13s	remaining: 1d 3h 10m 16s
441:	learn: 0.1285851	test: 0.4090059	best: 0.4089204 (425)	total: 7m 14s	remaining: 1d 3h 9m 47s
442:	learn: 0.1283830	test: 0.4089449	best: 0.4089204 (425)	total: 7m 15s	remaining: 1d 3h 10m 40s
443:	learn: 0.1282391	test: 0.4089254	best: 0.4089204 (425)	total: 7m 16s	remaining: 1d 3h 9m 34s
444:	learn: 0.1273727	test: 0.4092721	best: 0.4089204 (425)	total: 7m 16s	remaining: 1d 3h 9m 15s
445:	learn: 0.1272001	test: 0.4091997	best: 0.4089204 (425)	total: 7m 17s	remaining: 1d 3h 9m 4s
446:	learn: 0.1270001	test: 0.4091639	best: 0.4089204 (425)	total: 7m 18s	remaining: 1d 3h 9m 21s
447:	learn: 0.1266577	test: 0.4093044	best: 0.4089204 (425)	total: 7m 19s	remaining: 1d 3h 8m 50s
448:	learn: 0.1263602	test: 0.4093461	best: 0.4089204 (425)	total: 7m 20s	remaining: 1d 3h 8m 5s
449:	learn: 0.1261921	test: 0.4093635	best: 0.4089204 (425)	total: 7m 21s	remaining: 1d 3h 8m 9s
450:	learn: 0.1259585	test: 0.4092997	best: 0.4089204 (425)	total: 7m 22s	remaining: 1d 3h 7m 45s
451:	learn: 0.1257827	test: 0.4093341	best: 0.4089204 (425)	total: 7m 23s	remaining: 1d 3h 7m 18s
452:	learn: 0.1256190	test: 0.4092895	best: 0.4089204 (425)	total: 7m 24s	remaining: 1d 3h 6m 39s
453:	learn: 0.1254014	test: 0.4093257	best: 0.4089204 (425)	total: 7m 24s	remaining: 1d 3h 6m 1s
454:	learn: 0.1251837	test: 0.4093155	best: 0.4089204 (425)	total: 7m 25s	remaining: 1d 3h 5m 16s
455:	learn: 0.1250302	test: 0.4093042	best: 0.4089204 (425)	total: 7m 26s	remaining: 1d 3h 4m 33s
456:	learn: 0.1248782	test: 0.4092632	best: 0.4089204 (425)	total: 7m 27s	remaining: 1d 3h 3m 57s
457:	learn: 0.1246592	test: 0.4092849	best: 0.4089204 (425)	total: 7m 28s	remaining: 1d 3h 4m 7s
458:	learn: 0.1245281	test: 0.4092293	best: 0.4089204 (425)	total: 7m 29s	remaining: 1d 3h 3m 36s
459:	learn: 0.1241905	test: 0.4090827	best: 0.4089204 (425)	total: 7m 30s	remaining: 1d 3h 3m 9s
460:	learn: 0.1239246	test: 0.4090495	best: 0.4089204 (425)	total: 7m 30s	remaining: 1d 3h 2m 41s
461:	learn: 0.1236625	test: 0.4090173	best: 0.4089204 (425)	total: 7m 31s	remaining: 1d 3h 2m 22s
462:	learn: 0.1234947	test: 0.4090108	best: 0.4089204 (425)	total: 7m 32s	remaining: 1d 3h 1m 58s
463:	learn: 0.1230595	test: 0.4090801	best: 0.4089204 (425)	total: 7m 33s	remaining: 1d 3h 1m 54s
464:	learn: 0.1229094	test: 0.4090856	best: 0.4089204 (425)	total: 7m 34s	remaining: 1d 3h 1m 44s
465:	learn: 0.1227844	test: 0.4090485	best: 0.4089204 (425)	total: 7m 35s	remaining: 1d 3h 1m 27s
466:	learn: 0.1224664	test: 0.4091456	best: 0.4089204 (425)	total: 7m 36s	remaining: 1d 3h 1m 7s
467:	learn: 0.1223386	test: 0.4091101	best: 0.4089204 (425)	total: 7m 37s	remaining: 1d 3h 36s
468:	learn: 0.1221273	test: 0.4091033	best: 0.4089204 (425)	total: 7m 38s	remaining: 1d 3h 6s
469:	learn: 0.1219729	test: 0.4091097	best: 0.4089204 (425)	total: 7m 39s	remaining: 1d 3h 17s
470:	learn: 0.1218057	test: 0.4090666	best: 0.4089204 (425)	total: 7m 39s	remaining: 1d 2h 59m 47s
471:	learn: 0.1216030	test: 0.4090317	best: 0.4089204 (425)	total: 7m 40s	remaining: 1d 2h 59m 16s
472:	learn: 0.1214254	test: 0.4090033	best: 0.4089204 (425)	total: 7m 41s	remaining: 1d 2h 58m 41s
473:	learn: 0.1212474	test: 0.4089299	best: 0.4089204 (425)	total: 7m 42s	remaining: 1d 2h 58m 16s
474:	learn: 0.1210855	test: 0.4089028	best: 0.4089028 (474)	total: 7m 43s	remaining: 1d 2h 57m 42s
475:	learn: 0.1209334	test: 0.4089340	best: 0.4089028 (474)	total: 7m 44s	remaining: 1d 2h 57m 56s
476:	learn: 0.1207012	test: 0.4089059	best: 0.4089028 (474)	total: 7m 45s	remaining: 1d 2h 57m 33s
477:	learn: 0.1205114	test: 0.4089862	best: 0.4089028 (474)	total: 7m 45s	remaining: 1d 2h 56m 52s
478:	learn: 0.1199046	test: 0.4091718	best: 0.4089028 (474)	total: 7m 46s	remaining: 1d 2h 56m 30s
479:	learn: 0.1197242	test: 0.4091940	best: 0.4089028 (474)	total: 7m 47s	remaining: 1d 2h 56m 7s
480:	learn: 0.1195781	test: 0.4091507	best: 0.4089028 (474)	total: 7m 48s	remaining: 1d 2h 56m 43s
481:	learn: 0.1194297	test: 0.4091170	best: 0.4089028 (474)	total: 7m 50s	remaining: 1d 2h 57m 26s
482:	learn: 0.1192345	test: 0.4091953	best: 0.4089028 (474)	total: 7m 50s	remaining: 1d 2h 57m 20s
483:	learn: 0.1190970	test: 0.4092013	best: 0.4089028 (474)	total: 7m 51s	remaining: 1d 2h 56m 42s
484:	learn: 0.1188768	test: 0.4093127	best: 0.4089028 (474)	total: 7m 52s	remaining: 1d 2h 56m 11s
485:	learn: 0.1187387	test: 0.4093282	best: 0.4089028 (474)	total: 7m 53s	remaining: 1d 2h 56m 25s
486:	learn: 0.1185709	test: 0.4093313	best: 0.4089028 (474)	total: 7m 54s	remaining: 1d 2h 56m 9s
487:	learn: 0.1184354	test: 0.4093186	best: 0.4089028 (474)	total: 7m 55s	remaining: 1d 2h 55m 48s
488:	learn: 0.1180343	test: 0.4091528	best: 0.4089028 (474)	total: 7m 56s	remaining: 1d 2h 56m 45s
489:	learn: 0.1178729	test: 0.4091753	best: 0.4089028 (474)	total: 7m 57s	remaining: 1d 2h 56m 41s
490:	learn: 0.1177146	test: 0.4091785	best: 0.4089028 (474)	total: 7m 58s	remaining: 1d 2h 56m 30s
491:	learn: 0.1175783	test: 0.4091793	best: 0.4089028 (474)	total: 7m 59s	remaining: 1d 2h 57m 10s
492:	learn: 0.1174217	test: 0.4091805	best: 0.4089028 (474)	total: 8m	remaining: 1d 2h 57m 42s
493:	learn: 0.1172568	test: 0.4092055	best: 0.4089028 (474)	total: 8m 1s	remaining: 1d 2h 57m 3s
494:	learn: 0.1166987	test: 0.4092024	best: 0.4089028 (474)	total: 8m 2s	remaining: 1d 2h 56m 22s
495:	learn: 0.1164958	test: 0.4091939	best: 0.4089028 (474)	total: 8m 3s	remaining: 1d 2h 56m 33s
496:	learn: 0.1163444	test: 0.4092800	best: 0.4089028 (474)	total: 8m 4s	remaining: 1d 2h 56m 32s
497:	learn: 0.1161890	test: 0.4093016	best: 0.4089028 (474)	total: 8m 5s	remaining: 1d 2h 56m 19s
498:	learn: 0.1159781	test: 0.4092918	best: 0.4089028 (474)	total: 8m 6s	remaining: 1d 2h 55m 42s
499:	learn: 0.1158439	test: 0.4092433	best: 0.4089028 (474)	total: 8m 6s	remaining: 1d 2h 55m 2s
500:	learn: 0.1155567	test: 0.4092058	best: 0.4089028 (474)	total: 8m 8s	remaining: 1d 2h 56m 16s
501:	learn: 0.1153998	test: 0.4091634	best: 0.4089028 (474)	total: 8m 9s	remaining: 1d 2h 57m 4s
502:	learn: 0.1151882	test: 0.4091451	best: 0.4089028 (474)	total: 8m 10s	remaining: 1d 2h 57m 26s
503:	learn: 0.1150290	test: 0.4092525	best: 0.4089028 (474)	total: 8m 11s	remaining: 1d 2h 58m 19s
504:	learn: 0.1148096	test: 0.4093057	best: 0.4089028 (474)	total: 8m 13s	remaining: 1d 2h 59m 33s
505:	learn: 0.1146615	test: 0.4092821	best: 0.4089028 (474)	total: 8m 14s	remaining: 1d 2h 59m 54s
506:	learn: 0.1144875	test: 0.4092123	best: 0.4089028 (474)	total: 8m 15s	remaining: 1d 2h 59m 47s
507:	learn: 0.1143565	test: 0.4091437	best: 0.4089028 (474)	total: 8m 16s	remaining: 1d 3h 13s
508:	learn: 0.1141998	test: 0.4091349	best: 0.4089028 (474)	total: 8m 17s	remaining: 1d 3h 59s
509:	learn: 0.1140714	test: 0.4091625	best: 0.4089028 (474)	total: 8m 18s	remaining: 1d 3h 21s
510:	learn: 0.1139145	test: 0.4092015	best: 0.4089028 (474)	total: 8m 19s	remaining: 1d 2h 59m 31s
511:	learn: 0.1136993	test: 0.4091737	best: 0.4089028 (474)	total: 8m 20s	remaining: 1d 2h 59m 22s
512:	learn: 0.1135318	test: 0.4091083	best: 0.4089028 (474)	total: 8m 20s	remaining: 1d 2h 59m 12s
513:	learn: 0.1133579	test: 0.4090620	best: 0.4089028 (474)	total: 8m 22s	remaining: 1d 2h 59m 29s
514:	learn: 0.1130427	test: 0.4088246	best: 0.4088246 (514)	total: 8m 24s	remaining: 1d 3h 3m 26s
515:	learn: 0.1129093	test: 0.4088177	best: 0.4088177 (515)	total: 8m 25s	remaining: 1d 3h 3m 15s
516:	learn: 0.1126761	test: 0.4088096	best: 0.4088096 (516)	total: 8m 26s	remaining: 1d 3h 3m 46s
517:	learn: 0.1124361	test: 0.4086794	best: 0.4086794 (517)	total: 8m 27s	remaining: 1d 3h 5m 42s
518:	learn: 0.1122998	test: 0.4087609	best: 0.4086794 (517)	total: 8m 28s	remaining: 1d 3h 5m 44s
519:	learn: 0.1120556	test: 0.4087803	best: 0.4086794 (517)	total: 8m 29s	remaining: 1d 3h 5m 35s
520:	learn: 0.1118925	test: 0.4087358	best: 0.4086794 (517)	total: 8m 30s	remaining: 1d 3h 5m 19s
521:	learn: 0.1117474	test: 0.4086859	best: 0.4086794 (517)	total: 8m 32s	remaining: 1d 3h 6m 26s
522:	learn: 0.1115823	test: 0.4087097	best: 0.4086794 (517)	total: 8m 33s	remaining: 1d 3h 9m 22s
523:	learn: 0.1114374	test: 0.4087109	best: 0.4086794 (517)	total: 8m 34s	remaining: 1d 3h 9m 16s
524:	learn: 0.1112683	test: 0.4086602	best: 0.4086602 (524)	total: 8m 35s	remaining: 1d 3h 9m 16s
525:	learn: 0.1110869	test: 0.4086854	best: 0.4086602 (524)	total: 8m 36s	remaining: 1d 3h 9m 7s
526:	learn: 0.1108026	test: 0.4088372	best: 0.4086602 (524)	total: 8m 37s	remaining: 1d 3h 9m 17s
527:	learn: 0.1106276	test: 0.4088180	best: 0.4086602 (524)	total: 8m 40s	remaining: 1d 3h 13m 41s
528:	learn: 0.1101328	test: 0.4083681	best: 0.4083681 (528)	total: 8m 41s	remaining: 1d 3h 13m 53s
529:	learn: 0.1099863	test: 0.4084140	best: 0.4083681 (528)	total: 8m 42s	remaining: 1d 3h 14m 23s
530:	learn: 0.1098229	test: 0.4083730	best: 0.4083681 (528)	total: 8m 43s	remaining: 1d 3h 14m 4s
531:	learn: 0.1096619	test: 0.4083066	best: 0.4083066 (531)	total: 8m 44s	remaining: 1d 3h 13m 44s
532:	learn: 0.1095003	test: 0.4082663	best: 0.4082663 (532)	total: 8m 45s	remaining: 1d 3h 13m 14s
533:	learn: 0.1093014	test: 0.4083259	best: 0.4082663 (532)	total: 8m 45s	remaining: 1d 3h 12m 49s
534:	learn: 0.1091519	test: 0.4083044	best: 0.4082663 (532)	total: 8m 46s	remaining: 1d 3h 12m 29s
535:	learn: 0.1086044	test: 0.4080577	best: 0.4080577 (535)	total: 8m 47s	remaining: 1d 3h 12m 3s
536:	learn: 0.1084859	test: 0.4081062	best: 0.4080577 (535)	total: 8m 48s	remaining: 1d 3h 11m 26s
537:	learn: 0.1083495	test: 0.4080179	best: 0.4080179 (537)	total: 8m 49s	remaining: 1d 3h 11m 2s
538:	learn: 0.1080955	test: 0.4078428	best: 0.4078428 (538)	total: 8m 50s	remaining: 1d 3h 10m 39s
539:	learn: 0.1079592	test: 0.4078275	best: 0.4078275 (539)	total: 8m 51s	remaining: 1d 3h 11m 3s
540:	learn: 0.1078090	test: 0.4078679	best: 0.4078275 (539)	total: 8m 52s	remaining: 1d 3h 11m 5s
541:	learn: 0.1074869	test: 0.4078341	best: 0.4078275 (539)	total: 8m 53s	remaining: 1d 3h 10m 38s
542:	learn: 0.1073182	test: 0.4077719	best: 0.4077719 (542)	total: 8m 54s	remaining: 1d 3h 10m 31s
543:	learn: 0.1071693	test: 0.4077926	best: 0.4077719 (542)	total: 8m 55s	remaining: 1d 3h 10m 22s
544:	learn: 0.1069540	test: 0.4079297	best: 0.4077719 (542)	total: 8m 56s	remaining: 1d 3h 10m 27s
545:	learn: 0.1067586	test: 0.4079554	best: 0.4077719 (542)	total: 8m 56s	remaining: 1d 3h 10m 13s
546:	learn: 0.1066266	test: 0.4079939	best: 0.4077719 (542)	total: 8m 57s	remaining: 1d 3h 10m 3s
547:	learn: 0.1064704	test: 0.4079454	best: 0.4077719 (542)	total: 8m 58s	remaining: 1d 3h 10m 14s
548:	learn: 0.1063534	test: 0.4079108	best: 0.4077719 (542)	total: 9m	remaining: 1d 3h 10m 37s
549:	learn: 0.1061435	test: 0.4079645	best: 0.4077719 (542)	total: 9m 1s	remaining: 1d 3h 10m 33s
550:	learn: 0.1059756	test: 0.4079337	best: 0.4077719 (542)	total: 9m 2s	remaining: 1d 3h 10m 49s
551:	learn: 0.1056517	test: 0.4079394	best: 0.4077719 (542)	total: 9m 3s	remaining: 1d 3h 10m 26s
552:	learn: 0.1054733	test: 0.4078555	best: 0.4077719 (542)	total: 9m 3s	remaining: 1d 3h 10m 10s
553:	learn: 0.1052780	test: 0.4078313	best: 0.4077719 (542)	total: 9m 4s	remaining: 1d 3h 9m 37s
554:	learn: 0.1050114	test: 0.4079327	best: 0.4077719 (542)	total: 9m 5s	remaining: 1d 3h 9m 14s
555:	learn: 0.1048825	test: 0.4079671	best: 0.4077719 (542)	total: 9m 6s	remaining: 1d 3h 8m 49s
556:	learn: 0.1047680	test: 0.4079671	best: 0.4077719 (542)	total: 9m 7s	remaining: 1d 3h 8m 46s
557:	learn: 0.1046321	test: 0.4079498	best: 0.4077719 (542)	total: 9m 8s	remaining: 1d 3h 8m 16s
558:	learn: 0.1044960	test: 0.4080449	best: 0.4077719 (542)	total: 9m 9s	remaining: 1d 3h 7m 43s
559:	learn: 0.1043408	test: 0.4079856	best: 0.4077719 (542)	total: 9m 9s	remaining: 1d 3h 7m 18s
560:	learn: 0.1041550	test: 0.4079627	best: 0.4077719 (542)	total: 9m 10s	remaining: 1d 3h 6m 48s
561:	learn: 0.1039658	test: 0.4079395	best: 0.4077719 (542)	total: 9m 11s	remaining: 1d 3h 6m 20s
562:	learn: 0.1037940	test: 0.4078690	best: 0.4077719 (542)	total: 9m 12s	remaining: 1d 3h 6m 34s
563:	learn: 0.1035661	test: 0.4080295	best: 0.4077719 (542)	total: 9m 14s	remaining: 1d 3h 8m 41s
564:	learn: 0.1034236	test: 0.4079788	best: 0.4077719 (542)	total: 9m 15s	remaining: 1d 3h 10m 45s
565:	learn: 0.1032892	test: 0.4079862	best: 0.4077719 (542)	total: 9m 17s	remaining: 1d 3h 11m 26s
566:	learn: 0.1031482	test: 0.4079364	best: 0.4077719 (542)	total: 9m 18s	remaining: 1d 3h 11m 58s
567:	learn: 0.1030023	test: 0.4079209	best: 0.4077719 (542)	total: 9m 19s	remaining: 1d 3h 11m 39s
568:	learn: 0.1028703	test: 0.4080151	best: 0.4077719 (542)	total: 9m 20s	remaining: 1d 3h 11m 43s
569:	learn: 0.1027361	test: 0.4079606	best: 0.4077719 (542)	total: 9m 21s	remaining: 1d 3h 11m 20s
570:	learn: 0.1024947	test: 0.4080362	best: 0.4077719 (542)	total: 9m 22s	remaining: 1d 3h 11m 8s
571:	learn: 0.1023978	test: 0.4079382	best: 0.4077719 (542)	total: 9m 23s	remaining: 1d 3h 11m 52s
572:	learn: 0.1022610	test: 0.4079088	best: 0.4077719 (542)	total: 9m 24s	remaining: 1d 3h 12m 26s
573:	learn: 0.1021147	test: 0.4079703	best: 0.4077719 (542)	total: 9m 25s	remaining: 1d 3h 12m 35s
574:	learn: 0.1019400	test: 0.4080321	best: 0.4077719 (542)	total: 9m 26s	remaining: 1d 3h 12m 29s
575:	learn: 0.1017898	test: 0.4080324	best: 0.4077719 (542)	total: 9m 27s	remaining: 1d 3h 12m 25s
576:	learn: 0.1016772	test: 0.4080983	best: 0.4077719 (542)	total: 9m 28s	remaining: 1d 3h 12m 31s
577:	learn: 0.1014178	test: 0.4081365	best: 0.4077719 (542)	total: 9m 29s	remaining: 1d 3h 12m 51s
578:	learn: 0.1012184	test: 0.4081445	best: 0.4077719 (542)	total: 9m 30s	remaining: 1d 3h 12m 49s
579:	learn: 0.1010797	test: 0.4081101	best: 0.4077719 (542)	total: 9m 31s	remaining: 1d 3h 13m 23s
580:	learn: 0.1009568	test: 0.4080794	best: 0.4077719 (542)	total: 9m 32s	remaining: 1d 3h 13m 23s
581:	learn: 0.1007937	test: 0.4080509	best: 0.4077719 (542)	total: 9m 33s	remaining: 1d 3h 13m 40s
582:	learn: 0.1005957	test: 0.4080680	best: 0.4077719 (542)	total: 9m 35s	remaining: 1d 3h 15m 19s
583:	learn: 0.1004909	test: 0.4080764	best: 0.4077719 (542)	total: 9m 36s	remaining: 1d 3h 15m 25s
584:	learn: 0.1003261	test: 0.4080627	best: 0.4077719 (542)	total: 9m 37s	remaining: 1d 3h 15m 15s
585:	learn: 0.1001724	test: 0.4081167	best: 0.4077719 (542)	total: 9m 38s	remaining: 1d 3h 15m 7s
586:	learn: 0.1000376	test: 0.4082318	best: 0.4077719 (542)	total: 9m 39s	remaining: 1d 3h 16m 6s
587:	learn: 0.0999391	test: 0.4082431	best: 0.4077719 (542)	total: 9m 40s	remaining: 1d 3h 17m 1s
588:	learn: 0.0998064	test: 0.4083086	best: 0.4077719 (542)	total: 9m 42s	remaining: 1d 3h 17m 25s
589:	learn: 0.0995284	test: 0.4085722	best: 0.4077719 (542)	total: 9m 43s	remaining: 1d 3h 17m 16s
590:	learn: 0.0993094	test: 0.4085767	best: 0.4077719 (542)	total: 9m 43s	remaining: 1d 3h 17m 9s
591:	learn: 0.0991999	test: 0.4085729	best: 0.4077719 (542)	total: 9m 44s	remaining: 1d 3h 16m 58s
592:	learn: 0.0989460	test: 0.4085191	best: 0.4077719 (542)	total: 9m 45s	remaining: 1d 3h 16m 34s
593:	learn: 0.0988367	test: 0.4085401	best: 0.4077719 (542)	total: 9m 46s	remaining: 1d 3h 16m 3s
594:	learn: 0.0986410	test: 0.4086995	best: 0.4077719 (542)	total: 9m 47s	remaining: 1d 3h 15m 26s
595:	learn: 0.0985305	test: 0.4086547	best: 0.4077719 (542)	total: 9m 48s	remaining: 1d 3h 15m 30s
596:	learn: 0.0983313	test: 0.4086491	best: 0.4077719 (542)	total: 9m 49s	remaining: 1d 3h 15m 42s
597:	learn: 0.0982136	test: 0.4086522	best: 0.4077719 (542)	total: 9m 51s	remaining: 1d 3h 20m 1s
598:	learn: 0.0981026	test: 0.4086525	best: 0.4077719 (542)	total: 9m 52s	remaining: 1d 3h 19m 43s
599:	learn: 0.0979857	test: 0.4086038	best: 0.4077719 (542)	total: 9m 53s	remaining: 1d 3h 19m 47s
600:	learn: 0.0978932	test: 0.4086565	best: 0.4077719 (542)	total: 9m 54s	remaining: 1d 3h 19m 37s
601:	learn: 0.0977530	test: 0.4087033	best: 0.4077719 (542)	total: 9m 56s	remaining: 1d 3h 20m 19s
602:	learn: 0.0973803	test: 0.4084801	best: 0.4077719 (542)	total: 9m 57s	remaining: 1d 3h 20m 11s
603:	learn: 0.0972573	test: 0.4085485	best: 0.4077719 (542)	total: 9m 57s	remaining: 1d 3h 19m 54s
604:	learn: 0.0970959	test: 0.4085664	best: 0.4077719 (542)	total: 9m 58s	remaining: 1d 3h 19m 33s
605:	learn: 0.0969316	test: 0.4086494	best: 0.4077719 (542)	total: 9m 59s	remaining: 1d 3h 19m 55s
606:	learn: 0.0968172	test: 0.4086506	best: 0.4077719 (542)	total: 10m	remaining: 1d 3h 19m 39s
607:	learn: 0.0967071	test: 0.4086518	best: 0.4077719 (542)	total: 10m 1s	remaining: 1d 3h 19m 20s
608:	learn: 0.0965549	test: 0.4086440	best: 0.4077719 (542)	total: 10m 2s	remaining: 1d 3h 19m 4s
609:	learn: 0.0963733	test: 0.4087478	best: 0.4077719 (542)	total: 10m 3s	remaining: 1d 3h 18m 52s
610:	learn: 0.0962537	test: 0.4087098	best: 0.4077719 (542)	total: 10m 4s	remaining: 1d 3h 18m 41s
611:	learn: 0.0961273	test: 0.4086639	best: 0.4077719 (542)	total: 10m 5s	remaining: 1d 3h 18m 47s
612:	learn: 0.0959766	test: 0.4086865	best: 0.4077719 (542)	total: 10m 6s	remaining: 1d 3h 18m 22s
613:	learn: 0.0958611	test: 0.4087038	best: 0.4077719 (542)	total: 10m 7s	remaining: 1d 3h 18m 17s
614:	learn: 0.0957095	test: 0.4086811	best: 0.4077719 (542)	total: 10m 8s	remaining: 1d 3h 17m 53s
615:	learn: 0.0955761	test: 0.4086463	best: 0.4077719 (542)	total: 10m 8s	remaining: 1d 3h 17m 33s
616:	learn: 0.0954555	test: 0.4086628	best: 0.4077719 (542)	total: 10m 10s	remaining: 1d 3h 17m 56s
617:	learn: 0.0953362	test: 0.4086692	best: 0.4077719 (542)	total: 10m 11s	remaining: 1d 3h 17m 55s
618:	learn: 0.0952130	test: 0.4086419	best: 0.4077719 (542)	total: 10m 11s	remaining: 1d 3h 17m 34s
619:	learn: 0.0951018	test: 0.4086385	best: 0.4077719 (542)	total: 10m 12s	remaining: 1d 3h 17m 4s
620:	learn: 0.0950033	test: 0.4086168	best: 0.4077719 (542)	total: 10m 13s	remaining: 1d 3h 16m 35s
621:	learn: 0.0948691	test: 0.4086506	best: 0.4077719 (542)	total: 10m 14s	remaining: 1d 3h 16m 6s
622:	learn: 0.0946124	test: 0.4085705	best: 0.4077719 (542)	total: 10m 15s	remaining: 1d 3h 15m 40s
623:	learn: 0.0944929	test: 0.4085806	best: 0.4077719 (542)	total: 10m 16s	remaining: 1d 3h 15m 11s
624:	learn: 0.0943410	test: 0.4086076	best: 0.4077719 (542)	total: 10m 16s	remaining: 1d 3h 14m 39s
625:	learn: 0.0942344	test: 0.4086268	best: 0.4077719 (542)	total: 10m 17s	remaining: 1d 3h 14m 18s
626:	learn: 0.0941197	test: 0.4086072	best: 0.4077719 (542)	total: 10m 18s	remaining: 1d 3h 14m 16s
627:	learn: 0.0940117	test: 0.4086072	best: 0.4077719 (542)	total: 10m 19s	remaining: 1d 3h 14m 45s
628:	learn: 0.0938547	test: 0.4085001	best: 0.4077719 (542)	total: 10m 20s	remaining: 1d 3h 14m 34s
629:	learn: 0.0937438	test: 0.4084579	best: 0.4077719 (542)	total: 10m 21s	remaining: 1d 3h 13m 57s
630:	learn: 0.0934809	test: 0.4084801	best: 0.4077719 (542)	total: 10m 22s	remaining: 1d 3h 13m 31s
631:	learn: 0.0933678	test: 0.4085813	best: 0.4077719 (542)	total: 10m 23s	remaining: 1d 3h 13m 5s
632:	learn: 0.0932483	test: 0.4085700	best: 0.4077719 (542)	total: 10m 24s	remaining: 1d 3h 12m 48s
633:	learn: 0.0931350	test: 0.4086229	best: 0.4077719 (542)	total: 10m 25s	remaining: 1d 3h 12m 36s
634:	learn: 0.0927964	test: 0.4090238	best: 0.4077719 (542)	total: 10m 26s	remaining: 1d 3h 13m 6s
635:	learn: 0.0926653	test: 0.4090279	best: 0.4077719 (542)	total: 10m 27s	remaining: 1d 3h 14m 45s
636:	learn: 0.0925514	test: 0.4090968	best: 0.4077719 (542)	total: 10m 29s	remaining: 1d 3h 15m 49s
637:	learn: 0.0924230	test: 0.4091235	best: 0.4077719 (542)	total: 10m 30s	remaining: 1d 3h 15m 56s
638:	learn: 0.0923181	test: 0.4091467	best: 0.4077719 (542)	total: 10m 31s	remaining: 1d 3h 15m 41s
639:	learn: 0.0922147	test: 0.4091145	best: 0.4077719 (542)	total: 10m 32s	remaining: 1d 3h 15m 31s
640:	learn: 0.0921224	test: 0.4091336	best: 0.4077719 (542)	total: 10m 33s	remaining: 1d 3h 15m 38s
641:	learn: 0.0920150	test: 0.4091573	best: 0.4077719 (542)	total: 10m 34s	remaining: 1d 3h 15m 28s
642:	learn: 0.0918681	test: 0.4092364	best: 0.4077719 (542)	total: 10m 34s	remaining: 1d 3h 15m 10s
643:	learn: 0.0917229	test: 0.4092590	best: 0.4077719 (542)	total: 10m 35s	remaining: 1d 3h 14m 55s
644:	learn: 0.0915502	test: 0.4092561	best: 0.4077719 (542)	total: 10m 36s	remaining: 1d 3h 14m 59s
645:	learn: 0.0914412	test: 0.4092511	best: 0.4077719 (542)	total: 10m 37s	remaining: 1d 3h 14m 44s
646:	learn: 0.0913315	test: 0.4091324	best: 0.4077719 (542)	total: 10m 38s	remaining: 1d 3h 14m 38s
647:	learn: 0.0911837	test: 0.4090960	best: 0.4077719 (542)	total: 10m 39s	remaining: 1d 3h 14m 17s
648:	learn: 0.0910789	test: 0.4091279	best: 0.4077719 (542)	total: 10m 40s	remaining: 1d 3h 14m 3s
649:	learn: 0.0909836	test: 0.4090282	best: 0.4077719 (542)	total: 10m 41s	remaining: 1d 3h 14m 1s
650:	learn: 0.0908822	test: 0.4090501	best: 0.4077719 (542)	total: 10m 44s	remaining: 1d 3h 18m 12s
651:	learn: 0.0907586	test: 0.4091728	best: 0.4077719 (542)	total: 10m 45s	remaining: 1d 3h 19m 26s
652:	learn: 0.0906471	test: 0.4092063	best: 0.4077719 (542)	total: 10m 46s	remaining: 1d 3h 19m 20s
653:	learn: 0.0905433	test: 0.4091852	best: 0.4077719 (542)	total: 10m 47s	remaining: 1d 3h 18m 53s
654:	learn: 0.0903979	test: 0.4090714	best: 0.4077719 (542)	total: 10m 48s	remaining: 1d 3h 18m 22s
655:	learn: 0.0903152	test: 0.4090826	best: 0.4077719 (542)	total: 10m 48s	remaining: 1d 3h 17m 53s
656:	learn: 0.0901998	test: 0.4091415	best: 0.4077719 (542)	total: 10m 49s	remaining: 1d 3h 17m 32s
657:	learn: 0.0900894	test: 0.4091427	best: 0.4077719 (542)	total: 10m 50s	remaining: 1d 3h 17m 10s
658:	learn: 0.0899724	test: 0.4091972	best: 0.4077719 (542)	total: 10m 51s	remaining: 1d 3h 17m 23s
659:	learn: 0.0898231	test: 0.4092379	best: 0.4077719 (542)	total: 10m 52s	remaining: 1d 3h 17m 2s
660:	learn: 0.0897224	test: 0.4092976	best: 0.4077719 (542)	total: 10m 53s	remaining: 1d 3h 16m 34s
661:	learn: 0.0895959	test: 0.4092816	best: 0.4077719 (542)	total: 10m 54s	remaining: 1d 3h 16m 4s
662:	learn: 0.0894154	test: 0.4093548	best: 0.4077719 (542)	total: 10m 55s	remaining: 1d 3h 16m
663:	learn: 0.0891945	test: 0.4094139	best: 0.4077719 (542)	total: 10m 56s	remaining: 1d 3h 16m 30s
664:	learn: 0.0890950	test: 0.4094081	best: 0.4077719 (542)	total: 10m 57s	remaining: 1d 3h 16m 41s
665:	learn: 0.0890139	test: 0.4094089	best: 0.4077719 (542)	total: 10m 59s	remaining: 1d 3h 18m 48s
666:	learn: 0.0888767	test: 0.4093763	best: 0.4077719 (542)	total: 11m	remaining: 1d 3h 18m 39s
667:	learn: 0.0887382	test: 0.4093594	best: 0.4077719 (542)	total: 11m 1s	remaining: 1d 3h 18m 13s
668:	learn: 0.0886401	test: 0.4094710	best: 0.4077719 (542)	total: 11m 1s	remaining: 1d 3h 18m 1s
669:	learn: 0.0884719	test: 0.4096342	best: 0.4077719 (542)	total: 11m 2s	remaining: 1d 3h 17m 49s
670:	learn: 0.0883739	test: 0.4096962	best: 0.4077719 (542)	total: 11m 3s	remaining: 1d 3h 17m 28s
671:	learn: 0.0882420	test: 0.4097745	best: 0.4077719 (542)	total: 11m 4s	remaining: 1d 3h 17m
672:	learn: 0.0880162	test: 0.4100394	best: 0.4077719 (542)	total: 11m 5s	remaining: 1d 3h 16m 20s
673:	learn: 0.0878301	test: 0.4099826	best: 0.4077719 (542)	total: 11m 6s	remaining: 1d 3h 15m 56s
674:	learn: 0.0877042	test: 0.4100027	best: 0.4077719 (542)	total: 11m 7s	remaining: 1d 3h 15m 52s
675:	learn: 0.0876177	test: 0.4100059	best: 0.4077719 (542)	total: 11m 8s	remaining: 1d 3h 16m 56s
676:	learn: 0.0875226	test: 0.4100493	best: 0.4077719 (542)	total: 11m 10s	remaining: 1d 3h 18m 36s
677:	learn: 0.0873856	test: 0.4101784	best: 0.4077719 (542)	total: 11m 11s	remaining: 1d 3h 18m 17s
678:	learn: 0.0871382	test: 0.4102808	best: 0.4077719 (542)	total: 11m 11s	remaining: 1d 3h 17m 55s
679:	learn: 0.0870739	test: 0.4103015	best: 0.4077719 (542)	total: 11m 12s	remaining: 1d 3h 17m 33s
680:	learn: 0.0869782	test: 0.4103512	best: 0.4077719 (542)	total: 11m 13s	remaining: 1d 3h 17m 43s
681:	learn: 0.0868812	test: 0.4103999	best: 0.4077719 (542)	total: 11m 15s	remaining: 1d 3h 19m 24s
682:	learn: 0.0867562	test: 0.4103832	best: 0.4077719 (542)	total: 11m 16s	remaining: 1d 3h 20m 6s
683:	learn: 0.0866404	test: 0.4104216	best: 0.4077719 (542)	total: 11m 17s	remaining: 1d 3h 19m 32s
684:	learn: 0.0865283	test: 0.4103651	best: 0.4077719 (542)	total: 11m 18s	remaining: 1d 3h 19m 35s
685:	learn: 0.0864371	test: 0.4104151	best: 0.4077719 (542)	total: 11m 19s	remaining: 1d 3h 19m 8s
686:	learn: 0.0863060	test: 0.4103539	best: 0.4077719 (542)	total: 11m 20s	remaining: 1d 3h 18m 49s
687:	learn: 0.0862146	test: 0.4103830	best: 0.4077719 (542)	total: 11m 21s	remaining: 1d 3h 18m 35s
688:	learn: 0.0861098	test: 0.4103477	best: 0.4077719 (542)	total: 11m 21s	remaining: 1d 3h 18m 13s
689:	learn: 0.0860157	test: 0.4104021	best: 0.4077719 (542)	total: 11m 22s	remaining: 1d 3h 17m 53s
690:	learn: 0.0859467	test: 0.4104083	best: 0.4077719 (542)	total: 11m 23s	remaining: 1d 3h 18m 5s
691:	learn: 0.0858425	test: 0.4104161	best: 0.4077719 (542)	total: 11m 24s	remaining: 1d 3h 17m 36s
692:	learn: 0.0857598	test: 0.4104320	best: 0.4077719 (542)	total: 11m 25s	remaining: 1d 3h 17m 5s
693:	learn: 0.0856840	test: 0.4104460	best: 0.4077719 (542)	total: 11m 26s	remaining: 1d 3h 16m 37s
694:	learn: 0.0854970	test: 0.4103429	best: 0.4077719 (542)	total: 11m 27s	remaining: 1d 3h 16m 7s
695:	learn: 0.0854027	test: 0.4103629	best: 0.4077719 (542)	total: 11m 28s	remaining: 1d 3h 16m 26s
696:	learn: 0.0853048	test: 0.4102927	best: 0.4077719 (542)	total: 11m 28s	remaining: 1d 3h 15m 47s
697:	learn: 0.0852107	test: 0.4102961	best: 0.4077719 (542)	total: 11m 29s	remaining: 1d 3h 15m 11s
698:	learn: 0.0850705	test: 0.4103688	best: 0.4077719 (542)	total: 11m 31s	remaining: 1d 3h 17m 14s
699:	learn: 0.0848405	test: 0.4106079	best: 0.4077719 (542)	total: 11m 32s	remaining: 1d 3h 17m 35s
700:	learn: 0.0847251	test: 0.4105470	best: 0.4077719 (542)	total: 11m 33s	remaining: 1d 3h 17m 26s
701:	learn: 0.0846182	test: 0.4106355	best: 0.4077719 (542)	total: 11m 34s	remaining: 1d 3h 17m 27s
702:	learn: 0.0845090	test: 0.4106761	best: 0.4077719 (542)	total: 11m 35s	remaining: 1d 3h 18m 8s
703:	learn: 0.0844127	test: 0.4106779	best: 0.4077719 (542)	total: 11m 37s	remaining: 1d 3h 19m 9s
704:	learn: 0.0843247	test: 0.4107228	best: 0.4077719 (542)	total: 11m 38s	remaining: 1d 3h 18m 47s
705:	learn: 0.0842124	test: 0.4107956	best: 0.4077719 (542)	total: 11m 38s	remaining: 1d 3h 18m 17s
706:	learn: 0.0840623	test: 0.4108375	best: 0.4077719 (542)	total: 11m 39s	remaining: 1d 3h 18m 18s
707:	learn: 0.0839592	test: 0.4109360	best: 0.4077719 (542)	total: 11m 40s	remaining: 1d 3h 17m 51s
708:	learn: 0.0838576	test: 0.4109865	best: 0.4077719 (542)	total: 11m 41s	remaining: 1d 3h 17m 46s
709:	learn: 0.0837746	test: 0.4109711	best: 0.4077719 (542)	total: 11m 42s	remaining: 1d 3h 17m 8s
710:	learn: 0.0835800	test: 0.4110536	best: 0.4077719 (542)	total: 11m 43s	remaining: 1d 3h 16m 58s
711:	learn: 0.0835159	test: 0.4110065	best: 0.4077719 (542)	total: 11m 44s	remaining: 1d 3h 16m 43s
712:	learn: 0.0834369	test: 0.4110364	best: 0.4077719 (542)	total: 11m 44s	remaining: 1d 3h 16m 6s
713:	learn: 0.0832767	test: 0.4111499	best: 0.4077719 (542)	total: 11m 45s	remaining: 1d 3h 15m 49s
714:	learn: 0.0832114	test: 0.4111653	best: 0.4077719 (542)	total: 11m 46s	remaining: 1d 3h 15m 24s
715:	learn: 0.0830411	test: 0.4113511	best: 0.4077719 (542)	total: 11m 47s	remaining: 1d 3h 14m 53s
716:	learn: 0.0829188	test: 0.4113360	best: 0.4077719 (542)	total: 11m 48s	remaining: 1d 3h 14m 43s
717:	learn: 0.0828316	test: 0.4112987	best: 0.4077719 (542)	total: 11m 49s	remaining: 1d 3h 15m 2s
718:	learn: 0.0827687	test: 0.4112955	best: 0.4077719 (542)	total: 11m 50s	remaining: 1d 3h 14m 17s
719:	learn: 0.0826463	test: 0.4112132	best: 0.4077719 (542)	total: 11m 51s	remaining: 1d 3h 14m 24s
720:	learn: 0.0825514	test: 0.4111914	best: 0.4077719 (542)	total: 11m 52s	remaining: 1d 3h 14m 2s
721:	learn: 0.0824860	test: 0.4112154	best: 0.4077719 (542)	total: 11m 52s	remaining: 1d 3h 13m 42s
722:	learn: 0.0824282	test: 0.4112408	best: 0.4077719 (542)	total: 11m 53s	remaining: 1d 3h 13m 7s
723:	learn: 0.0823413	test: 0.4112408	best: 0.4077719 (542)	total: 11m 54s	remaining: 1d 3h 12m 46s
724:	learn: 0.0822319	test: 0.4113230	best: 0.4077719 (542)	total: 11m 55s	remaining: 1d 3h 12m 36s
725:	learn: 0.0821396	test: 0.4113382	best: 0.4077719 (542)	total: 11m 56s	remaining: 1d 3h 11m 48s
726:	learn: 0.0820567	test: 0.4112903	best: 0.4077719 (542)	total: 11m 56s	remaining: 1d 3h 11m 39s
727:	learn: 0.0817524	test: 0.4113903	best: 0.4077719 (542)	total: 11m 57s	remaining: 1d 3h 11m 22s
728:	learn: 0.0816343	test: 0.4114302	best: 0.4077719 (542)	total: 11m 58s	remaining: 1d 3h 11m 7s
729:	learn: 0.0815270	test: 0.4114426	best: 0.4077719 (542)	total: 12m	remaining: 1d 3h 13m 4s
730:	learn: 0.0814562	test: 0.4115119	best: 0.4077719 (542)	total: 12m 2s	remaining: 1d 3h 15m 9s
731:	learn: 0.0813780	test: 0.4115067	best: 0.4077719 (542)	total: 12m 3s	remaining: 1d 3h 15m 6s
732:	learn: 0.0812787	test: 0.4115085	best: 0.4077719 (542)	total: 12m 4s	remaining: 1d 3h 14m 41s
733:	learn: 0.0811785	test: 0.4114958	best: 0.4077719 (542)	total: 12m 4s	remaining: 1d 3h 14m 2s
734:	learn: 0.0810916	test: 0.4115787	best: 0.4077719 (542)	total: 12m 5s	remaining: 1d 3h 13m 45s
735:	learn: 0.0809816	test: 0.4115900	best: 0.4077719 (542)	total: 12m 6s	remaining: 1d 3h 13m 6s
736:	learn: 0.0808949	test: 0.4116173	best: 0.4077719 (542)	total: 12m 7s	remaining: 1d 3h 12m 16s
737:	learn: 0.0808247	test: 0.4115879	best: 0.4077719 (542)	total: 12m 7s	remaining: 1d 3h 11m 38s
738:	learn: 0.0805858	test: 0.4115833	best: 0.4077719 (542)	total: 12m 8s	remaining: 1d 3h 11m 17s
739:	learn: 0.0804320	test: 0.4114767	best: 0.4077719 (542)	total: 12m 9s	remaining: 1d 3h 10m 46s
740:	learn: 0.0803667	test: 0.4115142	best: 0.4077719 (542)	total: 12m 10s	remaining: 1d 3h 10m 30s
741:	learn: 0.0802938	test: 0.4114585	best: 0.4077719 (542)	total: 12m 11s	remaining: 1d 3h 10m 14s
742:	learn: 0.0802011	test: 0.4114700	best: 0.4077719 (542)	total: 12m 12s	remaining: 1d 3h 9m 57s
743:	learn: 0.0801210	test: 0.4114777	best: 0.4077719 (542)	total: 12m 12s	remaining: 1d 3h 9m 47s
744:	learn: 0.0800395	test: 0.4115039	best: 0.4077719 (542)	total: 12m 13s	remaining: 1d 3h 9m 29s
745:	learn: 0.0799864	test: 0.4115203	best: 0.4077719 (542)	total: 12m 15s	remaining: 1d 3h 10m 3s
746:	learn: 0.0798893	test: 0.4115586	best: 0.4077719 (542)	total: 12m 16s	remaining: 1d 3h 11m 53s
747:	learn: 0.0798177	test: 0.4115907	best: 0.4077719 (542)	total: 12m 18s	remaining: 1d 3h 13m 18s
748:	learn: 0.0797326	test: 0.4115460	best: 0.4077719 (542)	total: 12m 19s	remaining: 1d 3h 13m 3s
749:	learn: 0.0796605	test: 0.4115759	best: 0.4077719 (542)	total: 12m 20s	remaining: 1d 3h 12m 34s
750:	learn: 0.0795950	test: 0.4115535	best: 0.4077719 (542)	total: 12m 20s	remaining: 1d 3h 11m 54s
751:	learn: 0.0794819	test: 0.4114765	best: 0.4077719 (542)	total: 12m 21s	remaining: 1d 3h 11m 48s
752:	learn: 0.0794046	test: 0.4114812	best: 0.4077719 (542)	total: 12m 23s	remaining: 1d 3h 13m 49s
753:	learn: 0.0793164	test: 0.4114496	best: 0.4077719 (542)	total: 12m 24s	remaining: 1d 3h 13m 32s
754:	learn: 0.0791966	test: 0.4115874	best: 0.4077719 (542)	total: 12m 25s	remaining: 1d 3h 14m 1s
755:	learn: 0.0788294	test: 0.4121311	best: 0.4077719 (542)	total: 12m 28s	remaining: 1d 3h 16m 45s
756:	learn: 0.0787429	test: 0.4121356	best: 0.4077719 (542)	total: 12m 28s	remaining: 1d 3h 16m
757:	learn: 0.0786708	test: 0.4121442	best: 0.4077719 (542)	total: 12m 29s	remaining: 1d 3h 16m 8s
758:	learn: 0.0785584	test: 0.4120560	best: 0.4077719 (542)	total: 12m 31s	remaining: 1d 3h 16m 49s
759:	learn: 0.0784877	test: 0.4120325	best: 0.4077719 (542)	total: 12m 32s	remaining: 1d 3h 16m 47s
760:	learn: 0.0784191	test: 0.4120378	best: 0.4077719 (542)	total: 12m 32s	remaining: 1d 3h 16m 9s
761:	learn: 0.0783304	test: 0.4120393	best: 0.4077719 (542)	total: 12m 33s	remaining: 1d 3h 15m 46s
762:	learn: 0.0782382	test: 0.4121227	best: 0.4077719 (542)	total: 12m 34s	remaining: 1d 3h 15m 21s
763:	learn: 0.0781621	test: 0.4121314	best: 0.4077719 (542)	total: 12m 35s	remaining: 1d 3h 14m 59s
764:	learn: 0.0780910	test: 0.4121551	best: 0.4077719 (542)	total: 12m 37s	remaining: 1d 3h 16m 51s
765:	learn: 0.0780236	test: 0.4121667	best: 0.4077719 (542)	total: 12m 39s	remaining: 1d 3h 20m 16s
766:	learn: 0.0779267	test: 0.4122105	best: 0.4077719 (542)	total: 12m 40s	remaining: 1d 3h 20m 18s
767:	learn: 0.0778466	test: 0.4121765	best: 0.4077719 (542)	total: 12m 41s	remaining: 1d 3h 19m 49s
768:	learn: 0.0777819	test: 0.4122138	best: 0.4077719 (542)	total: 12m 42s	remaining: 1d 3h 19m 17s
769:	learn: 0.0776978	test: 0.4121842	best: 0.4077719 (542)	total: 12m 42s	remaining: 1d 3h 18m 41s
770:	learn: 0.0776318	test: 0.4122029	best: 0.4077719 (542)	total: 12m 43s	remaining: 1d 3h 18m 28s
771:	learn: 0.0774680	test: 0.4121888	best: 0.4077719 (542)	total: 12m 44s	remaining: 1d 3h 17m 52s
772:	learn: 0.0774041	test: 0.4121647	best: 0.4077719 (542)	total: 12m 45s	remaining: 1d 3h 17m 54s
773:	learn: 0.0773180	test: 0.4121050	best: 0.4077719 (542)	total: 12m 46s	remaining: 1d 3h 17m 41s
774:	learn: 0.0772424	test: 0.4121128	best: 0.4077719 (542)	total: 12m 47s	remaining: 1d 3h 17m 20s
775:	learn: 0.0771670	test: 0.4121178	best: 0.4077719 (542)	total: 12m 48s	remaining: 1d 3h 16m 55s
776:	learn: 0.0770909	test: 0.4121592	best: 0.4077719 (542)	total: 12m 49s	remaining: 1d 3h 16m 54s
777:	learn: 0.0770261	test: 0.4121793	best: 0.4077719 (542)	total: 12m 49s	remaining: 1d 3h 16m 40s
778:	learn: 0.0769558	test: 0.4121420	best: 0.4077719 (542)	total: 12m 51s	remaining: 1d 3h 17m 20s
779:	learn: 0.0768919	test: 0.4120926	best: 0.4077719 (542)	total: 12m 52s	remaining: 1d 3h 17m 11s
780:	learn: 0.0768163	test: 0.4121044	best: 0.4077719 (542)	total: 12m 53s	remaining: 1d 3h 17m 4s
781:	learn: 0.0767433	test: 0.4121444	best: 0.4077719 (542)	total: 12m 54s	remaining: 1d 3h 16m 55s
782:	learn: 0.0766685	test: 0.4121559	best: 0.4077719 (542)	total: 12m 54s	remaining: 1d 3h 16m 40s
783:	learn: 0.0765955	test: 0.4121444	best: 0.4077719 (542)	total: 12m 55s	remaining: 1d 3h 16m 26s
784:	learn: 0.0765304	test: 0.4121816	best: 0.4077719 (542)	total: 12m 56s	remaining: 1d 3h 16m 18s
785:	learn: 0.0764576	test: 0.4121438	best: 0.4077719 (542)	total: 12m 58s	remaining: 1d 3h 17m 3s
786:	learn: 0.0763940	test: 0.4121623	best: 0.4077719 (542)	total: 12m 59s	remaining: 1d 3h 17m 53s
787:	learn: 0.0761856	test: 0.4124531	best: 0.4077719 (542)	total: 13m	remaining: 1d 3h 17m 45s
788:	learn: 0.0761175	test: 0.4124167	best: 0.4077719 (542)	total: 13m 1s	remaining: 1d 3h 17m 2s
789:	learn: 0.0760328	test: 0.4124603	best: 0.4077719 (542)	total: 13m 2s	remaining: 1d 3h 17m 20s
790:	learn: 0.0759672	test: 0.4124647	best: 0.4077719 (542)	total: 13m 5s	remaining: 1d 3h 21m 35s
791:	learn: 0.0758800	test: 0.4124870	best: 0.4077719 (542)	total: 13m 6s	remaining: 1d 3h 21m 40s
792:	learn: 0.0757178	test: 0.4125763	best: 0.4077719 (542)	total: 13m 7s	remaining: 1d 3h 21m 25s
Stopped by overfitting detector  (250 iterations wait)

bestTest = 0.4077719379
bestIteration = 542

Shrink model to first 543 iterations.
is_turnpt_upward, 2, 0.75, 100000, 10, 0.1, RMSE, 202, Iter, 250, 0.6666666666666666, 0.05357142857142857
