transformed OHLCV at frequency 1D
reading cache of TXF in 1D OHLCV
feature: 97367270 has generated.
feature 97367270_lag1 has generated.
feature 97367270_lag2 has generated.
feature 97367270_lag3 has generated.
feature 97367270_lag4 has generated.
transformed OHLCV at frequency 1D
reading cache of TXF in 1D OHLCV
feature: 68488648 has generated.
feature 68488648_lag1 has generated.
feature 68488648_lag2 has generated.
feature 68488648_lag3 has generated.
feature 68488648_lag4 has generated.
transformed OHLCV at frequency 1D
reading cache of TXF in 1D OHLCV
feature: 56494646 has generated.
feature 56494646_lag1 has generated.
feature 56494646_lag2 has generated.
feature 56494646_lag3 has generated.
feature 56494646_lag4 has generated.
transformed OHLCV at frequency 1D
reading cache of TXF in 1D OHLCV
feature: 62918036 has generated.
feature 62918036_lag1 has generated.
feature 62918036_lag2 has generated.
feature 62918036_lag3 has generated.
feature 62918036_lag4 has generated.
transformed OHLCV at frequency 1D
reading cache of TXF in 1D OHLCV
feature: 09904850 has generated.
feature 09904850_lag1 has generated.
feature 09904850_lag2 has generated.
feature 09904850_lag3 has generated.
feature 09904850_lag4 has generated.
transformed OHLCV at frequency 1D
reading cache of TXF in 1D OHLCV
feature: 41716908 has generated.
feature 41716908_lag1 has generated.
feature 41716908_lag2 has generated.
feature 41716908_lag3 has generated.
feature 41716908_lag4 has generated.
transformed OHLCV at frequency 1D
reading cache of TXF in 1D OHLCV
feature: 22224505 has generated.
feature 22224505_lag1 has generated.
feature 22224505_lag2 has generated.
feature 22224505_lag3 has generated.
feature 22224505_lag4 has generated.
transformed OHLCV at frequency 1D
reading cache of TXF in 1D OHLCV
feature: 65400347 has generated.
feature 65400347_lag1 has generated.
feature 65400347_lag2 has generated.
feature 65400347_lag3 has generated.
feature 65400347_lag4 has generated.
transformed OHLCV at frequency 1D
reading cache of TXF in 1D OHLCV
feature: 79649739 has generated.
feature 79649739_lag1 has generated.
feature 79649739_lag2 has generated.
feature 79649739_lag3 has generated.
feature 79649739_lag4 has generated.
transformed OHLCV at frequency 1D
reading cache of TXF in 1D OHLCV
feature: 96290600 has generated.
feature 96290600_lag1 has generated.
feature 96290600_lag2 has generated.
feature 96290600_lag3 has generated.
feature 96290600_lag4 has generated.
transformed OHLCV at frequency 1D
reading cache of TXF in 1D OHLCV
feature: 38805934 has generated.
feature 38805934_lag1 has generated.
feature 38805934_lag2 has generated.
feature 38805934_lag3 has generated.
feature 38805934_lag4 has generated.
transformed OHLCV at frequency 1D
reading cache of TXF in 1D OHLCV
feature: 70807987 has generated.
feature 70807987_lag1 has generated.
feature 70807987_lag2 has generated.
feature 70807987_lag3 has generated.
feature 70807987_lag4 has generated.
transformed OHLCV at frequency 1D
reading cache of TXF in 1D OHLCV
feature: 05846388 has generated.
feature 05846388_lag1 has generated.
feature 05846388_lag2 has generated.
feature 05846388_lag3 has generated.
feature 05846388_lag4 has generated.
transformed OHLCV at frequency 1D
reading cache of TXF in 1D OHLCV
feature: 60827192 has generated.
feature 60827192_lag1 has generated.
feature 60827192_lag2 has generated.
feature 60827192_lag3 has generated.
feature 60827192_lag4 has generated.
transformed OHLCV at frequency 1D
reading cache of TXF in 1D OHLCV
feature: 32678710 has generated.
feature 32678710_lag1 has generated.
feature 32678710_lag2 has generated.
feature 32678710_lag3 has generated.
feature 32678710_lag4 has generated.
transformed OHLCV at frequency 1D
reading cache of TXF in 1D OHLCV
feature: 09074581 has generated.
feature 09074581_lag1 has generated.
feature 09074581_lag2 has generated.
feature 09074581_lag3 has generated.
feature 09074581_lag4 has generated.
transformed OHLCV at frequency 1D
reading cache of TXF in 1D OHLCV
feature: 95740378 has generated.
feature 95740378_lag1 has generated.
feature 95740378_lag2 has generated.
feature 95740378_lag3 has generated.
feature 95740378_lag4 has generated.
transformed OHLCV at frequency 1D
reading cache of TXF in 1D OHLCV
feature: 79761808 has generated.
feature 79761808_lag1 has generated.
feature 79761808_lag2 has generated.
feature 79761808_lag3 has generated.
feature 79761808_lag4 has generated.
transformed OHLCV at frequency 1D
reading cache of TXF in 1D OHLCV
feature: 40585393 has generated.
feature 40585393_lag1 has generated.
feature 40585393_lag2 has generated.
feature 40585393_lag3 has generated.
feature 40585393_lag4 has generated.
transformed OHLCV at frequency 1D
reading cache of TXF in 1D OHLCV
feature: 23530526 has generated.
feature 23530526_lag1 has generated.
feature 23530526_lag2 has generated.
feature 23530526_lag3 has generated.
feature 23530526_lag4 has generated.
transformed OHLCV at frequency 1D
reading cache of TXF in 1D OHLCV
feature: 64738114 has generated.
feature 64738114_lag1 has generated.
feature 64738114_lag2 has generated.
feature 64738114_lag3 has generated.
feature 64738114_lag4 has generated.
transformed OHLCV at frequency 1D
reading cache of TXF in 1D OHLCV
feature: 35321937 has generated.
feature 35321937_lag1 has generated.
feature 35321937_lag2 has generated.
feature 35321937_lag3 has generated.
feature 35321937_lag4 has generated.
transformed OHLCV at frequency 1D
reading cache of TXF in 1D OHLCV
feature: 16853914 has generated.
feature 16853914_lag1 has generated.
feature 16853914_lag2 has generated.
feature 16853914_lag3 has generated.
feature 16853914_lag4 has generated.
transformed OHLCV at frequency 1D
reading cache of TXF in 1D OHLCV
feature: 73272611 has generated.
feature 73272611_lag1 has generated.
feature 73272611_lag2 has generated.
feature 73272611_lag3 has generated.
feature 73272611_lag4 has generated.
transformed OHLCV at frequency 1D
reading cache of TXF in 1D OHLCV
feature: 98447210 has generated.
feature 98447210_lag1 has generated.
feature 98447210_lag2 has generated.
feature 98447210_lag3 has generated.
feature 98447210_lag4 has generated.
transformed OHLCV at frequency 1D
reading cache of TXF in 1D OHLCV
feature: 18654221 has generated.
feature 18654221_lag1 has generated.
feature 18654221_lag2 has generated.
feature 18654221_lag3 has generated.
feature 18654221_lag4 has generated.
transformed OHLCV at frequency 1D
reading cache of TXF in 1D OHLCV
feature: 86775622 has generated.
feature 86775622_lag1 has generated.
feature 86775622_lag2 has generated.
feature 86775622_lag3 has generated.
feature 86775622_lag4 has generated.
transformed OHLCV at frequency 1D
reading cache of TXF in 1D OHLCV
feature: 29303935 has generated.
feature 29303935_lag1 has generated.
feature 29303935_lag2 has generated.
feature 29303935_lag3 has generated.
feature 29303935_lag4 has generated.
transformed OHLCV at frequency 1D
reading cache of TXF in 1D OHLCV
feature: 95895325 has generated.
feature 95895325_lag1 has generated.
feature 95895325_lag2 has generated.
feature 95895325_lag3 has generated.
feature 95895325_lag4 has generated.
transformed OHLCV at frequency 1D
reading cache of TXF in 1D OHLCV
feature: 79527895 has generated.
feature 79527895_lag1 has generated.
feature 79527895_lag2 has generated.
feature 79527895_lag3 has generated.
feature 79527895_lag4 has generated.
transformed OHLCV at frequency 1D
reading cache of TXF in 1D OHLCV
feature: 20968309 has generated.
feature 20968309_lag1 has generated.
feature 20968309_lag2 has generated.
feature 20968309_lag3 has generated.
feature 20968309_lag4 has generated.
transformed OHLCV at frequency 1D
reading cache of TXF in 1D OHLCV
feature: 43266536 has generated.
feature 43266536_lag1 has generated.
feature 43266536_lag2 has generated.
feature 43266536_lag3 has generated.
feature 43266536_lag4 has generated.
transformed OHLCV at frequency 1D
reading cache of TXF in 1D OHLCV
feature: 38155758 has generated.
feature 38155758_lag1 has generated.
feature 38155758_lag2 has generated.
feature 38155758_lag3 has generated.
feature 38155758_lag4 has generated.
transformed OHLCV at frequency 1D
reading cache of TXF in 1D OHLCV
feature: 98334683 has generated.
feature 98334683_lag1 has generated.
feature 98334683_lag2 has generated.
feature 98334683_lag3 has generated.
feature 98334683_lag4 has generated.
transformed OHLCV at frequency 1D
reading cache of TXF in 1D OHLCV
feature: 08737879 has generated.
feature 08737879_lag1 has generated.
feature 08737879_lag2 has generated.
feature 08737879_lag3 has generated.
feature 08737879_lag4 has generated.
transformed OHLCV at frequency 1D
reading cache of TXF in 1D OHLCV
feature: 31387256 has generated.
feature 31387256_lag1 has generated.
feature 31387256_lag2 has generated.
feature 31387256_lag3 has generated.
feature 31387256_lag4 has generated.
transformed OHLCV at frequency 1D
reading cache of TXF in 1D OHLCV
feature: 85906314 has generated.
feature 85906314_lag1 has generated.
feature 85906314_lag2 has generated.
feature 85906314_lag3 has generated.
feature 85906314_lag4 has generated.
transformed OHLCV at frequency 1D
reading cache of TXF in 1D OHLCV
feature: 42576887 has generated.
feature 42576887_lag1 has generated.
feature 42576887_lag2 has generated.
feature 42576887_lag3 has generated.
feature 42576887_lag4 has generated.
transformed OHLCV at frequency 1D
reading cache of TXF in 1D OHLCV
feature: 29362743 has generated.
feature 29362743_lag1 has generated.
feature 29362743_lag2 has generated.
feature 29362743_lag3 has generated.
feature 29362743_lag4 has generated.
transformed OHLCV at frequency 1D
reading cache of TXF in 1D OHLCV
feature: 96105422 has generated.
feature 96105422_lag1 has generated.
feature 96105422_lag2 has generated.
feature 96105422_lag3 has generated.
feature 96105422_lag4 has generated.
transformed OHLCV at frequency 1D
reading cache of TXF in 1D OHLCV
feature: 77356892 has generated.
feature 77356892_lag1 has generated.
feature 77356892_lag2 has generated.
feature 77356892_lag3 has generated.
feature 77356892_lag4 has generated.
transformed OHLCV at frequency 1D
reading cache of TXF in 1D OHLCV
feature: 01615041 has generated.
feature 01615041_lag1 has generated.
feature 01615041_lag2 has generated.
feature 01615041_lag3 has generated.
feature 01615041_lag4 has generated.
transformed OHLCV at frequency 1D
reading cache of TXF in 1D OHLCV
feature: 72391189 has generated.
feature 72391189_lag1 has generated.
feature 72391189_lag2 has generated.
feature 72391189_lag3 has generated.
feature 72391189_lag4 has generated.
transformed OHLCV at frequency 1D
reading cache of TXF in 1D OHLCV
feature: 05236104 has generated.
feature 05236104_lag1 has generated.
feature 05236104_lag2 has generated.
feature 05236104_lag3 has generated.
feature 05236104_lag4 has generated.
transformed OHLCV at frequency 1D
reading cache of TXF in 1D OHLCV
feature: 64835975 has generated.
feature 64835975_lag1 has generated.
feature 64835975_lag2 has generated.
feature 64835975_lag3 has generated.
feature 64835975_lag4 has generated.
transformed OHLCV at frequency 1D
reading cache of TXF in 1D OHLCV
feature: 01082365 has generated.
feature 01082365_lag1 has generated.
feature 01082365_lag2 has generated.
feature 01082365_lag3 has generated.
feature 01082365_lag4 has generated.
transformed OHLCV at frequency 1D
reading cache of TXF in 1D OHLCV
feature: 94111142 has generated.
feature 94111142_lag1 has generated.
feature 94111142_lag2 has generated.
feature 94111142_lag3 has generated.
feature 94111142_lag4 has generated.
transformed OHLCV at frequency 1D
reading cache of TXF in 1D OHLCV
feature: 84940937 has generated.
feature 84940937_lag1 has generated.
feature 84940937_lag2 has generated.
feature 84940937_lag3 has generated.
feature 84940937_lag4 has generated.
transformed OHLCV at frequency 1D
reading cache of TXF in 1D OHLCV
feature: 72243738 has generated.
feature 72243738_lag1 has generated.
feature 72243738_lag2 has generated.
feature 72243738_lag3 has generated.
feature 72243738_lag4 has generated.
transformed OHLCV at frequency 1D
reading cache of TXF in 1D OHLCV
feature: 63872636 has generated.
feature 63872636_lag1 has generated.
feature 63872636_lag2 has generated.
feature 63872636_lag3 has generated.
feature 63872636_lag4 has generated.
transformed OHLCV at frequency 1D
reading cache of TXF in 1D OHLCV
feature: 12082156 has generated.
feature 12082156_lag1 has generated.
feature 12082156_lag2 has generated.
feature 12082156_lag3 has generated.
feature 12082156_lag4 has generated.
transformed OHLCV at frequency 1D
reading cache of TXF in 1D OHLCV
feature: 68213521 has generated.
feature 68213521_lag1 has generated.
feature 68213521_lag2 has generated.
feature 68213521_lag3 has generated.
feature 68213521_lag4 has generated.
transformed OHLCV at frequency 1D
reading cache of TXF in 1D OHLCV
feature: 27257567 has generated.
feature 27257567_lag1 has generated.
feature 27257567_lag2 has generated.
feature 27257567_lag3 has generated.
feature 27257567_lag4 has generated.
transformed OHLCV at frequency 1D
reading cache of TXF in 1D OHLCV
feature: 65532996 has generated.
feature 65532996_lag1 has generated.
feature 65532996_lag2 has generated.
feature 65532996_lag3 has generated.
feature 65532996_lag4 has generated.
transformed OHLCV at frequency 1D
reading cache of TXF in 1D OHLCV
feature: 66701434 has generated.
feature 66701434_lag1 has generated.
feature 66701434_lag2 has generated.
feature 66701434_lag3 has generated.
feature 66701434_lag4 has generated.
transformed OHLCV at frequency 1D
reading cache of TXF in 1D OHLCV
feature: 92195671 has generated.
feature 92195671_lag1 has generated.
feature 92195671_lag2 has generated.
feature 92195671_lag3 has generated.
feature 92195671_lag4 has generated.
transformed OHLCV at frequency 1D
reading cache of TXF in 1D OHLCV
feature: 38690895 has generated.
feature 38690895_lag1 has generated.
feature 38690895_lag2 has generated.
feature 38690895_lag3 has generated.
feature 38690895_lag4 has generated.
transformed OHLCV at frequency 1D
reading cache of TXF in 1D OHLCV
feature: 56076046 has generated.
feature 56076046_lag1 has generated.
feature 56076046_lag2 has generated.
feature 56076046_lag3 has generated.
feature 56076046_lag4 has generated.
transformed OHLCV at frequency 1D
reading cache of TXF in 1D OHLCV
feature: 92248921 has generated.
feature 92248921_lag1 has generated.
feature 92248921_lag2 has generated.
feature 92248921_lag3 has generated.
feature 92248921_lag4 has generated.
transformed OHLCV at frequency 1D
reading cache of TXF in 1D OHLCV
feature: 84331432 has generated.
feature 84331432_lag1 has generated.
feature 84331432_lag2 has generated.
feature 84331432_lag3 has generated.
feature 84331432_lag4 has generated.
transformed OHLCV at frequency 1D
reading cache of TXF in 1D OHLCV
feature: 74430244 has generated.
feature 74430244_lag1 has generated.
feature 74430244_lag2 has generated.
feature 74430244_lag3 has generated.
feature 74430244_lag4 has generated.
transformed OHLCV at frequency 1D
reading cache of TXF in 1D OHLCV
feature: 44070915 has generated.
feature 44070915_lag1 has generated.
feature 44070915_lag2 has generated.
feature 44070915_lag3 has generated.
feature 44070915_lag4 has generated.
transformed OHLCV at frequency 1D
reading cache of TXF in 1D OHLCV
feature: 62755712 has generated.
feature 62755712_lag1 has generated.
feature 62755712_lag2 has generated.
feature 62755712_lag3 has generated.
feature 62755712_lag4 has generated.
transformed OHLCV at frequency 1D
reading cache of TXF in 1D OHLCV
feature: 76453313 has generated.
feature 76453313_lag1 has generated.
feature 76453313_lag2 has generated.
feature 76453313_lag3 has generated.
feature 76453313_lag4 has generated.
transformed OHLCV at frequency 1D
reading cache of TXF in 1D OHLCV
feature: 55471756 has generated.
feature 55471756_lag1 has generated.
feature 55471756_lag2 has generated.
feature 55471756_lag3 has generated.
feature 55471756_lag4 has generated.
transformed OHLCV at frequency 1D
reading cache of TXF in 1D OHLCV
feature: 88127301 has generated.
feature 88127301_lag1 has generated.
feature 88127301_lag2 has generated.
feature 88127301_lag3 has generated.
feature 88127301_lag4 has generated.
transformed OHLCV at frequency 1D
reading cache of TXF in 1D OHLCV
feature: 00957305 has generated.
feature 00957305_lag1 has generated.
feature 00957305_lag2 has generated.
feature 00957305_lag3 has generated.
feature 00957305_lag4 has generated.
transformed OHLCV at frequency 1D
reading cache of TXF in 1D OHLCV
feature: 46067661 has generated.
feature 46067661_lag1 has generated.
feature 46067661_lag2 has generated.
feature 46067661_lag3 has generated.
feature 46067661_lag4 has generated.
transformed OHLCV at frequency 1D
reading cache of TXF in 1D OHLCV
feature: 37865502 has generated.
feature 37865502_lag1 has generated.
feature 37865502_lag2 has generated.
feature 37865502_lag3 has generated.
feature 37865502_lag4 has generated.
transformed OHLCV at frequency 1D
reading cache of TXF in 1D OHLCV
feature: 48032436 has generated.
feature 48032436_lag1 has generated.
feature 48032436_lag2 has generated.
feature 48032436_lag3 has generated.
feature 48032436_lag4 has generated.
transformed OHLCV at frequency 1D
reading cache of TXF in 1D OHLCV
feature: 27939058 has generated.
feature 27939058_lag1 has generated.
feature 27939058_lag2 has generated.
feature 27939058_lag3 has generated.
feature 27939058_lag4 has generated.
transformed OHLCV at frequency 1D
reading cache of TXF in 1D OHLCV
feature: 23569330 has generated.
feature 23569330_lag1 has generated.
feature 23569330_lag2 has generated.
feature 23569330_lag3 has generated.
feature 23569330_lag4 has generated.
transformed OHLCV at frequency 1D
reading cache of TXF in 1D OHLCV
feature: 22166205 has generated.
feature 22166205_lag1 has generated.
feature 22166205_lag2 has generated.
feature 22166205_lag3 has generated.
feature 22166205_lag4 has generated.
transformed OHLCV at frequency 1D
reading cache of TXF in 1D OHLCV
feature: 49320730 has generated.
feature 49320730_lag1 has generated.
feature 49320730_lag2 has generated.
feature 49320730_lag3 has generated.
feature 49320730_lag4 has generated.
transformed OHLCV at frequency 1D
reading cache of TXF in 1D OHLCV
0:	learn: 0.6619427	test: 0.6629478	best: 0.6629478 (0)	total: 768ms	remaining: 21h 20m 34s
1:	learn: 0.6348438	test: 0.6357232	best: 0.6357232 (1)	total: 1.45s	remaining: 20h 5m 48s
2:	learn: 0.6189408	test: 0.6227589	best: 0.6227589 (2)	total: 2.14s	remaining: 19h 47m 24s
3:	learn: 0.5982807	test: 0.6018056	best: 0.6018056 (3)	total: 2.96s	remaining: 20h 31m 52s
4:	learn: 0.5880690	test: 0.5938921	best: 0.5938921 (4)	total: 3.83s	remaining: 21h 16m 6s
5:	learn: 0.5755058	test: 0.5827886	best: 0.5827886 (5)	total: 4.61s	remaining: 21h 20m 13s
6:	learn: 0.5626128	test: 0.5815293	best: 0.5815293 (6)	total: 5.86s	remaining: 23h 14m 27s
7:	learn: 0.5520264	test: 0.5790165	best: 0.5790165 (7)	total: 7.04s	remaining: 1d 27m 20s
8:	learn: 0.5424258	test: 0.5708985	best: 0.5708985 (8)	total: 8s	remaining: 1d 40m 27s
9:	learn: 0.5289894	test: 0.5692252	best: 0.5692252 (9)	total: 8.96s	remaining: 1d 53m 8s
10:	learn: 0.5238853	test: 0.5656429	best: 0.5656429 (10)	total: 9.79s	remaining: 1d 43m 21s
11:	learn: 0.5132469	test: 0.5567050	best: 0.5567050 (11)	total: 11.3s	remaining: 1d 2h 8m
12:	learn: 0.5021551	test: 0.5460824	best: 0.5460824 (12)	total: 13.3s	remaining: 1d 4h 20m 39s
13:	learn: 0.4915963	test: 0.5433865	best: 0.5433865 (13)	total: 14.1s	remaining: 1d 3h 59m 16s
14:	learn: 0.4850627	test: 0.5369652	best: 0.5369652 (14)	total: 15s	remaining: 1d 3h 46m 55s
15:	learn: 0.4775499	test: 0.5306640	best: 0.5306640 (15)	total: 15.9s	remaining: 1d 3h 33m 56s
16:	learn: 0.4697199	test: 0.5300069	best: 0.5300069 (16)	total: 16.8s	remaining: 1d 3h 22m 18s
17:	learn: 0.4618218	test: 0.5210706	best: 0.5210706 (17)	total: 18.4s	remaining: 1d 4h 26m 18s
18:	learn: 0.4569012	test: 0.5162895	best: 0.5162895 (18)	total: 19.5s	remaining: 1d 4h 34m 1s
19:	learn: 0.4507205	test: 0.5114059	best: 0.5114059 (19)	total: 20.4s	remaining: 1d 4h 19m 40s
20:	learn: 0.4454527	test: 0.5066164	best: 0.5066164 (20)	total: 21.3s	remaining: 1d 4h 7m 45s
21:	learn: 0.4417047	test: 0.5034712	best: 0.5034712 (21)	total: 22.1s	remaining: 1d 3h 54m 12s
22:	learn: 0.4353356	test: 0.5018683	best: 0.5018683 (22)	total: 23s	remaining: 1d 3h 46m 12s
23:	learn: 0.4295841	test: 0.4958980	best: 0.4958980 (23)	total: 23.6s	remaining: 1d 3h 16m 42s
24:	learn: 0.4262069	test: 0.4934158	best: 0.4934158 (24)	total: 24.5s	remaining: 1d 3h 12m 22s
25:	learn: 0.4195627	test: 0.4870933	best: 0.4870933 (25)	total: 25.5s	remaining: 1d 3h 11m 52s
26:	learn: 0.4153580	test: 0.4830417	best: 0.4830417 (26)	total: 26.4s	remaining: 1d 3h 10m 26s
27:	learn: 0.4113666	test: 0.4803233	best: 0.4803233 (27)	total: 27.3s	remaining: 1d 3h 3m 59s
28:	learn: 0.4048185	test: 0.4792596	best: 0.4792596 (28)	total: 28.1s	remaining: 1d 2h 56m 27s
29:	learn: 0.4018246	test: 0.4768189	best: 0.4768189 (29)	total: 29.5s	remaining: 1d 3h 16m 11s
30:	learn: 0.3986325	test: 0.4743142	best: 0.4743142 (30)	total: 30.4s	remaining: 1d 3h 13m 15s
31:	learn: 0.3962496	test: 0.4718652	best: 0.4718652 (31)	total: 32s	remaining: 1d 3h 43m 50s
32:	learn: 0.3928467	test: 0.4715981	best: 0.4715981 (32)	total: 33.6s	remaining: 1d 4h 17m 48s
33:	learn: 0.3902812	test: 0.4694388	best: 0.4694388 (33)	total: 34.7s	remaining: 1d 4h 18m 48s
34:	learn: 0.3868178	test: 0.4667903	best: 0.4667903 (34)	total: 35.7s	remaining: 1d 4h 18m 42s
35:	learn: 0.3834377	test: 0.4628248	best: 0.4628248 (35)	total: 36.5s	remaining: 1d 4h 10m 42s
36:	learn: 0.3814454	test: 0.4621042	best: 0.4621042 (36)	total: 37.8s	remaining: 1d 4h 22m 3s
37:	learn: 0.3788599	test: 0.4597500	best: 0.4597500 (37)	total: 38.8s	remaining: 1d 4h 19m 53s
38:	learn: 0.3759834	test: 0.4570483	best: 0.4570483 (38)	total: 39.8s	remaining: 1d 4h 19m 37s
39:	learn: 0.3735808	test: 0.4556104	best: 0.4556104 (39)	total: 40.8s	remaining: 1d 4h 17m 41s
40:	learn: 0.3701949	test: 0.4545941	best: 0.4545941 (40)	total: 41.6s	remaining: 1d 4h 9m 22s
41:	learn: 0.3684402	test: 0.4530354	best: 0.4530354 (41)	total: 42.4s	remaining: 1d 4h 1m 32s
42:	learn: 0.3665328	test: 0.4522205	best: 0.4522205 (42)	total: 43.2s	remaining: 1d 3h 52m 45s
43:	learn: 0.3636356	test: 0.4521403	best: 0.4521403 (43)	total: 44s	remaining: 1d 3h 45m 51s
44:	learn: 0.3612166	test: 0.4503903	best: 0.4503903 (44)	total: 44.8s	remaining: 1d 3h 39m 11s
45:	learn: 0.3599950	test: 0.4498459	best: 0.4498459 (45)	total: 45.6s	remaining: 1d 3h 30m 42s
46:	learn: 0.3581620	test: 0.4482511	best: 0.4482511 (46)	total: 46.4s	remaining: 1d 3h 24m 20s
47:	learn: 0.3550077	test: 0.4443063	best: 0.4443063 (47)	total: 47.1s	remaining: 1d 3h 15m 29s
48:	learn: 0.3529831	test: 0.4441604	best: 0.4441604 (48)	total: 48s	remaining: 1d 3h 11m 22s
49:	learn: 0.3516365	test: 0.4431286	best: 0.4431286 (49)	total: 48.9s	remaining: 1d 3h 9m 5s
50:	learn: 0.3504314	test: 0.4422735	best: 0.4422735 (50)	total: 49.6s	remaining: 1d 2h 58m 38s
51:	learn: 0.3476164	test: 0.4404176	best: 0.4404176 (51)	total: 50.4s	remaining: 1d 2h 55m 44s
52:	learn: 0.3454206	test: 0.4385108	best: 0.4385108 (52)	total: 51.4s	remaining: 1d 2h 56m 22s
53:	learn: 0.3432514	test: 0.4366937	best: 0.4366937 (53)	total: 52.3s	remaining: 1d 2h 54m 49s
54:	learn: 0.3414957	test: 0.4352875	best: 0.4352875 (54)	total: 53.3s	remaining: 1d 2h 52m 50s
55:	learn: 0.3399928	test: 0.4336269	best: 0.4336269 (55)	total: 54s	remaining: 1d 2h 47m 41s
56:	learn: 0.3380482	test: 0.4319010	best: 0.4319010 (56)	total: 54.8s	remaining: 1d 2h 40m 32s
57:	learn: 0.3364792	test: 0.4308707	best: 0.4308707 (57)	total: 55.7s	remaining: 1d 2h 39m
58:	learn: 0.3345221	test: 0.4282862	best: 0.4282862 (58)	total: 56.5s	remaining: 1d 2h 35m 2s
59:	learn: 0.3332229	test: 0.4275654	best: 0.4275654 (59)	total: 57.2s	remaining: 1d 2h 28m 43s
60:	learn: 0.3322169	test: 0.4272073	best: 0.4272073 (60)	total: 58.1s	remaining: 1d 2h 25m 57s
61:	learn: 0.3310807	test: 0.4266784	best: 0.4266784 (61)	total: 59s	remaining: 1d 2h 24m 22s
62:	learn: 0.3299703	test: 0.4260617	best: 0.4260617 (62)	total: 59.8s	remaining: 1d 2h 21m 28s
63:	learn: 0.3289059	test: 0.4254007	best: 0.4254007 (63)	total: 1m	remaining: 1d 2h 20m 14s
64:	learn: 0.3278964	test: 0.4246452	best: 0.4246452 (64)	total: 1m 1s	remaining: 1d 2h 18m 39s
65:	learn: 0.3258643	test: 0.4223618	best: 0.4223618 (65)	total: 1m 2s	remaining: 1d 2h 13m 42s
66:	learn: 0.3247854	test: 0.4216071	best: 0.4216071 (66)	total: 1m 3s	remaining: 1d 2h 6m 12s
67:	learn: 0.3235159	test: 0.4213688	best: 0.4213688 (67)	total: 1m 3s	remaining: 1d 2h 3m 6s
68:	learn: 0.3215320	test: 0.4204379	best: 0.4204379 (68)	total: 1m 4s	remaining: 1d 2h 3m 3s
69:	learn: 0.3200414	test: 0.4190174	best: 0.4190174 (69)	total: 1m 5s	remaining: 1d 2h 5s
70:	learn: 0.3183304	test: 0.4181928	best: 0.4181928 (70)	total: 1m 6s	remaining: 1d 2h 5m 12s
71:	learn: 0.3164397	test: 0.4174188	best: 0.4174188 (71)	total: 1m 7s	remaining: 1d 2h 6m 10s
72:	learn: 0.3153893	test: 0.4173903	best: 0.4173903 (72)	total: 1m 8s	remaining: 1d 2h 3m 17s
73:	learn: 0.3141082	test: 0.4165747	best: 0.4165747 (73)	total: 1m 9s	remaining: 1d 2h 14s
74:	learn: 0.3124135	test: 0.4158136	best: 0.4158136 (74)	total: 1m 10s	remaining: 1d 1h 56m 59s
75:	learn: 0.3107025	test: 0.4151187	best: 0.4151187 (75)	total: 1m 10s	remaining: 1d 1h 54m 32s
76:	learn: 0.3096946	test: 0.4150454	best: 0.4150454 (76)	total: 1m 11s	remaining: 1d 1h 54m 2s
77:	learn: 0.3086432	test: 0.4146957	best: 0.4146957 (77)	total: 1m 12s	remaining: 1d 1h 52m 41s
78:	learn: 0.3075952	test: 0.4142584	best: 0.4142584 (78)	total: 1m 13s	remaining: 1d 1h 53m 6s
79:	learn: 0.3067860	test: 0.4141130	best: 0.4141130 (79)	total: 1m 14s	remaining: 1d 1h 51m 22s
80:	learn: 0.3039402	test: 0.4120096	best: 0.4120096 (80)	total: 1m 15s	remaining: 1d 1h 52m 5s
81:	learn: 0.3023567	test: 0.4113526	best: 0.4113526 (81)	total: 1m 16s	remaining: 1d 1h 51m 24s
82:	learn: 0.3006776	test: 0.4108431	best: 0.4108431 (82)	total: 1m 17s	remaining: 1d 1h 52m 29s
83:	learn: 0.2981127	test: 0.4090551	best: 0.4090551 (83)	total: 1m 18s	remaining: 1d 1h 54m 59s
84:	learn: 0.2967805	test: 0.4085917	best: 0.4085917 (84)	total: 1m 19s	remaining: 1d 2h 3m 23s
85:	learn: 0.2957504	test: 0.4082666	best: 0.4082666 (85)	total: 1m 21s	remaining: 1d 2h 16m 5s
86:	learn: 0.2938927	test: 0.4076102	best: 0.4076102 (86)	total: 1m 22s	remaining: 1d 2h 15m 47s
87:	learn: 0.2926749	test: 0.4071144	best: 0.4071144 (87)	total: 1m 23s	remaining: 1d 2h 20m 11s
88:	learn: 0.2910427	test: 0.4063511	best: 0.4063511 (88)	total: 1m 25s	remaining: 1d 2h 46m 6s
89:	learn: 0.2895923	test: 0.4057633	best: 0.4057633 (89)	total: 1m 26s	remaining: 1d 2h 44m 56s
90:	learn: 0.2884427	test: 0.4052987	best: 0.4052987 (90)	total: 1m 27s	remaining: 1d 2h 47m 10s
91:	learn: 0.2875938	test: 0.4050999	best: 0.4050999 (91)	total: 1m 28s	remaining: 1d 2h 43m 28s
92:	learn: 0.2856436	test: 0.4044778	best: 0.4044778 (92)	total: 1m 29s	remaining: 1d 2h 49m 24s
93:	learn: 0.2846578	test: 0.4043711	best: 0.4043711 (93)	total: 1m 30s	remaining: 1d 2h 43m 26s
94:	learn: 0.2828224	test: 0.4034424	best: 0.4034424 (94)	total: 1m 31s	remaining: 1d 2h 43m 56s
95:	learn: 0.2817058	test: 0.4030970	best: 0.4030970 (95)	total: 1m 32s	remaining: 1d 2h 45m 19s
96:	learn: 0.2799220	test: 0.4023343	best: 0.4023343 (96)	total: 1m 33s	remaining: 1d 2h 46m 42s
97:	learn: 0.2783127	test: 0.4020603	best: 0.4020603 (97)	total: 1m 34s	remaining: 1d 2h 50m 7s
98:	learn: 0.2771638	test: 0.4014842	best: 0.4014842 (98)	total: 1m 36s	remaining: 1d 2h 58m 35s
99:	learn: 0.2760978	test: 0.4011298	best: 0.4011298 (99)	total: 1m 37s	remaining: 1d 3h 1m 56s
100:	learn: 0.2752431	test: 0.4010074	best: 0.4010074 (100)	total: 1m 38s	remaining: 1d 3h 30s
101:	learn: 0.2740527	test: 0.4005477	best: 0.4005477 (101)	total: 1m 39s	remaining: 1d 3h 3m 40s
102:	learn: 0.2730975	test: 0.4001688	best: 0.4001688 (102)	total: 1m 40s	remaining: 1d 3h 1m 38s
103:	learn: 0.2715130	test: 0.3999280	best: 0.3999280 (103)	total: 1m 41s	remaining: 1d 2h 59m 24s
104:	learn: 0.2697939	test: 0.3996000	best: 0.3996000 (104)	total: 1m 42s	remaining: 1d 2h 59m 52s
105:	learn: 0.2681449	test: 0.3992969	best: 0.3992969 (105)	total: 1m 43s	remaining: 1d 2h 59m 2s
106:	learn: 0.2666520	test: 0.3984780	best: 0.3984780 (106)	total: 1m 44s	remaining: 1d 3h 9s
107:	learn: 0.2656501	test: 0.3980265	best: 0.3980265 (107)	total: 1m 45s	remaining: 1d 3h 1m 27s
108:	learn: 0.2644528	test: 0.3973867	best: 0.3973867 (108)	total: 1m 46s	remaining: 1d 3h 4m 16s
109:	learn: 0.2631320	test: 0.3964221	best: 0.3964221 (109)	total: 1m 47s	remaining: 1d 3h 2m 24s
110:	learn: 0.2621610	test: 0.3961091	best: 0.3961091 (110)	total: 1m 48s	remaining: 1d 3h 1m 55s
111:	learn: 0.2611143	test: 0.3955355	best: 0.3955355 (111)	total: 1m 49s	remaining: 1d 3h 3m 6s
112:	learn: 0.2603058	test: 0.3954860	best: 0.3954860 (112)	total: 1m 50s	remaining: 1d 3h 1m 24s
113:	learn: 0.2589299	test: 0.3952869	best: 0.3952869 (113)	total: 1m 50s	remaining: 1d 2h 59m 54s
114:	learn: 0.2575333	test: 0.3948256	best: 0.3948256 (114)	total: 1m 51s	remaining: 1d 2h 57m 23s
115:	learn: 0.2563018	test: 0.3941805	best: 0.3941805 (115)	total: 1m 52s	remaining: 1d 2h 56m 14s
116:	learn: 0.2554593	test: 0.3937785	best: 0.3937785 (116)	total: 1m 53s	remaining: 1d 2h 56m 59s
117:	learn: 0.2542790	test: 0.3932988	best: 0.3932988 (117)	total: 1m 55s	remaining: 1d 3h 13m 15s
118:	learn: 0.2531634	test: 0.3930447	best: 0.3930447 (118)	total: 1m 57s	remaining: 1d 3h 20m 31s
119:	learn: 0.2521238	test: 0.3927103	best: 0.3927103 (119)	total: 1m 58s	remaining: 1d 3h 19m 52s
120:	learn: 0.2503970	test: 0.3921097	best: 0.3921097 (120)	total: 1m 59s	remaining: 1d 3h 22m 26s
121:	learn: 0.2492561	test: 0.3918900	best: 0.3918900 (121)	total: 2m	remaining: 1d 3h 20m 39s
122:	learn: 0.2480016	test: 0.3911600	best: 0.3911600 (122)	total: 2m 1s	remaining: 1d 3h 19m 36s
123:	learn: 0.2469966	test: 0.3909993	best: 0.3909993 (123)	total: 2m 2s	remaining: 1d 3h 18m 4s
124:	learn: 0.2457756	test: 0.3901604	best: 0.3901604 (124)	total: 2m 3s	remaining: 1d 3h 22m 35s
125:	learn: 0.2446793	test: 0.3898480	best: 0.3898480 (125)	total: 2m 4s	remaining: 1d 3h 20m 16s
126:	learn: 0.2435203	test: 0.3891839	best: 0.3891839 (126)	total: 2m 5s	remaining: 1d 3h 19m 52s
127:	learn: 0.2424200	test: 0.3885065	best: 0.3885065 (127)	total: 2m 6s	remaining: 1d 3h 18m 31s
128:	learn: 0.2410136	test: 0.3878024	best: 0.3878024 (128)	total: 2m 6s	remaining: 1d 3h 16m 11s
129:	learn: 0.2402583	test: 0.3875815	best: 0.3875815 (129)	total: 2m 7s	remaining: 1d 3h 14m 55s
130:	learn: 0.2393673	test: 0.3871942	best: 0.3871942 (130)	total: 2m 8s	remaining: 1d 3h 14m 3s
131:	learn: 0.2385423	test: 0.3869381	best: 0.3869381 (131)	total: 2m 9s	remaining: 1d 3h 15m 38s
132:	learn: 0.2375010	test: 0.3865788	best: 0.3865788 (132)	total: 2m 11s	remaining: 1d 3h 21m 16s
133:	learn: 0.2364997	test: 0.3859768	best: 0.3859768 (133)	total: 2m 12s	remaining: 1d 3h 26m 39s
134:	learn: 0.2346577	test: 0.3851562	best: 0.3851562 (134)	total: 2m 13s	remaining: 1d 3h 27m 13s
135:	learn: 0.2336825	test: 0.3845608	best: 0.3845608 (135)	total: 2m 14s	remaining: 1d 3h 27m 37s
136:	learn: 0.2327851	test: 0.3843430	best: 0.3843430 (136)	total: 2m 15s	remaining: 1d 3h 25m 32s
137:	learn: 0.2318012	test: 0.3836749	best: 0.3836749 (137)	total: 2m 16s	remaining: 1d 3h 23m 9s
138:	learn: 0.2307270	test: 0.3829357	best: 0.3829357 (138)	total: 2m 17s	remaining: 1d 3h 20m 54s
139:	learn: 0.2296022	test: 0.3825426	best: 0.3825426 (139)	total: 2m 17s	remaining: 1d 3h 18m 37s
140:	learn: 0.2276785	test: 0.3820431	best: 0.3820431 (140)	total: 2m 18s	remaining: 1d 3h 17m 9s
141:	learn: 0.2266214	test: 0.3817801	best: 0.3817801 (141)	total: 2m 19s	remaining: 1d 3h 19m 36s
142:	learn: 0.2255162	test: 0.3813071	best: 0.3813071 (142)	total: 2m 21s	remaining: 1d 3h 23m 51s
143:	learn: 0.2246992	test: 0.3808302	best: 0.3808302 (143)	total: 2m 22s	remaining: 1d 3h 29m 57s
144:	learn: 0.2238108	test: 0.3805359	best: 0.3805359 (144)	total: 2m 24s	remaining: 1d 3h 33m 32s
145:	learn: 0.2228643	test: 0.3804185	best: 0.3804185 (145)	total: 2m 24s	remaining: 1d 3h 32m 23s
146:	learn: 0.2220552	test: 0.3802428	best: 0.3802428 (146)	total: 2m 25s	remaining: 1d 3h 29m 29s
147:	learn: 0.2207365	test: 0.3795081	best: 0.3795081 (147)	total: 2m 27s	remaining: 1d 3h 33m 46s
148:	learn: 0.2196560	test: 0.3792882	best: 0.3792882 (148)	total: 2m 27s	remaining: 1d 3h 32m 43s
149:	learn: 0.2183866	test: 0.3785839	best: 0.3785839 (149)	total: 2m 28s	remaining: 1d 3h 30m 36s
150:	learn: 0.2174427	test: 0.3781087	best: 0.3781087 (150)	total: 2m 29s	remaining: 1d 3h 31m 40s
151:	learn: 0.2167213	test: 0.3780419	best: 0.3780419 (151)	total: 2m 31s	remaining: 1d 3h 39m 24s
152:	learn: 0.2160631	test: 0.3777029	best: 0.3777029 (152)	total: 2m 33s	remaining: 1d 3h 48m 43s
153:	learn: 0.2154124	test: 0.3775358	best: 0.3775358 (153)	total: 2m 34s	remaining: 1d 3h 51m 7s
154:	learn: 0.2145410	test: 0.3774268	best: 0.3774268 (154)	total: 2m 35s	remaining: 1d 3h 52m 6s
155:	learn: 0.2139218	test: 0.3772277	best: 0.3772277 (155)	total: 2m 36s	remaining: 1d 3h 51m 21s
156:	learn: 0.2126345	test: 0.3764715	best: 0.3764715 (156)	total: 2m 37s	remaining: 1d 3h 52m 5s
157:	learn: 0.2118352	test: 0.3764076	best: 0.3764076 (157)	total: 2m 38s	remaining: 1d 3h 51m 20s
158:	learn: 0.2108793	test: 0.3760155	best: 0.3760155 (158)	total: 2m 39s	remaining: 1d 3h 50m 52s
159:	learn: 0.2096095	test: 0.3754603	best: 0.3754603 (159)	total: 2m 40s	remaining: 1d 3h 52m 1s
160:	learn: 0.2084310	test: 0.3749803	best: 0.3749803 (160)	total: 2m 41s	remaining: 1d 3h 52m 5s
161:	learn: 0.2077773	test: 0.3747434	best: 0.3747434 (161)	total: 2m 42s	remaining: 1d 3h 49m 49s
162:	learn: 0.2072177	test: 0.3745434	best: 0.3745434 (162)	total: 2m 43s	remaining: 1d 3h 48m 15s
163:	learn: 0.2066727	test: 0.3744455	best: 0.3744455 (163)	total: 2m 44s	remaining: 1d 3h 45m 59s
164:	learn: 0.2058296	test: 0.3743338	best: 0.3743338 (164)	total: 2m 45s	remaining: 1d 3h 44m 32s
165:	learn: 0.2052534	test: 0.3742674	best: 0.3742674 (165)	total: 2m 45s	remaining: 1d 3h 43m 18s
166:	learn: 0.2042996	test: 0.3739470	best: 0.3739470 (166)	total: 2m 46s	remaining: 1d 3h 41m 17s
167:	learn: 0.2035527	test: 0.3739271	best: 0.3739271 (167)	total: 2m 47s	remaining: 1d 3h 38m 58s
168:	learn: 0.2027557	test: 0.3739190	best: 0.3739190 (168)	total: 2m 48s	remaining: 1d 3h 38m 31s
169:	learn: 0.2021702	test: 0.3737893	best: 0.3737893 (169)	total: 2m 49s	remaining: 1d 3h 36m 18s
170:	learn: 0.2014415	test: 0.3736892	best: 0.3736892 (170)	total: 2m 50s	remaining: 1d 3h 34m 37s
171:	learn: 0.2008262	test: 0.3735082	best: 0.3735082 (171)	total: 2m 51s	remaining: 1d 3h 34m 48s
172:	learn: 0.2002938	test: 0.3733427	best: 0.3733427 (172)	total: 2m 51s	remaining: 1d 3h 34m 2s
173:	learn: 0.1990408	test: 0.3730799	best: 0.3730799 (173)	total: 2m 52s	remaining: 1d 3h 33m 39s
174:	learn: 0.1984428	test: 0.3728504	best: 0.3728504 (174)	total: 2m 54s	remaining: 1d 3h 35m 16s
175:	learn: 0.1978257	test: 0.3725289	best: 0.3725289 (175)	total: 2m 55s	remaining: 1d 3h 37m 8s
176:	learn: 0.1971617	test: 0.3723881	best: 0.3723881 (176)	total: 2m 56s	remaining: 1d 3h 38m 30s
177:	learn: 0.1965762	test: 0.3721966	best: 0.3721966 (177)	total: 2m 57s	remaining: 1d 3h 39m 37s
178:	learn: 0.1960293	test: 0.3720779	best: 0.3720779 (178)	total: 2m 59s	remaining: 1d 3h 46m 20s
179:	learn: 0.1954449	test: 0.3719011	best: 0.3719011 (179)	total: 3m	remaining: 1d 3h 49m 30s
180:	learn: 0.1945348	test: 0.3716637	best: 0.3716637 (180)	total: 3m 2s	remaining: 1d 3h 52m 55s
181:	learn: 0.1940034	test: 0.3715953	best: 0.3715953 (181)	total: 3m 3s	remaining: 1d 3h 52m 48s
182:	learn: 0.1934535	test: 0.3715324	best: 0.3715324 (182)	total: 3m 3s	remaining: 1d 3h 52m 11s
183:	learn: 0.1927652	test: 0.3714284	best: 0.3714284 (183)	total: 3m 5s	remaining: 1d 3h 53m 51s
184:	learn: 0.1922345	test: 0.3712254	best: 0.3712254 (184)	total: 3m 6s	remaining: 1d 3h 54m 26s
185:	learn: 0.1912108	test: 0.3710703	best: 0.3710703 (185)	total: 3m 7s	remaining: 1d 3h 54m 51s
186:	learn: 0.1907183	test: 0.3709618	best: 0.3709618 (186)	total: 3m 8s	remaining: 1d 3h 53m 11s
187:	learn: 0.1900592	test: 0.3709892	best: 0.3709618 (186)	total: 3m 8s	remaining: 1d 3h 51m 18s
188:	learn: 0.1894232	test: 0.3708793	best: 0.3708793 (188)	total: 3m 9s	remaining: 1d 3h 50m 32s
189:	learn: 0.1888839	test: 0.3707596	best: 0.3707596 (189)	total: 3m 10s	remaining: 1d 3h 49m 41s
190:	learn: 0.1883035	test: 0.3705096	best: 0.3705096 (190)	total: 3m 11s	remaining: 1d 3h 50m 46s
191:	learn: 0.1877739	test: 0.3703516	best: 0.3703516 (191)	total: 3m 12s	remaining: 1d 3h 50m 4s
192:	learn: 0.1872267	test: 0.3702031	best: 0.3702031 (192)	total: 3m 13s	remaining: 1d 3h 48m 11s
193:	learn: 0.1861604	test: 0.3697599	best: 0.3697599 (193)	total: 3m 14s	remaining: 1d 3h 45m 19s
194:	learn: 0.1856032	test: 0.3696415	best: 0.3696415 (194)	total: 3m 15s	remaining: 1d 3h 44m 46s
195:	learn: 0.1851123	test: 0.3695461	best: 0.3695461 (195)	total: 3m 16s	remaining: 1d 3h 43m 43s
196:	learn: 0.1843714	test: 0.3693497	best: 0.3693497 (196)	total: 3m 16s	remaining: 1d 3h 42m 58s
197:	learn: 0.1838604	test: 0.3691466	best: 0.3691466 (197)	total: 3m 17s	remaining: 1d 3h 41m 19s
198:	learn: 0.1830956	test: 0.3686248	best: 0.3686248 (198)	total: 3m 18s	remaining: 1d 3h 41m 8s
199:	learn: 0.1822309	test: 0.3680042	best: 0.3680042 (199)	total: 3m 19s	remaining: 1d 3h 39m 36s
200:	learn: 0.1817440	test: 0.3678306	best: 0.3678306 (200)	total: 3m 20s	remaining: 1d 3h 38m 1s
201:	learn: 0.1812330	test: 0.3676875	best: 0.3676875 (201)	total: 3m 21s	remaining: 1d 3h 38m 4s
202:	learn: 0.1807209	test: 0.3675110	best: 0.3675110 (202)	total: 3m 22s	remaining: 1d 3h 38m 59s
203:	learn: 0.1801454	test: 0.3672985	best: 0.3672985 (203)	total: 3m 23s	remaining: 1d 3h 37m 50s
204:	learn: 0.1796472	test: 0.3671713	best: 0.3671713 (204)	total: 3m 24s	remaining: 1d 3h 36m 53s
205:	learn: 0.1790875	test: 0.3671721	best: 0.3671713 (204)	total: 3m 25s	remaining: 1d 3h 35m 32s
206:	learn: 0.1786071	test: 0.3671510	best: 0.3671510 (206)	total: 3m 25s	remaining: 1d 3h 34m 4s
207:	learn: 0.1781453	test: 0.3669423	best: 0.3669423 (207)	total: 3m 27s	remaining: 1d 3h 35m 53s
208:	learn: 0.1775335	test: 0.3669231	best: 0.3669231 (208)	total: 3m 28s	remaining: 1d 3h 37m 45s
209:	learn: 0.1764170	test: 0.3667035	best: 0.3667035 (209)	total: 3m 29s	remaining: 1d 3h 38m 18s
210:	learn: 0.1759028	test: 0.3665057	best: 0.3665057 (210)	total: 3m 30s	remaining: 1d 3h 37m 24s
211:	learn: 0.1753717	test: 0.3662131	best: 0.3662131 (211)	total: 3m 31s	remaining: 1d 3h 37m 44s
212:	learn: 0.1748863	test: 0.3661275	best: 0.3661275 (212)	total: 3m 32s	remaining: 1d 3h 37m 47s
213:	learn: 0.1742319	test: 0.3659559	best: 0.3659559 (213)	total: 3m 33s	remaining: 1d 3h 36m 15s
214:	learn: 0.1736853	test: 0.3658227	best: 0.3658227 (214)	total: 3m 33s	remaining: 1d 3h 32m 45s
215:	learn: 0.1731195	test: 0.3656917	best: 0.3656917 (215)	total: 3m 34s	remaining: 1d 3h 29m 23s
216:	learn: 0.1723428	test: 0.3653903	best: 0.3653903 (216)	total: 3m 34s	remaining: 1d 3h 27m 38s
217:	learn: 0.1717219	test: 0.3651470	best: 0.3651470 (217)	total: 3m 35s	remaining: 1d 3h 26m 53s
218:	learn: 0.1712167	test: 0.3649885	best: 0.3649885 (218)	total: 3m 36s	remaining: 1d 3h 26m 24s
219:	learn: 0.1703257	test: 0.3646670	best: 0.3646670 (219)	total: 3m 37s	remaining: 1d 3h 25m 39s
220:	learn: 0.1698433	test: 0.3646008	best: 0.3646008 (220)	total: 3m 38s	remaining: 1d 3h 23m 39s
221:	learn: 0.1693491	test: 0.3646451	best: 0.3646008 (220)	total: 3m 39s	remaining: 1d 3h 23m 15s
222:	learn: 0.1689057	test: 0.3645376	best: 0.3645376 (222)	total: 3m 40s	remaining: 1d 3h 22m 39s
223:	learn: 0.1682278	test: 0.3645232	best: 0.3645232 (223)	total: 3m 41s	remaining: 1d 3h 22m 1s
224:	learn: 0.1673700	test: 0.3642253	best: 0.3642253 (224)	total: 3m 42s	remaining: 1d 3h 21m 30s
225:	learn: 0.1665351	test: 0.3639165	best: 0.3639165 (225)	total: 3m 43s	remaining: 1d 3h 22m 44s
226:	learn: 0.1660549	test: 0.3638028	best: 0.3638028 (226)	total: 3m 44s	remaining: 1d 3h 22m 35s
227:	learn: 0.1655804	test: 0.3636080	best: 0.3636080 (227)	total: 3m 45s	remaining: 1d 3h 22m 40s
228:	learn: 0.1650927	test: 0.3636281	best: 0.3636080 (227)	total: 3m 46s	remaining: 1d 3h 21m 25s
229:	learn: 0.1646476	test: 0.3633816	best: 0.3633816 (229)	total: 3m 46s	remaining: 1d 3h 20m 42s
230:	learn: 0.1641465	test: 0.3631039	best: 0.3631039 (230)	total: 3m 47s	remaining: 1d 3h 20m 8s
231:	learn: 0.1636032	test: 0.3630601	best: 0.3630601 (231)	total: 3m 50s	remaining: 1d 3h 34m 42s
232:	learn: 0.1631129	test: 0.3630332	best: 0.3630332 (232)	total: 3m 52s	remaining: 1d 3h 39m 46s
233:	learn: 0.1625673	test: 0.3629159	best: 0.3629159 (233)	total: 3m 53s	remaining: 1d 3h 39m 31s
234:	learn: 0.1620173	test: 0.3626453	best: 0.3626453 (234)	total: 3m 54s	remaining: 1d 3h 41m 18s
235:	learn: 0.1615808	test: 0.3624710	best: 0.3624710 (235)	total: 3m 55s	remaining: 1d 3h 41m 15s
236:	learn: 0.1611615	test: 0.3623582	best: 0.3623582 (236)	total: 3m 56s	remaining: 1d 3h 40m 20s
237:	learn: 0.1607473	test: 0.3622482	best: 0.3622482 (237)	total: 3m 57s	remaining: 1d 3h 39m 10s
238:	learn: 0.1602640	test: 0.3622431	best: 0.3622431 (238)	total: 3m 58s	remaining: 1d 3h 40m 14s
239:	learn: 0.1597303	test: 0.3620779	best: 0.3620779 (239)	total: 3m 59s	remaining: 1d 3h 42m 2s
240:	learn: 0.1593491	test: 0.3619448	best: 0.3619448 (240)	total: 4m	remaining: 1d 3h 42m 8s
241:	learn: 0.1587067	test: 0.3619634	best: 0.3619448 (240)	total: 4m 2s	remaining: 1d 3h 44m 10s
242:	learn: 0.1582802	test: 0.3617194	best: 0.3617194 (242)	total: 4m 3s	remaining: 1d 3h 44m 22s
243:	learn: 0.1578537	test: 0.3615623	best: 0.3615623 (243)	total: 4m 4s	remaining: 1d 3h 43m 8s
244:	learn: 0.1573463	test: 0.3615106	best: 0.3615106 (244)	total: 4m 4s	remaining: 1d 3h 41m 38s
245:	learn: 0.1568887	test: 0.3613025	best: 0.3613025 (245)	total: 4m 5s	remaining: 1d 3h 40m 30s
246:	learn: 0.1564379	test: 0.3612242	best: 0.3612242 (246)	total: 4m 6s	remaining: 1d 3h 39m 45s
247:	learn: 0.1558703	test: 0.3610454	best: 0.3610454 (247)	total: 4m 7s	remaining: 1d 3h 37m 16s
248:	learn: 0.1550857	test: 0.3607852	best: 0.3607852 (248)	total: 4m 8s	remaining: 1d 3h 36m 46s
249:	learn: 0.1544182	test: 0.3605000	best: 0.3605000 (249)	total: 4m 9s	remaining: 1d 3h 36m 57s
250:	learn: 0.1539240	test: 0.3603539	best: 0.3603539 (250)	total: 4m 10s	remaining: 1d 3h 41m 13s
251:	learn: 0.1533281	test: 0.3601137	best: 0.3601137 (251)	total: 4m 11s	remaining: 1d 3h 40m 16s
252:	learn: 0.1528837	test: 0.3599466	best: 0.3599466 (252)	total: 4m 12s	remaining: 1d 3h 39m 5s
253:	learn: 0.1524727	test: 0.3598279	best: 0.3598279 (253)	total: 4m 13s	remaining: 1d 3h 39m 50s
254:	learn: 0.1520292	test: 0.3598474	best: 0.3598279 (253)	total: 4m 15s	remaining: 1d 3h 43m
255:	learn: 0.1516395	test: 0.3598413	best: 0.3598279 (253)	total: 4m 17s	remaining: 1d 3h 51m 1s
256:	learn: 0.1511674	test: 0.3597538	best: 0.3597538 (256)	total: 4m 18s	remaining: 1d 3h 51m 34s
257:	learn: 0.1506925	test: 0.3596857	best: 0.3596857 (257)	total: 4m 19s	remaining: 1d 3h 51m 11s
258:	learn: 0.1502544	test: 0.3597073	best: 0.3596857 (257)	total: 4m 20s	remaining: 1d 3h 50m 10s
259:	learn: 0.1494696	test: 0.3595538	best: 0.3595538 (259)	total: 4m 21s	remaining: 1d 3h 49m 5s
260:	learn: 0.1490605	test: 0.3595380	best: 0.3595380 (260)	total: 4m 21s	remaining: 1d 3h 48m 26s
261:	learn: 0.1486095	test: 0.3594609	best: 0.3594609 (261)	total: 4m 22s	remaining: 1d 3h 47m 22s
262:	learn: 0.1482634	test: 0.3592943	best: 0.3592943 (262)	total: 4m 23s	remaining: 1d 3h 48m 6s
263:	learn: 0.1479088	test: 0.3594316	best: 0.3592943 (262)	total: 4m 25s	remaining: 1d 3h 50m 39s
264:	learn: 0.1471682	test: 0.3593306	best: 0.3592943 (262)	total: 4m 27s	remaining: 1d 3h 57m 59s
265:	learn: 0.1468010	test: 0.3592832	best: 0.3592832 (265)	total: 4m 28s	remaining: 1d 3h 58m 27s
266:	learn: 0.1463054	test: 0.3592197	best: 0.3592197 (266)	total: 4m 29s	remaining: 1d 3h 59m 58s
267:	learn: 0.1458808	test: 0.3591716	best: 0.3591716 (267)	total: 4m 31s	remaining: 1d 4h 2m 44s
268:	learn: 0.1455338	test: 0.3591149	best: 0.3591149 (268)	total: 4m 32s	remaining: 1d 4h 1m 53s
269:	learn: 0.1451565	test: 0.3591052	best: 0.3591052 (269)	total: 4m 33s	remaining: 1d 4h 1m 51s
270:	learn: 0.1445700	test: 0.3588704	best: 0.3588704 (270)	total: 4m 34s	remaining: 1d 4h 6m 26s
271:	learn: 0.1439365	test: 0.3586980	best: 0.3586980 (271)	total: 4m 36s	remaining: 1d 4h 7m 8s
272:	learn: 0.1433510	test: 0.3585731	best: 0.3585731 (272)	total: 4m 37s	remaining: 1d 4h 7m 29s
273:	learn: 0.1428358	test: 0.3582587	best: 0.3582587 (273)	total: 4m 38s	remaining: 1d 4h 10m 25s
274:	learn: 0.1422892	test: 0.3582379	best: 0.3582379 (274)	total: 4m 39s	remaining: 1d 4h 9m 9s
275:	learn: 0.1418332	test: 0.3581753	best: 0.3581753 (275)	total: 4m 40s	remaining: 1d 4h 9m 41s
276:	learn: 0.1415398	test: 0.3581763	best: 0.3581753 (275)	total: 4m 41s	remaining: 1d 4h 8m 17s
277:	learn: 0.1410066	test: 0.3582104	best: 0.3581753 (275)	total: 4m 42s	remaining: 1d 4h 7m 21s
278:	learn: 0.1405036	test: 0.3579452	best: 0.3579452 (278)	total: 4m 43s	remaining: 1d 4h 7m 18s
279:	learn: 0.1402239	test: 0.3578624	best: 0.3578624 (279)	total: 4m 44s	remaining: 1d 4h 6m 23s
280:	learn: 0.1396345	test: 0.3577143	best: 0.3577143 (280)	total: 4m 45s	remaining: 1d 4h 7m 16s
281:	learn: 0.1392932	test: 0.3577187	best: 0.3577143 (280)	total: 4m 46s	remaining: 1d 4h 5m 57s
282:	learn: 0.1389100	test: 0.3577591	best: 0.3577143 (280)	total: 4m 46s	remaining: 1d 4h 4m 47s
283:	learn: 0.1382729	test: 0.3575399	best: 0.3575399 (283)	total: 4m 47s	remaining: 1d 4h 4m 19s
284:	learn: 0.1378525	test: 0.3576084	best: 0.3575399 (283)	total: 4m 48s	remaining: 1d 4h 3m 49s
285:	learn: 0.1375596	test: 0.3576575	best: 0.3575399 (283)	total: 4m 49s	remaining: 1d 4h 4m 25s
286:	learn: 0.1372707	test: 0.3577429	best: 0.3575399 (283)	total: 4m 52s	remaining: 1d 4h 12m 26s
287:	learn: 0.1367642	test: 0.3576072	best: 0.3575399 (283)	total: 4m 54s	remaining: 1d 4h 19m 38s
288:	learn: 0.1364996	test: 0.3576928	best: 0.3575399 (283)	total: 4m 55s	remaining: 1d 4h 19m 31s
289:	learn: 0.1360457	test: 0.3575716	best: 0.3575399 (283)	total: 4m 56s	remaining: 1d 4h 19m 18s
290:	learn: 0.1351905	test: 0.3568624	best: 0.3568624 (290)	total: 4m 57s	remaining: 1d 4h 18m 13s
291:	learn: 0.1348528	test: 0.3567848	best: 0.3567848 (291)	total: 4m 58s	remaining: 1d 4h 17m 16s
292:	learn: 0.1344838	test: 0.3568109	best: 0.3567848 (291)	total: 4m 59s	remaining: 1d 4h 16m 42s
293:	learn: 0.1341792	test: 0.3567136	best: 0.3567136 (293)	total: 5m	remaining: 1d 4h 16m 7s
294:	learn: 0.1337276	test: 0.3566089	best: 0.3566089 (294)	total: 5m	remaining: 1d 4h 15m 13s
295:	learn: 0.1334858	test: 0.3565690	best: 0.3565690 (295)	total: 5m 2s	remaining: 1d 4h 16m 19s
296:	learn: 0.1331293	test: 0.3564683	best: 0.3564683 (296)	total: 5m 3s	remaining: 1d 4h 16m 37s
297:	learn: 0.1328040	test: 0.3562476	best: 0.3562476 (297)	total: 5m 4s	remaining: 1d 4h 15m 48s
298:	learn: 0.1323298	test: 0.3562574	best: 0.3562476 (297)	total: 5m 5s	remaining: 1d 4h 15m 13s
299:	learn: 0.1315979	test: 0.3560838	best: 0.3560838 (299)	total: 5m 6s	remaining: 1d 4h 15m 8s
300:	learn: 0.1312013	test: 0.3560421	best: 0.3560421 (300)	total: 5m 6s	remaining: 1d 4h 13m 54s
301:	learn: 0.1308194	test: 0.3559816	best: 0.3559816 (301)	total: 5m 7s	remaining: 1d 4h 13m
302:	learn: 0.1306088	test: 0.3560393	best: 0.3559816 (301)	total: 5m 8s	remaining: 1d 4h 11m 33s
303:	learn: 0.1301814	test: 0.3559352	best: 0.3559352 (303)	total: 5m 9s	remaining: 1d 4h 11m 5s
304:	learn: 0.1298668	test: 0.3558621	best: 0.3558621 (304)	total: 5m 10s	remaining: 1d 4h 10m 26s
305:	learn: 0.1294626	test: 0.3559319	best: 0.3558621 (304)	total: 5m 11s	remaining: 1d 4h 9m 44s
306:	learn: 0.1291557	test: 0.3557878	best: 0.3557878 (306)	total: 5m 12s	remaining: 1d 4h 9m 14s
307:	learn: 0.1287444	test: 0.3557337	best: 0.3557337 (307)	total: 5m 12s	remaining: 1d 4h 8m 12s
308:	learn: 0.1282617	test: 0.3554801	best: 0.3554801 (308)	total: 5m 13s	remaining: 1d 4h 7m 58s
309:	learn: 0.1280764	test: 0.3554953	best: 0.3554801 (308)	total: 5m 14s	remaining: 1d 4h 7m 5s
310:	learn: 0.1277762	test: 0.3555051	best: 0.3554801 (308)	total: 5m 16s	remaining: 1d 4h 10m 3s
311:	learn: 0.1275208	test: 0.3554892	best: 0.3554801 (308)	total: 5m 17s	remaining: 1d 4h 13m 6s
312:	learn: 0.1271178	test: 0.3554044	best: 0.3554044 (312)	total: 5m 18s	remaining: 1d 4h 12m 9s
313:	learn: 0.1268157	test: 0.3553362	best: 0.3553362 (313)	total: 5m 20s	remaining: 1d 4h 14m 13s
314:	learn: 0.1264024	test: 0.3552477	best: 0.3552477 (314)	total: 5m 21s	remaining: 1d 4h 15m 51s
315:	learn: 0.1262050	test: 0.3552933	best: 0.3552477 (314)	total: 5m 22s	remaining: 1d 4h 17m 16s
316:	learn: 0.1258556	test: 0.3552157	best: 0.3552157 (316)	total: 5m 23s	remaining: 1d 4h 18m
317:	learn: 0.1255185	test: 0.3552576	best: 0.3552157 (316)	total: 5m 25s	remaining: 1d 4h 18m 36s
318:	learn: 0.1250066	test: 0.3553398	best: 0.3552157 (316)	total: 5m 26s	remaining: 1d 4h 18m 8s
319:	learn: 0.1245841	test: 0.3553709	best: 0.3552157 (316)	total: 5m 26s	remaining: 1d 4h 17m 31s
320:	learn: 0.1243957	test: 0.3553879	best: 0.3552157 (316)	total: 5m 27s	remaining: 1d 4h 16m 29s
321:	learn: 0.1241861	test: 0.3553533	best: 0.3552157 (316)	total: 5m 28s	remaining: 1d 4h 15m 25s
322:	learn: 0.1237340	test: 0.3551578	best: 0.3551578 (322)	total: 5m 29s	remaining: 1d 4h 15m 34s
323:	learn: 0.1233367	test: 0.3549920	best: 0.3549920 (323)	total: 5m 30s	remaining: 1d 4h 15m
324:	learn: 0.1230579	test: 0.3551158	best: 0.3549920 (323)	total: 5m 31s	remaining: 1d 4h 15m 16s
325:	learn: 0.1227766	test: 0.3551369	best: 0.3549920 (323)	total: 5m 32s	remaining: 1d 4h 14m 33s
326:	learn: 0.1225264	test: 0.3550853	best: 0.3549920 (323)	total: 5m 33s	remaining: 1d 4h 13m 44s
327:	learn: 0.1223602	test: 0.3551241	best: 0.3549920 (323)	total: 5m 34s	remaining: 1d 4h 15m 20s
328:	learn: 0.1221255	test: 0.3550642	best: 0.3549920 (323)	total: 5m 36s	remaining: 1d 4h 17m 25s
329:	learn: 0.1216380	test: 0.3549075	best: 0.3549075 (329)	total: 5m 37s	remaining: 1d 4h 17m 31s
330:	learn: 0.1214243	test: 0.3548318	best: 0.3548318 (330)	total: 5m 37s	remaining: 1d 4h 15m 22s
331:	learn: 0.1210499	test: 0.3547104	best: 0.3547104 (331)	total: 5m 38s	remaining: 1d 4h 14m 29s
332:	learn: 0.1207846	test: 0.3547397	best: 0.3547104 (331)	total: 5m 39s	remaining: 1d 4h 13m 37s
333:	learn: 0.1205220	test: 0.3547705	best: 0.3547104 (331)	total: 5m 40s	remaining: 1d 4h 12m 58s
334:	learn: 0.1202508	test: 0.3548520	best: 0.3547104 (331)	total: 5m 41s	remaining: 1d 4h 12m 9s
335:	learn: 0.1198342	test: 0.3548299	best: 0.3547104 (331)	total: 5m 42s	remaining: 1d 4h 11m 20s
336:	learn: 0.1195652	test: 0.3548883	best: 0.3547104 (331)	total: 5m 43s	remaining: 1d 4h 11m 23s
337:	learn: 0.1192129	test: 0.3548487	best: 0.3547104 (331)	total: 5m 44s	remaining: 1d 4h 11m 26s
338:	learn: 0.1188803	test: 0.3548272	best: 0.3547104 (331)	total: 5m 45s	remaining: 1d 4h 10m 37s
339:	learn: 0.1186518	test: 0.3548185	best: 0.3547104 (331)	total: 5m 45s	remaining: 1d 4h 10m 6s
340:	learn: 0.1184793	test: 0.3548796	best: 0.3547104 (331)	total: 5m 46s	remaining: 1d 4h 9m 7s
341:	learn: 0.1181703	test: 0.3548833	best: 0.3547104 (331)	total: 5m 48s	remaining: 1d 4h 10m 27s
342:	learn: 0.1179122	test: 0.3548587	best: 0.3547104 (331)	total: 5m 50s	remaining: 1d 4h 17m 17s
343:	learn: 0.1176676	test: 0.3549309	best: 0.3547104 (331)	total: 5m 51s	remaining: 1d 4h 18m 41s
344:	learn: 0.1172795	test: 0.3548522	best: 0.3547104 (331)	total: 5m 52s	remaining: 1d 4h 18m 14s
345:	learn: 0.1169853	test: 0.3548257	best: 0.3547104 (331)	total: 5m 53s	remaining: 1d 4h 19m 11s
346:	learn: 0.1167144	test: 0.3548251	best: 0.3547104 (331)	total: 5m 55s	remaining: 1d 4h 19m 19s
347:	learn: 0.1164205	test: 0.3548226	best: 0.3547104 (331)	total: 5m 56s	remaining: 1d 4h 22m 29s
348:	learn: 0.1162390	test: 0.3548705	best: 0.3547104 (331)	total: 5m 57s	remaining: 1d 4h 22m 5s
349:	learn: 0.1160833	test: 0.3548879	best: 0.3547104 (331)	total: 5m 59s	remaining: 1d 4h 27m 39s
350:	learn: 0.1158825	test: 0.3548196	best: 0.3547104 (331)	total: 6m 2s	remaining: 1d 4h 35m 7s
351:	learn: 0.1155628	test: 0.3549263	best: 0.3547104 (331)	total: 6m 3s	remaining: 1d 4h 34m 52s
352:	learn: 0.1153702	test: 0.3550125	best: 0.3547104 (331)	total: 6m 4s	remaining: 1d 4h 34m 24s
353:	learn: 0.1150385	test: 0.3549951	best: 0.3547104 (331)	total: 6m 5s	remaining: 1d 4h 32m 56s
354:	learn: 0.1146189	test: 0.3547698	best: 0.3547104 (331)	total: 6m 6s	remaining: 1d 4h 33m 11s
355:	learn: 0.1140828	test: 0.3546588	best: 0.3546588 (355)	total: 6m 7s	remaining: 1d 4h 32m 10s
356:	learn: 0.1138905	test: 0.3546311	best: 0.3546311 (356)	total: 6m 8s	remaining: 1d 4h 32m 36s
357:	learn: 0.1136789	test: 0.3547318	best: 0.3546311 (356)	total: 6m 9s	remaining: 1d 4h 32m 18s
358:	learn: 0.1134510	test: 0.3548053	best: 0.3546311 (356)	total: 6m 10s	remaining: 1d 4h 33m 46s
359:	learn: 0.1130412	test: 0.3549000	best: 0.3546311 (356)	total: 6m 11s	remaining: 1d 4h 34m 40s
360:	learn: 0.1128948	test: 0.3548403	best: 0.3546311 (356)	total: 6m 12s	remaining: 1d 4h 35m 27s
361:	learn: 0.1122988	test: 0.3549701	best: 0.3546311 (356)	total: 6m 13s	remaining: 1d 4h 34m 53s
362:	learn: 0.1120829	test: 0.3549237	best: 0.3546311 (356)	total: 6m 14s	remaining: 1d 4h 34m 45s
363:	learn: 0.1119244	test: 0.3549258	best: 0.3546311 (356)	total: 6m 15s	remaining: 1d 4h 34m 4s
364:	learn: 0.1116417	test: 0.3548638	best: 0.3546311 (356)	total: 6m 16s	remaining: 1d 4h 33m 19s
365:	learn: 0.1114404	test: 0.3548412	best: 0.3546311 (356)	total: 6m 17s	remaining: 1d 4h 32m 43s
366:	learn: 0.1112156	test: 0.3548873	best: 0.3546311 (356)	total: 6m 18s	remaining: 1d 4h 31m 50s
367:	learn: 0.1109838	test: 0.3548678	best: 0.3546311 (356)	total: 6m 19s	remaining: 1d 4h 31m 1s
368:	learn: 0.1106350	test: 0.3547634	best: 0.3546311 (356)	total: 6m 20s	remaining: 1d 4h 30m 44s
369:	learn: 0.1104449	test: 0.3548590	best: 0.3546311 (356)	total: 6m 21s	remaining: 1d 4h 30m 6s
370:	learn: 0.1102654	test: 0.3548203	best: 0.3546311 (356)	total: 6m 21s	remaining: 1d 4h 29m 28s
371:	learn: 0.1099741	test: 0.3547522	best: 0.3546311 (356)	total: 6m 22s	remaining: 1d 4h 28m 38s
372:	learn: 0.1097561	test: 0.3547811	best: 0.3546311 (356)	total: 6m 23s	remaining: 1d 4h 28m 18s
373:	learn: 0.1095892	test: 0.3547827	best: 0.3546311 (356)	total: 6m 25s	remaining: 1d 4h 30m 14s
374:	learn: 0.1093672	test: 0.3547037	best: 0.3546311 (356)	total: 6m 26s	remaining: 1d 4h 31m 10s
375:	learn: 0.1091050	test: 0.3546094	best: 0.3546094 (375)	total: 6m 27s	remaining: 1d 4h 32m 6s
376:	learn: 0.1087733	test: 0.3546894	best: 0.3546094 (375)	total: 6m 28s	remaining: 1d 4h 32m 42s
377:	learn: 0.1086167	test: 0.3546604	best: 0.3546094 (375)	total: 6m 30s	remaining: 1d 4h 33m 22s
378:	learn: 0.1084996	test: 0.3546441	best: 0.3546094 (375)	total: 6m 30s	remaining: 1d 4h 32m 47s
379:	learn: 0.1082890	test: 0.3547227	best: 0.3546094 (375)	total: 6m 32s	remaining: 1d 4h 34m 38s
380:	learn: 0.1080148	test: 0.3545561	best: 0.3545561 (380)	total: 6m 33s	remaining: 1d 4h 35m 2s
381:	learn: 0.1077489	test: 0.3545710	best: 0.3545561 (380)	total: 6m 34s	remaining: 1d 4h 35m 16s
382:	learn: 0.1075585	test: 0.3545591	best: 0.3545561 (380)	total: 6m 35s	remaining: 1d 4h 34m 44s
383:	learn: 0.1073846	test: 0.3544864	best: 0.3544864 (383)	total: 6m 36s	remaining: 1d 4h 34m 33s
384:	learn: 0.1070613	test: 0.3545565	best: 0.3544864 (383)	total: 6m 37s	remaining: 1d 4h 34m 32s
385:	learn: 0.1067774	test: 0.3545482	best: 0.3544864 (383)	total: 6m 38s	remaining: 1d 4h 34m 24s
386:	learn: 0.1065109	test: 0.3544921	best: 0.3544864 (383)	total: 6m 39s	remaining: 1d 4h 34m 28s
387:	learn: 0.1061903	test: 0.3544131	best: 0.3544131 (387)	total: 6m 40s	remaining: 1d 4h 34m 16s
388:	learn: 0.1060515	test: 0.3544475	best: 0.3544131 (387)	total: 6m 41s	remaining: 1d 4h 34m 29s
389:	learn: 0.1057704	test: 0.3543609	best: 0.3543609 (389)	total: 6m 42s	remaining: 1d 4h 34m 24s
390:	learn: 0.1055554	test: 0.3544390	best: 0.3543609 (389)	total: 6m 43s	remaining: 1d 4h 32m 53s
391:	learn: 0.1053584	test: 0.3543800	best: 0.3543609 (389)	total: 6m 44s	remaining: 1d 4h 31m 45s
392:	learn: 0.1051118	test: 0.3544678	best: 0.3543609 (389)	total: 6m 45s	remaining: 1d 4h 31m 6s
393:	learn: 0.1049143	test: 0.3546036	best: 0.3543609 (389)	total: 6m 46s	remaining: 1d 4h 31m 8s
394:	learn: 0.1045854	test: 0.3546050	best: 0.3543609 (389)	total: 6m 46s	remaining: 1d 4h 30m 14s
395:	learn: 0.1042996	test: 0.3546367	best: 0.3543609 (389)	total: 6m 47s	remaining: 1d 4h 29m 55s
396:	learn: 0.1041346	test: 0.3546358	best: 0.3543609 (389)	total: 6m 48s	remaining: 1d 4h 29m 58s
397:	learn: 0.1038975	test: 0.3545765	best: 0.3543609 (389)	total: 6m 50s	remaining: 1d 4h 30m 13s
398:	learn: 0.1035756	test: 0.3546208	best: 0.3543609 (389)	total: 6m 50s	remaining: 1d 4h 29m 49s
399:	learn: 0.1033643	test: 0.3545738	best: 0.3543609 (389)	total: 6m 52s	remaining: 1d 4h 30m 9s
400:	learn: 0.1031584	test: 0.3544712	best: 0.3543609 (389)	total: 6m 53s	remaining: 1d 4h 29m 44s
401:	learn: 0.1028622	test: 0.3544346	best: 0.3543609 (389)	total: 6m 53s	remaining: 1d 4h 29m 11s
402:	learn: 0.1026342	test: 0.3545222	best: 0.3543609 (389)	total: 6m 54s	remaining: 1d 4h 28m 52s
403:	learn: 0.1024640	test: 0.3545151	best: 0.3543609 (389)	total: 6m 55s	remaining: 1d 4h 28m 43s
404:	learn: 0.1022996	test: 0.3547258	best: 0.3543609 (389)	total: 6m 56s	remaining: 1d 4h 28m 49s
405:	learn: 0.1019487	test: 0.3546513	best: 0.3543609 (389)	total: 6m 57s	remaining: 1d 4h 28m 25s
406:	learn: 0.1016237	test: 0.3546886	best: 0.3543609 (389)	total: 6m 59s	remaining: 1d 4h 28m 49s
407:	learn: 0.1014980	test: 0.3546551	best: 0.3543609 (389)	total: 7m	remaining: 1d 4h 29m 36s
408:	learn: 0.1013385	test: 0.3546166	best: 0.3543609 (389)	total: 7m 1s	remaining: 1d 4h 29m 12s
409:	learn: 0.1011258	test: 0.3546513	best: 0.3543609 (389)	total: 7m 2s	remaining: 1d 4h 28m 47s
410:	learn: 0.1006265	test: 0.3546489	best: 0.3543609 (389)	total: 7m 2s	remaining: 1d 4h 28m 11s
411:	learn: 0.1004657	test: 0.3547050	best: 0.3543609 (389)	total: 7m 3s	remaining: 1d 4h 27m 27s
412:	learn: 0.1001663	test: 0.3547378	best: 0.3543609 (389)	total: 7m 4s	remaining: 1d 4h 26m 50s
413:	learn: 0.0999518	test: 0.3548460	best: 0.3543609 (389)	total: 7m 5s	remaining: 1d 4h 26m 20s
414:	learn: 0.0998103	test: 0.3548538	best: 0.3543609 (389)	total: 7m 6s	remaining: 1d 4h 25m 43s
415:	learn: 0.0995468	test: 0.3549027	best: 0.3543609 (389)	total: 7m 7s	remaining: 1d 4h 25m 16s
416:	learn: 0.0993618	test: 0.3548278	best: 0.3543609 (389)	total: 7m 8s	remaining: 1d 4h 24m 45s
417:	learn: 0.0990151	test: 0.3547561	best: 0.3543609 (389)	total: 7m 9s	remaining: 1d 4h 24m
418:	learn: 0.0985814	test: 0.3544924	best: 0.3543609 (389)	total: 7m 9s	remaining: 1d 4h 23m 11s
419:	learn: 0.0984536	test: 0.3545684	best: 0.3543609 (389)	total: 7m 10s	remaining: 1d 4h 22m 27s
420:	learn: 0.0982239	test: 0.3544971	best: 0.3543609 (389)	total: 7m 13s	remaining: 1d 4h 29m 31s
421:	learn: 0.0980664	test: 0.3545089	best: 0.3543609 (389)	total: 7m 15s	remaining: 1d 4h 31m 29s
422:	learn: 0.0979398	test: 0.3545309	best: 0.3543609 (389)	total: 7m 16s	remaining: 1d 4h 31m 15s
423:	learn: 0.0977949	test: 0.3545640	best: 0.3543609 (389)	total: 7m 17s	remaining: 1d 4h 30m 57s
424:	learn: 0.0975801	test: 0.3544047	best: 0.3543609 (389)	total: 7m 17s	remaining: 1d 4h 30m 10s
425:	learn: 0.0973251	test: 0.3544024	best: 0.3543609 (389)	total: 7m 19s	remaining: 1d 4h 33m 15s
426:	learn: 0.0970948	test: 0.3545058	best: 0.3543609 (389)	total: 7m 20s	remaining: 1d 4h 33m 1s
427:	learn: 0.0969770	test: 0.3544790	best: 0.3543609 (389)	total: 7m 21s	remaining: 1d 4h 32m 36s
428:	learn: 0.0968468	test: 0.3544800	best: 0.3543609 (389)	total: 7m 22s	remaining: 1d 4h 31m 40s
429:	learn: 0.0966736	test: 0.3544122	best: 0.3543609 (389)	total: 7m 23s	remaining: 1d 4h 30m 42s
430:	learn: 0.0964594	test: 0.3545314	best: 0.3543609 (389)	total: 7m 24s	remaining: 1d 4h 31m 12s
431:	learn: 0.0963471	test: 0.3545268	best: 0.3543609 (389)	total: 7m 25s	remaining: 1d 4h 30m 21s
432:	learn: 0.0961764	test: 0.3545874	best: 0.3543609 (389)	total: 7m 26s	remaining: 1d 4h 30m 39s
433:	learn: 0.0960375	test: 0.3545708	best: 0.3543609 (389)	total: 7m 28s	remaining: 1d 4h 35m 55s
434:	learn: 0.0957702	test: 0.3545939	best: 0.3543609 (389)	total: 7m 30s	remaining: 1d 4h 38m 52s
435:	learn: 0.0956251	test: 0.3545643	best: 0.3543609 (389)	total: 7m 31s	remaining: 1d 4h 38m 26s
436:	learn: 0.0954943	test: 0.3545445	best: 0.3543609 (389)	total: 7m 32s	remaining: 1d 4h 39m 23s
437:	learn: 0.0952711	test: 0.3545810	best: 0.3543609 (389)	total: 7m 34s	remaining: 1d 4h 41m 10s
438:	learn: 0.0950323	test: 0.3547316	best: 0.3543609 (389)	total: 7m 35s	remaining: 1d 4h 43m 24s
439:	learn: 0.0949186	test: 0.3547883	best: 0.3543609 (389)	total: 7m 36s	remaining: 1d 4h 42m 53s
440:	learn: 0.0946932	test: 0.3549013	best: 0.3543609 (389)	total: 7m 38s	remaining: 1d 4h 44m 18s
441:	learn: 0.0943816	test: 0.3549796	best: 0.3543609 (389)	total: 7m 39s	remaining: 1d 4h 45m 12s
442:	learn: 0.0942081	test: 0.3548921	best: 0.3543609 (389)	total: 7m 40s	remaining: 1d 4h 45m 40s
443:	learn: 0.0939079	test: 0.3548227	best: 0.3543609 (389)	total: 7m 41s	remaining: 1d 4h 44m 38s
444:	learn: 0.0937260	test: 0.3548571	best: 0.3543609 (389)	total: 7m 42s	remaining: 1d 4h 44m 32s
445:	learn: 0.0935845	test: 0.3548728	best: 0.3543609 (389)	total: 7m 43s	remaining: 1d 4h 45m 15s
446:	learn: 0.0933834	test: 0.3549278	best: 0.3543609 (389)	total: 7m 44s	remaining: 1d 4h 44m 26s
447:	learn: 0.0931966	test: 0.3549661	best: 0.3543609 (389)	total: 7m 45s	remaining: 1d 4h 43m 29s
448:	learn: 0.0929932	test: 0.3548921	best: 0.3543609 (389)	total: 7m 46s	remaining: 1d 4h 42m 33s
449:	learn: 0.0927967	test: 0.3549766	best: 0.3543609 (389)	total: 7m 47s	remaining: 1d 4h 42m 37s
450:	learn: 0.0925847	test: 0.3548317	best: 0.3543609 (389)	total: 7m 48s	remaining: 1d 4h 42m 4s
451:	learn: 0.0924008	test: 0.3547508	best: 0.3543609 (389)	total: 7m 49s	remaining: 1d 4h 41m 42s
452:	learn: 0.0922533	test: 0.3547356	best: 0.3543609 (389)	total: 7m 49s	remaining: 1d 4h 40m 54s
453:	learn: 0.0920379	test: 0.3546211	best: 0.3543609 (389)	total: 7m 50s	remaining: 1d 4h 40m 15s
454:	learn: 0.0918310	test: 0.3546627	best: 0.3543609 (389)	total: 7m 51s	remaining: 1d 4h 39m 35s
455:	learn: 0.0916808	test: 0.3546591	best: 0.3543609 (389)	total: 7m 52s	remaining: 1d 4h 39m 9s
456:	learn: 0.0914711	test: 0.3546901	best: 0.3543609 (389)	total: 7m 53s	remaining: 1d 4h 38m 12s
457:	learn: 0.0912560	test: 0.3546784	best: 0.3543609 (389)	total: 7m 54s	remaining: 1d 4h 37m 23s
458:	learn: 0.0910734	test: 0.3545645	best: 0.3543609 (389)	total: 7m 54s	remaining: 1d 4h 36m
459:	learn: 0.0908366	test: 0.3545262	best: 0.3543609 (389)	total: 7m 55s	remaining: 1d 4h 34m
460:	learn: 0.0905074	test: 0.3545017	best: 0.3543609 (389)	total: 7m 56s	remaining: 1d 4h 33m 17s
461:	learn: 0.0901907	test: 0.3544151	best: 0.3543609 (389)	total: 7m 56s	remaining: 1d 4h 32m 27s
462:	learn: 0.0899406	test: 0.3545030	best: 0.3543609 (389)	total: 7m 57s	remaining: 1d 4h 31m 59s
463:	learn: 0.0896826	test: 0.3544869	best: 0.3543609 (389)	total: 7m 58s	remaining: 1d 4h 32m 22s
464:	learn: 0.0893974	test: 0.3543908	best: 0.3543609 (389)	total: 7m 59s	remaining: 1d 4h 31m 48s
465:	learn: 0.0891671	test: 0.3545800	best: 0.3543609 (389)	total: 8m	remaining: 1d 4h 30m 59s
466:	learn: 0.0890064	test: 0.3546174	best: 0.3543609 (389)	total: 8m 2s	remaining: 1d 4h 32m 13s
467:	learn: 0.0888052	test: 0.3547430	best: 0.3543609 (389)	total: 8m 3s	remaining: 1d 4h 32m 12s
468:	learn: 0.0885276	test: 0.3546143	best: 0.3543609 (389)	total: 8m 3s	remaining: 1d 4h 31m 36s
469:	learn: 0.0883673	test: 0.3545516	best: 0.3543609 (389)	total: 8m 4s	remaining: 1d 4h 30m 46s
470:	learn: 0.0882194	test: 0.3545277	best: 0.3543609 (389)	total: 8m 5s	remaining: 1d 4h 30m 12s
471:	learn: 0.0879472	test: 0.3545998	best: 0.3543609 (389)	total: 8m 6s	remaining: 1d 4h 29m 30s
472:	learn: 0.0877469	test: 0.3545501	best: 0.3543609 (389)	total: 8m 7s	remaining: 1d 4h 29m 25s
473:	learn: 0.0875466	test: 0.3545327	best: 0.3543609 (389)	total: 8m 8s	remaining: 1d 4h 29m 13s
474:	learn: 0.0873668	test: 0.3546118	best: 0.3543609 (389)	total: 8m 9s	remaining: 1d 4h 29m 27s
475:	learn: 0.0872186	test: 0.3545582	best: 0.3543609 (389)	total: 8m 10s	remaining: 1d 4h 29m 2s
476:	learn: 0.0869417	test: 0.3546050	best: 0.3543609 (389)	total: 8m 11s	remaining: 1d 4h 29m 25s
477:	learn: 0.0868120	test: 0.3546056	best: 0.3543609 (389)	total: 8m 12s	remaining: 1d 4h 29m 25s
478:	learn: 0.0862632	test: 0.3545961	best: 0.3543609 (389)	total: 8m 13s	remaining: 1d 4h 29m 39s
479:	learn: 0.0860502	test: 0.3547349	best: 0.3543609 (389)	total: 8m 14s	remaining: 1d 4h 29m 22s
480:	learn: 0.0859435	test: 0.3547637	best: 0.3543609 (389)	total: 8m 15s	remaining: 1d 4h 29m 10s
481:	learn: 0.0858221	test: 0.3547991	best: 0.3543609 (389)	total: 8m 16s	remaining: 1d 4h 29m 9s
482:	learn: 0.0856789	test: 0.3548506	best: 0.3543609 (389)	total: 8m 17s	remaining: 1d 4h 28m 30s
483:	learn: 0.0854959	test: 0.3549670	best: 0.3543609 (389)	total: 8m 18s	remaining: 1d 4h 29m 33s
484:	learn: 0.0853217	test: 0.3549602	best: 0.3543609 (389)	total: 8m 19s	remaining: 1d 4h 29m 5s
485:	learn: 0.0851881	test: 0.3549915	best: 0.3543609 (389)	total: 8m 20s	remaining: 1d 4h 28m 56s
486:	learn: 0.0850428	test: 0.3549631	best: 0.3543609 (389)	total: 8m 21s	remaining: 1d 4h 27m 52s
487:	learn: 0.0848806	test: 0.3550219	best: 0.3543609 (389)	total: 8m 22s	remaining: 1d 4h 28m 47s
488:	learn: 0.0847235	test: 0.3549704	best: 0.3543609 (389)	total: 8m 23s	remaining: 1d 4h 28m 50s
489:	learn: 0.0846244	test: 0.3549545	best: 0.3543609 (389)	total: 8m 24s	remaining: 1d 4h 28m 29s
490:	learn: 0.0844683	test: 0.3549565	best: 0.3543609 (389)	total: 8m 25s	remaining: 1d 4h 27m 56s
491:	learn: 0.0843552	test: 0.3549362	best: 0.3543609 (389)	total: 8m 26s	remaining: 1d 4h 27m 35s
492:	learn: 0.0842317	test: 0.3550032	best: 0.3543609 (389)	total: 8m 27s	remaining: 1d 4h 26m 42s
493:	learn: 0.0839799	test: 0.3551261	best: 0.3543609 (389)	total: 8m 28s	remaining: 1d 4h 26m 45s
494:	learn: 0.0836973	test: 0.3552289	best: 0.3543609 (389)	total: 8m 29s	remaining: 1d 4h 26m 4s
495:	learn: 0.0835763	test: 0.3552320	best: 0.3543609 (389)	total: 8m 30s	remaining: 1d 4h 25m 53s
496:	learn: 0.0833449	test: 0.3554900	best: 0.3543609 (389)	total: 8m 31s	remaining: 1d 4h 25m 21s
497:	learn: 0.0832354	test: 0.3555136	best: 0.3543609 (389)	total: 8m 31s	remaining: 1d 4h 24m 24s
498:	learn: 0.0831154	test: 0.3554303	best: 0.3543609 (389)	total: 8m 32s	remaining: 1d 4h 24m 37s
499:	learn: 0.0830077	test: 0.3555269	best: 0.3543609 (389)	total: 8m 33s	remaining: 1d 4h 24m 38s
500:	learn: 0.0828013	test: 0.3555260	best: 0.3543609 (389)	total: 8m 35s	remaining: 1d 4h 25m 1s
501:	learn: 0.0825508	test: 0.3555569	best: 0.3543609 (389)	total: 8m 35s	remaining: 1d 4h 24m 18s
502:	learn: 0.0823024	test: 0.3558020	best: 0.3543609 (389)	total: 8m 36s	remaining: 1d 4h 23m 56s
503:	learn: 0.0821159	test: 0.3559779	best: 0.3543609 (389)	total: 8m 37s	remaining: 1d 4h 23m 26s
504:	learn: 0.0819629	test: 0.3559974	best: 0.3543609 (389)	total: 8m 38s	remaining: 1d 4h 23m 14s
505:	learn: 0.0818283	test: 0.3559690	best: 0.3543609 (389)	total: 8m 39s	remaining: 1d 4h 23m 15s
506:	learn: 0.0816388	test: 0.3559807	best: 0.3543609 (389)	total: 8m 40s	remaining: 1d 4h 22m 45s
507:	learn: 0.0815351	test: 0.3559249	best: 0.3543609 (389)	total: 8m 41s	remaining: 1d 4h 22m 17s
508:	learn: 0.0813929	test: 0.3559261	best: 0.3543609 (389)	total: 8m 42s	remaining: 1d 4h 23m 15s
509:	learn: 0.0812081	test: 0.3561223	best: 0.3543609 (389)	total: 8m 44s	remaining: 1d 4h 23m 45s
510:	learn: 0.0811029	test: 0.3560868	best: 0.3543609 (389)	total: 8m 45s	remaining: 1d 4h 24m 1s
511:	learn: 0.0809872	test: 0.3560589	best: 0.3543609 (389)	total: 8m 46s	remaining: 1d 4h 23m 57s
512:	learn: 0.0808570	test: 0.3560508	best: 0.3543609 (389)	total: 8m 47s	remaining: 1d 4h 24m 21s
513:	learn: 0.0807225	test: 0.3560828	best: 0.3543609 (389)	total: 8m 48s	remaining: 1d 4h 23m 55s
514:	learn: 0.0805996	test: 0.3561098	best: 0.3543609 (389)	total: 8m 49s	remaining: 1d 4h 23m 49s
515:	learn: 0.0804168	test: 0.3561395	best: 0.3543609 (389)	total: 8m 50s	remaining: 1d 4h 23m 28s
516:	learn: 0.0803117	test: 0.3561355	best: 0.3543609 (389)	total: 8m 51s	remaining: 1d 4h 23m 3s
517:	learn: 0.0802280	test: 0.3561933	best: 0.3543609 (389)	total: 8m 51s	remaining: 1d 4h 22m 17s
518:	learn: 0.0800738	test: 0.3562626	best: 0.3543609 (389)	total: 8m 52s	remaining: 1d 4h 21m 44s
519:	learn: 0.0797509	test: 0.3561620	best: 0.3543609 (389)	total: 8m 53s	remaining: 1d 4h 20m 36s
520:	learn: 0.0795779	test: 0.3561957	best: 0.3543609 (389)	total: 8m 54s	remaining: 1d 4h 20m 23s
521:	learn: 0.0794586	test: 0.3561768	best: 0.3543609 (389)	total: 8m 55s	remaining: 1d 4h 20m 34s
522:	learn: 0.0793078	test: 0.3561922	best: 0.3543609 (389)	total: 8m 56s	remaining: 1d 4h 20m 50s
523:	learn: 0.0791390	test: 0.3562339	best: 0.3543609 (389)	total: 8m 57s	remaining: 1d 4h 22m 11s
524:	learn: 0.0790227	test: 0.3561714	best: 0.3543609 (389)	total: 8m 58s	remaining: 1d 4h 21m 29s
525:	learn: 0.0788678	test: 0.3562139	best: 0.3543609 (389)	total: 8m 59s	remaining: 1d 4h 21m 14s
526:	learn: 0.0787257	test: 0.3563714	best: 0.3543609 (389)	total: 9m	remaining: 1d 4h 20m 51s
527:	learn: 0.0785737	test: 0.3564086	best: 0.3543609 (389)	total: 9m 1s	remaining: 1d 4h 20m 46s
528:	learn: 0.0784227	test: 0.3562876	best: 0.3543609 (389)	total: 9m 4s	remaining: 1d 4h 25m 52s
529:	learn: 0.0783183	test: 0.3562751	best: 0.3543609 (389)	total: 9m 5s	remaining: 1d 4h 25m 42s
530:	learn: 0.0781617	test: 0.3563385	best: 0.3543609 (389)	total: 9m 6s	remaining: 1d 4h 27m 33s
531:	learn: 0.0780065	test: 0.3564297	best: 0.3543609 (389)	total: 9m 8s	remaining: 1d 4h 27m 59s
532:	learn: 0.0778809	test: 0.3564415	best: 0.3543609 (389)	total: 9m 9s	remaining: 1d 4h 29m 1s
533:	learn: 0.0776812	test: 0.3565780	best: 0.3543609 (389)	total: 9m 10s	remaining: 1d 4h 29m 25s
534:	learn: 0.0775789	test: 0.3566643	best: 0.3543609 (389)	total: 9m 12s	remaining: 1d 4h 30m 28s
535:	learn: 0.0774597	test: 0.3566055	best: 0.3543609 (389)	total: 9m 13s	remaining: 1d 4h 31m 1s
536:	learn: 0.0773131	test: 0.3567071	best: 0.3543609 (389)	total: 9m 14s	remaining: 1d 4h 30m 35s
537:	learn: 0.0771161	test: 0.3567799	best: 0.3543609 (389)	total: 9m 14s	remaining: 1d 4h 30m 2s
538:	learn: 0.0770027	test: 0.3568324	best: 0.3543609 (389)	total: 9m 16s	remaining: 1d 4h 30m 45s
539:	learn: 0.0768908	test: 0.3568758	best: 0.3543609 (389)	total: 9m 18s	remaining: 1d 4h 33m
540:	learn: 0.0767636	test: 0.3568897	best: 0.3543609 (389)	total: 9m 20s	remaining: 1d 4h 35m 52s
541:	learn: 0.0766269	test: 0.3569484	best: 0.3543609 (389)	total: 9m 20s	remaining: 1d 4h 35m 33s
542:	learn: 0.0764516	test: 0.3569164	best: 0.3543609 (389)	total: 9m 22s	remaining: 1d 4h 35m 48s
543:	learn: 0.0762894	test: 0.3571101	best: 0.3543609 (389)	total: 9m 23s	remaining: 1d 4h 36m 16s
544:	learn: 0.0761702	test: 0.3571424	best: 0.3543609 (389)	total: 9m 24s	remaining: 1d 4h 36m 7s
545:	learn: 0.0760126	test: 0.3571353	best: 0.3543609 (389)	total: 9m 25s	remaining: 1d 4h 35m 25s
546:	learn: 0.0758926	test: 0.3572249	best: 0.3543609 (389)	total: 9m 25s	remaining: 1d 4h 34m 40s
547:	learn: 0.0757856	test: 0.3573150	best: 0.3543609 (389)	total: 9m 26s	remaining: 1d 4h 34m
548:	learn: 0.0756296	test: 0.3573558	best: 0.3543609 (389)	total: 9m 27s	remaining: 1d 4h 34m 49s
549:	learn: 0.0755000	test: 0.3572343	best: 0.3543609 (389)	total: 9m 29s	remaining: 1d 4h 35m 21s
550:	learn: 0.0752959	test: 0.3572469	best: 0.3543609 (389)	total: 9m 30s	remaining: 1d 4h 36m 10s
551:	learn: 0.0751706	test: 0.3572623	best: 0.3543609 (389)	total: 9m 31s	remaining: 1d 4h 36m 31s
552:	learn: 0.0749604	test: 0.3572646	best: 0.3543609 (389)	total: 9m 32s	remaining: 1d 4h 35m 49s
553:	learn: 0.0748441	test: 0.3572674	best: 0.3543609 (389)	total: 9m 33s	remaining: 1d 4h 35m 3s
554:	learn: 0.0746404	test: 0.3571440	best: 0.3543609 (389)	total: 9m 34s	remaining: 1d 4h 34m 37s
555:	learn: 0.0745210	test: 0.3571984	best: 0.3543609 (389)	total: 9m 34s	remaining: 1d 4h 33m 53s
556:	learn: 0.0743926	test: 0.3572514	best: 0.3543609 (389)	total: 9m 35s	remaining: 1d 4h 33m 23s
557:	learn: 0.0742610	test: 0.3572261	best: 0.3543609 (389)	total: 9m 36s	remaining: 1d 4h 32m 50s
558:	learn: 0.0741308	test: 0.3572520	best: 0.3543609 (389)	total: 9m 37s	remaining: 1d 4h 32m 47s
559:	learn: 0.0739901	test: 0.3571581	best: 0.3543609 (389)	total: 9m 38s	remaining: 1d 4h 32m 13s
560:	learn: 0.0738734	test: 0.3571690	best: 0.3543609 (389)	total: 9m 39s	remaining: 1d 4h 31m 33s
561:	learn: 0.0737644	test: 0.3572577	best: 0.3543609 (389)	total: 9m 40s	remaining: 1d 4h 30m 59s
562:	learn: 0.0736480	test: 0.3572981	best: 0.3543609 (389)	total: 9m 41s	remaining: 1d 4h 30m 18s
563:	learn: 0.0735498	test: 0.3572976	best: 0.3543609 (389)	total: 9m 42s	remaining: 1d 4h 30m 31s
564:	learn: 0.0733813	test: 0.3573532	best: 0.3543609 (389)	total: 9m 42s	remaining: 1d 4h 29m 50s
565:	learn: 0.0732684	test: 0.3573748	best: 0.3543609 (389)	total: 9m 43s	remaining: 1d 4h 29m 8s
566:	learn: 0.0731521	test: 0.3573933	best: 0.3543609 (389)	total: 9m 44s	remaining: 1d 4h 28m 18s
567:	learn: 0.0730531	test: 0.3573546	best: 0.3543609 (389)	total: 9m 45s	remaining: 1d 4h 27m 30s
568:	learn: 0.0728858	test: 0.3574377	best: 0.3543609 (389)	total: 9m 46s	remaining: 1d 4h 27m 32s
569:	learn: 0.0726864	test: 0.3575059	best: 0.3543609 (389)	total: 9m 47s	remaining: 1d 4h 26m 58s
570:	learn: 0.0725812	test: 0.3575664	best: 0.3543609 (389)	total: 9m 48s	remaining: 1d 4h 26m 31s
/home/cyyen/miniconda3/envs/stock_path_tracker/lib/python3.8/site-packages/pandas/core/groupby/groupby.py:980: FutureWarning: Sorting because non-concatenation axis is not aligned. A future version
of pandas will change to not sort by default.

To accept the future behavior, pass 'sort=False'.

To retain the current behavior and silence the warning, pass 'sort=True'.

  result = concat(values, axis=self.axis, keys=keys)
571:	learn: 0.0724463	test: 0.3575805	best: 0.3543609 (389)	total: 9m 48s	remaining: 1d 4h 26m 5s
572:	learn: 0.0722664	test: 0.3576153	best: 0.3543609 (389)	total: 9m 49s	remaining: 1d 4h 25m 2s
573:	learn: 0.0721621	test: 0.3575847	best: 0.3543609 (389)	total: 9m 50s	remaining: 1d 4h 25m 1s
574:	learn: 0.0720458	test: 0.3575893	best: 0.3543609 (389)	total: 9m 51s	remaining: 1d 4h 25m 9s
575:	learn: 0.0719246	test: 0.3575581	best: 0.3543609 (389)	total: 9m 52s	remaining: 1d 4h 24m 59s
576:	learn: 0.0718367	test: 0.3575429	best: 0.3543609 (389)	total: 9m 53s	remaining: 1d 4h 25m 10s
577:	learn: 0.0717491	test: 0.3575580	best: 0.3543609 (389)	total: 9m 54s	remaining: 1d 4h 24m 28s
578:	learn: 0.0715413	test: 0.3576612	best: 0.3543609 (389)	total: 9m 56s	remaining: 1d 4h 25m 56s
579:	learn: 0.0714505	test: 0.3576549	best: 0.3543609 (389)	total: 9m 57s	remaining: 1d 4h 25m 36s
580:	learn: 0.0713125	test: 0.3576539	best: 0.3543609 (389)	total: 9m 57s	remaining: 1d 4h 25m 14s
581:	learn: 0.0712110	test: 0.3576388	best: 0.3543609 (389)	total: 9m 58s	remaining: 1d 4h 24m 45s
582:	learn: 0.0711095	test: 0.3575596	best: 0.3543609 (389)	total: 9m 59s	remaining: 1d 4h 24m 15s
583:	learn: 0.0710037	test: 0.3576212	best: 0.3543609 (389)	total: 10m	remaining: 1d 4h 23m 39s
584:	learn: 0.0709262	test: 0.3576237	best: 0.3543609 (389)	total: 10m 1s	remaining: 1d 4h 23m 44s
585:	learn: 0.0708318	test: 0.3575790	best: 0.3543609 (389)	total: 10m 2s	remaining: 1d 4h 23m 53s
586:	learn: 0.0706768	test: 0.3577268	best: 0.3543609 (389)	total: 10m 3s	remaining: 1d 4h 24m 8s
587:	learn: 0.0705003	test: 0.3578382	best: 0.3543609 (389)	total: 10m 5s	remaining: 1d 4h 25m 2s
588:	learn: 0.0704179	test: 0.3578478	best: 0.3543609 (389)	total: 10m 6s	remaining: 1d 4h 25m 25s
589:	learn: 0.0702112	test: 0.3578327	best: 0.3543609 (389)	total: 10m 7s	remaining: 1d 4h 25m 49s
590:	learn: 0.0700823	test: 0.3580409	best: 0.3543609 (389)	total: 10m 8s	remaining: 1d 4h 25m 31s
591:	learn: 0.0699507	test: 0.3580455	best: 0.3543609 (389)	total: 10m 9s	remaining: 1d 4h 24m 52s
592:	learn: 0.0698091	test: 0.3581077	best: 0.3543609 (389)	total: 10m 9s	remaining: 1d 4h 24m 12s
593:	learn: 0.0697276	test: 0.3581425	best: 0.3543609 (389)	total: 10m 10s	remaining: 1d 4h 23m 29s
594:	learn: 0.0695721	test: 0.3581431	best: 0.3543609 (389)	total: 10m 11s	remaining: 1d 4h 22m 53s
595:	learn: 0.0695084	test: 0.3581917	best: 0.3543609 (389)	total: 10m 12s	remaining: 1d 4h 22m 24s
596:	learn: 0.0693872	test: 0.3582381	best: 0.3543609 (389)	total: 10m 13s	remaining: 1d 4h 22m 48s
597:	learn: 0.0692776	test: 0.3583499	best: 0.3543609 (389)	total: 10m 14s	remaining: 1d 4h 23m 9s
598:	learn: 0.0691604	test: 0.3583483	best: 0.3543609 (389)	total: 10m 16s	remaining: 1d 4h 24m 5s
599:	learn: 0.0690359	test: 0.3583463	best: 0.3543609 (389)	total: 10m 17s	remaining: 1d 4h 24m 56s
600:	learn: 0.0689630	test: 0.3583925	best: 0.3543609 (389)	total: 10m 18s	remaining: 1d 4h 24m 34s
601:	learn: 0.0688694	test: 0.3584418	best: 0.3543609 (389)	total: 10m 19s	remaining: 1d 4h 24m 11s
602:	learn: 0.0687728	test: 0.3584233	best: 0.3543609 (389)	total: 10m 20s	remaining: 1d 4h 24m 39s
603:	learn: 0.0686915	test: 0.3584025	best: 0.3543609 (389)	total: 10m 22s	remaining: 1d 4h 26m 31s
604:	learn: 0.0685305	test: 0.3582867	best: 0.3543609 (389)	total: 10m 23s	remaining: 1d 4h 26m 23s
605:	learn: 0.0684056	test: 0.3582889	best: 0.3543609 (389)	total: 10m 24s	remaining: 1d 4h 26m 1s
606:	learn: 0.0682986	test: 0.3583515	best: 0.3543609 (389)	total: 10m 25s	remaining: 1d 4h 25m 44s
607:	learn: 0.0681918	test: 0.3584019	best: 0.3543609 (389)	total: 10m 25s	remaining: 1d 4h 25m 30s
608:	learn: 0.0680465	test: 0.3583205	best: 0.3543609 (389)	total: 10m 27s	remaining: 1d 4h 26m 50s
609:	learn: 0.0679622	test: 0.3583748	best: 0.3543609 (389)	total: 10m 28s	remaining: 1d 4h 27m 8s
610:	learn: 0.0678465	test: 0.3584180	best: 0.3543609 (389)	total: 10m 29s	remaining: 1d 4h 26m 41s
611:	learn: 0.0677636	test: 0.3583917	best: 0.3543609 (389)	total: 10m 30s	remaining: 1d 4h 27m 24s
612:	learn: 0.0676714	test: 0.3583723	best: 0.3543609 (389)	total: 10m 31s	remaining: 1d 4h 27m 26s
613:	learn: 0.0675841	test: 0.3583028	best: 0.3543609 (389)	total: 10m 32s	remaining: 1d 4h 26m 54s
614:	learn: 0.0674920	test: 0.3583503	best: 0.3543609 (389)	total: 10m 33s	remaining: 1d 4h 27m 7s
615:	learn: 0.0673759	test: 0.3584021	best: 0.3543609 (389)	total: 10m 34s	remaining: 1d 4h 26m 53s
616:	learn: 0.0672874	test: 0.3583870	best: 0.3543609 (389)	total: 10m 35s	remaining: 1d 4h 27m 12s
617:	learn: 0.0671822	test: 0.3583732	best: 0.3543609 (389)	total: 10m 36s	remaining: 1d 4h 27m 7s
618:	learn: 0.0670962	test: 0.3583797	best: 0.3543609 (389)	total: 10m 38s	remaining: 1d 4h 27m 19s
619:	learn: 0.0670089	test: 0.3583881	best: 0.3543609 (389)	total: 10m 39s	remaining: 1d 4h 27m 24s
620:	learn: 0.0668946	test: 0.3583733	best: 0.3543609 (389)	total: 10m 40s	remaining: 1d 4h 27m 4s
621:	learn: 0.0667961	test: 0.3583525	best: 0.3543609 (389)	total: 10m 41s	remaining: 1d 4h 27m 59s
622:	learn: 0.0666572	test: 0.3583995	best: 0.3543609 (389)	total: 10m 42s	remaining: 1d 4h 27m 57s
623:	learn: 0.0665722	test: 0.3584752	best: 0.3543609 (389)	total: 10m 43s	remaining: 1d 4h 27m 54s
624:	learn: 0.0664591	test: 0.3585550	best: 0.3543609 (389)	total: 10m 44s	remaining: 1d 4h 27m 45s
625:	learn: 0.0663830	test: 0.3585701	best: 0.3543609 (389)	total: 10m 45s	remaining: 1d 4h 27m 40s
626:	learn: 0.0662925	test: 0.3585372	best: 0.3543609 (389)	total: 10m 46s	remaining: 1d 4h 26m 59s
627:	learn: 0.0662110	test: 0.3585075	best: 0.3543609 (389)	total: 10m 47s	remaining: 1d 4h 26m 22s
628:	learn: 0.0660853	test: 0.3585981	best: 0.3543609 (389)	total: 10m 47s	remaining: 1d 4h 25m 54s
629:	learn: 0.0659738	test: 0.3586458	best: 0.3543609 (389)	total: 10m 48s	remaining: 1d 4h 25m 20s
630:	learn: 0.0658164	test: 0.3586807	best: 0.3543609 (389)	total: 10m 49s	remaining: 1d 4h 24m 52s
631:	learn: 0.0656677	test: 0.3587609	best: 0.3543609 (389)	total: 10m 50s	remaining: 1d 4h 24m 34s
632:	learn: 0.0655718	test: 0.3587705	best: 0.3543609 (389)	total: 10m 51s	remaining: 1d 4h 24m 26s
633:	learn: 0.0654737	test: 0.3587485	best: 0.3543609 (389)	total: 10m 52s	remaining: 1d 4h 23m 54s
634:	learn: 0.0653496	test: 0.3587764	best: 0.3543609 (389)	total: 10m 53s	remaining: 1d 4h 23m 25s
635:	learn: 0.0652706	test: 0.3587479	best: 0.3543609 (389)	total: 10m 53s	remaining: 1d 4h 22m 17s
636:	learn: 0.0651937	test: 0.3587250	best: 0.3543609 (389)	total: 10m 54s	remaining: 1d 4h 22m 9s
637:	learn: 0.0650304	test: 0.3587088	best: 0.3543609 (389)	total: 10m 55s	remaining: 1d 4h 22m 5s
638:	learn: 0.0649006	test: 0.3587883	best: 0.3543609 (389)	total: 10m 56s	remaining: 1d 4h 21m 39s
639:	learn: 0.0648250	test: 0.3588075	best: 0.3543609 (389)	total: 10m 57s	remaining: 1d 4h 21m 14s
Stopped by overfitting detector  (250 iterations wait)

bestTest = 0.3543609102
bestIteration = 389

Shrink model to first 390 iterations.
is_turnpt_upward, 3, 0.75, 100000, 10, 0.1, RMSE, 202, Iter, 250, 0.3333333333333333, 0.023255813953488372
