transformed OHLCV at frequency 1D
reading cache of TXF in 1D OHLCV
feature: 97367270 has generated.
feature 97367270_lag1 has generated.
feature 97367270_lag2 has generated.
feature 97367270_lag3 has generated.
feature 97367270_lag4 has generated.
transformed OHLCV at frequency 1D
reading cache of TXF in 1D OHLCV
feature: 68488648 has generated.
feature 68488648_lag1 has generated.
feature 68488648_lag2 has generated.
feature 68488648_lag3 has generated.
feature 68488648_lag4 has generated.
transformed OHLCV at frequency 1D
reading cache of TXF in 1D OHLCV
feature: 56494646 has generated.
feature 56494646_lag1 has generated.
feature 56494646_lag2 has generated.
feature 56494646_lag3 has generated.
feature 56494646_lag4 has generated.
transformed OHLCV at frequency 1D
reading cache of TXF in 1D OHLCV
feature: 62918036 has generated.
feature 62918036_lag1 has generated.
feature 62918036_lag2 has generated.
feature 62918036_lag3 has generated.
feature 62918036_lag4 has generated.
transformed OHLCV at frequency 1D
reading cache of TXF in 1D OHLCV
feature: 09904850 has generated.
feature 09904850_lag1 has generated.
feature 09904850_lag2 has generated.
feature 09904850_lag3 has generated.
feature 09904850_lag4 has generated.
transformed OHLCV at frequency 1D
reading cache of TXF in 1D OHLCV
feature: 41716908 has generated.
feature 41716908_lag1 has generated.
feature 41716908_lag2 has generated.
feature 41716908_lag3 has generated.
feature 41716908_lag4 has generated.
transformed OHLCV at frequency 1D
reading cache of TXF in 1D OHLCV
feature: 22224505 has generated.
feature 22224505_lag1 has generated.
feature 22224505_lag2 has generated.
feature 22224505_lag3 has generated.
feature 22224505_lag4 has generated.
transformed OHLCV at frequency 1D
reading cache of TXF in 1D OHLCV
feature: 65400347 has generated.
feature 65400347_lag1 has generated.
feature 65400347_lag2 has generated.
feature 65400347_lag3 has generated.
feature 65400347_lag4 has generated.
transformed OHLCV at frequency 1D
reading cache of TXF in 1D OHLCV
feature: 79649739 has generated.
feature 79649739_lag1 has generated.
feature 79649739_lag2 has generated.
feature 79649739_lag3 has generated.
feature 79649739_lag4 has generated.
transformed OHLCV at frequency 1D
reading cache of TXF in 1D OHLCV
feature: 96290600 has generated.
feature 96290600_lag1 has generated.
feature 96290600_lag2 has generated.
feature 96290600_lag3 has generated.
feature 96290600_lag4 has generated.
transformed OHLCV at frequency 1D
reading cache of TXF in 1D OHLCV
feature: 38805934 has generated.
feature 38805934_lag1 has generated.
feature 38805934_lag2 has generated.
feature 38805934_lag3 has generated.
feature 38805934_lag4 has generated.
transformed OHLCV at frequency 1D
reading cache of TXF in 1D OHLCV
feature: 70807987 has generated.
feature 70807987_lag1 has generated.
feature 70807987_lag2 has generated.
feature 70807987_lag3 has generated.
feature 70807987_lag4 has generated.
transformed OHLCV at frequency 1D
reading cache of TXF in 1D OHLCV
feature: 05846388 has generated.
feature 05846388_lag1 has generated.
feature 05846388_lag2 has generated.
feature 05846388_lag3 has generated.
feature 05846388_lag4 has generated.
transformed OHLCV at frequency 1D
reading cache of TXF in 1D OHLCV
feature: 60827192 has generated.
feature 60827192_lag1 has generated.
feature 60827192_lag2 has generated.
feature 60827192_lag3 has generated.
feature 60827192_lag4 has generated.
transformed OHLCV at frequency 1D
reading cache of TXF in 1D OHLCV
feature: 32678710 has generated.
feature 32678710_lag1 has generated.
feature 32678710_lag2 has generated.
feature 32678710_lag3 has generated.
feature 32678710_lag4 has generated.
transformed OHLCV at frequency 1D
reading cache of TXF in 1D OHLCV
feature: 09074581 has generated.
feature 09074581_lag1 has generated.
feature 09074581_lag2 has generated.
feature 09074581_lag3 has generated.
feature 09074581_lag4 has generated.
transformed OHLCV at frequency 1D
reading cache of TXF in 1D OHLCV
feature: 95740378 has generated.
feature 95740378_lag1 has generated.
feature 95740378_lag2 has generated.
feature 95740378_lag3 has generated.
feature 95740378_lag4 has generated.
transformed OHLCV at frequency 1D
reading cache of TXF in 1D OHLCV
feature: 79761808 has generated.
feature 79761808_lag1 has generated.
feature 79761808_lag2 has generated.
feature 79761808_lag3 has generated.
feature 79761808_lag4 has generated.
transformed OHLCV at frequency 1D
reading cache of TXF in 1D OHLCV
feature: 40585393 has generated.
feature 40585393_lag1 has generated.
feature 40585393_lag2 has generated.
feature 40585393_lag3 has generated.
feature 40585393_lag4 has generated.
transformed OHLCV at frequency 1D
reading cache of TXF in 1D OHLCV
feature: 23530526 has generated.
feature 23530526_lag1 has generated.
feature 23530526_lag2 has generated.
feature 23530526_lag3 has generated.
feature 23530526_lag4 has generated.
transformed OHLCV at frequency 1D
reading cache of TXF in 1D OHLCV
feature: 64738114 has generated.
feature 64738114_lag1 has generated.
feature 64738114_lag2 has generated.
feature 64738114_lag3 has generated.
feature 64738114_lag4 has generated.
transformed OHLCV at frequency 1D
reading cache of TXF in 1D OHLCV
feature: 35321937 has generated.
feature 35321937_lag1 has generated.
feature 35321937_lag2 has generated.
feature 35321937_lag3 has generated.
feature 35321937_lag4 has generated.
transformed OHLCV at frequency 1D
reading cache of TXF in 1D OHLCV
feature: 16853914 has generated.
feature 16853914_lag1 has generated.
feature 16853914_lag2 has generated.
feature 16853914_lag3 has generated.
feature 16853914_lag4 has generated.
transformed OHLCV at frequency 1D
reading cache of TXF in 1D OHLCV
feature: 73272611 has generated.
feature 73272611_lag1 has generated.
feature 73272611_lag2 has generated.
feature 73272611_lag3 has generated.
feature 73272611_lag4 has generated.
transformed OHLCV at frequency 1D
reading cache of TXF in 1D OHLCV
feature: 98447210 has generated.
feature 98447210_lag1 has generated.
feature 98447210_lag2 has generated.
feature 98447210_lag3 has generated.
feature 98447210_lag4 has generated.
transformed OHLCV at frequency 1D
reading cache of TXF in 1D OHLCV
feature: 18654221 has generated.
feature 18654221_lag1 has generated.
feature 18654221_lag2 has generated.
feature 18654221_lag3 has generated.
feature 18654221_lag4 has generated.
transformed OHLCV at frequency 1D
reading cache of TXF in 1D OHLCV
feature: 86775622 has generated.
feature 86775622_lag1 has generated.
feature 86775622_lag2 has generated.
feature 86775622_lag3 has generated.
feature 86775622_lag4 has generated.
transformed OHLCV at frequency 1D
reading cache of TXF in 1D OHLCV
feature: 29303935 has generated.
feature 29303935_lag1 has generated.
feature 29303935_lag2 has generated.
feature 29303935_lag3 has generated.
feature 29303935_lag4 has generated.
transformed OHLCV at frequency 1D
reading cache of TXF in 1D OHLCV
feature: 95895325 has generated.
feature 95895325_lag1 has generated.
feature 95895325_lag2 has generated.
feature 95895325_lag3 has generated.
feature 95895325_lag4 has generated.
transformed OHLCV at frequency 1D
reading cache of TXF in 1D OHLCV
feature: 79527895 has generated.
feature 79527895_lag1 has generated.
feature 79527895_lag2 has generated.
feature 79527895_lag3 has generated.
feature 79527895_lag4 has generated.
transformed OHLCV at frequency 1D
reading cache of TXF in 1D OHLCV
feature: 20968309 has generated.
feature 20968309_lag1 has generated.
feature 20968309_lag2 has generated.
feature 20968309_lag3 has generated.
feature 20968309_lag4 has generated.
transformed OHLCV at frequency 1D
reading cache of TXF in 1D OHLCV
feature: 43266536 has generated.
feature 43266536_lag1 has generated.
feature 43266536_lag2 has generated.
feature 43266536_lag3 has generated.
feature 43266536_lag4 has generated.
transformed OHLCV at frequency 1D
reading cache of TXF in 1D OHLCV
feature: 38155758 has generated.
feature 38155758_lag1 has generated.
feature 38155758_lag2 has generated.
feature 38155758_lag3 has generated.
feature 38155758_lag4 has generated.
transformed OHLCV at frequency 1D
reading cache of TXF in 1D OHLCV
feature: 98334683 has generated.
feature 98334683_lag1 has generated.
feature 98334683_lag2 has generated.
feature 98334683_lag3 has generated.
feature 98334683_lag4 has generated.
transformed OHLCV at frequency 1D
reading cache of TXF in 1D OHLCV
feature: 08737879 has generated.
feature 08737879_lag1 has generated.
feature 08737879_lag2 has generated.
feature 08737879_lag3 has generated.
feature 08737879_lag4 has generated.
transformed OHLCV at frequency 1D
reading cache of TXF in 1D OHLCV
feature: 31387256 has generated.
feature 31387256_lag1 has generated.
feature 31387256_lag2 has generated.
feature 31387256_lag3 has generated.
feature 31387256_lag4 has generated.
transformed OHLCV at frequency 1D
reading cache of TXF in 1D OHLCV
feature: 85906314 has generated.
feature 85906314_lag1 has generated.
feature 85906314_lag2 has generated.
feature 85906314_lag3 has generated.
feature 85906314_lag4 has generated.
transformed OHLCV at frequency 1D
reading cache of TXF in 1D OHLCV
feature: 42576887 has generated.
feature 42576887_lag1 has generated.
feature 42576887_lag2 has generated.
feature 42576887_lag3 has generated.
feature 42576887_lag4 has generated.
transformed OHLCV at frequency 1D
reading cache of TXF in 1D OHLCV
feature: 29362743 has generated.
feature 29362743_lag1 has generated.
feature 29362743_lag2 has generated.
feature 29362743_lag3 has generated.
feature 29362743_lag4 has generated.
transformed OHLCV at frequency 1D
reading cache of TXF in 1D OHLCV
feature: 96105422 has generated.
feature 96105422_lag1 has generated.
feature 96105422_lag2 has generated.
feature 96105422_lag3 has generated.
feature 96105422_lag4 has generated.
transformed OHLCV at frequency 1D
reading cache of TXF in 1D OHLCV
feature: 77356892 has generated.
feature 77356892_lag1 has generated.
feature 77356892_lag2 has generated.
feature 77356892_lag3 has generated.
feature 77356892_lag4 has generated.
transformed OHLCV at frequency 1D
reading cache of TXF in 1D OHLCV
feature: 01615041 has generated.
feature 01615041_lag1 has generated.
feature 01615041_lag2 has generated.
feature 01615041_lag3 has generated.
feature 01615041_lag4 has generated.
transformed OHLCV at frequency 1D
reading cache of TXF in 1D OHLCV
feature: 72391189 has generated.
feature 72391189_lag1 has generated.
feature 72391189_lag2 has generated.
feature 72391189_lag3 has generated.
feature 72391189_lag4 has generated.
transformed OHLCV at frequency 1D
reading cache of TXF in 1D OHLCV
feature: 05236104 has generated.
feature 05236104_lag1 has generated.
feature 05236104_lag2 has generated.
feature 05236104_lag3 has generated.
feature 05236104_lag4 has generated.
transformed OHLCV at frequency 1D
reading cache of TXF in 1D OHLCV
feature: 64835975 has generated.
feature 64835975_lag1 has generated.
feature 64835975_lag2 has generated.
feature 64835975_lag3 has generated.
feature 64835975_lag4 has generated.
transformed OHLCV at frequency 1D
reading cache of TXF in 1D OHLCV
feature: 01082365 has generated.
feature 01082365_lag1 has generated.
feature 01082365_lag2 has generated.
feature 01082365_lag3 has generated.
feature 01082365_lag4 has generated.
transformed OHLCV at frequency 1D
reading cache of TXF in 1D OHLCV
feature: 94111142 has generated.
feature 94111142_lag1 has generated.
feature 94111142_lag2 has generated.
feature 94111142_lag3 has generated.
feature 94111142_lag4 has generated.
transformed OHLCV at frequency 1D
reading cache of TXF in 1D OHLCV
feature: 84940937 has generated.
feature 84940937_lag1 has generated.
feature 84940937_lag2 has generated.
feature 84940937_lag3 has generated.
feature 84940937_lag4 has generated.
transformed OHLCV at frequency 1D
reading cache of TXF in 1D OHLCV
feature: 72243738 has generated.
feature 72243738_lag1 has generated.
feature 72243738_lag2 has generated.
feature 72243738_lag3 has generated.
feature 72243738_lag4 has generated.
transformed OHLCV at frequency 1D
reading cache of TXF in 1D OHLCV
feature: 63872636 has generated.
feature 63872636_lag1 has generated.
feature 63872636_lag2 has generated.
feature 63872636_lag3 has generated.
feature 63872636_lag4 has generated.
transformed OHLCV at frequency 1D
reading cache of TXF in 1D OHLCV
feature: 12082156 has generated.
feature 12082156_lag1 has generated.
feature 12082156_lag2 has generated.
feature 12082156_lag3 has generated.
feature 12082156_lag4 has generated.
transformed OHLCV at frequency 1D
reading cache of TXF in 1D OHLCV
feature: 68213521 has generated.
feature 68213521_lag1 has generated.
feature 68213521_lag2 has generated.
feature 68213521_lag3 has generated.
feature 68213521_lag4 has generated.
transformed OHLCV at frequency 1D
reading cache of TXF in 1D OHLCV
feature: 27257567 has generated.
feature 27257567_lag1 has generated.
feature 27257567_lag2 has generated.
feature 27257567_lag3 has generated.
feature 27257567_lag4 has generated.
transformed OHLCV at frequency 1D
reading cache of TXF in 1D OHLCV
feature: 65532996 has generated.
feature 65532996_lag1 has generated.
feature 65532996_lag2 has generated.
feature 65532996_lag3 has generated.
feature 65532996_lag4 has generated.
transformed OHLCV at frequency 1D
reading cache of TXF in 1D OHLCV
feature: 66701434 has generated.
feature 66701434_lag1 has generated.
feature 66701434_lag2 has generated.
feature 66701434_lag3 has generated.
feature 66701434_lag4 has generated.
transformed OHLCV at frequency 1D
reading cache of TXF in 1D OHLCV
feature: 92195671 has generated.
feature 92195671_lag1 has generated.
feature 92195671_lag2 has generated.
feature 92195671_lag3 has generated.
feature 92195671_lag4 has generated.
transformed OHLCV at frequency 1D
reading cache of TXF in 1D OHLCV
feature: 38690895 has generated.
feature 38690895_lag1 has generated.
feature 38690895_lag2 has generated.
feature 38690895_lag3 has generated.
feature 38690895_lag4 has generated.
transformed OHLCV at frequency 1D
reading cache of TXF in 1D OHLCV
feature: 56076046 has generated.
feature 56076046_lag1 has generated.
feature 56076046_lag2 has generated.
feature 56076046_lag3 has generated.
feature 56076046_lag4 has generated.
transformed OHLCV at frequency 1D
reading cache of TXF in 1D OHLCV
feature: 92248921 has generated.
feature 92248921_lag1 has generated.
feature 92248921_lag2 has generated.
feature 92248921_lag3 has generated.
feature 92248921_lag4 has generated.
transformed OHLCV at frequency 1D
reading cache of TXF in 1D OHLCV
feature: 84331432 has generated.
feature 84331432_lag1 has generated.
feature 84331432_lag2 has generated.
feature 84331432_lag3 has generated.
feature 84331432_lag4 has generated.
transformed OHLCV at frequency 1D
reading cache of TXF in 1D OHLCV
feature: 74430244 has generated.
feature 74430244_lag1 has generated.
feature 74430244_lag2 has generated.
feature 74430244_lag3 has generated.
feature 74430244_lag4 has generated.
transformed OHLCV at frequency 1D
reading cache of TXF in 1D OHLCV
feature: 44070915 has generated.
feature 44070915_lag1 has generated.
feature 44070915_lag2 has generated.
feature 44070915_lag3 has generated.
feature 44070915_lag4 has generated.
transformed OHLCV at frequency 1D
reading cache of TXF in 1D OHLCV
feature: 62755712 has generated.
feature 62755712_lag1 has generated.
feature 62755712_lag2 has generated.
feature 62755712_lag3 has generated.
feature 62755712_lag4 has generated.
transformed OHLCV at frequency 1D
reading cache of TXF in 1D OHLCV
feature: 76453313 has generated.
feature 76453313_lag1 has generated.
feature 76453313_lag2 has generated.
feature 76453313_lag3 has generated.
feature 76453313_lag4 has generated.
transformed OHLCV at frequency 1D
reading cache of TXF in 1D OHLCV
feature: 55471756 has generated.
feature 55471756_lag1 has generated.
feature 55471756_lag2 has generated.
feature 55471756_lag3 has generated.
feature 55471756_lag4 has generated.
transformed OHLCV at frequency 1D
reading cache of TXF in 1D OHLCV
feature: 88127301 has generated.
feature 88127301_lag1 has generated.
feature 88127301_lag2 has generated.
feature 88127301_lag3 has generated.
feature 88127301_lag4 has generated.
transformed OHLCV at frequency 1D
reading cache of TXF in 1D OHLCV
feature: 00957305 has generated.
feature 00957305_lag1 has generated.
feature 00957305_lag2 has generated.
feature 00957305_lag3 has generated.
feature 00957305_lag4 has generated.
transformed OHLCV at frequency 1D
reading cache of TXF in 1D OHLCV
feature: 46067661 has generated.
feature 46067661_lag1 has generated.
feature 46067661_lag2 has generated.
feature 46067661_lag3 has generated.
feature 46067661_lag4 has generated.
transformed OHLCV at frequency 1D
reading cache of TXF in 1D OHLCV
feature: 37865502 has generated.
feature 37865502_lag1 has generated.
feature 37865502_lag2 has generated.
feature 37865502_lag3 has generated.
feature 37865502_lag4 has generated.
transformed OHLCV at frequency 1D
reading cache of TXF in 1D OHLCV
feature: 48032436 has generated.
feature 48032436_lag1 has generated.
feature 48032436_lag2 has generated.
feature 48032436_lag3 has generated.
feature 48032436_lag4 has generated.
transformed OHLCV at frequency 1D
reading cache of TXF in 1D OHLCV
feature: 27939058 has generated.
feature 27939058_lag1 has generated.
feature 27939058_lag2 has generated.
feature 27939058_lag3 has generated.
feature 27939058_lag4 has generated.
transformed OHLCV at frequency 1D
reading cache of TXF in 1D OHLCV
feature: 23569330 has generated.
feature 23569330_lag1 has generated.
feature 23569330_lag2 has generated.
feature 23569330_lag3 has generated.
feature 23569330_lag4 has generated.
transformed OHLCV at frequency 1D
reading cache of TXF in 1D OHLCV
feature: 22166205 has generated.
feature 22166205_lag1 has generated.
feature 22166205_lag2 has generated.
feature 22166205_lag3 has generated.
feature 22166205_lag4 has generated.
transformed OHLCV at frequency 1D
reading cache of TXF in 1D OHLCV
feature: 49320730 has generated.
feature 49320730_lag1 has generated.
feature 49320730_lag2 has generated.
feature 49320730_lag3 has generated.
feature 49320730_lag4 has generated.
transformed OHLCV at frequency 1D
reading cache of TXF in 1D OHLCV
0:	learn: 0.5629148	test: 0.5594735	best: 0.5594735 (0)	total: 540ms	remaining: 14h 59m 28s
1:	learn: 0.4825692	test: 0.4756162	best: 0.4756162 (1)	total: 864ms	remaining: 12h 12s
2:	learn: 0.4294739	test: 0.4385375	best: 0.4385375 (2)	total: 1.15s	remaining: 10h 40m 27s
3:	learn: 0.3973179	test: 0.4079134	best: 0.4079134 (3)	total: 1.52s	remaining: 10h 34m 32s
4:	learn: 0.3859786	test: 0.4027194	best: 0.4027194 (4)	total: 1.96s	remaining: 10h 53m 31s
5:	learn: 0.3700329	test: 0.3882007	best: 0.3882007 (5)	total: 2.52s	remaining: 11h 40m 24s
6:	learn: 0.3629634	test: 0.3850948	best: 0.3850948 (6)	total: 3s	remaining: 11h 54m 11s
7:	learn: 0.3480402	test: 0.3744681	best: 0.3744681 (7)	total: 3.43s	remaining: 11h 54m 19s
8:	learn: 0.3401939	test: 0.3698738	best: 0.3698738 (8)	total: 3.91s	remaining: 12h 3m 29s
9:	learn: 0.3313225	test: 0.3650347	best: 0.3650347 (9)	total: 4.24s	remaining: 11h 46m 18s
10:	learn: 0.3226178	test: 0.3603544	best: 0.3603544 (10)	total: 4.74s	remaining: 11h 58m 9s
11:	learn: 0.3126123	test: 0.3600317	best: 0.3600317 (11)	total: 5.18s	remaining: 11h 59m 19s
12:	learn: 0.3075176	test: 0.3572566	best: 0.3572566 (12)	total: 5.8s	remaining: 12h 23m 22s
13:	learn: 0.2984177	test: 0.3555423	best: 0.3555423 (13)	total: 6.29s	remaining: 12h 29m 16s
14:	learn: 0.2910264	test: 0.3532461	best: 0.3532461 (14)	total: 7.04s	remaining: 13h 2m 22s
15:	learn: 0.2860410	test: 0.3520697	best: 0.3520697 (15)	total: 7.49s	remaining: 13h 7s
16:	learn: 0.2801785	test: 0.3487109	best: 0.3487109 (16)	total: 7.9s	remaining: 12h 54m 22s
17:	learn: 0.2752771	test: 0.3470031	best: 0.3470031 (17)	total: 8.33s	remaining: 12h 51m 3s
18:	learn: 0.2691141	test: 0.3454015	best: 0.3454015 (18)	total: 8.77s	remaining: 12h 49m 9s
19:	learn: 0.2621635	test: 0.3428047	best: 0.3428047 (19)	total: 9.11s	remaining: 12h 39m 24s
20:	learn: 0.2567917	test: 0.3412477	best: 0.3412477 (20)	total: 9.51s	remaining: 12h 34m 53s
21:	learn: 0.2525801	test: 0.3408006	best: 0.3408006 (21)	total: 9.98s	remaining: 12h 35m 40s
22:	learn: 0.2466142	test: 0.3381304	best: 0.3381304 (22)	total: 10.6s	remaining: 12h 47m 5s
23:	learn: 0.2393552	test: 0.3365137	best: 0.3365137 (23)	total: 11s	remaining: 12h 44m 21s
24:	learn: 0.2323329	test: 0.3334213	best: 0.3334213 (24)	total: 11.7s	remaining: 12h 57m 44s
25:	learn: 0.2268642	test: 0.3313420	best: 0.3313420 (25)	total: 12.2s	remaining: 13h 48s
26:	learn: 0.2194269	test: 0.3290207	best: 0.3290207 (26)	total: 12.6s	remaining: 12h 56m 25s
27:	learn: 0.2146372	test: 0.3279076	best: 0.3279076 (27)	total: 13s	remaining: 12h 55m 35s
28:	learn: 0.2079745	test: 0.3263231	best: 0.3263231 (28)	total: 13.5s	remaining: 12h 54m 27s
29:	learn: 0.2032293	test: 0.3251569	best: 0.3251569 (29)	total: 14s	remaining: 12h 58m 18s
30:	learn: 0.1967787	test: 0.3235628	best: 0.3235628 (30)	total: 14.4s	remaining: 12h 55m 48s
31:	learn: 0.1940143	test: 0.3230984	best: 0.3230984 (31)	total: 14.9s	remaining: 12h 54m 23s
32:	learn: 0.1911034	test: 0.3220883	best: 0.3220883 (32)	total: 15.4s	remaining: 12h 56m 19s
33:	learn: 0.1869551	test: 0.3219847	best: 0.3219847 (33)	total: 15.8s	remaining: 12h 56m 38s
34:	learn: 0.1818899	test: 0.3194892	best: 0.3194892 (34)	total: 16.3s	remaining: 12h 58m 16s
35:	learn: 0.1794604	test: 0.3192931	best: 0.3192931 (35)	total: 16.7s	remaining: 12h 52m 38s
36:	learn: 0.1738049	test: 0.3162450	best: 0.3162450 (36)	total: 17s	remaining: 12h 47m 16s
37:	learn: 0.1705639	test: 0.3153571	best: 0.3153571 (37)	total: 17.4s	remaining: 12h 43m 15s
38:	learn: 0.1658344	test: 0.3133113	best: 0.3133113 (38)	total: 17.8s	remaining: 12h 38m 38s
39:	learn: 0.1609999	test: 0.3132812	best: 0.3132812 (39)	total: 18.1s	remaining: 12h 35m 13s
40:	learn: 0.1585600	test: 0.3133795	best: 0.3132812 (39)	total: 18.5s	remaining: 12h 31m 47s
41:	learn: 0.1563363	test: 0.3132119	best: 0.3132119 (41)	total: 18.9s	remaining: 12h 28m 58s
42:	learn: 0.1539664	test: 0.3120789	best: 0.3120789 (42)	total: 19.2s	remaining: 12h 24m 14s
43:	learn: 0.1513876	test: 0.3113543	best: 0.3113543 (43)	total: 19.6s	remaining: 12h 23m 14s
44:	learn: 0.1489171	test: 0.3106503	best: 0.3106503 (44)	total: 20.2s	remaining: 12h 26m 3s
45:	learn: 0.1465346	test: 0.3095995	best: 0.3095995 (45)	total: 20.6s	remaining: 12h 26m 59s
46:	learn: 0.1453154	test: 0.3092126	best: 0.3092126 (46)	total: 21s	remaining: 12h 23m 41s
47:	learn: 0.1436796	test: 0.3092101	best: 0.3092101 (47)	total: 21.4s	remaining: 12h 24m 13s
48:	learn: 0.1401400	test: 0.3068904	best: 0.3068904 (48)	total: 21.9s	remaining: 12h 23m 56s
49:	learn: 0.1373459	test: 0.3070721	best: 0.3068904 (48)	total: 22.3s	remaining: 12h 23m 51s
50:	learn: 0.1357477	test: 0.3068707	best: 0.3068707 (50)	total: 22.9s	remaining: 12h 28m 30s
51:	learn: 0.1339194	test: 0.3061430	best: 0.3061430 (51)	total: 23.4s	remaining: 12h 28m 45s
52:	learn: 0.1311803	test: 0.3052269	best: 0.3052269 (52)	total: 23.8s	remaining: 12h 29m 32s
53:	learn: 0.1293476	test: 0.3046026	best: 0.3046026 (53)	total: 24.5s	remaining: 12h 35m 27s
54:	learn: 0.1280132	test: 0.3045674	best: 0.3045674 (54)	total: 25s	remaining: 12h 37m 10s
55:	learn: 0.1263677	test: 0.3043198	best: 0.3043198 (55)	total: 25.5s	remaining: 12h 37m 55s
56:	learn: 0.1232947	test: 0.3047584	best: 0.3043198 (55)	total: 25.9s	remaining: 12h 37m 20s
57:	learn: 0.1205816	test: 0.3050407	best: 0.3043198 (55)	total: 26.4s	remaining: 12h 37m 35s
58:	learn: 0.1194926	test: 0.3048888	best: 0.3043198 (55)	total: 26.9s	remaining: 12h 38m 24s
59:	learn: 0.1183586	test: 0.3043897	best: 0.3043198 (55)	total: 27.3s	remaining: 12h 39m 3s
60:	learn: 0.1166519	test: 0.3036474	best: 0.3036474 (60)	total: 28.2s	remaining: 12h 49m 23s
61:	learn: 0.1152757	test: 0.3034387	best: 0.3034387 (61)	total: 28.9s	remaining: 12h 56m 10s
62:	learn: 0.1140527	test: 0.3032621	best: 0.3032621 (62)	total: 29.5s	remaining: 13h 1m 3s
63:	learn: 0.1126493	test: 0.3030817	best: 0.3030817 (63)	total: 30.1s	remaining: 13h 2m 8s
64:	learn: 0.1110891	test: 0.3021993	best: 0.3021993 (64)	total: 30.5s	remaining: 13h 1m 28s
65:	learn: 0.1099769	test: 0.3021008	best: 0.3021008 (65)	total: 31s	remaining: 13h 1m 52s
66:	learn: 0.1085150	test: 0.3010598	best: 0.3010598 (66)	total: 31.5s	remaining: 13h 2m 51s
67:	learn: 0.1070188	test: 0.3009064	best: 0.3009064 (67)	total: 31.9s	remaining: 13h 1m 40s
68:	learn: 0.1052098	test: 0.3018325	best: 0.3009064 (67)	total: 32.3s	remaining: 12h 59m 31s
69:	learn: 0.1028689	test: 0.3018836	best: 0.3009064 (67)	total: 32.7s	remaining: 12h 57m 34s
70:	learn: 0.1017676	test: 0.3015030	best: 0.3009064 (67)	total: 33.1s	remaining: 12h 57m 8s
71:	learn: 0.1007698	test: 0.3013112	best: 0.3009064 (67)	total: 33.6s	remaining: 12h 58m 21s
72:	learn: 0.0994784	test: 0.3014472	best: 0.3009064 (67)	total: 34.2s	remaining: 12h 59m 28s
73:	learn: 0.0981807	test: 0.3006535	best: 0.3006535 (73)	total: 34.7s	remaining: 13h 27s
74:	learn: 0.0969449	test: 0.3006458	best: 0.3006458 (74)	total: 35.1s	remaining: 13h 15s
75:	learn: 0.0958551	test: 0.2998007	best: 0.2998007 (75)	total: 35.6s	remaining: 12h 59m 36s
76:	learn: 0.0929372	test: 0.3009433	best: 0.2998007 (75)	total: 36s	remaining: 12h 59m 8s
77:	learn: 0.0919756	test: 0.3010355	best: 0.2998007 (75)	total: 36.6s	remaining: 13h 1m 42s
78:	learn: 0.0910300	test: 0.3011221	best: 0.2998007 (75)	total: 37.2s	remaining: 13h 3m 35s
79:	learn: 0.0902747	test: 0.3011662	best: 0.2998007 (75)	total: 37.8s	remaining: 13h 7m 41s
80:	learn: 0.0893399	test: 0.3010842	best: 0.2998007 (75)	total: 38.3s	remaining: 13h 7m 52s
81:	learn: 0.0884520	test: 0.3004950	best: 0.2998007 (75)	total: 38.8s	remaining: 13h 7m 4s
82:	learn: 0.0877166	test: 0.2998855	best: 0.2998007 (75)	total: 39.1s	remaining: 13h 5m 17s
83:	learn: 0.0867737	test: 0.2998750	best: 0.2998007 (75)	total: 39.6s	remaining: 13h 4m 39s
84:	learn: 0.0856544	test: 0.3001534	best: 0.2998007 (75)	total: 40s	remaining: 13h 3m 1s
85:	learn: 0.0848222	test: 0.3003619	best: 0.2998007 (75)	total: 40.5s	remaining: 13h 4m 21s
86:	learn: 0.0838133	test: 0.3001924	best: 0.2998007 (75)	total: 40.9s	remaining: 13h 2m 45s
87:	learn: 0.0827261	test: 0.2995302	best: 0.2995302 (87)	total: 41.3s	remaining: 13h 2m 15s
88:	learn: 0.0819381	test: 0.2996954	best: 0.2995302 (87)	total: 41.9s	remaining: 13h 4m 4s
89:	learn: 0.0809372	test: 0.2993649	best: 0.2993649 (89)	total: 42.4s	remaining: 13h 4m 59s
90:	learn: 0.0802292	test: 0.2991724	best: 0.2991724 (90)	total: 43s	remaining: 13h 7m 18s
91:	learn: 0.0790240	test: 0.3001255	best: 0.2991724 (90)	total: 43.6s	remaining: 13h 10m 2s
92:	learn: 0.0782122	test: 0.3007199	best: 0.2991724 (90)	total: 44.2s	remaining: 13h 11m 42s
93:	learn: 0.0773694	test: 0.3005904	best: 0.2991724 (90)	total: 44.6s	remaining: 13h 9m 54s
94:	learn: 0.0767136	test: 0.3007993	best: 0.2991724 (90)	total: 45.1s	remaining: 13h 10m 47s
95:	learn: 0.0759251	test: 0.3007990	best: 0.2991724 (90)	total: 45.5s	remaining: 13h 9m 55s
96:	learn: 0.0750062	test: 0.3008779	best: 0.2991724 (90)	total: 46s	remaining: 13h 9m 1s
97:	learn: 0.0743900	test: 0.3009708	best: 0.2991724 (90)	total: 46.7s	remaining: 13h 13m 45s
98:	learn: 0.0736553	test: 0.3009396	best: 0.2991724 (90)	total: 47.2s	remaining: 13h 14m 8s
99:	learn: 0.0730939	test: 0.3010177	best: 0.2991724 (90)	total: 47.8s	remaining: 13h 16m 26s
100:	learn: 0.0725653	test: 0.3012543	best: 0.2991724 (90)	total: 48.5s	remaining: 13h 20m 15s
101:	learn: 0.0720051	test: 0.3009035	best: 0.2991724 (90)	total: 49s	remaining: 13h 20m 22s
102:	learn: 0.0711322	test: 0.3013343	best: 0.2991724 (90)	total: 49.5s	remaining: 13h 19m 30s
103:	learn: 0.0704733	test: 0.3009875	best: 0.2991724 (90)	total: 49.9s	remaining: 13h 18m 49s
104:	learn: 0.0699131	test: 0.3012078	best: 0.2991724 (90)	total: 50.4s	remaining: 13h 19m 42s
105:	learn: 0.0694881	test: 0.3010335	best: 0.2991724 (90)	total: 50.9s	remaining: 13h 20m 11s
106:	learn: 0.0690222	test: 0.3010784	best: 0.2991724 (90)	total: 51.4s	remaining: 13h 19m 27s
107:	learn: 0.0681072	test: 0.3016119	best: 0.2991724 (90)	total: 51.9s	remaining: 13h 19m 46s
108:	learn: 0.0675117	test: 0.3012282	best: 0.2991724 (90)	total: 52.8s	remaining: 13h 26m 36s
109:	learn: 0.0666834	test: 0.3018371	best: 0.2991724 (90)	total: 53.3s	remaining: 13h 26m 35s
110:	learn: 0.0656939	test: 0.3024050	best: 0.2991724 (90)	total: 53.8s	remaining: 13h 26m 17s
111:	learn: 0.0651706	test: 0.3027491	best: 0.2991724 (90)	total: 54.2s	remaining: 13h 25m 1s
112:	learn: 0.0644608	test: 0.3032027	best: 0.2991724 (90)	total: 54.6s	remaining: 13h 24m 11s
113:	learn: 0.0637548	test: 0.3028207	best: 0.2991724 (90)	total: 55s	remaining: 13h 23m 38s
114:	learn: 0.0633271	test: 0.3033185	best: 0.2991724 (90)	total: 55.5s	remaining: 13h 23m 11s
115:	learn: 0.0624783	test: 0.3034121	best: 0.2991724 (90)	total: 55.9s	remaining: 13h 22m 56s
116:	learn: 0.0620188	test: 0.3036317	best: 0.2991724 (90)	total: 56.4s	remaining: 13h 22m 16s
117:	learn: 0.0614268	test: 0.3035446	best: 0.2991724 (90)	total: 56.9s	remaining: 13h 22m 40s
118:	learn: 0.0603184	test: 0.3047095	best: 0.2991724 (90)	total: 57.3s	remaining: 13h 21m 4s
119:	learn: 0.0599408	test: 0.3051081	best: 0.2991724 (90)	total: 57.6s	remaining: 13h 19m 22s
120:	learn: 0.0593224	test: 0.3048608	best: 0.2991724 (90)	total: 58.1s	remaining: 13h 19m 21s
121:	learn: 0.0587107	test: 0.3048634	best: 0.2991724 (90)	total: 58.6s	remaining: 13h 20m 2s
122:	learn: 0.0581027	test: 0.3048319	best: 0.2991724 (90)	total: 59.1s	remaining: 13h 19m 14s
123:	learn: 0.0576112	test: 0.3046845	best: 0.2991724 (90)	total: 59.7s	remaining: 13h 21m 15s
124:	learn: 0.0571129	test: 0.3047973	best: 0.2991724 (90)	total: 1m	remaining: 13h 23m 28s
125:	learn: 0.0567575	test: 0.3051190	best: 0.2991724 (90)	total: 1m	remaining: 13h 23m 52s
126:	learn: 0.0561062	test: 0.3051691	best: 0.2991724 (90)	total: 1m 1s	remaining: 13h 23m 36s
127:	learn: 0.0554998	test: 0.3054263	best: 0.2991724 (90)	total: 1m 1s	remaining: 13h 22m 38s
128:	learn: 0.0549508	test: 0.3063375	best: 0.2991724 (90)	total: 1m 2s	remaining: 13h 22m 43s
129:	learn: 0.0545672	test: 0.3062310	best: 0.2991724 (90)	total: 1m 2s	remaining: 13h 22m 36s
130:	learn: 0.0542474	test: 0.3063759	best: 0.2991724 (90)	total: 1m 3s	remaining: 13h 22m 48s
131:	learn: 0.0538232	test: 0.3065687	best: 0.2991724 (90)	total: 1m 3s	remaining: 13h 22m 22s
132:	learn: 0.0535237	test: 0.3068365	best: 0.2991724 (90)	total: 1m 4s	remaining: 13h 21m 2s
133:	learn: 0.0532325	test: 0.3068893	best: 0.2991724 (90)	total: 1m 4s	remaining: 13h 19m 31s
134:	learn: 0.0528368	test: 0.3068124	best: 0.2991724 (90)	total: 1m 4s	remaining: 13h 21m 10s
135:	learn: 0.0525382	test: 0.3069363	best: 0.2991724 (90)	total: 1m 5s	remaining: 13h 20m 52s
136:	learn: 0.0521301	test: 0.3070182	best: 0.2991724 (90)	total: 1m 5s	remaining: 13h 20m 36s
137:	learn: 0.0513238	test: 0.3068012	best: 0.2991724 (90)	total: 1m 6s	remaining: 13h 21m 24s
138:	learn: 0.0509845	test: 0.3070674	best: 0.2991724 (90)	total: 1m 6s	remaining: 13h 20m 40s
139:	learn: 0.0507153	test: 0.3071039	best: 0.2991724 (90)	total: 1m 7s	remaining: 13h 19m 22s
140:	learn: 0.0503451	test: 0.3072929	best: 0.2991724 (90)	total: 1m 7s	remaining: 13h 19m 46s
141:	learn: 0.0501107	test: 0.3074052	best: 0.2991724 (90)	total: 1m 8s	remaining: 13h 19m 26s
142:	learn: 0.0496889	test: 0.3081743	best: 0.2991724 (90)	total: 1m 8s	remaining: 13h 18m 2s
143:	learn: 0.0492173	test: 0.3089622	best: 0.2991724 (90)	total: 1m 8s	remaining: 13h 17m 1s
144:	learn: 0.0489702	test: 0.3090668	best: 0.2991724 (90)	total: 1m 9s	remaining: 13h 14m 41s
145:	learn: 0.0486852	test: 0.3085584	best: 0.2991724 (90)	total: 1m 10s	remaining: 13h 18m 11s
146:	learn: 0.0484347	test: 0.3085244	best: 0.2991724 (90)	total: 1m 10s	remaining: 13h 20m 7s
147:	learn: 0.0482145	test: 0.3086616	best: 0.2991724 (90)	total: 1m 11s	remaining: 13h 19m 14s
148:	learn: 0.0479321	test: 0.3088764	best: 0.2991724 (90)	total: 1m 11s	remaining: 13h 18m 52s
149:	learn: 0.0475447	test: 0.3096159	best: 0.2991724 (90)	total: 1m 12s	remaining: 13h 19m 49s
150:	learn: 0.0472160	test: 0.3093612	best: 0.2991724 (90)	total: 1m 12s	remaining: 13h 20m 38s
151:	learn: 0.0467614	test: 0.3093622	best: 0.2991724 (90)	total: 1m 13s	remaining: 13h 20m 34s
152:	learn: 0.0464845	test: 0.3093889	best: 0.2991724 (90)	total: 1m 13s	remaining: 13h 20m 30s
153:	learn: 0.0461251	test: 0.3094946	best: 0.2991724 (90)	total: 1m 14s	remaining: 13h 20m 11s
154:	learn: 0.0456925	test: 0.3095741	best: 0.2991724 (90)	total: 1m 14s	remaining: 13h 19m 45s
155:	learn: 0.0454475	test: 0.3100280	best: 0.2991724 (90)	total: 1m 14s	remaining: 13h 19m 58s
156:	learn: 0.0450749	test: 0.3105037	best: 0.2991724 (90)	total: 1m 15s	remaining: 13h 19m 48s
157:	learn: 0.0448504	test: 0.3106962	best: 0.2991724 (90)	total: 1m 15s	remaining: 13h 19m 39s
158:	learn: 0.0444338	test: 0.3109746	best: 0.2991724 (90)	total: 1m 16s	remaining: 13h 18m 55s
159:	learn: 0.0441716	test: 0.3104176	best: 0.2991724 (90)	total: 1m 16s	remaining: 13h 18m 32s
160:	learn: 0.0438884	test: 0.3107247	best: 0.2991724 (90)	total: 1m 17s	remaining: 13h 17m 32s
161:	learn: 0.0435693	test: 0.3112109	best: 0.2991724 (90)	total: 1m 17s	remaining: 13h 18m 45s
162:	learn: 0.0432770	test: 0.3114082	best: 0.2991724 (90)	total: 1m 18s	remaining: 13h 19m 37s
163:	learn: 0.0430474	test: 0.3113675	best: 0.2991724 (90)	total: 1m 18s	remaining: 13h 21m 10s
164:	learn: 0.0427751	test: 0.3116826	best: 0.2991724 (90)	total: 1m 20s	remaining: 13h 28m 16s
165:	learn: 0.0424321	test: 0.3119946	best: 0.2991724 (90)	total: 1m 20s	remaining: 13h 27m 57s
166:	learn: 0.0420077	test: 0.3120109	best: 0.2991724 (90)	total: 1m 21s	remaining: 13h 27m 42s
167:	learn: 0.0417875	test: 0.3122961	best: 0.2991724 (90)	total: 1m 21s	remaining: 13h 27m 30s
168:	learn: 0.0414804	test: 0.3127490	best: 0.2991724 (90)	total: 1m 21s	remaining: 13h 27m 1s
169:	learn: 0.0411958	test: 0.3130254	best: 0.2991724 (90)	total: 1m 22s	remaining: 13h 28m 38s
170:	learn: 0.0409554	test: 0.3131188	best: 0.2991724 (90)	total: 1m 23s	remaining: 13h 28m 44s
171:	learn: 0.0407006	test: 0.3132821	best: 0.2991724 (90)	total: 1m 23s	remaining: 13h 28m 54s
172:	learn: 0.0405010	test: 0.3135893	best: 0.2991724 (90)	total: 1m 24s	remaining: 13h 28m 43s
173:	learn: 0.0401948	test: 0.3138616	best: 0.2991724 (90)	total: 1m 24s	remaining: 13h 27m 46s
174:	learn: 0.0398414	test: 0.3140272	best: 0.2991724 (90)	total: 1m 24s	remaining: 13h 27m 15s
175:	learn: 0.0396564	test: 0.3143541	best: 0.2991724 (90)	total: 1m 25s	remaining: 13h 26m 8s
176:	learn: 0.0394204	test: 0.3147859	best: 0.2991724 (90)	total: 1m 25s	remaining: 13h 25m 51s
177:	learn: 0.0391182	test: 0.3155865	best: 0.2991724 (90)	total: 1m 26s	remaining: 13h 25m 25s
178:	learn: 0.0388783	test: 0.3158560	best: 0.2991724 (90)	total: 1m 26s	remaining: 13h 25m 35s
179:	learn: 0.0387550	test: 0.3158582	best: 0.2991724 (90)	total: 1m 27s	remaining: 13h 27m 44s
180:	learn: 0.0385675	test: 0.3161706	best: 0.2991724 (90)	total: 1m 27s	remaining: 13h 27m 44s
181:	learn: 0.0383266	test: 0.3164773	best: 0.2991724 (90)	total: 1m 28s	remaining: 13h 27m 19s
182:	learn: 0.0381008	test: 0.3164578	best: 0.2991724 (90)	total: 1m 28s	remaining: 13h 27m 14s
183:	learn: 0.0376615	test: 0.3160386	best: 0.2991724 (90)	total: 1m 29s	remaining: 13h 26m 41s
184:	learn: 0.0375241	test: 0.3159935	best: 0.2991724 (90)	total: 1m 29s	remaining: 13h 27m 32s
185:	learn: 0.0373398	test: 0.3162098	best: 0.2991724 (90)	total: 1m 30s	remaining: 13h 27m 39s
186:	learn: 0.0371316	test: 0.3166324	best: 0.2991724 (90)	total: 1m 30s	remaining: 13h 27m 10s
187:	learn: 0.0369336	test: 0.3170492	best: 0.2991724 (90)	total: 1m 31s	remaining: 13h 27m 22s
188:	learn: 0.0366948	test: 0.3176862	best: 0.2991724 (90)	total: 1m 31s	remaining: 13h 26m 54s
189:	learn: 0.0364989	test: 0.3181146	best: 0.2991724 (90)	total: 1m 32s	remaining: 13h 26m 13s
190:	learn: 0.0363505	test: 0.3181356	best: 0.2991724 (90)	total: 1m 32s	remaining: 13h 28m 15s
191:	learn: 0.0361928	test: 0.3183328	best: 0.2991724 (90)	total: 1m 33s	remaining: 13h 28m 44s
192:	learn: 0.0360581	test: 0.3183560	best: 0.2991724 (90)	total: 1m 33s	remaining: 13h 28m 25s
193:	learn: 0.0358960	test: 0.3183613	best: 0.2991724 (90)	total: 1m 34s	remaining: 13h 27m 43s
194:	learn: 0.0357205	test: 0.3185978	best: 0.2991724 (90)	total: 1m 34s	remaining: 13h 27m 17s
195:	learn: 0.0355538	test: 0.3191815	best: 0.2991724 (90)	total: 1m 35s	remaining: 13h 26m 31s
196:	learn: 0.0353897	test: 0.3191379	best: 0.2991724 (90)	total: 1m 35s	remaining: 13h 25m 49s
197:	learn: 0.0351714	test: 0.3194473	best: 0.2991724 (90)	total: 1m 35s	remaining: 13h 25m 39s
198:	learn: 0.0349054	test: 0.3203438	best: 0.2991724 (90)	total: 1m 36s	remaining: 13h 25m 28s
199:	learn: 0.0347163	test: 0.3204223	best: 0.2991724 (90)	total: 1m 36s	remaining: 13h 25m 15s
200:	learn: 0.0345561	test: 0.3206640	best: 0.2991724 (90)	total: 1m 37s	remaining: 13h 25m 32s
201:	learn: 0.0341931	test: 0.3214428	best: 0.2991724 (90)	total: 1m 37s	remaining: 13h 25m 30s
202:	learn: 0.0340127	test: 0.3217446	best: 0.2991724 (90)	total: 1m 38s	remaining: 13h 24m 59s
203:	learn: 0.0338693	test: 0.3219388	best: 0.2991724 (90)	total: 1m 38s	remaining: 13h 25m 6s
204:	learn: 0.0337269	test: 0.3221816	best: 0.2991724 (90)	total: 1m 39s	remaining: 13h 26m 9s
205:	learn: 0.0335471	test: 0.3221684	best: 0.2991724 (90)	total: 1m 39s	remaining: 13h 26m 22s
206:	learn: 0.0333526	test: 0.3224723	best: 0.2991724 (90)	total: 1m 40s	remaining: 13h 27m 40s
207:	learn: 0.0332115	test: 0.3226899	best: 0.2991724 (90)	total: 1m 41s	remaining: 13h 27m 59s
208:	learn: 0.0330253	test: 0.3231174	best: 0.2991724 (90)	total: 1m 41s	remaining: 13h 27m 44s
209:	learn: 0.0329106	test: 0.3229811	best: 0.2991724 (90)	total: 1m 41s	remaining: 13h 27m 41s
210:	learn: 0.0327389	test: 0.3229584	best: 0.2991724 (90)	total: 1m 42s	remaining: 13h 27m 38s
211:	learn: 0.0325837	test: 0.3232484	best: 0.2991724 (90)	total: 1m 42s	remaining: 13h 26m 44s
212:	learn: 0.0324350	test: 0.3235117	best: 0.2991724 (90)	total: 1m 43s	remaining: 13h 26m 50s
213:	learn: 0.0322955	test: 0.3239238	best: 0.2991724 (90)	total: 1m 43s	remaining: 13h 27m 38s
214:	learn: 0.0321395	test: 0.3241251	best: 0.2991724 (90)	total: 1m 44s	remaining: 13h 27m 38s
215:	learn: 0.0319789	test: 0.3242580	best: 0.2991724 (90)	total: 1m 44s	remaining: 13h 26m 27s
216:	learn: 0.0317280	test: 0.3240150	best: 0.2991724 (90)	total: 1m 45s	remaining: 13h 25m 31s
217:	learn: 0.0316160	test: 0.3243391	best: 0.2991724 (90)	total: 1m 45s	remaining: 13h 26m 13s
218:	learn: 0.0314524	test: 0.3244300	best: 0.2991724 (90)	total: 1m 46s	remaining: 13h 26m 19s
219:	learn: 0.0312452	test: 0.3242582	best: 0.2991724 (90)	total: 1m 46s	remaining: 13h 26m 2s
220:	learn: 0.0310975	test: 0.3245530	best: 0.2991724 (90)	total: 1m 47s	remaining: 13h 26m 5s
221:	learn: 0.0307970	test: 0.3251567	best: 0.2991724 (90)	total: 1m 47s	remaining: 13h 25m 34s
222:	learn: 0.0307197	test: 0.3251670	best: 0.2991724 (90)	total: 1m 48s	remaining: 13h 27m 14s
223:	learn: 0.0306448	test: 0.3250281	best: 0.2991724 (90)	total: 1m 48s	remaining: 13h 27m 2s
224:	learn: 0.0305388	test: 0.3250923	best: 0.2991724 (90)	total: 1m 49s	remaining: 13h 26m 51s
225:	learn: 0.0303923	test: 0.3253488	best: 0.2991724 (90)	total: 1m 49s	remaining: 13h 26m 54s
226:	learn: 0.0302703	test: 0.3255611	best: 0.2991724 (90)	total: 1m 50s	remaining: 13h 25m 49s
227:	learn: 0.0301668	test: 0.3255102	best: 0.2991724 (90)	total: 1m 50s	remaining: 13h 25m 56s
228:	learn: 0.0299356	test: 0.3251557	best: 0.2991724 (90)	total: 1m 50s	remaining: 13h 25m 14s
229:	learn: 0.0296709	test: 0.3260875	best: 0.2991724 (90)	total: 1m 51s	remaining: 13h 24m 38s
230:	learn: 0.0295542	test: 0.3259893	best: 0.2991724 (90)	total: 1m 51s	remaining: 13h 24m 36s
231:	learn: 0.0294700	test: 0.3259815	best: 0.2991724 (90)	total: 1m 52s	remaining: 13h 24m 54s
232:	learn: 0.0293755	test: 0.3259935	best: 0.2991724 (90)	total: 1m 52s	remaining: 13h 24m 46s
233:	learn: 0.0292627	test: 0.3262949	best: 0.2991724 (90)	total: 1m 53s	remaining: 13h 23m 36s
234:	learn: 0.0291304	test: 0.3261577	best: 0.2991724 (90)	total: 1m 53s	remaining: 13h 22m 58s
235:	learn: 0.0290568	test: 0.3260821	best: 0.2991724 (90)	total: 1m 53s	remaining: 13h 22m 37s
236:	learn: 0.0289587	test: 0.3262277	best: 0.2991724 (90)	total: 1m 54s	remaining: 13h 23m 3s
237:	learn: 0.0288584	test: 0.3263218	best: 0.2991724 (90)	total: 1m 55s	remaining: 13h 23m 42s
238:	learn: 0.0287281	test: 0.3263331	best: 0.2991724 (90)	total: 1m 55s	remaining: 13h 23m 12s
239:	learn: 0.0286285	test: 0.3264735	best: 0.2991724 (90)	total: 1m 55s	remaining: 13h 23m 7s
240:	learn: 0.0285151	test: 0.3265403	best: 0.2991724 (90)	total: 1m 56s	remaining: 13h 22m 57s
241:	learn: 0.0283648	test: 0.3270220	best: 0.2991724 (90)	total: 1m 56s	remaining: 13h 22m 40s
242:	learn: 0.0282949	test: 0.3270844	best: 0.2991724 (90)	total: 1m 57s	remaining: 13h 22m 22s
243:	learn: 0.0282002	test: 0.3271558	best: 0.2991724 (90)	total: 1m 57s	remaining: 13h 22m 44s
244:	learn: 0.0281042	test: 0.3272590	best: 0.2991724 (90)	total: 1m 58s	remaining: 13h 22m 15s
245:	learn: 0.0278870	test: 0.3277560	best: 0.2991724 (90)	total: 1m 58s	remaining: 13h 22m 58s
246:	learn: 0.0277996	test: 0.3276358	best: 0.2991724 (90)	total: 1m 59s	remaining: 13h 22m 32s
247:	learn: 0.0277306	test: 0.3277213	best: 0.2991724 (90)	total: 1m 59s	remaining: 13h 22m 22s
248:	learn: 0.0276214	test: 0.3276337	best: 0.2991724 (90)	total: 2m	remaining: 13h 22m
249:	learn: 0.0275377	test: 0.3277539	best: 0.2991724 (90)	total: 2m	remaining: 13h 21m 42s
250:	learn: 0.0274068	test: 0.3277723	best: 0.2991724 (90)	total: 2m 1s	remaining: 13h 21m 29s
251:	learn: 0.0273374	test: 0.3278682	best: 0.2991724 (90)	total: 2m 1s	remaining: 13h 21m 1s
252:	learn: 0.0272298	test: 0.3279533	best: 0.2991724 (90)	total: 2m 1s	remaining: 13h 20m 36s
253:	learn: 0.0270484	test: 0.3286383	best: 0.2991724 (90)	total: 2m 2s	remaining: 13h 20m 5s
254:	learn: 0.0269446	test: 0.3287695	best: 0.2991724 (90)	total: 2m 2s	remaining: 13h 20m 36s
255:	learn: 0.0268659	test: 0.3287997	best: 0.2991724 (90)	total: 2m 3s	remaining: 13h 20m 19s
256:	learn: 0.0267810	test: 0.3286976	best: 0.2991724 (90)	total: 2m 3s	remaining: 13h 20m 16s
257:	learn: 0.0266696	test: 0.3289164	best: 0.2991724 (90)	total: 2m 4s	remaining: 13h 20m 39s
258:	learn: 0.0265902	test: 0.3291887	best: 0.2991724 (90)	total: 2m 4s	remaining: 13h 20m 49s
259:	learn: 0.0264119	test: 0.3296737	best: 0.2991724 (90)	total: 2m 5s	remaining: 13h 21m 20s
260:	learn: 0.0263503	test: 0.3297408	best: 0.2991724 (90)	total: 2m 5s	remaining: 13h 21m 30s
261:	learn: 0.0262560	test: 0.3297792	best: 0.2991724 (90)	total: 2m 6s	remaining: 13h 22m 1s
262:	learn: 0.0262025	test: 0.3297059	best: 0.2991724 (90)	total: 2m 6s	remaining: 13h 21m 39s
263:	learn: 0.0261192	test: 0.3298594	best: 0.2991724 (90)	total: 2m 7s	remaining: 13h 21m 11s
264:	learn: 0.0260553	test: 0.3298197	best: 0.2991724 (90)	total: 2m 7s	remaining: 13h 21m 1s
265:	learn: 0.0259284	test: 0.3297797	best: 0.2991724 (90)	total: 2m 8s	remaining: 13h 20m 26s
266:	learn: 0.0258473	test: 0.3296906	best: 0.2991724 (90)	total: 2m 8s	remaining: 13h 19m 52s
267:	learn: 0.0257611	test: 0.3298678	best: 0.2991724 (90)	total: 2m 8s	remaining: 13h 19m 23s
268:	learn: 0.0256858	test: 0.3299474	best: 0.2991724 (90)	total: 2m 9s	remaining: 13h 19m 1s
269:	learn: 0.0255994	test: 0.3301444	best: 0.2991724 (90)	total: 2m 9s	remaining: 13h 18m 34s
270:	learn: 0.0255014	test: 0.3301910	best: 0.2991724 (90)	total: 2m 10s	remaining: 13h 18m 28s
271:	learn: 0.0254261	test: 0.3302551	best: 0.2991724 (90)	total: 2m 10s	remaining: 13h 17m 54s
272:	learn: 0.0253286	test: 0.3304314	best: 0.2991724 (90)	total: 2m 10s	remaining: 13h 17m 5s
273:	learn: 0.0252423	test: 0.3304868	best: 0.2991724 (90)	total: 2m 11s	remaining: 13h 16m 20s
274:	learn: 0.0251734	test: 0.3305516	best: 0.2991724 (90)	total: 2m 11s	remaining: 13h 16m 43s
275:	learn: 0.0250762	test: 0.3306690	best: 0.2991724 (90)	total: 2m 12s	remaining: 13h 16m 47s
276:	learn: 0.0249930	test: 0.3306211	best: 0.2991724 (90)	total: 2m 12s	remaining: 13h 16m 38s
277:	learn: 0.0249189	test: 0.3308827	best: 0.2991724 (90)	total: 2m 13s	remaining: 13h 16m 52s
278:	learn: 0.0248087	test: 0.3311681	best: 0.2991724 (90)	total: 2m 13s	remaining: 13h 16m 47s
279:	learn: 0.0247452	test: 0.3312872	best: 0.2991724 (90)	total: 2m 14s	remaining: 13h 16m 47s
280:	learn: 0.0246188	test: 0.3313218	best: 0.2991724 (90)	total: 2m 14s	remaining: 13h 16m 16s
281:	learn: 0.0244785	test: 0.3315509	best: 0.2991724 (90)	total: 2m 15s	remaining: 13h 16m 7s
282:	learn: 0.0244054	test: 0.3314541	best: 0.2991724 (90)	total: 2m 15s	remaining: 13h 15m 53s
283:	learn: 0.0243350	test: 0.3315746	best: 0.2991724 (90)	total: 2m 15s	remaining: 13h 15m 44s
284:	learn: 0.0242136	test: 0.3317232	best: 0.2991724 (90)	total: 2m 16s	remaining: 13h 17m 18s
285:	learn: 0.0241103	test: 0.3317526	best: 0.2991724 (90)	total: 2m 17s	remaining: 13h 17m 17s
286:	learn: 0.0240138	test: 0.3319326	best: 0.2991724 (90)	total: 2m 17s	remaining: 13h 17m 20s
287:	learn: 0.0239190	test: 0.3318946	best: 0.2991724 (90)	total: 2m 18s	remaining: 13h 16m 55s
288:	learn: 0.0238413	test: 0.3319582	best: 0.2991724 (90)	total: 2m 18s	remaining: 13h 16m 53s
289:	learn: 0.0237832	test: 0.3320623	best: 0.2991724 (90)	total: 2m 19s	remaining: 13h 16m 52s
290:	learn: 0.0237099	test: 0.3322519	best: 0.2991724 (90)	total: 2m 19s	remaining: 13h 16m 51s
291:	learn: 0.0236316	test: 0.3322523	best: 0.2991724 (90)	total: 2m 19s	remaining: 13h 16m 21s
292:	learn: 0.0235555	test: 0.3323823	best: 0.2991724 (90)	total: 2m 21s	remaining: 13h 21m 57s
293:	learn: 0.0234881	test: 0.3324912	best: 0.2991724 (90)	total: 2m 21s	remaining: 13h 22m 13s
294:	learn: 0.0233582	test: 0.3328331	best: 0.2991724 (90)	total: 2m 22s	remaining: 13h 22m 4s
295:	learn: 0.0232668	test: 0.3327915	best: 0.2991724 (90)	total: 2m 22s	remaining: 13h 22m
296:	learn: 0.0231896	test: 0.3328833	best: 0.2991724 (90)	total: 2m 23s	remaining: 13h 21m 31s
297:	learn: 0.0231283	test: 0.3329853	best: 0.2991724 (90)	total: 2m 23s	remaining: 13h 21m 49s
298:	learn: 0.0230473	test: 0.3331169	best: 0.2991724 (90)	total: 2m 24s	remaining: 13h 21m 40s
299:	learn: 0.0229153	test: 0.3338536	best: 0.2991724 (90)	total: 2m 24s	remaining: 13h 21m 23s
300:	learn: 0.0228526	test: 0.3339672	best: 0.2991724 (90)	total: 2m 25s	remaining: 13h 21m 21s
301:	learn: 0.0227706	test: 0.3341963	best: 0.2991724 (90)	total: 2m 25s	remaining: 13h 22m 4s
302:	learn: 0.0227050	test: 0.3343337	best: 0.2991724 (90)	total: 2m 26s	remaining: 13h 22m 1s
303:	learn: 0.0225773	test: 0.3347967	best: 0.2991724 (90)	total: 2m 26s	remaining: 13h 22m 9s
304:	learn: 0.0225105	test: 0.3350823	best: 0.2991724 (90)	total: 2m 27s	remaining: 13h 21m 59s
305:	learn: 0.0224384	test: 0.3353526	best: 0.2991724 (90)	total: 2m 27s	remaining: 13h 21m 52s
306:	learn: 0.0223508	test: 0.3353952	best: 0.2991724 (90)	total: 2m 28s	remaining: 13h 21m 39s
307:	learn: 0.0222750	test: 0.3356081	best: 0.2991724 (90)	total: 2m 28s	remaining: 13h 21m 16s
308:	learn: 0.0221853	test: 0.3356346	best: 0.2991724 (90)	total: 2m 28s	remaining: 13h 20m 48s
309:	learn: 0.0221208	test: 0.3358689	best: 0.2991724 (90)	total: 2m 29s	remaining: 13h 20m 19s
310:	learn: 0.0220758	test: 0.3359758	best: 0.2991724 (90)	total: 2m 29s	remaining: 13h 20m 21s
311:	learn: 0.0220021	test: 0.3361565	best: 0.2991724 (90)	total: 2m 30s	remaining: 13h 20m 3s
312:	learn: 0.0219480	test: 0.3361901	best: 0.2991724 (90)	total: 2m 30s	remaining: 13h 19m 52s
313:	learn: 0.0218890	test: 0.3362030	best: 0.2991724 (90)	total: 2m 31s	remaining: 13h 19m 24s
314:	learn: 0.0218029	test: 0.3363604	best: 0.2991724 (90)	total: 2m 31s	remaining: 13h 19m 19s
315:	learn: 0.0217498	test: 0.3366330	best: 0.2991724 (90)	total: 2m 31s	remaining: 13h 19m 1s
316:	learn: 0.0217051	test: 0.3367432	best: 0.2991724 (90)	total: 2m 32s	remaining: 13h 18m 58s
317:	learn: 0.0216305	test: 0.3366347	best: 0.2991724 (90)	total: 2m 32s	remaining: 13h 18m 37s
318:	learn: 0.0214835	test: 0.3373418	best: 0.2991724 (90)	total: 2m 33s	remaining: 13h 18m 30s
319:	learn: 0.0214149	test: 0.3372505	best: 0.2991724 (90)	total: 2m 33s	remaining: 13h 17m 37s
320:	learn: 0.0213509	test: 0.3372350	best: 0.2991724 (90)	total: 2m 34s	remaining: 13h 17m 22s
321:	learn: 0.0213027	test: 0.3372112	best: 0.2991724 (90)	total: 2m 34s	remaining: 13h 17m 35s
322:	learn: 0.0212503	test: 0.3372168	best: 0.2991724 (90)	total: 2m 35s	remaining: 13h 17m 43s
323:	learn: 0.0211809	test: 0.3372265	best: 0.2991724 (90)	total: 2m 35s	remaining: 13h 17m 34s
324:	learn: 0.0211328	test: 0.3373836	best: 0.2991724 (90)	total: 2m 36s	remaining: 13h 18m 18s
325:	learn: 0.0210826	test: 0.3372716	best: 0.2991724 (90)	total: 2m 36s	remaining: 13h 17m 51s
326:	learn: 0.0210355	test: 0.3372297	best: 0.2991724 (90)	total: 2m 37s	remaining: 13h 17m 37s
/home/cyyen/miniconda3/envs/stock_path_tracker/lib/python3.8/site-packages/pandas/core/groupby/groupby.py:980: FutureWarning: Sorting because non-concatenation axis is not aligned. A future version
of pandas will change to not sort by default.

To accept the future behavior, pass 'sort=False'.

To retain the current behavior and silence the warning, pass 'sort=True'.

  result = concat(values, axis=self.axis, keys=keys)
327:	learn: 0.0209887	test: 0.3372235	best: 0.2991724 (90)	total: 2m 37s	remaining: 13h 17m 31s
328:	learn: 0.0208667	test: 0.3372709	best: 0.2991724 (90)	total: 2m 37s	remaining: 13h 17m 32s
329:	learn: 0.0208178	test: 0.3374464	best: 0.2991724 (90)	total: 2m 38s	remaining: 13h 17m 20s
330:	learn: 0.0207442	test: 0.3375708	best: 0.2991724 (90)	total: 2m 38s	remaining: 13h 17m 23s
331:	learn: 0.0206965	test: 0.3377000	best: 0.2991724 (90)	total: 2m 39s	remaining: 13h 17m 35s
332:	learn: 0.0206366	test: 0.3378979	best: 0.2991724 (90)	total: 2m 39s	remaining: 13h 17m 23s
333:	learn: 0.0205854	test: 0.3378987	best: 0.2991724 (90)	total: 2m 40s	remaining: 13h 17m 2s
334:	learn: 0.0204926	test: 0.3383474	best: 0.2991724 (90)	total: 2m 40s	remaining: 13h 16m 26s
335:	learn: 0.0204242	test: 0.3385907	best: 0.2991724 (90)	total: 2m 40s	remaining: 13h 15m 52s
336:	learn: 0.0203557	test: 0.3387593	best: 0.2991724 (90)	total: 2m 41s	remaining: 13h 16m 43s
337:	learn: 0.0202921	test: 0.3388827	best: 0.2991724 (90)	total: 2m 42s	remaining: 13h 16m 33s
338:	learn: 0.0202398	test: 0.3390877	best: 0.2991724 (90)	total: 2m 42s	remaining: 13h 16m 41s
339:	learn: 0.0201565	test: 0.3390353	best: 0.2991724 (90)	total: 2m 43s	remaining: 13h 16m 33s
340:	learn: 0.0200910	test: 0.3390929	best: 0.2991724 (90)	total: 2m 43s	remaining: 13h 16m 15s
Stopped by overfitting detector  (250 iterations wait)

bestTest = 0.2991723531
bestIteration = 90

Shrink model to first 91 iterations.
is_turnpt_upward, 4, 0.75, 100000, 10, 0.5, RMSE, 202, Iter, 250, 0.6666666666666666, 0.029411764705882353
