transformed OHLCV at frequency 1D
reading cache of TXF in 1D OHLCV
feature: 97367270 has generated.
feature 97367270_lag1 has generated.
feature 97367270_lag2 has generated.
feature 97367270_lag3 has generated.
feature 97367270_lag4 has generated.
transformed OHLCV at frequency 1D
reading cache of TXF in 1D OHLCV
feature: 68488648 has generated.
feature 68488648_lag1 has generated.
feature 68488648_lag2 has generated.
feature 68488648_lag3 has generated.
feature 68488648_lag4 has generated.
transformed OHLCV at frequency 1D
reading cache of TXF in 1D OHLCV
feature: 56494646 has generated.
feature 56494646_lag1 has generated.
feature 56494646_lag2 has generated.
feature 56494646_lag3 has generated.
feature 56494646_lag4 has generated.
transformed OHLCV at frequency 1D
reading cache of TXF in 1D OHLCV
feature: 62918036 has generated.
feature 62918036_lag1 has generated.
feature 62918036_lag2 has generated.
feature 62918036_lag3 has generated.
feature 62918036_lag4 has generated.
transformed OHLCV at frequency 1D
reading cache of TXF in 1D OHLCV
feature: 09904850 has generated.
feature 09904850_lag1 has generated.
feature 09904850_lag2 has generated.
feature 09904850_lag3 has generated.
feature 09904850_lag4 has generated.
transformed OHLCV at frequency 1D
reading cache of TXF in 1D OHLCV
feature: 41716908 has generated.
feature 41716908_lag1 has generated.
feature 41716908_lag2 has generated.
feature 41716908_lag3 has generated.
feature 41716908_lag4 has generated.
transformed OHLCV at frequency 1D
reading cache of TXF in 1D OHLCV
feature: 22224505 has generated.
feature 22224505_lag1 has generated.
feature 22224505_lag2 has generated.
feature 22224505_lag3 has generated.
feature 22224505_lag4 has generated.
transformed OHLCV at frequency 1D
reading cache of TXF in 1D OHLCV
feature: 65400347 has generated.
feature 65400347_lag1 has generated.
feature 65400347_lag2 has generated.
feature 65400347_lag3 has generated.
feature 65400347_lag4 has generated.
transformed OHLCV at frequency 1D
reading cache of TXF in 1D OHLCV
feature: 79649739 has generated.
feature 79649739_lag1 has generated.
feature 79649739_lag2 has generated.
feature 79649739_lag3 has generated.
feature 79649739_lag4 has generated.
transformed OHLCV at frequency 1D
reading cache of TXF in 1D OHLCV
feature: 96290600 has generated.
feature 96290600_lag1 has generated.
feature 96290600_lag2 has generated.
feature 96290600_lag3 has generated.
feature 96290600_lag4 has generated.
transformed OHLCV at frequency 1D
reading cache of TXF in 1D OHLCV
feature: 38805934 has generated.
feature 38805934_lag1 has generated.
feature 38805934_lag2 has generated.
feature 38805934_lag3 has generated.
feature 38805934_lag4 has generated.
transformed OHLCV at frequency 1D
reading cache of TXF in 1D OHLCV
feature: 70807987 has generated.
feature 70807987_lag1 has generated.
feature 70807987_lag2 has generated.
feature 70807987_lag3 has generated.
feature 70807987_lag4 has generated.
transformed OHLCV at frequency 1D
reading cache of TXF in 1D OHLCV
feature: 05846388 has generated.
feature 05846388_lag1 has generated.
feature 05846388_lag2 has generated.
feature 05846388_lag3 has generated.
feature 05846388_lag4 has generated.
transformed OHLCV at frequency 1D
reading cache of TXF in 1D OHLCV
feature: 60827192 has generated.
feature 60827192_lag1 has generated.
feature 60827192_lag2 has generated.
feature 60827192_lag3 has generated.
feature 60827192_lag4 has generated.
transformed OHLCV at frequency 1D
reading cache of TXF in 1D OHLCV
feature: 32678710 has generated.
feature 32678710_lag1 has generated.
feature 32678710_lag2 has generated.
feature 32678710_lag3 has generated.
feature 32678710_lag4 has generated.
transformed OHLCV at frequency 1D
reading cache of TXF in 1D OHLCV
feature: 09074581 has generated.
feature 09074581_lag1 has generated.
feature 09074581_lag2 has generated.
feature 09074581_lag3 has generated.
feature 09074581_lag4 has generated.
transformed OHLCV at frequency 1D
reading cache of TXF in 1D OHLCV
feature: 95740378 has generated.
feature 95740378_lag1 has generated.
feature 95740378_lag2 has generated.
feature 95740378_lag3 has generated.
feature 95740378_lag4 has generated.
transformed OHLCV at frequency 1D
reading cache of TXF in 1D OHLCV
feature: 79761808 has generated.
feature 79761808_lag1 has generated.
feature 79761808_lag2 has generated.
feature 79761808_lag3 has generated.
feature 79761808_lag4 has generated.
transformed OHLCV at frequency 1D
reading cache of TXF in 1D OHLCV
feature: 40585393 has generated.
feature 40585393_lag1 has generated.
feature 40585393_lag2 has generated.
feature 40585393_lag3 has generated.
feature 40585393_lag4 has generated.
transformed OHLCV at frequency 1D
reading cache of TXF in 1D OHLCV
feature: 23530526 has generated.
feature 23530526_lag1 has generated.
feature 23530526_lag2 has generated.
feature 23530526_lag3 has generated.
feature 23530526_lag4 has generated.
transformed OHLCV at frequency 1D
reading cache of TXF in 1D OHLCV
feature: 64738114 has generated.
feature 64738114_lag1 has generated.
feature 64738114_lag2 has generated.
feature 64738114_lag3 has generated.
feature 64738114_lag4 has generated.
transformed OHLCV at frequency 1D
reading cache of TXF in 1D OHLCV
feature: 35321937 has generated.
feature 35321937_lag1 has generated.
feature 35321937_lag2 has generated.
feature 35321937_lag3 has generated.
feature 35321937_lag4 has generated.
transformed OHLCV at frequency 1D
reading cache of TXF in 1D OHLCV
feature: 16853914 has generated.
feature 16853914_lag1 has generated.
feature 16853914_lag2 has generated.
feature 16853914_lag3 has generated.
feature 16853914_lag4 has generated.
transformed OHLCV at frequency 1D
reading cache of TXF in 1D OHLCV
feature: 73272611 has generated.
feature 73272611_lag1 has generated.
feature 73272611_lag2 has generated.
feature 73272611_lag3 has generated.
feature 73272611_lag4 has generated.
transformed OHLCV at frequency 1D
reading cache of TXF in 1D OHLCV
feature: 98447210 has generated.
feature 98447210_lag1 has generated.
feature 98447210_lag2 has generated.
feature 98447210_lag3 has generated.
feature 98447210_lag4 has generated.
transformed OHLCV at frequency 1D
reading cache of TXF in 1D OHLCV
feature: 18654221 has generated.
feature 18654221_lag1 has generated.
feature 18654221_lag2 has generated.
feature 18654221_lag3 has generated.
feature 18654221_lag4 has generated.
transformed OHLCV at frequency 1D
reading cache of TXF in 1D OHLCV
feature: 86775622 has generated.
feature 86775622_lag1 has generated.
feature 86775622_lag2 has generated.
feature 86775622_lag3 has generated.
feature 86775622_lag4 has generated.
transformed OHLCV at frequency 1D
reading cache of TXF in 1D OHLCV
feature: 29303935 has generated.
feature 29303935_lag1 has generated.
feature 29303935_lag2 has generated.
feature 29303935_lag3 has generated.
feature 29303935_lag4 has generated.
transformed OHLCV at frequency 1D
reading cache of TXF in 1D OHLCV
feature: 95895325 has generated.
feature 95895325_lag1 has generated.
feature 95895325_lag2 has generated.
feature 95895325_lag3 has generated.
feature 95895325_lag4 has generated.
transformed OHLCV at frequency 1D
reading cache of TXF in 1D OHLCV
feature: 79527895 has generated.
feature 79527895_lag1 has generated.
feature 79527895_lag2 has generated.
feature 79527895_lag3 has generated.
feature 79527895_lag4 has generated.
transformed OHLCV at frequency 1D
reading cache of TXF in 1D OHLCV
feature: 20968309 has generated.
feature 20968309_lag1 has generated.
feature 20968309_lag2 has generated.
feature 20968309_lag3 has generated.
feature 20968309_lag4 has generated.
transformed OHLCV at frequency 1D
reading cache of TXF in 1D OHLCV
feature: 43266536 has generated.
feature 43266536_lag1 has generated.
feature 43266536_lag2 has generated.
feature 43266536_lag3 has generated.
feature 43266536_lag4 has generated.
transformed OHLCV at frequency 1D
reading cache of TXF in 1D OHLCV
feature: 38155758 has generated.
feature 38155758_lag1 has generated.
feature 38155758_lag2 has generated.
feature 38155758_lag3 has generated.
feature 38155758_lag4 has generated.
transformed OHLCV at frequency 1D
reading cache of TXF in 1D OHLCV
feature: 98334683 has generated.
feature 98334683_lag1 has generated.
feature 98334683_lag2 has generated.
feature 98334683_lag3 has generated.
feature 98334683_lag4 has generated.
transformed OHLCV at frequency 1D
reading cache of TXF in 1D OHLCV
feature: 08737879 has generated.
feature 08737879_lag1 has generated.
feature 08737879_lag2 has generated.
feature 08737879_lag3 has generated.
feature 08737879_lag4 has generated.
transformed OHLCV at frequency 1D
reading cache of TXF in 1D OHLCV
feature: 31387256 has generated.
feature 31387256_lag1 has generated.
feature 31387256_lag2 has generated.
feature 31387256_lag3 has generated.
feature 31387256_lag4 has generated.
transformed OHLCV at frequency 1D
reading cache of TXF in 1D OHLCV
feature: 85906314 has generated.
feature 85906314_lag1 has generated.
feature 85906314_lag2 has generated.
feature 85906314_lag3 has generated.
feature 85906314_lag4 has generated.
transformed OHLCV at frequency 1D
reading cache of TXF in 1D OHLCV
feature: 42576887 has generated.
feature 42576887_lag1 has generated.
feature 42576887_lag2 has generated.
feature 42576887_lag3 has generated.
feature 42576887_lag4 has generated.
transformed OHLCV at frequency 1D
reading cache of TXF in 1D OHLCV
feature: 29362743 has generated.
feature 29362743_lag1 has generated.
feature 29362743_lag2 has generated.
feature 29362743_lag3 has generated.
feature 29362743_lag4 has generated.
transformed OHLCV at frequency 1D
reading cache of TXF in 1D OHLCV
feature: 96105422 has generated.
feature 96105422_lag1 has generated.
feature 96105422_lag2 has generated.
feature 96105422_lag3 has generated.
feature 96105422_lag4 has generated.
transformed OHLCV at frequency 1D
reading cache of TXF in 1D OHLCV
feature: 77356892 has generated.
feature 77356892_lag1 has generated.
feature 77356892_lag2 has generated.
feature 77356892_lag3 has generated.
feature 77356892_lag4 has generated.
transformed OHLCV at frequency 1D
reading cache of TXF in 1D OHLCV
feature: 01615041 has generated.
feature 01615041_lag1 has generated.
feature 01615041_lag2 has generated.
feature 01615041_lag3 has generated.
feature 01615041_lag4 has generated.
transformed OHLCV at frequency 1D
reading cache of TXF in 1D OHLCV
feature: 72391189 has generated.
feature 72391189_lag1 has generated.
feature 72391189_lag2 has generated.
feature 72391189_lag3 has generated.
feature 72391189_lag4 has generated.
transformed OHLCV at frequency 1D
reading cache of TXF in 1D OHLCV
feature: 05236104 has generated.
feature 05236104_lag1 has generated.
feature 05236104_lag2 has generated.
feature 05236104_lag3 has generated.
feature 05236104_lag4 has generated.
transformed OHLCV at frequency 1D
reading cache of TXF in 1D OHLCV
feature: 64835975 has generated.
feature 64835975_lag1 has generated.
feature 64835975_lag2 has generated.
feature 64835975_lag3 has generated.
feature 64835975_lag4 has generated.
transformed OHLCV at frequency 1D
reading cache of TXF in 1D OHLCV
feature: 01082365 has generated.
feature 01082365_lag1 has generated.
feature 01082365_lag2 has generated.
feature 01082365_lag3 has generated.
feature 01082365_lag4 has generated.
transformed OHLCV at frequency 1D
reading cache of TXF in 1D OHLCV
feature: 94111142 has generated.
feature 94111142_lag1 has generated.
feature 94111142_lag2 has generated.
feature 94111142_lag3 has generated.
feature 94111142_lag4 has generated.
transformed OHLCV at frequency 1D
reading cache of TXF in 1D OHLCV
feature: 84940937 has generated.
feature 84940937_lag1 has generated.
feature 84940937_lag2 has generated.
feature 84940937_lag3 has generated.
feature 84940937_lag4 has generated.
transformed OHLCV at frequency 1D
reading cache of TXF in 1D OHLCV
feature: 72243738 has generated.
feature 72243738_lag1 has generated.
feature 72243738_lag2 has generated.
feature 72243738_lag3 has generated.
feature 72243738_lag4 has generated.
transformed OHLCV at frequency 1D
reading cache of TXF in 1D OHLCV
feature: 63872636 has generated.
feature 63872636_lag1 has generated.
feature 63872636_lag2 has generated.
feature 63872636_lag3 has generated.
feature 63872636_lag4 has generated.
transformed OHLCV at frequency 1D
reading cache of TXF in 1D OHLCV
feature: 12082156 has generated.
feature 12082156_lag1 has generated.
feature 12082156_lag2 has generated.
feature 12082156_lag3 has generated.
feature 12082156_lag4 has generated.
transformed OHLCV at frequency 1D
reading cache of TXF in 1D OHLCV
feature: 68213521 has generated.
feature 68213521_lag1 has generated.
feature 68213521_lag2 has generated.
feature 68213521_lag3 has generated.
feature 68213521_lag4 has generated.
transformed OHLCV at frequency 1D
reading cache of TXF in 1D OHLCV
feature: 27257567 has generated.
feature 27257567_lag1 has generated.
feature 27257567_lag2 has generated.
feature 27257567_lag3 has generated.
feature 27257567_lag4 has generated.
transformed OHLCV at frequency 1D
reading cache of TXF in 1D OHLCV
feature: 65532996 has generated.
feature 65532996_lag1 has generated.
feature 65532996_lag2 has generated.
feature 65532996_lag3 has generated.
feature 65532996_lag4 has generated.
transformed OHLCV at frequency 1D
reading cache of TXF in 1D OHLCV
feature: 66701434 has generated.
feature 66701434_lag1 has generated.
feature 66701434_lag2 has generated.
feature 66701434_lag3 has generated.
feature 66701434_lag4 has generated.
transformed OHLCV at frequency 1D
reading cache of TXF in 1D OHLCV
feature: 92195671 has generated.
feature 92195671_lag1 has generated.
feature 92195671_lag2 has generated.
feature 92195671_lag3 has generated.
feature 92195671_lag4 has generated.
transformed OHLCV at frequency 1D
reading cache of TXF in 1D OHLCV
feature: 38690895 has generated.
feature 38690895_lag1 has generated.
feature 38690895_lag2 has generated.
feature 38690895_lag3 has generated.
feature 38690895_lag4 has generated.
transformed OHLCV at frequency 1D
reading cache of TXF in 1D OHLCV
feature: 56076046 has generated.
feature 56076046_lag1 has generated.
feature 56076046_lag2 has generated.
feature 56076046_lag3 has generated.
feature 56076046_lag4 has generated.
transformed OHLCV at frequency 1D
reading cache of TXF in 1D OHLCV
feature: 92248921 has generated.
feature 92248921_lag1 has generated.
feature 92248921_lag2 has generated.
feature 92248921_lag3 has generated.
feature 92248921_lag4 has generated.
transformed OHLCV at frequency 1D
reading cache of TXF in 1D OHLCV
feature: 84331432 has generated.
feature 84331432_lag1 has generated.
feature 84331432_lag2 has generated.
feature 84331432_lag3 has generated.
feature 84331432_lag4 has generated.
transformed OHLCV at frequency 1D
reading cache of TXF in 1D OHLCV
feature: 74430244 has generated.
feature 74430244_lag1 has generated.
feature 74430244_lag2 has generated.
feature 74430244_lag3 has generated.
feature 74430244_lag4 has generated.
transformed OHLCV at frequency 1D
reading cache of TXF in 1D OHLCV
feature: 44070915 has generated.
feature 44070915_lag1 has generated.
feature 44070915_lag2 has generated.
feature 44070915_lag3 has generated.
feature 44070915_lag4 has generated.
transformed OHLCV at frequency 1D
reading cache of TXF in 1D OHLCV
feature: 62755712 has generated.
feature 62755712_lag1 has generated.
feature 62755712_lag2 has generated.
feature 62755712_lag3 has generated.
feature 62755712_lag4 has generated.
transformed OHLCV at frequency 1D
reading cache of TXF in 1D OHLCV
feature: 76453313 has generated.
feature 76453313_lag1 has generated.
feature 76453313_lag2 has generated.
feature 76453313_lag3 has generated.
feature 76453313_lag4 has generated.
transformed OHLCV at frequency 1D
reading cache of TXF in 1D OHLCV
feature: 55471756 has generated.
feature 55471756_lag1 has generated.
feature 55471756_lag2 has generated.
feature 55471756_lag3 has generated.
feature 55471756_lag4 has generated.
transformed OHLCV at frequency 1D
reading cache of TXF in 1D OHLCV
feature: 88127301 has generated.
feature 88127301_lag1 has generated.
feature 88127301_lag2 has generated.
feature 88127301_lag3 has generated.
feature 88127301_lag4 has generated.
transformed OHLCV at frequency 1D
reading cache of TXF in 1D OHLCV
feature: 00957305 has generated.
feature 00957305_lag1 has generated.
feature 00957305_lag2 has generated.
feature 00957305_lag3 has generated.
feature 00957305_lag4 has generated.
transformed OHLCV at frequency 1D
reading cache of TXF in 1D OHLCV
feature: 46067661 has generated.
feature 46067661_lag1 has generated.
feature 46067661_lag2 has generated.
feature 46067661_lag3 has generated.
feature 46067661_lag4 has generated.
transformed OHLCV at frequency 1D
reading cache of TXF in 1D OHLCV
feature: 37865502 has generated.
feature 37865502_lag1 has generated.
feature 37865502_lag2 has generated.
feature 37865502_lag3 has generated.
feature 37865502_lag4 has generated.
transformed OHLCV at frequency 1D
reading cache of TXF in 1D OHLCV
feature: 48032436 has generated.
feature 48032436_lag1 has generated.
feature 48032436_lag2 has generated.
feature 48032436_lag3 has generated.
feature 48032436_lag4 has generated.
transformed OHLCV at frequency 1D
reading cache of TXF in 1D OHLCV
feature: 27939058 has generated.
feature 27939058_lag1 has generated.
feature 27939058_lag2 has generated.
feature 27939058_lag3 has generated.
feature 27939058_lag4 has generated.
transformed OHLCV at frequency 1D
reading cache of TXF in 1D OHLCV
feature: 23569330 has generated.
feature 23569330_lag1 has generated.
feature 23569330_lag2 has generated.
feature 23569330_lag3 has generated.
feature 23569330_lag4 has generated.
transformed OHLCV at frequency 1D
reading cache of TXF in 1D OHLCV
feature: 22166205 has generated.
feature 22166205_lag1 has generated.
feature 22166205_lag2 has generated.
feature 22166205_lag3 has generated.
feature 22166205_lag4 has generated.
transformed OHLCV at frequency 1D
reading cache of TXF in 1D OHLCV
feature: 49320730 has generated.
feature 49320730_lag1 has generated.
feature 49320730_lag2 has generated.
feature 49320730_lag3 has generated.
feature 49320730_lag4 has generated.
transformed OHLCV at frequency 1D
reading cache of TXF in 1D OHLCV
0:	learn: 0.5371799	test: 0.6840086	best: 0.6840086 (0)	total: 407ms	remaining: 11h 18m 47s
1:	learn: 0.4891560	test: 0.6180514	best: 0.6180514 (1)	total: 1.13s	remaining: 15h 39m 1s
2:	learn: 0.4468394	test: 0.5776199	best: 0.5776199 (2)	total: 1.58s	remaining: 14h 35m 43s
3:	learn: 0.4108306	test: 0.5139780	best: 0.5139780 (3)	total: 2.11s	remaining: 14h 40m 1s
4:	learn: 0.3923537	test: 0.4931014	best: 0.4931014 (4)	total: 2.5s	remaining: 13h 53m 33s
5:	learn: 0.3793913	test: 0.4815976	best: 0.4815976 (5)	total: 2.98s	remaining: 13h 46m 40s
6:	learn: 0.3595282	test: 0.4541154	best: 0.4541154 (6)	total: 3.5s	remaining: 13h 53m 6s
7:	learn: 0.3472082	test: 0.4523292	best: 0.4523292 (7)	total: 3.97s	remaining: 13h 47m 40s
8:	learn: 0.3390480	test: 0.4444805	best: 0.4444805 (8)	total: 4.36s	remaining: 13h 27m 52s
9:	learn: 0.3275214	test: 0.4438635	best: 0.4438635 (9)	total: 4.83s	remaining: 13h 25m 15s
10:	learn: 0.3191945	test: 0.4387381	best: 0.4387381 (10)	total: 5.23s	remaining: 13h 11m 52s
11:	learn: 0.3124300	test: 0.4359848	best: 0.4359848 (11)	total: 5.62s	remaining: 13h 39s
12:	learn: 0.3077665	test: 0.4336637	best: 0.4336637 (12)	total: 5.96s	remaining: 12h 43m 40s
13:	learn: 0.3016464	test: 0.4328786	best: 0.4328786 (13)	total: 6.28s	remaining: 12h 27m 55s
14:	learn: 0.2949174	test: 0.4285485	best: 0.4285485 (14)	total: 6.59s	remaining: 12h 12m 32s
15:	learn: 0.2889616	test: 0.4267444	best: 0.4267444 (15)	total: 7.01s	remaining: 12h 9m 44s
16:	learn: 0.2822431	test: 0.4231883	best: 0.4231883 (16)	total: 7.46s	remaining: 12h 11m 24s
17:	learn: 0.2738373	test: 0.4162574	best: 0.4162574 (17)	total: 7.91s	remaining: 12h 12m 7s
18:	learn: 0.2662893	test: 0.4091410	best: 0.4091410 (18)	total: 8.73s	remaining: 12h 45m 28s
19:	learn: 0.2542613	test: 0.4054671	best: 0.4054671 (19)	total: 9.2s	remaining: 12h 46m 47s
20:	learn: 0.2475438	test: 0.3987542	best: 0.3987542 (20)	total: 9.66s	remaining: 12h 46m 28s
21:	learn: 0.2383933	test: 0.3948026	best: 0.3948026 (21)	total: 10.1s	remaining: 12h 45m 28s
22:	learn: 0.2344481	test: 0.3935937	best: 0.3935937 (22)	total: 10.6s	remaining: 12h 44m 54s
23:	learn: 0.2287590	test: 0.3897377	best: 0.3897377 (23)	total: 11.1s	remaining: 12h 51m 5s
24:	learn: 0.2253024	test: 0.3877022	best: 0.3877022 (24)	total: 11.5s	remaining: 12h 44m 44s
25:	learn: 0.2197402	test: 0.3845998	best: 0.3845998 (25)	total: 11.9s	remaining: 12h 42m 28s
26:	learn: 0.2154854	test: 0.3820840	best: 0.3820840 (26)	total: 12.5s	remaining: 12h 54m 14s
27:	learn: 0.2113203	test: 0.3800159	best: 0.3800159 (27)	total: 13s	remaining: 12h 52m 32s
28:	learn: 0.2059862	test: 0.3770804	best: 0.3770804 (28)	total: 13.5s	remaining: 12h 56m 5s
29:	learn: 0.2028079	test: 0.3762905	best: 0.3762905 (29)	total: 14s	remaining: 12h 57m 6s
30:	learn: 0.1989501	test: 0.3745306	best: 0.3745306 (30)	total: 14.5s	remaining: 12h 57m 36s
31:	learn: 0.1964634	test: 0.3737609	best: 0.3737609 (31)	total: 14.9s	remaining: 12h 56m 12s
32:	learn: 0.1941190	test: 0.3733475	best: 0.3733475 (32)	total: 15.4s	remaining: 12h 59m 53s
33:	learn: 0.1912499	test: 0.3725426	best: 0.3725426 (33)	total: 15.9s	remaining: 12h 57m 25s
34:	learn: 0.1880925	test: 0.3709075	best: 0.3709075 (34)	total: 16.3s	remaining: 12h 55m 48s
35:	learn: 0.1848003	test: 0.3698305	best: 0.3698305 (35)	total: 16.9s	remaining: 13h 26s
36:	learn: 0.1804660	test: 0.3680059	best: 0.3680059 (36)	total: 17.4s	remaining: 13h 3m 37s
37:	learn: 0.1766792	test: 0.3652652	best: 0.3652652 (37)	total: 17.8s	remaining: 13h 31s
38:	learn: 0.1742176	test: 0.3638426	best: 0.3638426 (38)	total: 18.2s	remaining: 12h 56m 24s
39:	learn: 0.1719214	test: 0.3625864	best: 0.3625864 (39)	total: 18.7s	remaining: 12h 57m 4s
40:	learn: 0.1698958	test: 0.3617815	best: 0.3617815 (40)	total: 19.1s	remaining: 12h 55m 38s
41:	learn: 0.1674869	test: 0.3596760	best: 0.3596760 (41)	total: 19.5s	remaining: 12h 53m 48s
42:	learn: 0.1629798	test: 0.3576197	best: 0.3576197 (42)	total: 20s	remaining: 12h 55m 20s
43:	learn: 0.1598014	test: 0.3555752	best: 0.3555752 (43)	total: 20.5s	remaining: 12h 56m 9s
44:	learn: 0.1577369	test: 0.3548358	best: 0.3548358 (44)	total: 20.9s	remaining: 12h 54m 44s
45:	learn: 0.1556433	test: 0.3541171	best: 0.3541171 (45)	total: 21.4s	remaining: 12h 55m 7s
46:	learn: 0.1541006	test: 0.3536732	best: 0.3536732 (46)	total: 21.9s	remaining: 12h 54m 47s
47:	learn: 0.1477536	test: 0.3487323	best: 0.3487323 (47)	total: 22.3s	remaining: 12h 53m 16s
48:	learn: 0.1454285	test: 0.3466815	best: 0.3466815 (48)	total: 22.8s	remaining: 12h 56m 23s
49:	learn: 0.1437883	test: 0.3459675	best: 0.3459675 (49)	total: 23.4s	remaining: 12h 58m 50s
50:	learn: 0.1422967	test: 0.3459113	best: 0.3459113 (50)	total: 23.8s	remaining: 12h 58m 21s
51:	learn: 0.1404957	test: 0.3452376	best: 0.3452376 (51)	total: 24.3s	remaining: 12h 58m 2s
52:	learn: 0.1374226	test: 0.3444385	best: 0.3444385 (52)	total: 24.7s	remaining: 12h 56m 31s
53:	learn: 0.1354657	test: 0.3446432	best: 0.3444385 (52)	total: 25.1s	remaining: 12h 54m 34s
54:	learn: 0.1336067	test: 0.3438474	best: 0.3438474 (54)	total: 25.5s	remaining: 12h 52m 34s
55:	learn: 0.1319575	test: 0.3434304	best: 0.3434304 (55)	total: 26.1s	remaining: 12h 56m
56:	learn: 0.1299459	test: 0.3414193	best: 0.3414193 (56)	total: 26.5s	remaining: 12h 54m 48s
57:	learn: 0.1285751	test: 0.3403230	best: 0.3403230 (57)	total: 27s	remaining: 12h 54m 57s
58:	learn: 0.1264499	test: 0.3392902	best: 0.3392902 (58)	total: 27.4s	remaining: 12h 53m 39s
59:	learn: 0.1244471	test: 0.3389576	best: 0.3389576 (59)	total: 27.8s	remaining: 12h 53m 4s
60:	learn: 0.1226197	test: 0.3382888	best: 0.3382888 (60)	total: 28.3s	remaining: 12h 51m 40s
61:	learn: 0.1213945	test: 0.3377813	best: 0.3377813 (61)	total: 28.7s	remaining: 12h 50m 6s
62:	learn: 0.1201401	test: 0.3372297	best: 0.3372297 (62)	total: 29.1s	remaining: 12h 49m 25s
63:	learn: 0.1189200	test: 0.3368613	best: 0.3368613 (63)	total: 29.5s	remaining: 12h 48m 31s
64:	learn: 0.1176420	test: 0.3366361	best: 0.3366361 (64)	total: 30s	remaining: 12h 48m 3s
65:	learn: 0.1156203	test: 0.3360453	best: 0.3360453 (65)	total: 30.5s	remaining: 12h 49m 15s
66:	learn: 0.1144401	test: 0.3356244	best: 0.3356244 (66)	total: 31s	remaining: 12h 50m 17s
67:	learn: 0.1123249	test: 0.3345957	best: 0.3345957 (67)	total: 31.4s	remaining: 12h 50m 10s
68:	learn: 0.1112005	test: 0.3344428	best: 0.3344428 (68)	total: 32.1s	remaining: 12h 53m 45s
69:	learn: 0.1102472	test: 0.3340635	best: 0.3340635 (69)	total: 32.7s	remaining: 12h 58m 43s
70:	learn: 0.1087820	test: 0.3333528	best: 0.3333528 (70)	total: 33.5s	remaining: 13h 4m 41s
71:	learn: 0.1076575	test: 0.3326765	best: 0.3326765 (71)	total: 33.9s	remaining: 13h 3m 33s
72:	learn: 0.1063353	test: 0.3323651	best: 0.3323651 (72)	total: 34.5s	remaining: 13h 7m 49s
73:	learn: 0.1053754	test: 0.3321216	best: 0.3321216 (73)	total: 35.1s	remaining: 13h 9m 4s
74:	learn: 0.1036526	test: 0.3316310	best: 0.3316310 (74)	total: 35.6s	remaining: 13h 9m 55s
75:	learn: 0.1027252	test: 0.3314770	best: 0.3314770 (75)	total: 36.1s	remaining: 13h 10m 24s
76:	learn: 0.1014035	test: 0.3307012	best: 0.3307012 (76)	total: 36.5s	remaining: 13h 10m 26s
77:	learn: 0.1003753	test: 0.3303919	best: 0.3303919 (77)	total: 37.1s	remaining: 13h 11m 18s
78:	learn: 0.0989143	test: 0.3299049	best: 0.3299049 (78)	total: 37.5s	remaining: 13h 10m 17s
79:	learn: 0.0979479	test: 0.3292339	best: 0.3292339 (79)	total: 37.8s	remaining: 13h 6m 51s
80:	learn: 0.0969922	test: 0.3286351	best: 0.3286351 (80)	total: 38.3s	remaining: 13h 6m 57s
81:	learn: 0.0959427	test: 0.3275794	best: 0.3275794 (81)	total: 38.7s	remaining: 13h 5m 57s
82:	learn: 0.0942628	test: 0.3262688	best: 0.3262688 (82)	total: 39.1s	remaining: 13h 3m 42s
83:	learn: 0.0931942	test: 0.3260260	best: 0.3260260 (83)	total: 39.6s	remaining: 13h 4m 29s
84:	learn: 0.0919699	test: 0.3253960	best: 0.3253960 (84)	total: 40s	remaining: 13h 3m 57s
85:	learn: 0.0912911	test: 0.3252125	best: 0.3252125 (85)	total: 40.5s	remaining: 13h 5m 5s
86:	learn: 0.0904656	test: 0.3242152	best: 0.3242152 (86)	total: 41.1s	remaining: 13h 5m 58s
87:	learn: 0.0894320	test: 0.3233744	best: 0.3233744 (87)	total: 41.5s	remaining: 13h 5m 47s
88:	learn: 0.0884830	test: 0.3229467	best: 0.3229467 (88)	total: 42s	remaining: 13h 5m 22s
89:	learn: 0.0875538	test: 0.3228934	best: 0.3228934 (89)	total: 42.5s	remaining: 13h 5m 42s
90:	learn: 0.0869546	test: 0.3227523	best: 0.3227523 (90)	total: 42.9s	remaining: 13h 4m 29s
91:	learn: 0.0857254	test: 0.3213226	best: 0.3213226 (91)	total: 43.3s	remaining: 13h 3m 41s
92:	learn: 0.0850099	test: 0.3209073	best: 0.3209073 (92)	total: 43.8s	remaining: 13h 4m 4s
93:	learn: 0.0843318	test: 0.3204033	best: 0.3204033 (93)	total: 44.2s	remaining: 13h 2m 15s
94:	learn: 0.0836365	test: 0.3201916	best: 0.3201916 (94)	total: 44.7s	remaining: 13h 3m 25s
95:	learn: 0.0831230	test: 0.3201638	best: 0.3201638 (95)	total: 45.2s	remaining: 13h 3m 53s
96:	learn: 0.0822763	test: 0.3201786	best: 0.3201638 (95)	total: 45.7s	remaining: 13h 4m 37s
97:	learn: 0.0816936	test: 0.3200866	best: 0.3200866 (97)	total: 46.2s	remaining: 13h 5m 35s
98:	learn: 0.0811779	test: 0.3200325	best: 0.3200325 (98)	total: 46.7s	remaining: 13h 4m 52s
99:	learn: 0.0804085	test: 0.3200463	best: 0.3200325 (98)	total: 47.1s	remaining: 13h 4m 38s
100:	learn: 0.0795025	test: 0.3197124	best: 0.3197124 (100)	total: 47.5s	remaining: 13h 3m 34s
101:	learn: 0.0788842	test: 0.3193129	best: 0.3193129 (101)	total: 47.9s	remaining: 13h 2m 14s
102:	learn: 0.0783383	test: 0.3190025	best: 0.3190025 (102)	total: 48.3s	remaining: 13h 30s
103:	learn: 0.0778127	test: 0.3188553	best: 0.3188553 (103)	total: 48.7s	remaining: 12h 59m 14s
104:	learn: 0.0771964	test: 0.3181497	best: 0.3181497 (104)	total: 49.2s	remaining: 12h 59m 38s
105:	learn: 0.0764987	test: 0.3172618	best: 0.3172618 (105)	total: 50s	remaining: 13h 4m 43s
106:	learn: 0.0753034	test: 0.3166414	best: 0.3166414 (106)	total: 50.5s	remaining: 13h 5m 13s
107:	learn: 0.0746151	test: 0.3167409	best: 0.3166414 (106)	total: 51s	remaining: 13h 5m 25s
108:	learn: 0.0740769	test: 0.3167573	best: 0.3166414 (106)	total: 51.4s	remaining: 13h 5m 3s
109:	learn: 0.0732339	test: 0.3163386	best: 0.3163386 (109)	total: 51.9s	remaining: 13h 5m 30s
110:	learn: 0.0727759	test: 0.3161277	best: 0.3161277 (110)	total: 52.3s	remaining: 13h 4m 55s
111:	learn: 0.0718878	test: 0.3162808	best: 0.3161277 (110)	total: 52.8s	remaining: 13h 4m 13s
112:	learn: 0.0714363	test: 0.3162480	best: 0.3161277 (110)	total: 53.2s	remaining: 13h 4m 23s
113:	learn: 0.0708536	test: 0.3161386	best: 0.3161277 (110)	total: 53.7s	remaining: 13h 4m 45s
114:	learn: 0.0699471	test: 0.3164239	best: 0.3161277 (110)	total: 54.2s	remaining: 13h 5m 17s
115:	learn: 0.0689937	test: 0.3157858	best: 0.3157858 (115)	total: 54.7s	remaining: 13h 5m 40s
116:	learn: 0.0685223	test: 0.3157528	best: 0.3157528 (116)	total: 55.3s	remaining: 13h 6m 56s
117:	learn: 0.0680991	test: 0.3156045	best: 0.3156045 (117)	total: 55.7s	remaining: 13h 6m 16s
118:	learn: 0.0676607	test: 0.3155455	best: 0.3155455 (118)	total: 56.2s	remaining: 13h 6m 31s
119:	learn: 0.0672127	test: 0.3156387	best: 0.3155455 (118)	total: 56.7s	remaining: 13h 6m 13s
120:	learn: 0.0667792	test: 0.3156613	best: 0.3155455 (118)	total: 57.8s	remaining: 13h 15m 5s
121:	learn: 0.0664158	test: 0.3158308	best: 0.3155455 (118)	total: 58.3s	remaining: 13h 15m 14s
122:	learn: 0.0656282	test: 0.3154907	best: 0.3154907 (122)	total: 58.7s	remaining: 13h 14m 37s
123:	learn: 0.0651833	test: 0.3152757	best: 0.3152757 (123)	total: 59.1s	remaining: 13h 13m 3s
124:	learn: 0.0647349	test: 0.3151577	best: 0.3151577 (124)	total: 59.5s	remaining: 13h 12m 7s
125:	learn: 0.0644201	test: 0.3151499	best: 0.3151499 (125)	total: 60s	remaining: 13h 11m 59s
126:	learn: 0.0640059	test: 0.3148565	best: 0.3148565 (126)	total: 1m	remaining: 13h 10m 29s
127:	learn: 0.0635800	test: 0.3148613	best: 0.3148565 (126)	total: 1m	remaining: 13h 10m 30s
128:	learn: 0.0630016	test: 0.3150482	best: 0.3148565 (126)	total: 1m 1s	remaining: 13h 10m 19s
129:	learn: 0.0623970	test: 0.3155179	best: 0.3148565 (126)	total: 1m 2s	remaining: 13h 14m 53s
130:	learn: 0.0619699	test: 0.3151848	best: 0.3148565 (126)	total: 1m 2s	remaining: 13h 14m 14s
131:	learn: 0.0616252	test: 0.3150460	best: 0.3148565 (126)	total: 1m 3s	remaining: 13h 15m 7s
132:	learn: 0.0605060	test: 0.3152884	best: 0.3148565 (126)	total: 1m 3s	remaining: 13h 15m 25s
133:	learn: 0.0600156	test: 0.3156355	best: 0.3148565 (126)	total: 1m 4s	remaining: 13h 15m 39s
134:	learn: 0.0594672	test: 0.3155405	best: 0.3148565 (126)	total: 1m 4s	remaining: 13h 16m 49s
135:	learn: 0.0591752	test: 0.3153351	best: 0.3148565 (126)	total: 1m 5s	remaining: 13h 17m 35s
136:	learn: 0.0587116	test: 0.3150508	best: 0.3148565 (126)	total: 1m 5s	remaining: 13h 17m 36s
137:	learn: 0.0583851	test: 0.3151990	best: 0.3148565 (126)	total: 1m 5s	remaining: 13h 15m 56s
138:	learn: 0.0580195	test: 0.3152097	best: 0.3148565 (126)	total: 1m 6s	remaining: 13h 14m 48s
139:	learn: 0.0572823	test: 0.3147890	best: 0.3147890 (139)	total: 1m 7s	remaining: 13h 20m 9s
140:	learn: 0.0568917	test: 0.3144565	best: 0.3144565 (140)	total: 1m 7s	remaining: 13h 19m 24s
141:	learn: 0.0566281	test: 0.3144091	best: 0.3144091 (141)	total: 1m 8s	remaining: 13h 20m 18s
142:	learn: 0.0562102	test: 0.3141058	best: 0.3141058 (142)	total: 1m 9s	remaining: 13h 28m 17s
143:	learn: 0.0559063	test: 0.3140280	best: 0.3140280 (143)	total: 1m 9s	remaining: 13h 27m 52s
144:	learn: 0.0553951	test: 0.3141724	best: 0.3140280 (143)	total: 1m 10s	remaining: 13h 26m 46s
145:	learn: 0.0550935	test: 0.3139235	best: 0.3139235 (145)	total: 1m 10s	remaining: 13h 26m 28s
146:	learn: 0.0548190	test: 0.3137881	best: 0.3137881 (146)	total: 1m 11s	remaining: 13h 26m 31s
147:	learn: 0.0545117	test: 0.3136514	best: 0.3136514 (147)	total: 1m 11s	remaining: 13h 25m 48s
148:	learn: 0.0540452	test: 0.3136319	best: 0.3136319 (148)	total: 1m 12s	remaining: 13h 24m 29s
149:	learn: 0.0531004	test: 0.3131593	best: 0.3131593 (149)	total: 1m 12s	remaining: 13h 23m 34s
150:	learn: 0.0528205	test: 0.3130748	best: 0.3130748 (150)	total: 1m 12s	remaining: 13h 22m 54s
151:	learn: 0.0525533	test: 0.3130521	best: 0.3130521 (151)	total: 1m 13s	remaining: 13h 22m 12s
152:	learn: 0.0522074	test: 0.3127905	best: 0.3127905 (152)	total: 1m 13s	remaining: 13h 21m 15s
153:	learn: 0.0519618	test: 0.3126725	best: 0.3126725 (153)	total: 1m 14s	remaining: 13h 22m 37s
154:	learn: 0.0515930	test: 0.3125121	best: 0.3125121 (154)	total: 1m 14s	remaining: 13h 22m 58s
155:	learn: 0.0510232	test: 0.3129451	best: 0.3125121 (154)	total: 1m 15s	remaining: 13h 25m 26s
156:	learn: 0.0508343	test: 0.3129539	best: 0.3125121 (154)	total: 1m 16s	remaining: 13h 25m 38s
157:	learn: 0.0505347	test: 0.3128710	best: 0.3125121 (154)	total: 1m 16s	remaining: 13h 25m 19s
158:	learn: 0.0502850	test: 0.3129742	best: 0.3125121 (154)	total: 1m 17s	remaining: 13h 28m 50s
159:	learn: 0.0499978	test: 0.3129547	best: 0.3125121 (154)	total: 1m 17s	remaining: 13h 28m 36s
160:	learn: 0.0497801	test: 0.3130168	best: 0.3125121 (154)	total: 1m 18s	remaining: 13h 27m 42s
161:	learn: 0.0495230	test: 0.3128480	best: 0.3125121 (154)	total: 1m 18s	remaining: 13h 27m 52s
162:	learn: 0.0492610	test: 0.3128834	best: 0.3125121 (154)	total: 1m 19s	remaining: 13h 27m 36s
163:	learn: 0.0489481	test: 0.3126270	best: 0.3125121 (154)	total: 1m 19s	remaining: 13h 27m 31s
164:	learn: 0.0486355	test: 0.3124595	best: 0.3124595 (164)	total: 1m 19s	remaining: 13h 26m 29s
165:	learn: 0.0483264	test: 0.3120834	best: 0.3120834 (165)	total: 1m 20s	remaining: 13h 25m 16s
166:	learn: 0.0474955	test: 0.3126611	best: 0.3120834 (165)	total: 1m 20s	remaining: 13h 25m 9s
167:	learn: 0.0472929	test: 0.3127049	best: 0.3120834 (165)	total: 1m 21s	remaining: 13h 25m 14s
168:	learn: 0.0469096	test: 0.3127143	best: 0.3120834 (165)	total: 1m 21s	remaining: 13h 25m 29s
169:	learn: 0.0467344	test: 0.3126502	best: 0.3120834 (165)	total: 1m 22s	remaining: 13h 25m 55s
170:	learn: 0.0464952	test: 0.3126888	best: 0.3120834 (165)	total: 1m 22s	remaining: 13h 26m 29s
171:	learn: 0.0461322	test: 0.3124781	best: 0.3120834 (165)	total: 1m 23s	remaining: 13h 26m 51s
172:	learn: 0.0459420	test: 0.3124655	best: 0.3120834 (165)	total: 1m 23s	remaining: 13h 25m 28s
173:	learn: 0.0457962	test: 0.3123896	best: 0.3120834 (165)	total: 1m 24s	remaining: 13h 25m 51s
174:	learn: 0.0455264	test: 0.3123226	best: 0.3120834 (165)	total: 1m 24s	remaining: 13h 26m 7s
175:	learn: 0.0453227	test: 0.3122557	best: 0.3120834 (165)	total: 1m 25s	remaining: 13h 28m 6s
176:	learn: 0.0449996	test: 0.3120210	best: 0.3120210 (176)	total: 1m 25s	remaining: 13h 27m 49s
177:	learn: 0.0448341	test: 0.3119911	best: 0.3119911 (177)	total: 1m 26s	remaining: 13h 27m 22s
178:	learn: 0.0446397	test: 0.3119844	best: 0.3119844 (178)	total: 1m 26s	remaining: 13h 26m 51s
179:	learn: 0.0444343	test: 0.3119758	best: 0.3119758 (179)	total: 1m 27s	remaining: 13h 26m 53s
180:	learn: 0.0440488	test: 0.3115275	best: 0.3115275 (180)	total: 1m 28s	remaining: 13h 29m 10s
181:	learn: 0.0438590	test: 0.3113600	best: 0.3113600 (181)	total: 1m 28s	remaining: 13h 33m 13s
182:	learn: 0.0435961	test: 0.3115282	best: 0.3113600 (181)	total: 1m 29s	remaining: 13h 32m 43s
183:	learn: 0.0434055	test: 0.3112782	best: 0.3112782 (183)	total: 1m 29s	remaining: 13h 31m 50s
184:	learn: 0.0432008	test: 0.3113060	best: 0.3112782 (183)	total: 1m 30s	remaining: 13h 31m 49s
185:	learn: 0.0430389	test: 0.3112790	best: 0.3112782 (183)	total: 1m 30s	remaining: 13h 31m 28s
186:	learn: 0.0426606	test: 0.3120586	best: 0.3112782 (183)	total: 1m 31s	remaining: 13h 31m 20s
187:	learn: 0.0424629	test: 0.3122245	best: 0.3112782 (183)	total: 1m 31s	remaining: 13h 31m 22s
188:	learn: 0.0423212	test: 0.3122254	best: 0.3112782 (183)	total: 1m 32s	remaining: 13h 31m 13s
189:	learn: 0.0421747	test: 0.3120952	best: 0.3112782 (183)	total: 1m 32s	remaining: 13h 31m 38s
190:	learn: 0.0420354	test: 0.3120650	best: 0.3112782 (183)	total: 1m 33s	remaining: 13h 31m 59s
191:	learn: 0.0418450	test: 0.3120644	best: 0.3112782 (183)	total: 1m 33s	remaining: 13h 33m 47s
192:	learn: 0.0416386	test: 0.3121525	best: 0.3112782 (183)	total: 1m 34s	remaining: 13h 33m 33s
193:	learn: 0.0413861	test: 0.3116773	best: 0.3112782 (183)	total: 1m 35s	remaining: 13h 34m 47s
194:	learn: 0.0411871	test: 0.3117658	best: 0.3112782 (183)	total: 1m 35s	remaining: 13h 35m 35s
195:	learn: 0.0409082	test: 0.3116610	best: 0.3112782 (183)	total: 1m 36s	remaining: 13h 35m 42s
196:	learn: 0.0404910	test: 0.3121343	best: 0.3112782 (183)	total: 1m 36s	remaining: 13h 35m 30s
197:	learn: 0.0403303	test: 0.3120816	best: 0.3112782 (183)	total: 1m 37s	remaining: 13h 35m 18s
198:	learn: 0.0401402	test: 0.3122399	best: 0.3112782 (183)	total: 1m 37s	remaining: 13h 35m 16s
199:	learn: 0.0399710	test: 0.3120384	best: 0.3112782 (183)	total: 1m 37s	remaining: 13h 34m 56s
200:	learn: 0.0398159	test: 0.3121429	best: 0.3112782 (183)	total: 1m 38s	remaining: 13h 37m 12s
201:	learn: 0.0394858	test: 0.3121062	best: 0.3112782 (183)	total: 1m 39s	remaining: 13h 36m 58s
202:	learn: 0.0393283	test: 0.3118774	best: 0.3112782 (183)	total: 1m 39s	remaining: 13h 36m 30s
203:	learn: 0.0391588	test: 0.3119132	best: 0.3112782 (183)	total: 1m 40s	remaining: 13h 37m 2s
204:	learn: 0.0389800	test: 0.3117538	best: 0.3112782 (183)	total: 1m 40s	remaining: 13h 36m 35s
205:	learn: 0.0388208	test: 0.3116277	best: 0.3112782 (183)	total: 1m 41s	remaining: 13h 36m 1s
206:	learn: 0.0385757	test: 0.3115483	best: 0.3112782 (183)	total: 1m 41s	remaining: 13h 35m 52s
207:	learn: 0.0383606	test: 0.3114830	best: 0.3112782 (183)	total: 1m 41s	remaining: 13h 35m 32s
208:	learn: 0.0381424	test: 0.3113133	best: 0.3112782 (183)	total: 1m 42s	remaining: 13h 35m 36s
209:	learn: 0.0379820	test: 0.3113083	best: 0.3112782 (183)	total: 1m 43s	remaining: 13h 35m 49s
210:	learn: 0.0377499	test: 0.3111231	best: 0.3111231 (210)	total: 1m 43s	remaining: 13h 35m 17s
211:	learn: 0.0376003	test: 0.3110395	best: 0.3110395 (211)	total: 1m 43s	remaining: 13h 34m 40s
212:	learn: 0.0374579	test: 0.3107718	best: 0.3107718 (212)	total: 1m 44s	remaining: 13h 34m 12s
213:	learn: 0.0372796	test: 0.3109244	best: 0.3107718 (212)	total: 1m 44s	remaining: 13h 34m 18s
214:	learn: 0.0371494	test: 0.3109042	best: 0.3107718 (212)	total: 1m 45s	remaining: 13h 35m 24s
215:	learn: 0.0369421	test: 0.3111197	best: 0.3107718 (212)	total: 1m 45s	remaining: 13h 35m 12s
216:	learn: 0.0367873	test: 0.3110768	best: 0.3107718 (212)	total: 1m 46s	remaining: 13h 34m 48s
217:	learn: 0.0363505	test: 0.3106305	best: 0.3106305 (217)	total: 1m 46s	remaining: 13h 34m 34s
218:	learn: 0.0362216	test: 0.3105514	best: 0.3105514 (218)	total: 1m 47s	remaining: 13h 34m 12s
219:	learn: 0.0361021	test: 0.3106125	best: 0.3105514 (218)	total: 1m 47s	remaining: 13h 34m 8s
220:	learn: 0.0359415	test: 0.3106107	best: 0.3105514 (218)	total: 1m 48s	remaining: 13h 36m
221:	learn: 0.0357964	test: 0.3105985	best: 0.3105514 (218)	total: 1m 48s	remaining: 13h 35m 51s
222:	learn: 0.0356008	test: 0.3109952	best: 0.3105514 (218)	total: 1m 49s	remaining: 13h 35m 56s
223:	learn: 0.0354680	test: 0.3107022	best: 0.3105514 (218)	total: 1m 49s	remaining: 13h 34m 59s
224:	learn: 0.0353337	test: 0.3107070	best: 0.3105514 (218)	total: 1m 50s	remaining: 13h 33m 56s
225:	learn: 0.0351872	test: 0.3107125	best: 0.3105514 (218)	total: 1m 50s	remaining: 13h 33m 29s
226:	learn: 0.0350786	test: 0.3106174	best: 0.3105514 (218)	total: 1m 51s	remaining: 13h 33m 56s
227:	learn: 0.0348107	test: 0.3110907	best: 0.3105514 (218)	total: 1m 51s	remaining: 13h 33m 52s
228:	learn: 0.0346998	test: 0.3110032	best: 0.3105514 (218)	total: 1m 52s	remaining: 13h 33m 55s
229:	learn: 0.0345169	test: 0.3109091	best: 0.3105514 (218)	total: 1m 53s	remaining: 13h 39m 58s
230:	learn: 0.0342394	test: 0.3112719	best: 0.3105514 (218)	total: 1m 53s	remaining: 13h 39m 36s
231:	learn: 0.0341078	test: 0.3112127	best: 0.3105514 (218)	total: 1m 54s	remaining: 13h 39m 11s
232:	learn: 0.0339913	test: 0.3112029	best: 0.3105514 (218)	total: 1m 54s	remaining: 13h 38m 52s
233:	learn: 0.0338147	test: 0.3111964	best: 0.3105514 (218)	total: 1m 55s	remaining: 13h 39m 28s
234:	learn: 0.0336098	test: 0.3116541	best: 0.3105514 (218)	total: 1m 55s	remaining: 13h 38m 38s
235:	learn: 0.0334601	test: 0.3115759	best: 0.3105514 (218)	total: 1m 56s	remaining: 13h 38m 7s
236:	learn: 0.0333079	test: 0.3116150	best: 0.3105514 (218)	total: 1m 56s	remaining: 13h 37m 41s
237:	learn: 0.0330376	test: 0.3121589	best: 0.3105514 (218)	total: 1m 57s	remaining: 13h 37m 48s
238:	learn: 0.0329139	test: 0.3122027	best: 0.3105514 (218)	total: 1m 57s	remaining: 13h 37m 38s
239:	learn: 0.0327370	test: 0.3125223	best: 0.3105514 (218)	total: 1m 57s	remaining: 13h 37m 17s
240:	learn: 0.0325882	test: 0.3123937	best: 0.3105514 (218)	total: 1m 58s	remaining: 13h 36m 40s
241:	learn: 0.0324877	test: 0.3123811	best: 0.3105514 (218)	total: 1m 58s	remaining: 13h 36m 7s
242:	learn: 0.0323273	test: 0.3124855	best: 0.3105514 (218)	total: 1m 59s	remaining: 13h 36m 30s
243:	learn: 0.0322140	test: 0.3125060	best: 0.3105514 (218)	total: 1m 59s	remaining: 13h 35m 53s
244:	learn: 0.0321068	test: 0.3125699	best: 0.3105514 (218)	total: 2m	remaining: 13h 35m 32s
245:	learn: 0.0320155	test: 0.3124994	best: 0.3105514 (218)	total: 2m	remaining: 13h 35m 36s
246:	learn: 0.0319034	test: 0.3125146	best: 0.3105514 (218)	total: 2m 1s	remaining: 13h 36m 58s
247:	learn: 0.0317880	test: 0.3125390	best: 0.3105514 (218)	total: 2m 1s	remaining: 13h 36m 34s
248:	learn: 0.0316798	test: 0.3126655	best: 0.3105514 (218)	total: 2m 2s	remaining: 13h 36m 24s
249:	learn: 0.0315547	test: 0.3124594	best: 0.3105514 (218)	total: 2m 2s	remaining: 13h 37m 40s
250:	learn: 0.0314459	test: 0.3124583	best: 0.3105514 (218)	total: 2m 3s	remaining: 13h 38m
251:	learn: 0.0313600	test: 0.3124027	best: 0.3105514 (218)	total: 2m 4s	remaining: 13h 38m 2s
252:	learn: 0.0312454	test: 0.3124228	best: 0.3105514 (218)	total: 2m 4s	remaining: 13h 37m 42s
253:	learn: 0.0311477	test: 0.3123864	best: 0.3105514 (218)	total: 2m 4s	remaining: 13h 36m 59s
254:	learn: 0.0310339	test: 0.3124170	best: 0.3105514 (218)	total: 2m 5s	remaining: 13h 36m 59s
255:	learn: 0.0309420	test: 0.3123664	best: 0.3105514 (218)	total: 2m 5s	remaining: 13h 37m 1s
256:	learn: 0.0306802	test: 0.3124917	best: 0.3105514 (218)	total: 2m 6s	remaining: 13h 36m 3s
257:	learn: 0.0305789	test: 0.3124456	best: 0.3105514 (218)	total: 2m 6s	remaining: 13h 36m 12s
258:	learn: 0.0304781	test: 0.3125993	best: 0.3105514 (218)	total: 2m 7s	remaining: 13h 36m 5s
259:	learn: 0.0303597	test: 0.3126179	best: 0.3105514 (218)	total: 2m 7s	remaining: 13h 35m 42s
260:	learn: 0.0301945	test: 0.3128937	best: 0.3105514 (218)	total: 2m 8s	remaining: 13h 35m 24s
261:	learn: 0.0301087	test: 0.3128681	best: 0.3105514 (218)	total: 2m 8s	remaining: 13h 36m 54s
262:	learn: 0.0300305	test: 0.3128216	best: 0.3105514 (218)	total: 2m 9s	remaining: 13h 37m 14s
263:	learn: 0.0299329	test: 0.3128334	best: 0.3105514 (218)	total: 2m 9s	remaining: 13h 37m 7s
264:	learn: 0.0298452	test: 0.3128112	best: 0.3105514 (218)	total: 2m 10s	remaining: 13h 36m 16s
265:	learn: 0.0297579	test: 0.3129302	best: 0.3105514 (218)	total: 2m 10s	remaining: 13h 35m 57s
266:	learn: 0.0296538	test: 0.3129908	best: 0.3105514 (218)	total: 2m 10s	remaining: 13h 35m 4s
267:	learn: 0.0295377	test: 0.3129937	best: 0.3105514 (218)	total: 2m 11s	remaining: 13h 35m 2s
268:	learn: 0.0294037	test: 0.3131837	best: 0.3105514 (218)	total: 2m 11s	remaining: 13h 34m 50s
269:	learn: 0.0292907	test: 0.3131126	best: 0.3105514 (218)	total: 2m 12s	remaining: 13h 34m 37s
270:	learn: 0.0291987	test: 0.3131071	best: 0.3105514 (218)	total: 2m 12s	remaining: 13h 34m 49s
271:	learn: 0.0290835	test: 0.3132368	best: 0.3105514 (218)	total: 2m 13s	remaining: 13h 35m 53s
272:	learn: 0.0289268	test: 0.3135750	best: 0.3105514 (218)	total: 2m 14s	remaining: 13h 35m 54s
273:	learn: 0.0288358	test: 0.3135113	best: 0.3105514 (218)	total: 2m 14s	remaining: 13h 35m 30s
274:	learn: 0.0287421	test: 0.3135827	best: 0.3105514 (218)	total: 2m 14s	remaining: 13h 34m 57s
275:	learn: 0.0286658	test: 0.3135306	best: 0.3105514 (218)	total: 2m 15s	remaining: 13h 34m 34s
276:	learn: 0.0285901	test: 0.3134660	best: 0.3105514 (218)	total: 2m 15s	remaining: 13h 34m 32s
277:	learn: 0.0284449	test: 0.3137400	best: 0.3105514 (218)	total: 2m 16s	remaining: 13h 34m 11s
278:	learn: 0.0282833	test: 0.3141977	best: 0.3105514 (218)	total: 2m 16s	remaining: 13h 33m 44s
279:	learn: 0.0282107	test: 0.3142424	best: 0.3105514 (218)	total: 2m 17s	remaining: 13h 33m 19s
280:	learn: 0.0280788	test: 0.3142900	best: 0.3105514 (218)	total: 2m 17s	remaining: 13h 33m
281:	learn: 0.0280174	test: 0.3142827	best: 0.3105514 (218)	total: 2m 17s	remaining: 13h 32m 38s
282:	learn: 0.0279469	test: 0.3142067	best: 0.3105514 (218)	total: 2m 18s	remaining: 13h 32m
283:	learn: 0.0278145	test: 0.3146148	best: 0.3105514 (218)	total: 2m 18s	remaining: 13h 31m 30s
284:	learn: 0.0277324	test: 0.3146303	best: 0.3105514 (218)	total: 2m 19s	remaining: 13h 31m 40s
285:	learn: 0.0276584	test: 0.3147203	best: 0.3105514 (218)	total: 2m 19s	remaining: 13h 31m 20s
286:	learn: 0.0275703	test: 0.3147483	best: 0.3105514 (218)	total: 2m 19s	remaining: 13h 30m 26s
287:	learn: 0.0274609	test: 0.3148035	best: 0.3105514 (218)	total: 2m 20s	remaining: 13h 29m 36s
288:	learn: 0.0273496	test: 0.3147861	best: 0.3105514 (218)	total: 2m 20s	remaining: 13h 28m 48s
289:	learn: 0.0272767	test: 0.3147939	best: 0.3105514 (218)	total: 2m 21s	remaining: 13h 28m 34s
290:	learn: 0.0270726	test: 0.3150391	best: 0.3105514 (218)	total: 2m 21s	remaining: 13h 29m 3s
291:	learn: 0.0269876	test: 0.3151098	best: 0.3105514 (218)	total: 2m 22s	remaining: 13h 28m 48s
292:	learn: 0.0269164	test: 0.3151655	best: 0.3105514 (218)	total: 2m 22s	remaining: 13h 28m 11s
293:	learn: 0.0268334	test: 0.3151490	best: 0.3105514 (218)	total: 2m 23s	remaining: 13h 28m 21s
294:	learn: 0.0267616	test: 0.3151025	best: 0.3105514 (218)	total: 2m 23s	remaining: 13h 28m 36s
295:	learn: 0.0266264	test: 0.3149266	best: 0.3105514 (218)	total: 2m 23s	remaining: 13h 28m 7s
296:	learn: 0.0265620	test: 0.3149448	best: 0.3105514 (218)	total: 2m 24s	remaining: 13h 28m 14s
297:	learn: 0.0264405	test: 0.3149629	best: 0.3105514 (218)	total: 2m 25s	remaining: 13h 28m 48s
298:	learn: 0.0263817	test: 0.3148904	best: 0.3105514 (218)	total: 2m 25s	remaining: 13h 28m 39s
299:	learn: 0.0263319	test: 0.3149196	best: 0.3105514 (218)	total: 2m 25s	remaining: 13h 28m 10s
300:	learn: 0.0262654	test: 0.3149268	best: 0.3105514 (218)	total: 2m 26s	remaining: 13h 27m 44s
301:	learn: 0.0261943	test: 0.3149440	best: 0.3105514 (218)	total: 2m 26s	remaining: 13h 27m 36s
302:	learn: 0.0261410	test: 0.3149459	best: 0.3105514 (218)	total: 2m 27s	remaining: 13h 27m 49s
303:	learn: 0.0260429	test: 0.3149353	best: 0.3105514 (218)	total: 2m 27s	remaining: 13h 27m 28s
304:	learn: 0.0259749	test: 0.3149048	best: 0.3105514 (218)	total: 2m 28s	remaining: 13h 27m 8s
305:	learn: 0.0259100	test: 0.3148624	best: 0.3105514 (218)	total: 2m 29s	remaining: 13h 31m 14s
306:	learn: 0.0258141	test: 0.3149375	best: 0.3105514 (218)	total: 2m 29s	remaining: 13h 31m 13s
307:	learn: 0.0257618	test: 0.3149244	best: 0.3105514 (218)	total: 2m 30s	remaining: 13h 30m 35s
308:	learn: 0.0256530	test: 0.3148167	best: 0.3105514 (218)	total: 2m 30s	remaining: 13h 30m 7s
309:	learn: 0.0255677	test: 0.3148158	best: 0.3105514 (218)	total: 2m 31s	remaining: 13h 29m 35s
310:	learn: 0.0255036	test: 0.3147697	best: 0.3105514 (218)	total: 2m 31s	remaining: 13h 29m 26s
311:	learn: 0.0254436	test: 0.3148405	best: 0.3105514 (218)	total: 2m 32s	remaining: 13h 29m 39s
312:	learn: 0.0253241	test: 0.3148687	best: 0.3105514 (218)	total: 2m 32s	remaining: 13h 29m 43s
313:	learn: 0.0252546	test: 0.3149774	best: 0.3105514 (218)	total: 2m 32s	remaining: 13h 29m 29s
314:	learn: 0.0251865	test: 0.3150648	best: 0.3105514 (218)	total: 2m 34s	remaining: 13h 34m 23s
315:	learn: 0.0250890	test: 0.3154158	best: 0.3105514 (218)	total: 2m 34s	remaining: 13h 34m 4s
316:	learn: 0.0250223	test: 0.3154557	best: 0.3105514 (218)	total: 2m 35s	remaining: 13h 33m 40s
317:	learn: 0.0249515	test: 0.3156454	best: 0.3105514 (218)	total: 2m 35s	remaining: 13h 33m 9s
318:	learn: 0.0248684	test: 0.3155798	best: 0.3105514 (218)	total: 2m 36s	remaining: 13h 32m 26s
319:	learn: 0.0247803	test: 0.3156630	best: 0.3105514 (218)	total: 2m 36s	remaining: 13h 31m 40s
320:	learn: 0.0246771	test: 0.3156547	best: 0.3105514 (218)	total: 2m 36s	remaining: 13h 31m 24s
321:	learn: 0.0245575	test: 0.3159439	best: 0.3105514 (218)	total: 2m 37s	remaining: 13h 31m 29s
322:	learn: 0.0244695	test: 0.3159595	best: 0.3105514 (218)	total: 2m 37s	remaining: 13h 30m 58s
323:	learn: 0.0243946	test: 0.3160651	best: 0.3105514 (218)	total: 2m 38s	remaining: 13h 30m 55s
324:	learn: 0.0243146	test: 0.3161711	best: 0.3105514 (218)	total: 2m 38s	remaining: 13h 30m 9s
325:	learn: 0.0242400	test: 0.3162409	best: 0.3105514 (218)	total: 2m 38s	remaining: 13h 29m 44s
326:	learn: 0.0241229	test: 0.3162855	best: 0.3105514 (218)	total: 2m 39s	remaining: 13h 29m 44s
327:	learn: 0.0240545	test: 0.3164261	best: 0.3105514 (218)	total: 2m 39s	remaining: 13h 29m 22s
328:	learn: 0.0238518	test: 0.3169771	best: 0.3105514 (218)	total: 2m 40s	remaining: 13h 29m 20s
329:	learn: 0.0237728	test: 0.3170681	best: 0.3105514 (218)	total: 2m 40s	remaining: 13h 29m 2s
330:	learn: 0.0237109	test: 0.3171029	best: 0.3105514 (218)	total: 2m 41s	remaining: 13h 28m 34s
331:	learn: 0.0236368	test: 0.3172063	best: 0.3105514 (218)	total: 2m 41s	remaining: 13h 28m 42s
332:	learn: 0.0235650	test: 0.3173335	best: 0.3105514 (218)	total: 2m 42s	remaining: 13h 28m 28s
333:	learn: 0.0235162	test: 0.3174406	best: 0.3105514 (218)	total: 2m 42s	remaining: 13h 28m 16s
334:	learn: 0.0234109	test: 0.3174808	best: 0.3105514 (218)	total: 2m 43s	remaining: 13h 28m 18s
335:	learn: 0.0233288	test: 0.3176380	best: 0.3105514 (218)	total: 2m 43s	remaining: 13h 28m 1s
336:	learn: 0.0232799	test: 0.3176014	best: 0.3105514 (218)	total: 2m 43s	remaining: 13h 27m 4s
337:	learn: 0.0231817	test: 0.3176847	best: 0.3105514 (218)	total: 2m 44s	remaining: 13h 26m 52s
338:	learn: 0.0231025	test: 0.3177045	best: 0.3105514 (218)	total: 2m 44s	remaining: 13h 26m 10s
339:	learn: 0.0230358	test: 0.3178992	best: 0.3105514 (218)	total: 2m 44s	remaining: 13h 25m 13s
340:	learn: 0.0229239	test: 0.3181734	best: 0.3105514 (218)	total: 2m 45s	remaining: 13h 24m 22s
341:	learn: 0.0228538	test: 0.3182667	best: 0.3105514 (218)	total: 2m 45s	remaining: 13h 23m 49s
342:	learn: 0.0227864	test: 0.3183545	best: 0.3105514 (218)	total: 2m 46s	remaining: 13h 24m 33s
343:	learn: 0.0227334	test: 0.3183648	best: 0.3105514 (218)	total: 2m 46s	remaining: 13h 24m 35s
344:	learn: 0.0226725	test: 0.3184451	best: 0.3105514 (218)	total: 2m 46s	remaining: 13h 23m 36s
345:	learn: 0.0226205	test: 0.3185491	best: 0.3105514 (218)	total: 2m 47s	remaining: 13h 22m 41s
346:	learn: 0.0225639	test: 0.3185832	best: 0.3105514 (218)	total: 2m 47s	remaining: 13h 21m 56s
347:	learn: 0.0225078	test: 0.3187013	best: 0.3105514 (218)	total: 2m 47s	remaining: 13h 21m 23s
348:	learn: 0.0224563	test: 0.3187214	best: 0.3105514 (218)	total: 2m 48s	remaining: 13h 20m 46s
349:	learn: 0.0224013	test: 0.3187611	best: 0.3105514 (218)	total: 2m 48s	remaining: 13h 20m 9s
350:	learn: 0.0223574	test: 0.3187785	best: 0.3105514 (218)	total: 2m 48s	remaining: 13h 19m 24s
351:	learn: 0.0223061	test: 0.3188403	best: 0.3105514 (218)	total: 2m 49s	remaining: 13h 19m 4s
352:	learn: 0.0222533	test: 0.3188671	best: 0.3105514 (218)	total: 2m 49s	remaining: 13h 18m 36s
353:	learn: 0.0222038	test: 0.3189231	best: 0.3105514 (218)	total: 2m 50s	remaining: 13h 18m 6s
354:	learn: 0.0221561	test: 0.3189508	best: 0.3105514 (218)	total: 2m 50s	remaining: 13h 17m 20s
355:	learn: 0.0221141	test: 0.3189608	best: 0.3105514 (218)	total: 2m 50s	remaining: 13h 16m 38s
356:	learn: 0.0220704	test: 0.3189609	best: 0.3105514 (218)	total: 2m 51s	remaining: 13h 15m 34s
357:	learn: 0.0219888	test: 0.3190219	best: 0.3105514 (218)	total: 2m 51s	remaining: 13h 15m
358:	learn: 0.0219341	test: 0.3191352	best: 0.3105514 (218)	total: 2m 51s	remaining: 13h 14m 15s
359:	learn: 0.0218856	test: 0.3191637	best: 0.3105514 (218)	total: 2m 52s	remaining: 13h 13m 27s
360:	learn: 0.0218356	test: 0.3191096	best: 0.3105514 (218)	total: 2m 52s	remaining: 13h 12m 27s
361:	learn: 0.0217972	test: 0.3191368	best: 0.3105514 (218)	total: 2m 52s	remaining: 13h 11m 24s
362:	learn: 0.0217492	test: 0.3191981	best: 0.3105514 (218)	total: 2m 52s	remaining: 13h 10m 23s
363:	learn: 0.0216992	test: 0.3192273	best: 0.3105514 (218)	total: 2m 53s	remaining: 13h 9m 26s
364:	learn: 0.0215261	test: 0.3196789	best: 0.3105514 (218)	total: 2m 53s	remaining: 13h 8m 25s
365:	learn: 0.0214585	test: 0.3195557	best: 0.3105514 (218)	total: 2m 53s	remaining: 13h 7m 18s
366:	learn: 0.0214071	test: 0.3195214	best: 0.3105514 (218)	total: 2m 53s	remaining: 13h 6m 7s
367:	learn: 0.0213618	test: 0.3195485	best: 0.3105514 (218)	total: 2m 54s	remaining: 13h 5m 10s
368:	learn: 0.0213198	test: 0.3195359	best: 0.3105514 (218)	total: 2m 54s	remaining: 13h 4m 17s
369:	learn: 0.0212531	test: 0.3195571	best: 0.3105514 (218)	total: 2m 54s	remaining: 13h 3m 19s
370:	learn: 0.0211974	test: 0.3197347	best: 0.3105514 (218)	total: 2m 54s	remaining: 13h 2m 26s
371:	learn: 0.0211336	test: 0.3197412	best: 0.3105514 (218)	total: 2m 55s	remaining: 13h 1m 27s
372:	learn: 0.0210928	test: 0.3197293	best: 0.3105514 (218)	total: 2m 55s	remaining: 13h 29s
373:	learn: 0.0210529	test: 0.3197161	best: 0.3105514 (218)	total: 2m 55s	remaining: 12h 59m 41s
374:	learn: 0.0209359	test: 0.3199174	best: 0.3105514 (218)	total: 2m 55s	remaining: 12h 58m 20s
375:	learn: 0.0208872	test: 0.3199740	best: 0.3105514 (218)	total: 2m 56s	remaining: 12h 57m 22s
376:	learn: 0.0208391	test: 0.3200054	best: 0.3105514 (218)	total: 2m 56s	remaining: 12h 56m 16s
377:	learn: 0.0207800	test: 0.3200714	best: 0.3105514 (218)	total: 2m 56s	remaining: 12h 55m 11s
378:	learn: 0.0207091	test: 0.3200242	best: 0.3105514 (218)	total: 2m 56s	remaining: 12h 54m 11s
379:	learn: 0.0206650	test: 0.3201070	best: 0.3105514 (218)	total: 2m 56s	remaining: 12h 53m 11s
380:	learn: 0.0206056	test: 0.3201847	best: 0.3105514 (218)	total: 2m 57s	remaining: 12h 52m 35s
381:	learn: 0.0205577	test: 0.3202342	best: 0.3105514 (218)	total: 2m 57s	remaining: 12h 51m 40s
382:	learn: 0.0205141	test: 0.3202233	best: 0.3105514 (218)	total: 2m 57s	remaining: 12h 50m 44s
383:	learn: 0.0204171	test: 0.3205499	best: 0.3105514 (218)	total: 2m 58s	remaining: 12h 49m 40s
384:	learn: 0.0203684	test: 0.3206275	best: 0.3105514 (218)	total: 2m 58s	remaining: 12h 48m 43s
385:	learn: 0.0203324	test: 0.3206142	best: 0.3105514 (218)	total: 2m 58s	remaining: 12h 47m 43s
386:	learn: 0.0202782	test: 0.3206454	best: 0.3105514 (218)	total: 2m 58s	remaining: 12h 46m 45s
387:	learn: 0.0202398	test: 0.3206491	best: 0.3105514 (218)	total: 2m 58s	remaining: 12h 45m 52s
388:	learn: 0.0201952	test: 0.3205840	best: 0.3105514 (218)	total: 2m 59s	remaining: 12h 44m 51s
389:	learn: 0.0201151	test: 0.3206949	best: 0.3105514 (218)	total: 2m 59s	remaining: 12h 44m 15s
390:	learn: 0.0200659	test: 0.3207191	best: 0.3105514 (218)	total: 2m 59s	remaining: 12h 43m 25s
391:	learn: 0.0200326	test: 0.3207511	best: 0.3105514 (218)	total: 3m	remaining: 12h 42m 31s
392:	learn: 0.0199926	test: 0.3207921	best: 0.3105514 (218)	total: 3m	remaining: 12h 41m 40s
393:	learn: 0.0199243	test: 0.3207965	best: 0.3105514 (218)	total: 3m	remaining: 12h 40m 44s
394:	learn: 0.0198722	test: 0.3209151	best: 0.3105514 (218)	total: 3m	remaining: 12h 39m 48s
395:	learn: 0.0198307	test: 0.3209325	best: 0.3105514 (218)	total: 3m 1s	remaining: 12h 39m 5s
396:	learn: 0.0197796	test: 0.3209645	best: 0.3105514 (218)	total: 3m 1s	remaining: 12h 37m 54s
397:	learn: 0.0197406	test: 0.3209554	best: 0.3105514 (218)	total: 3m 1s	remaining: 12h 36m 45s
398:	learn: 0.0196833	test: 0.3210303	best: 0.3105514 (218)	total: 3m 1s	remaining: 12h 35m 34s
399:	learn: 0.0196340	test: 0.3210480	best: 0.3105514 (218)	total: 3m 1s	remaining: 12h 34m 33s
400:	learn: 0.0195531	test: 0.3213908	best: 0.3105514 (218)	total: 3m 2s	remaining: 12h 33m 25s
401:	learn: 0.0195146	test: 0.3214707	best: 0.3105514 (218)	total: 3m 2s	remaining: 12h 32m 21s
402:	learn: 0.0194804	test: 0.3214651	best: 0.3105514 (218)	total: 3m 2s	remaining: 12h 31m 11s
403:	learn: 0.0194284	test: 0.3215623	best: 0.3105514 (218)	total: 3m 2s	remaining: 12h 30m 8s
404:	learn: 0.0193718	test: 0.3216573	best: 0.3105514 (218)	total: 3m 2s	remaining: 12h 29m 16s
405:	learn: 0.0193183	test: 0.3216811	best: 0.3105514 (218)	total: 3m 3s	remaining: 12h 28m 24s
406:	learn: 0.0192778	test: 0.3217301	best: 0.3105514 (218)	total: 3m 3s	remaining: 12h 27m 25s
407:	learn: 0.0192278	test: 0.3218537	best: 0.3105514 (218)	total: 3m 3s	remaining: 12h 26m 28s
408:	learn: 0.0191926	test: 0.3218950	best: 0.3105514 (218)	total: 3m 3s	remaining: 12h 25m 39s
409:	learn: 0.0191583	test: 0.3219271	best: 0.3105514 (218)	total: 3m 3s	remaining: 12h 24m 45s
/home/cyyen/miniconda3/envs/stock_path_tracker/lib/python3.8/site-packages/pandas/core/groupby/groupby.py:980: FutureWarning: Sorting because non-concatenation axis is not aligned. A future version
of pandas will change to not sort by default.

To accept the future behavior, pass 'sort=False'.

To retain the current behavior and silence the warning, pass 'sort=True'.

  result = concat(values, axis=self.axis, keys=keys)
410:	learn: 0.0191214	test: 0.3219610	best: 0.3105514 (218)	total: 3m 4s	remaining: 12h 24m 4s
411:	learn: 0.0190736	test: 0.3220956	best: 0.3105514 (218)	total: 3m 4s	remaining: 12h 23m 10s
412:	learn: 0.0190181	test: 0.3219780	best: 0.3105514 (218)	total: 3m 4s	remaining: 12h 22m 13s
413:	learn: 0.0189791	test: 0.3221097	best: 0.3105514 (218)	total: 3m 4s	remaining: 12h 21m 25s
414:	learn: 0.0189444	test: 0.3220747	best: 0.3105514 (218)	total: 3m 5s	remaining: 12h 20m 35s
415:	learn: 0.0188816	test: 0.3221583	best: 0.3105514 (218)	total: 3m 5s	remaining: 12h 19m 53s
416:	learn: 0.0188464	test: 0.3221382	best: 0.3105514 (218)	total: 3m 5s	remaining: 12h 19m 10s
417:	learn: 0.0188111	test: 0.3221145	best: 0.3105514 (218)	total: 3m 5s	remaining: 12h 18m 13s
418:	learn: 0.0187715	test: 0.3221515	best: 0.3105514 (218)	total: 3m 6s	remaining: 12h 17m 13s
419:	learn: 0.0187246	test: 0.3223184	best: 0.3105514 (218)	total: 3m 6s	remaining: 12h 16m 34s
420:	learn: 0.0186907	test: 0.3222904	best: 0.3105514 (218)	total: 3m 6s	remaining: 12h 15m 46s
421:	learn: 0.0186357	test: 0.3223502	best: 0.3105514 (218)	total: 3m 6s	remaining: 12h 15m 4s
422:	learn: 0.0186035	test: 0.3223904	best: 0.3105514 (218)	total: 3m 7s	remaining: 12h 14m 16s
423:	learn: 0.0185260	test: 0.3228483	best: 0.3105514 (218)	total: 3m 7s	remaining: 12h 13m 28s
424:	learn: 0.0184883	test: 0.3229274	best: 0.3105514 (218)	total: 3m 7s	remaining: 12h 12m 41s
425:	learn: 0.0184533	test: 0.3229826	best: 0.3105514 (218)	total: 3m 7s	remaining: 12h 12m
426:	learn: 0.0184242	test: 0.3230364	best: 0.3105514 (218)	total: 3m 8s	remaining: 12h 11m 11s
427:	learn: 0.0183933	test: 0.3230879	best: 0.3105514 (218)	total: 3m 8s	remaining: 12h 10m 12s
428:	learn: 0.0183560	test: 0.3231305	best: 0.3105514 (218)	total: 3m 8s	remaining: 12h 9m 26s
429:	learn: 0.0183000	test: 0.3233520	best: 0.3105514 (218)	total: 3m 8s	remaining: 12h 8m 34s
430:	learn: 0.0182674	test: 0.3233805	best: 0.3105514 (218)	total: 3m 9s	remaining: 12h 7m 51s
431:	learn: 0.0182348	test: 0.3234017	best: 0.3105514 (218)	total: 3m 9s	remaining: 12h 7m 11s
432:	learn: 0.0181871	test: 0.3233442	best: 0.3105514 (218)	total: 3m 9s	remaining: 12h 6m 30s
433:	learn: 0.0181457	test: 0.3234583	best: 0.3105514 (218)	total: 3m 9s	remaining: 12h 5m 52s
434:	learn: 0.0180960	test: 0.3234105	best: 0.3105514 (218)	total: 3m 10s	remaining: 12h 5m 2s
435:	learn: 0.0180548	test: 0.3235259	best: 0.3105514 (218)	total: 3m 10s	remaining: 12h 4m 21s
436:	learn: 0.0180245	test: 0.3235213	best: 0.3105514 (218)	total: 3m 10s	remaining: 12h 3m 38s
437:	learn: 0.0179841	test: 0.3235559	best: 0.3105514 (218)	total: 3m 10s	remaining: 12h 2m 50s
438:	learn: 0.0179325	test: 0.3236419	best: 0.3105514 (218)	total: 3m 11s	remaining: 12h 2m 7s
439:	learn: 0.0178941	test: 0.3236768	best: 0.3105514 (218)	total: 3m 11s	remaining: 12h 1m 29s
440:	learn: 0.0178644	test: 0.3237157	best: 0.3105514 (218)	total: 3m 11s	remaining: 12h 45s
441:	learn: 0.0177397	test: 0.3241407	best: 0.3105514 (218)	total: 3m 11s	remaining: 11h 59m 58s
442:	learn: 0.0177127	test: 0.3241520	best: 0.3105514 (218)	total: 3m 12s	remaining: 11h 59m 12s
443:	learn: 0.0176730	test: 0.3241434	best: 0.3105514 (218)	total: 3m 12s	remaining: 11h 58m 32s
444:	learn: 0.0176401	test: 0.3241455	best: 0.3105514 (218)	total: 3m 12s	remaining: 11h 57m 39s
445:	learn: 0.0176068	test: 0.3241735	best: 0.3105514 (218)	total: 3m 12s	remaining: 11h 56m 44s
446:	learn: 0.0175580	test: 0.3242609	best: 0.3105514 (218)	total: 3m 12s	remaining: 11h 56m 4s
447:	learn: 0.0175279	test: 0.3242648	best: 0.3105514 (218)	total: 3m 13s	remaining: 11h 55m 24s
448:	learn: 0.0174904	test: 0.3242627	best: 0.3105514 (218)	total: 3m 13s	remaining: 11h 54m 39s
449:	learn: 0.0174677	test: 0.3242676	best: 0.3105514 (218)	total: 3m 13s	remaining: 11h 53m 54s
450:	learn: 0.0174285	test: 0.3243606	best: 0.3105514 (218)	total: 3m 13s	remaining: 11h 53m 11s
451:	learn: 0.0173899	test: 0.3244536	best: 0.3105514 (218)	total: 3m 14s	remaining: 11h 52m 37s
452:	learn: 0.0173594	test: 0.3244489	best: 0.3105514 (218)	total: 3m 14s	remaining: 11h 52m 4s
453:	learn: 0.0173322	test: 0.3244877	best: 0.3105514 (218)	total: 3m 14s	remaining: 11h 51m 30s
454:	learn: 0.0172924	test: 0.3245494	best: 0.3105514 (218)	total: 3m 14s	remaining: 11h 50m 49s
455:	learn: 0.0172533	test: 0.3244663	best: 0.3105514 (218)	total: 3m 15s	remaining: 11h 50m 3s
456:	learn: 0.0172113	test: 0.3244241	best: 0.3105514 (218)	total: 3m 15s	remaining: 11h 49m 23s
457:	learn: 0.0171797	test: 0.3244590	best: 0.3105514 (218)	total: 3m 15s	remaining: 11h 48m 42s
458:	learn: 0.0171270	test: 0.3244897	best: 0.3105514 (218)	total: 3m 15s	remaining: 11h 48m 11s
459:	learn: 0.0171014	test: 0.3244861	best: 0.3105514 (218)	total: 3m 16s	remaining: 11h 47m 35s
460:	learn: 0.0170723	test: 0.3245464	best: 0.3105514 (218)	total: 3m 16s	remaining: 11h 47m 21s
461:	learn: 0.0170279	test: 0.3245778	best: 0.3105514 (218)	total: 3m 16s	remaining: 11h 47m 18s
462:	learn: 0.0169770	test: 0.3247409	best: 0.3105514 (218)	total: 3m 17s	remaining: 11h 47m 18s
463:	learn: 0.0169536	test: 0.3247972	best: 0.3105514 (218)	total: 3m 17s	remaining: 11h 47m 9s
464:	learn: 0.0169176	test: 0.3249194	best: 0.3105514 (218)	total: 3m 18s	remaining: 11h 46m 22s
465:	learn: 0.0168249	test: 0.3253099	best: 0.3105514 (218)	total: 3m 18s	remaining: 11h 45m 35s
466:	learn: 0.0168041	test: 0.3253043	best: 0.3105514 (218)	total: 3m 18s	remaining: 11h 44m 54s
467:	learn: 0.0167729	test: 0.3253263	best: 0.3105514 (218)	total: 3m 18s	remaining: 11h 44m 14s
468:	learn: 0.0167500	test: 0.3253568	best: 0.3105514 (218)	total: 3m 18s	remaining: 11h 43m 34s
Stopped by overfitting detector  (250 iterations wait)

bestTest = 0.3105513939
bestIteration = 218

Shrink model to first 219 iterations.
is_turnpt_downward, 4, 0.75, 100000, 10, 0.5, RMSE, 202, Iter, 250, 0.625, 0.13157894736842105
