transformed OHLCV at frequency 1D
reading cache of TXF in 1D OHLCV
feature: 97367270 has generated.
feature 97367270_lag1 has generated.
feature 97367270_lag2 has generated.
feature 97367270_lag3 has generated.
feature 97367270_lag4 has generated.
transformed OHLCV at frequency 1D
reading cache of TXF in 1D OHLCV
feature: 68488648 has generated.
feature 68488648_lag1 has generated.
feature 68488648_lag2 has generated.
feature 68488648_lag3 has generated.
feature 68488648_lag4 has generated.
transformed OHLCV at frequency 1D
reading cache of TXF in 1D OHLCV
feature: 56494646 has generated.
feature 56494646_lag1 has generated.
feature 56494646_lag2 has generated.
feature 56494646_lag3 has generated.
feature 56494646_lag4 has generated.
transformed OHLCV at frequency 1D
reading cache of TXF in 1D OHLCV
feature: 62918036 has generated.
feature 62918036_lag1 has generated.
feature 62918036_lag2 has generated.
feature 62918036_lag3 has generated.
feature 62918036_lag4 has generated.
transformed OHLCV at frequency 1D
reading cache of TXF in 1D OHLCV
feature: 09904850 has generated.
feature 09904850_lag1 has generated.
feature 09904850_lag2 has generated.
feature 09904850_lag3 has generated.
feature 09904850_lag4 has generated.
transformed OHLCV at frequency 1D
reading cache of TXF in 1D OHLCV
feature: 41716908 has generated.
feature 41716908_lag1 has generated.
feature 41716908_lag2 has generated.
feature 41716908_lag3 has generated.
feature 41716908_lag4 has generated.
transformed OHLCV at frequency 1D
reading cache of TXF in 1D OHLCV
feature: 22224505 has generated.
feature 22224505_lag1 has generated.
feature 22224505_lag2 has generated.
feature 22224505_lag3 has generated.
feature 22224505_lag4 has generated.
transformed OHLCV at frequency 1D
reading cache of TXF in 1D OHLCV
feature: 65400347 has generated.
feature 65400347_lag1 has generated.
feature 65400347_lag2 has generated.
feature 65400347_lag3 has generated.
feature 65400347_lag4 has generated.
transformed OHLCV at frequency 1D
reading cache of TXF in 1D OHLCV
feature: 79649739 has generated.
feature 79649739_lag1 has generated.
feature 79649739_lag2 has generated.
feature 79649739_lag3 has generated.
feature 79649739_lag4 has generated.
transformed OHLCV at frequency 1D
reading cache of TXF in 1D OHLCV
feature: 96290600 has generated.
feature 96290600_lag1 has generated.
feature 96290600_lag2 has generated.
feature 96290600_lag3 has generated.
feature 96290600_lag4 has generated.
transformed OHLCV at frequency 1D
reading cache of TXF in 1D OHLCV
feature: 38805934 has generated.
feature 38805934_lag1 has generated.
feature 38805934_lag2 has generated.
feature 38805934_lag3 has generated.
feature 38805934_lag4 has generated.
transformed OHLCV at frequency 1D
reading cache of TXF in 1D OHLCV
feature: 70807987 has generated.
feature 70807987_lag1 has generated.
feature 70807987_lag2 has generated.
feature 70807987_lag3 has generated.
feature 70807987_lag4 has generated.
transformed OHLCV at frequency 1D
reading cache of TXF in 1D OHLCV
feature: 05846388 has generated.
feature 05846388_lag1 has generated.
feature 05846388_lag2 has generated.
feature 05846388_lag3 has generated.
feature 05846388_lag4 has generated.
transformed OHLCV at frequency 1D
reading cache of TXF in 1D OHLCV
feature: 60827192 has generated.
feature 60827192_lag1 has generated.
feature 60827192_lag2 has generated.
feature 60827192_lag3 has generated.
feature 60827192_lag4 has generated.
transformed OHLCV at frequency 1D
reading cache of TXF in 1D OHLCV
feature: 32678710 has generated.
feature 32678710_lag1 has generated.
feature 32678710_lag2 has generated.
feature 32678710_lag3 has generated.
feature 32678710_lag4 has generated.
transformed OHLCV at frequency 1D
reading cache of TXF in 1D OHLCV
feature: 09074581 has generated.
feature 09074581_lag1 has generated.
feature 09074581_lag2 has generated.
feature 09074581_lag3 has generated.
feature 09074581_lag4 has generated.
transformed OHLCV at frequency 1D
reading cache of TXF in 1D OHLCV
feature: 95740378 has generated.
feature 95740378_lag1 has generated.
feature 95740378_lag2 has generated.
feature 95740378_lag3 has generated.
feature 95740378_lag4 has generated.
transformed OHLCV at frequency 1D
reading cache of TXF in 1D OHLCV
feature: 79761808 has generated.
feature 79761808_lag1 has generated.
feature 79761808_lag2 has generated.
feature 79761808_lag3 has generated.
feature 79761808_lag4 has generated.
transformed OHLCV at frequency 1D
reading cache of TXF in 1D OHLCV
feature: 40585393 has generated.
feature 40585393_lag1 has generated.
feature 40585393_lag2 has generated.
feature 40585393_lag3 has generated.
feature 40585393_lag4 has generated.
transformed OHLCV at frequency 1D
reading cache of TXF in 1D OHLCV
feature: 23530526 has generated.
feature 23530526_lag1 has generated.
feature 23530526_lag2 has generated.
feature 23530526_lag3 has generated.
feature 23530526_lag4 has generated.
transformed OHLCV at frequency 1D
reading cache of TXF in 1D OHLCV
feature: 64738114 has generated.
feature 64738114_lag1 has generated.
feature 64738114_lag2 has generated.
feature 64738114_lag3 has generated.
feature 64738114_lag4 has generated.
transformed OHLCV at frequency 1D
reading cache of TXF in 1D OHLCV
feature: 35321937 has generated.
feature 35321937_lag1 has generated.
feature 35321937_lag2 has generated.
feature 35321937_lag3 has generated.
feature 35321937_lag4 has generated.
transformed OHLCV at frequency 1D
reading cache of TXF in 1D OHLCV
feature: 16853914 has generated.
feature 16853914_lag1 has generated.
feature 16853914_lag2 has generated.
feature 16853914_lag3 has generated.
feature 16853914_lag4 has generated.
transformed OHLCV at frequency 1D
reading cache of TXF in 1D OHLCV
feature: 73272611 has generated.
feature 73272611_lag1 has generated.
feature 73272611_lag2 has generated.
feature 73272611_lag3 has generated.
feature 73272611_lag4 has generated.
transformed OHLCV at frequency 1D
reading cache of TXF in 1D OHLCV
feature: 98447210 has generated.
feature 98447210_lag1 has generated.
feature 98447210_lag2 has generated.
feature 98447210_lag3 has generated.
feature 98447210_lag4 has generated.
transformed OHLCV at frequency 1D
reading cache of TXF in 1D OHLCV
feature: 18654221 has generated.
feature 18654221_lag1 has generated.
feature 18654221_lag2 has generated.
feature 18654221_lag3 has generated.
feature 18654221_lag4 has generated.
transformed OHLCV at frequency 1D
reading cache of TXF in 1D OHLCV
feature: 86775622 has generated.
feature 86775622_lag1 has generated.
feature 86775622_lag2 has generated.
feature 86775622_lag3 has generated.
feature 86775622_lag4 has generated.
transformed OHLCV at frequency 1D
reading cache of TXF in 1D OHLCV
feature: 29303935 has generated.
feature 29303935_lag1 has generated.
feature 29303935_lag2 has generated.
feature 29303935_lag3 has generated.
feature 29303935_lag4 has generated.
transformed OHLCV at frequency 1D
reading cache of TXF in 1D OHLCV
feature: 95895325 has generated.
feature 95895325_lag1 has generated.
feature 95895325_lag2 has generated.
feature 95895325_lag3 has generated.
feature 95895325_lag4 has generated.
transformed OHLCV at frequency 1D
reading cache of TXF in 1D OHLCV
feature: 79527895 has generated.
feature 79527895_lag1 has generated.
feature 79527895_lag2 has generated.
feature 79527895_lag3 has generated.
feature 79527895_lag4 has generated.
transformed OHLCV at frequency 1D
reading cache of TXF in 1D OHLCV
feature: 20968309 has generated.
feature 20968309_lag1 has generated.
feature 20968309_lag2 has generated.
feature 20968309_lag3 has generated.
feature 20968309_lag4 has generated.
transformed OHLCV at frequency 1D
reading cache of TXF in 1D OHLCV
feature: 43266536 has generated.
feature 43266536_lag1 has generated.
feature 43266536_lag2 has generated.
feature 43266536_lag3 has generated.
feature 43266536_lag4 has generated.
transformed OHLCV at frequency 1D
reading cache of TXF in 1D OHLCV
feature: 38155758 has generated.
feature 38155758_lag1 has generated.
feature 38155758_lag2 has generated.
feature 38155758_lag3 has generated.
feature 38155758_lag4 has generated.
transformed OHLCV at frequency 1D
reading cache of TXF in 1D OHLCV
feature: 98334683 has generated.
feature 98334683_lag1 has generated.
feature 98334683_lag2 has generated.
feature 98334683_lag3 has generated.
feature 98334683_lag4 has generated.
transformed OHLCV at frequency 1D
reading cache of TXF in 1D OHLCV
feature: 08737879 has generated.
feature 08737879_lag1 has generated.
feature 08737879_lag2 has generated.
feature 08737879_lag3 has generated.
feature 08737879_lag4 has generated.
transformed OHLCV at frequency 1D
reading cache of TXF in 1D OHLCV
feature: 31387256 has generated.
feature 31387256_lag1 has generated.
feature 31387256_lag2 has generated.
feature 31387256_lag3 has generated.
feature 31387256_lag4 has generated.
transformed OHLCV at frequency 1D
reading cache of TXF in 1D OHLCV
feature: 85906314 has generated.
feature 85906314_lag1 has generated.
feature 85906314_lag2 has generated.
feature 85906314_lag3 has generated.
feature 85906314_lag4 has generated.
transformed OHLCV at frequency 1D
reading cache of TXF in 1D OHLCV
feature: 42576887 has generated.
feature 42576887_lag1 has generated.
feature 42576887_lag2 has generated.
feature 42576887_lag3 has generated.
feature 42576887_lag4 has generated.
transformed OHLCV at frequency 1D
reading cache of TXF in 1D OHLCV
feature: 29362743 has generated.
feature 29362743_lag1 has generated.
feature 29362743_lag2 has generated.
feature 29362743_lag3 has generated.
feature 29362743_lag4 has generated.
transformed OHLCV at frequency 1D
reading cache of TXF in 1D OHLCV
feature: 96105422 has generated.
feature 96105422_lag1 has generated.
feature 96105422_lag2 has generated.
feature 96105422_lag3 has generated.
feature 96105422_lag4 has generated.
transformed OHLCV at frequency 1D
reading cache of TXF in 1D OHLCV
feature: 77356892 has generated.
feature 77356892_lag1 has generated.
feature 77356892_lag2 has generated.
feature 77356892_lag3 has generated.
feature 77356892_lag4 has generated.
transformed OHLCV at frequency 1D
reading cache of TXF in 1D OHLCV
feature: 01615041 has generated.
feature 01615041_lag1 has generated.
feature 01615041_lag2 has generated.
feature 01615041_lag3 has generated.
feature 01615041_lag4 has generated.
transformed OHLCV at frequency 1D
reading cache of TXF in 1D OHLCV
feature: 72391189 has generated.
feature 72391189_lag1 has generated.
feature 72391189_lag2 has generated.
feature 72391189_lag3 has generated.
feature 72391189_lag4 has generated.
transformed OHLCV at frequency 1D
reading cache of TXF in 1D OHLCV
feature: 05236104 has generated.
feature 05236104_lag1 has generated.
feature 05236104_lag2 has generated.
feature 05236104_lag3 has generated.
feature 05236104_lag4 has generated.
transformed OHLCV at frequency 1D
reading cache of TXF in 1D OHLCV
feature: 64835975 has generated.
feature 64835975_lag1 has generated.
feature 64835975_lag2 has generated.
feature 64835975_lag3 has generated.
feature 64835975_lag4 has generated.
transformed OHLCV at frequency 1D
reading cache of TXF in 1D OHLCV
feature: 01082365 has generated.
feature 01082365_lag1 has generated.
feature 01082365_lag2 has generated.
feature 01082365_lag3 has generated.
feature 01082365_lag4 has generated.
transformed OHLCV at frequency 1D
reading cache of TXF in 1D OHLCV
feature: 94111142 has generated.
feature 94111142_lag1 has generated.
feature 94111142_lag2 has generated.
feature 94111142_lag3 has generated.
feature 94111142_lag4 has generated.
transformed OHLCV at frequency 1D
reading cache of TXF in 1D OHLCV
feature: 84940937 has generated.
feature 84940937_lag1 has generated.
feature 84940937_lag2 has generated.
feature 84940937_lag3 has generated.
feature 84940937_lag4 has generated.
transformed OHLCV at frequency 1D
reading cache of TXF in 1D OHLCV
feature: 72243738 has generated.
feature 72243738_lag1 has generated.
feature 72243738_lag2 has generated.
feature 72243738_lag3 has generated.
feature 72243738_lag4 has generated.
transformed OHLCV at frequency 1D
reading cache of TXF in 1D OHLCV
feature: 63872636 has generated.
feature 63872636_lag1 has generated.
feature 63872636_lag2 has generated.
feature 63872636_lag3 has generated.
feature 63872636_lag4 has generated.
transformed OHLCV at frequency 1D
reading cache of TXF in 1D OHLCV
feature: 12082156 has generated.
feature 12082156_lag1 has generated.
feature 12082156_lag2 has generated.
feature 12082156_lag3 has generated.
feature 12082156_lag4 has generated.
transformed OHLCV at frequency 1D
reading cache of TXF in 1D OHLCV
feature: 68213521 has generated.
feature 68213521_lag1 has generated.
feature 68213521_lag2 has generated.
feature 68213521_lag3 has generated.
feature 68213521_lag4 has generated.
transformed OHLCV at frequency 1D
reading cache of TXF in 1D OHLCV
feature: 27257567 has generated.
feature 27257567_lag1 has generated.
feature 27257567_lag2 has generated.
feature 27257567_lag3 has generated.
feature 27257567_lag4 has generated.
transformed OHLCV at frequency 1D
reading cache of TXF in 1D OHLCV
feature: 65532996 has generated.
feature 65532996_lag1 has generated.
feature 65532996_lag2 has generated.
feature 65532996_lag3 has generated.
feature 65532996_lag4 has generated.
transformed OHLCV at frequency 1D
reading cache of TXF in 1D OHLCV
feature: 66701434 has generated.
feature 66701434_lag1 has generated.
feature 66701434_lag2 has generated.
feature 66701434_lag3 has generated.
feature 66701434_lag4 has generated.
transformed OHLCV at frequency 1D
reading cache of TXF in 1D OHLCV
feature: 92195671 has generated.
feature 92195671_lag1 has generated.
feature 92195671_lag2 has generated.
feature 92195671_lag3 has generated.
feature 92195671_lag4 has generated.
transformed OHLCV at frequency 1D
reading cache of TXF in 1D OHLCV
feature: 38690895 has generated.
feature 38690895_lag1 has generated.
feature 38690895_lag2 has generated.
feature 38690895_lag3 has generated.
feature 38690895_lag4 has generated.
transformed OHLCV at frequency 1D
reading cache of TXF in 1D OHLCV
feature: 56076046 has generated.
feature 56076046_lag1 has generated.
feature 56076046_lag2 has generated.
feature 56076046_lag3 has generated.
feature 56076046_lag4 has generated.
transformed OHLCV at frequency 1D
reading cache of TXF in 1D OHLCV
feature: 92248921 has generated.
feature 92248921_lag1 has generated.
feature 92248921_lag2 has generated.
feature 92248921_lag3 has generated.
feature 92248921_lag4 has generated.
transformed OHLCV at frequency 1D
reading cache of TXF in 1D OHLCV
feature: 84331432 has generated.
feature 84331432_lag1 has generated.
feature 84331432_lag2 has generated.
feature 84331432_lag3 has generated.
feature 84331432_lag4 has generated.
transformed OHLCV at frequency 1D
reading cache of TXF in 1D OHLCV
feature: 74430244 has generated.
feature 74430244_lag1 has generated.
feature 74430244_lag2 has generated.
feature 74430244_lag3 has generated.
feature 74430244_lag4 has generated.
transformed OHLCV at frequency 1D
reading cache of TXF in 1D OHLCV
feature: 44070915 has generated.
feature 44070915_lag1 has generated.
feature 44070915_lag2 has generated.
feature 44070915_lag3 has generated.
feature 44070915_lag4 has generated.
transformed OHLCV at frequency 1D
reading cache of TXF in 1D OHLCV
feature: 62755712 has generated.
feature 62755712_lag1 has generated.
feature 62755712_lag2 has generated.
feature 62755712_lag3 has generated.
feature 62755712_lag4 has generated.
transformed OHLCV at frequency 1D
reading cache of TXF in 1D OHLCV
feature: 76453313 has generated.
feature 76453313_lag1 has generated.
feature 76453313_lag2 has generated.
feature 76453313_lag3 has generated.
feature 76453313_lag4 has generated.
transformed OHLCV at frequency 1D
reading cache of TXF in 1D OHLCV
feature: 55471756 has generated.
feature 55471756_lag1 has generated.
feature 55471756_lag2 has generated.
feature 55471756_lag3 has generated.
feature 55471756_lag4 has generated.
transformed OHLCV at frequency 1D
reading cache of TXF in 1D OHLCV
feature: 88127301 has generated.
feature 88127301_lag1 has generated.
feature 88127301_lag2 has generated.
feature 88127301_lag3 has generated.
feature 88127301_lag4 has generated.
transformed OHLCV at frequency 1D
reading cache of TXF in 1D OHLCV
feature: 00957305 has generated.
feature 00957305_lag1 has generated.
feature 00957305_lag2 has generated.
feature 00957305_lag3 has generated.
feature 00957305_lag4 has generated.
transformed OHLCV at frequency 1D
reading cache of TXF in 1D OHLCV
feature: 46067661 has generated.
feature 46067661_lag1 has generated.
feature 46067661_lag2 has generated.
feature 46067661_lag3 has generated.
feature 46067661_lag4 has generated.
transformed OHLCV at frequency 1D
reading cache of TXF in 1D OHLCV
feature: 37865502 has generated.
feature 37865502_lag1 has generated.
feature 37865502_lag2 has generated.
feature 37865502_lag3 has generated.
feature 37865502_lag4 has generated.
transformed OHLCV at frequency 1D
reading cache of TXF in 1D OHLCV
feature: 48032436 has generated.
feature 48032436_lag1 has generated.
feature 48032436_lag2 has generated.
feature 48032436_lag3 has generated.
feature 48032436_lag4 has generated.
transformed OHLCV at frequency 1D
reading cache of TXF in 1D OHLCV
feature: 27939058 has generated.
feature 27939058_lag1 has generated.
feature 27939058_lag2 has generated.
feature 27939058_lag3 has generated.
feature 27939058_lag4 has generated.
transformed OHLCV at frequency 1D
reading cache of TXF in 1D OHLCV
feature: 23569330 has generated.
feature 23569330_lag1 has generated.
feature 23569330_lag2 has generated.
feature 23569330_lag3 has generated.
feature 23569330_lag4 has generated.
transformed OHLCV at frequency 1D
reading cache of TXF in 1D OHLCV
feature: 22166205 has generated.
feature 22166205_lag1 has generated.
feature 22166205_lag2 has generated.
feature 22166205_lag3 has generated.
feature 22166205_lag4 has generated.
transformed OHLCV at frequency 1D
reading cache of TXF in 1D OHLCV
feature: 49320730 has generated.
feature 49320730_lag1 has generated.
feature 49320730_lag2 has generated.
feature 49320730_lag3 has generated.
feature 49320730_lag4 has generated.
transformed OHLCV at frequency 1D
reading cache of TXF in 1D OHLCV
0:	learn: 0.5089786	test: 0.6643075	best: 0.6643075 (0)	total: 285ms	remaining: 7h 55m 16s
1:	learn: 0.4309701	test: 0.5492374	best: 0.5492374 (1)	total: 610ms	remaining: 8h 28m 5s
2:	learn: 0.3889106	test: 0.5098757	best: 0.5098757 (2)	total: 954ms	remaining: 8h 50m 10s
3:	learn: 0.3617791	test: 0.4711540	best: 0.4711540 (3)	total: 1.31s	remaining: 9h 7m 19s
4:	learn: 0.3519707	test: 0.4634007	best: 0.4634007 (4)	total: 1.65s	remaining: 9h 11m 4s
5:	learn: 0.3324728	test: 0.4389772	best: 0.4389772 (5)	total: 2.01s	remaining: 9h 18m 7s
6:	learn: 0.3268202	test: 0.4357607	best: 0.4357607 (6)	total: 2.3s	remaining: 9h 8m 5s
7:	learn: 0.3108261	test: 0.4177021	best: 0.4177021 (7)	total: 2.78s	remaining: 9h 39m 42s
8:	learn: 0.3011808	test: 0.4076845	best: 0.4076845 (8)	total: 3.2s	remaining: 9h 52m 13s
9:	learn: 0.2915282	test: 0.4012243	best: 0.4012243 (9)	total: 3.68s	remaining: 10h 13m 30s
10:	learn: 0.2836569	test: 0.3956769	best: 0.3956769 (10)	total: 4.16s	remaining: 10h 30m 37s
11:	learn: 0.2756657	test: 0.3917936	best: 0.3917936 (11)	total: 4.67s	remaining: 10h 48m 7s
12:	learn: 0.2689130	test: 0.3856347	best: 0.3856347 (12)	total: 5.14s	remaining: 10h 59m
13:	learn: 0.2605337	test: 0.3798196	best: 0.3798196 (13)	total: 5.57s	remaining: 11h 2m 44s
14:	learn: 0.2534846	test: 0.3761240	best: 0.3761240 (14)	total: 5.84s	remaining: 10h 49m 26s
15:	learn: 0.2490207	test: 0.3740910	best: 0.3740910 (15)	total: 6.3s	remaining: 10h 56m 14s
16:	learn: 0.2433491	test: 0.3709376	best: 0.3709376 (16)	total: 6.6s	remaining: 10h 46m 59s
17:	learn: 0.2368080	test: 0.3666032	best: 0.3666032 (17)	total: 7.2s	remaining: 11h 6m 26s
18:	learn: 0.2302436	test: 0.3628261	best: 0.3628261 (18)	total: 7.79s	remaining: 11h 23m 26s
19:	learn: 0.2223250	test: 0.3592810	best: 0.3592810 (19)	total: 8.38s	remaining: 11h 37m 58s
20:	learn: 0.2162929	test: 0.3524428	best: 0.3524428 (20)	total: 8.81s	remaining: 11h 39m 12s
21:	learn: 0.2121481	test: 0.3505465	best: 0.3505465 (21)	total: 9.4s	remaining: 11h 51m 57s
22:	learn: 0.2027415	test: 0.3424444	best: 0.3424444 (22)	total: 9.88s	remaining: 11h 56m 5s
23:	learn: 0.1905090	test: 0.3384541	best: 0.3384541 (23)	total: 10.3s	remaining: 11h 57m 20s
24:	learn: 0.1861497	test: 0.3378579	best: 0.3378579 (24)	total: 10.9s	remaining: 12h 4m 3s
25:	learn: 0.1804730	test: 0.3341723	best: 0.3341723 (25)	total: 11.3s	remaining: 12h 3m 51s
26:	learn: 0.1773541	test: 0.3334116	best: 0.3334116 (26)	total: 12.1s	remaining: 12h 25m 41s
27:	learn: 0.1747647	test: 0.3317152	best: 0.3317152 (27)	total: 12.6s	remaining: 12h 29m 22s
28:	learn: 0.1703403	test: 0.3289174	best: 0.3289174 (28)	total: 13.1s	remaining: 12h 32m 27s
29:	learn: 0.1656382	test: 0.3283914	best: 0.3283914 (29)	total: 13.6s	remaining: 12h 33m 36s
30:	learn: 0.1601884	test: 0.3250320	best: 0.3250320 (30)	total: 14.1s	remaining: 12h 37m 26s
31:	learn: 0.1561907	test: 0.3223428	best: 0.3223428 (31)	total: 14.5s	remaining: 12h 35m 48s
32:	learn: 0.1538345	test: 0.3213897	best: 0.3213897 (32)	total: 15s	remaining: 12h 37m 15s
33:	learn: 0.1492958	test: 0.3197568	best: 0.3197568 (33)	total: 15.4s	remaining: 12h 35m 10s
34:	learn: 0.1447339	test: 0.3191300	best: 0.3191300 (34)	total: 15.9s	remaining: 12h 38m 50s
35:	learn: 0.1421662	test: 0.3190738	best: 0.3190738 (35)	total: 16.4s	remaining: 12h 40m 57s
36:	learn: 0.1397049	test: 0.3173837	best: 0.3173837 (36)	total: 17s	remaining: 12h 45m 47s
37:	learn: 0.1364129	test: 0.3167435	best: 0.3167435 (37)	total: 17.6s	remaining: 12h 51m 45s
38:	learn: 0.1314217	test: 0.3120767	best: 0.3120767 (38)	total: 18.4s	remaining: 13h 6m 11s
39:	learn: 0.1294125	test: 0.3112506	best: 0.3112506 (39)	total: 19s	remaining: 13h 11m 29s
40:	learn: 0.1267355	test: 0.3106676	best: 0.3106676 (40)	total: 19.7s	remaining: 13h 19m
41:	learn: 0.1236875	test: 0.3095216	best: 0.3095216 (41)	total: 20.1s	remaining: 13h 18m 54s
42:	learn: 0.1218987	test: 0.3084332	best: 0.3084332 (42)	total: 20.6s	remaining: 13h 18m 15s
43:	learn: 0.1201720	test: 0.3079288	best: 0.3079288 (43)	total: 21.4s	remaining: 13h 31m 40s
44:	learn: 0.1184586	test: 0.3066486	best: 0.3066486 (44)	total: 21.9s	remaining: 13h 30m 1s
45:	learn: 0.1167041	test: 0.3056118	best: 0.3056118 (45)	total: 22.3s	remaining: 13h 29m 10s
46:	learn: 0.1142799	test: 0.3033517	best: 0.3033517 (46)	total: 22.8s	remaining: 13h 27m 7s
47:	learn: 0.1124888	test: 0.3031924	best: 0.3031924 (47)	total: 23.2s	remaining: 13h 25m 34s
48:	learn: 0.1103093	test: 0.3016906	best: 0.3016906 (48)	total: 23.6s	remaining: 13h 22m 36s
49:	learn: 0.1079905	test: 0.3003698	best: 0.3003698 (49)	total: 24.1s	remaining: 13h 22m 59s
50:	learn: 0.1057924	test: 0.2989162	best: 0.2989162 (50)	total: 24.6s	remaining: 13h 22m 20s
51:	learn: 0.1025667	test: 0.2963772	best: 0.2963772 (51)	total: 25s	remaining: 13h 22m 16s
52:	learn: 0.1008523	test: 0.2959544	best: 0.2959544 (52)	total: 25.4s	remaining: 13h 19m 29s
53:	learn: 0.0984633	test: 0.2948874	best: 0.2948874 (53)	total: 25.9s	remaining: 13h 18m 58s
54:	learn: 0.0973679	test: 0.2944812	best: 0.2944812 (54)	total: 26.4s	remaining: 13h 18m 9s
55:	learn: 0.0962597	test: 0.2942672	best: 0.2942672 (55)	total: 26.9s	remaining: 13h 20m
56:	learn: 0.0950813	test: 0.2939353	best: 0.2939353 (56)	total: 27.3s	remaining: 13h 17m 32s
57:	learn: 0.0938219	test: 0.2940153	best: 0.2939353 (56)	total: 27.7s	remaining: 13h 16m 54s
58:	learn: 0.0910951	test: 0.2912347	best: 0.2912347 (58)	total: 28.2s	remaining: 13h 15m 52s
59:	learn: 0.0902951	test: 0.2912513	best: 0.2912347 (58)	total: 28.8s	remaining: 13h 19m 4s
60:	learn: 0.0883448	test: 0.2907129	best: 0.2907129 (60)	total: 29.2s	remaining: 13h 18m 34s
61:	learn: 0.0869139	test: 0.2907710	best: 0.2907129 (60)	total: 29.7s	remaining: 13h 16m 50s
62:	learn: 0.0853025	test: 0.2901086	best: 0.2901086 (62)	total: 30.3s	remaining: 13h 20m 9s
63:	learn: 0.0839105	test: 0.2892879	best: 0.2892879 (63)	total: 30.7s	remaining: 13h 18m 41s
64:	learn: 0.0827198	test: 0.2884621	best: 0.2884621 (64)	total: 31.2s	remaining: 13h 19m 8s
65:	learn: 0.0816123	test: 0.2882285	best: 0.2882285 (65)	total: 31.8s	remaining: 13h 23m 25s
66:	learn: 0.0807795	test: 0.2880660	best: 0.2880660 (66)	total: 32.3s	remaining: 13h 23m 32s
67:	learn: 0.0789706	test: 0.2876723	best: 0.2876723 (67)	total: 32.8s	remaining: 13h 24m 22s
68:	learn: 0.0777864	test: 0.2874357	best: 0.2874357 (68)	total: 33.3s	remaining: 13h 24m 8s
69:	learn: 0.0771591	test: 0.2874170	best: 0.2874170 (69)	total: 33.8s	remaining: 13h 23m 33s
70:	learn: 0.0764403	test: 0.2869943	best: 0.2869943 (70)	total: 34.2s	remaining: 13h 22m 52s
71:	learn: 0.0751146	test: 0.2864697	best: 0.2864697 (71)	total: 34.7s	remaining: 13h 23m 32s
72:	learn: 0.0740720	test: 0.2866962	best: 0.2864697 (71)	total: 35.2s	remaining: 13h 23m 34s
73:	learn: 0.0735637	test: 0.2869167	best: 0.2864697 (71)	total: 35.7s	remaining: 13h 23m 9s
74:	learn: 0.0723909	test: 0.2865100	best: 0.2864697 (71)	total: 36.2s	remaining: 13h 23m 9s
75:	learn: 0.0717778	test: 0.2866030	best: 0.2864697 (71)	total: 36.6s	remaining: 13h 21m 31s
76:	learn: 0.0710967	test: 0.2862557	best: 0.2862557 (76)	total: 37s	remaining: 13h 20m 21s
77:	learn: 0.0703181	test: 0.2864286	best: 0.2862557 (76)	total: 37.4s	remaining: 13h 19m 18s
78:	learn: 0.0696665	test: 0.2863711	best: 0.2862557 (76)	total: 37.9s	remaining: 13h 19m 44s
79:	learn: 0.0688949	test: 0.2856473	best: 0.2856473 (79)	total: 38.4s	remaining: 13h 20m 18s
80:	learn: 0.0670843	test: 0.2850792	best: 0.2850792 (80)	total: 39s	remaining: 13h 20m 49s
81:	learn: 0.0664813	test: 0.2847819	best: 0.2847819 (81)	total: 39.4s	remaining: 13h 20m 12s
82:	learn: 0.0656244	test: 0.2846442	best: 0.2846442 (82)	total: 40s	remaining: 13h 22m 11s
83:	learn: 0.0649696	test: 0.2848335	best: 0.2846442 (82)	total: 40.4s	remaining: 13h 21m 35s
84:	learn: 0.0643486	test: 0.2848212	best: 0.2846442 (82)	total: 40.9s	remaining: 13h 22m 7s
85:	learn: 0.0636705	test: 0.2850433	best: 0.2846442 (82)	total: 41.4s	remaining: 13h 21m 35s
86:	learn: 0.0626552	test: 0.2850204	best: 0.2846442 (82)	total: 41.9s	remaining: 13h 21m 45s
87:	learn: 0.0619887	test: 0.2848244	best: 0.2846442 (82)	total: 42.3s	remaining: 13h 20m 19s
88:	learn: 0.0615164	test: 0.2847786	best: 0.2846442 (82)	total: 42.8s	remaining: 13h 20m 47s
89:	learn: 0.0604301	test: 0.2846799	best: 0.2846442 (82)	total: 43.2s	remaining: 13h 18m 57s
90:	learn: 0.0597080	test: 0.2842911	best: 0.2842911 (90)	total: 43.6s	remaining: 13h 18m 30s
91:	learn: 0.0591679	test: 0.2840087	best: 0.2840087 (91)	total: 44.1s	remaining: 13h 17m 30s
92:	learn: 0.0584239	test: 0.2839694	best: 0.2839694 (92)	total: 44.5s	remaining: 13h 17m 14s
93:	learn: 0.0579815	test: 0.2837161	best: 0.2837161 (93)	total: 44.9s	remaining: 13h 14m 40s
94:	learn: 0.0565415	test: 0.2837221	best: 0.2837161 (93)	total: 45.2s	remaining: 13h 12m 33s
95:	learn: 0.0560733	test: 0.2837406	best: 0.2837161 (93)	total: 45.6s	remaining: 13h 11m 40s
96:	learn: 0.0555943	test: 0.2835542	best: 0.2835542 (96)	total: 46.1s	remaining: 13h 12m 1s
97:	learn: 0.0552028	test: 0.2833562	best: 0.2833562 (97)	total: 46.5s	remaining: 13h 10m 40s
98:	learn: 0.0548371	test: 0.2832891	best: 0.2832891 (98)	total: 47s	remaining: 13h 10m 49s
99:	learn: 0.0543707	test: 0.2831466	best: 0.2831466 (99)	total: 47.6s	remaining: 13h 12m 33s
100:	learn: 0.0539958	test: 0.2829375	best: 0.2829375 (100)	total: 48.1s	remaining: 13h 13m 12s
101:	learn: 0.0536362	test: 0.2826315	best: 0.2826315 (101)	total: 48.6s	remaining: 13h 14m 7s
102:	learn: 0.0530709	test: 0.2820394	best: 0.2820394 (102)	total: 49.2s	remaining: 13h 16m 1s
103:	learn: 0.0527262	test: 0.2819969	best: 0.2819969 (103)	total: 49.6s	remaining: 13h 14m 43s
104:	learn: 0.0520727	test: 0.2820557	best: 0.2819969 (103)	total: 50.1s	remaining: 13h 15m 2s
105:	learn: 0.0514534	test: 0.2811392	best: 0.2811392 (105)	total: 50.6s	remaining: 13h 14m 44s
106:	learn: 0.0511559	test: 0.2809962	best: 0.2809962 (106)	total: 51.1s	remaining: 13h 14m 32s
107:	learn: 0.0507112	test: 0.2808287	best: 0.2808287 (107)	total: 51.6s	remaining: 13h 15m 13s
108:	learn: 0.0501172	test: 0.2805514	best: 0.2805514 (108)	total: 52.1s	remaining: 13h 15m 15s
109:	learn: 0.0495765	test: 0.2801294	best: 0.2801294 (109)	total: 52.5s	remaining: 13h 14m 8s
110:	learn: 0.0491420	test: 0.2802312	best: 0.2801294 (109)	total: 52.9s	remaining: 13h 13m 15s
111:	learn: 0.0488240	test: 0.2800305	best: 0.2800305 (111)	total: 53.5s	remaining: 13h 14m 39s
112:	learn: 0.0481873	test: 0.2803516	best: 0.2800305 (111)	total: 53.9s	remaining: 13h 14m 29s
113:	learn: 0.0477616	test: 0.2801862	best: 0.2800305 (111)	total: 54.5s	remaining: 13h 16m 31s
114:	learn: 0.0471926	test: 0.2803341	best: 0.2800305 (111)	total: 55s	remaining: 13h 15m 52s
115:	learn: 0.0467534	test: 0.2794534	best: 0.2794534 (115)	total: 55.4s	remaining: 13h 14m 29s
116:	learn: 0.0458039	test: 0.2797881	best: 0.2794534 (115)	total: 55.9s	remaining: 13h 14m 43s
117:	learn: 0.0455420	test: 0.2797731	best: 0.2794534 (115)	total: 56.4s	remaining: 13h 15m 13s
118:	learn: 0.0452151	test: 0.2796545	best: 0.2794534 (115)	total: 56.9s	remaining: 13h 16m 33s
119:	learn: 0.0448936	test: 0.2796750	best: 0.2794534 (115)	total: 57.3s	remaining: 13h 15m 21s
120:	learn: 0.0445587	test: 0.2799618	best: 0.2794534 (115)	total: 57.8s	remaining: 13h 14m 41s
121:	learn: 0.0441854	test: 0.2799709	best: 0.2794534 (115)	total: 58.2s	remaining: 13h 14m 34s
122:	learn: 0.0438910	test: 0.2796011	best: 0.2794534 (115)	total: 58.7s	remaining: 13h 13m 53s
123:	learn: 0.0435651	test: 0.2795326	best: 0.2794534 (115)	total: 59.1s	remaining: 13h 13m 33s
124:	learn: 0.0432360	test: 0.2794841	best: 0.2794534 (115)	total: 59.5s	remaining: 13h 12m 15s
125:	learn: 0.0425915	test: 0.2800028	best: 0.2794534 (115)	total: 59.9s	remaining: 13h 11m 41s
126:	learn: 0.0421868	test: 0.2796001	best: 0.2794534 (115)	total: 1m	remaining: 13h 11m 1s
127:	learn: 0.0418164	test: 0.2796875	best: 0.2794534 (115)	total: 1m	remaining: 13h 11m 7s
128:	learn: 0.0413758	test: 0.2796340	best: 0.2794534 (115)	total: 1m 1s	remaining: 13h 11m 29s
129:	learn: 0.0407258	test: 0.2801843	best: 0.2794534 (115)	total: 1m 1s	remaining: 13h 10m 43s
130:	learn: 0.0404348	test: 0.2800941	best: 0.2794534 (115)	total: 1m 2s	remaining: 13h 9m 34s
131:	learn: 0.0401967	test: 0.2800893	best: 0.2794534 (115)	total: 1m 2s	remaining: 13h 9m 43s
132:	learn: 0.0399610	test: 0.2804227	best: 0.2794534 (115)	total: 1m 3s	remaining: 13h 9m 6s
133:	learn: 0.0392549	test: 0.2816827	best: 0.2794534 (115)	total: 1m 3s	remaining: 13h 8m 43s
134:	learn: 0.0390610	test: 0.2816895	best: 0.2794534 (115)	total: 1m 3s	remaining: 13h 7m 21s
135:	learn: 0.0387891	test: 0.2814367	best: 0.2794534 (115)	total: 1m 4s	remaining: 13h 6m 7s
136:	learn: 0.0385635	test: 0.2813167	best: 0.2794534 (115)	total: 1m 4s	remaining: 13h 5m
137:	learn: 0.0382073	test: 0.2810556	best: 0.2794534 (115)	total: 1m 5s	remaining: 13h 4m 1s
138:	learn: 0.0379319	test: 0.2811948	best: 0.2794534 (115)	total: 1m 5s	remaining: 13h 3m 28s
139:	learn: 0.0374971	test: 0.2813632	best: 0.2794534 (115)	total: 1m 5s	remaining: 13h 4m 14s
140:	learn: 0.0372792	test: 0.2814093	best: 0.2794534 (115)	total: 1m 6s	remaining: 13h 4m 11s
141:	learn: 0.0370943	test: 0.2813610	best: 0.2794534 (115)	total: 1m 6s	remaining: 13h 3m 38s
142:	learn: 0.0367990	test: 0.2814509	best: 0.2794534 (115)	total: 1m 7s	remaining: 13h 3m 47s
143:	learn: 0.0363372	test: 0.2816710	best: 0.2794534 (115)	total: 1m 7s	remaining: 13h 4m 30s
144:	learn: 0.0361416	test: 0.2815152	best: 0.2794534 (115)	total: 1m 8s	remaining: 13h 3m 46s
145:	learn: 0.0359349	test: 0.2816009	best: 0.2794534 (115)	total: 1m 8s	remaining: 13h 3m 18s
146:	learn: 0.0357172	test: 0.2819742	best: 0.2794534 (115)	total: 1m 9s	remaining: 13h 2m 20s
147:	learn: 0.0354887	test: 0.2817751	best: 0.2794534 (115)	total: 1m 9s	remaining: 13h 47s
148:	learn: 0.0352473	test: 0.2815958	best: 0.2794534 (115)	total: 1m 9s	remaining: 13h 10s
149:	learn: 0.0350434	test: 0.2816528	best: 0.2794534 (115)	total: 1m 10s	remaining: 13h 5s
150:	learn: 0.0347493	test: 0.2819038	best: 0.2794534 (115)	total: 1m 10s	remaining: 13h 42s
151:	learn: 0.0343117	test: 0.2825983	best: 0.2794534 (115)	total: 1m 11s	remaining: 13h 1m 13s
152:	learn: 0.0341319	test: 0.2826657	best: 0.2794534 (115)	total: 1m 11s	remaining: 13h 28s
153:	learn: 0.0338862	test: 0.2827117	best: 0.2794534 (115)	total: 1m 12s	remaining: 12h 59m 45s
154:	learn: 0.0336436	test: 0.2826740	best: 0.2794534 (115)	total: 1m 12s	remaining: 13h 20s
155:	learn: 0.0334544	test: 0.2825495	best: 0.2794534 (115)	total: 1m 13s	remaining: 13h 5s
156:	learn: 0.0333411	test: 0.2825346	best: 0.2794534 (115)	total: 1m 13s	remaining: 12h 59m 37s
157:	learn: 0.0331357	test: 0.2823690	best: 0.2794534 (115)	total: 1m 13s	remaining: 12h 59m 8s
158:	learn: 0.0329249	test: 0.2823173	best: 0.2794534 (115)	total: 1m 14s	remaining: 12h 59m 19s
159:	learn: 0.0326766	test: 0.2821275	best: 0.2794534 (115)	total: 1m 14s	remaining: 12h 59m 58s
160:	learn: 0.0325107	test: 0.2823294	best: 0.2794534 (115)	total: 1m 15s	remaining: 13h 46s
161:	learn: 0.0322816	test: 0.2823584	best: 0.2794534 (115)	total: 1m 16s	remaining: 13h 59s
162:	learn: 0.0320159	test: 0.2825531	best: 0.2794534 (115)	total: 1m 16s	remaining: 13h 34s
163:	learn: 0.0316903	test: 0.2825532	best: 0.2794534 (115)	total: 1m 16s	remaining: 13h 5s
164:	learn: 0.0314735	test: 0.2827146	best: 0.2794534 (115)	total: 1m 17s	remaining: 12h 59m 32s
165:	learn: 0.0312310	test: 0.2831721	best: 0.2794534 (115)	total: 1m 17s	remaining: 12h 59m 36s
166:	learn: 0.0310389	test: 0.2832426	best: 0.2794534 (115)	total: 1m 18s	remaining: 12h 58m 37s
167:	learn: 0.0309141	test: 0.2832716	best: 0.2794534 (115)	total: 1m 18s	remaining: 12h 57m 49s
168:	learn: 0.0307721	test: 0.2832769	best: 0.2794534 (115)	total: 1m 18s	remaining: 12h 57m 24s
169:	learn: 0.0305872	test: 0.2832003	best: 0.2794534 (115)	total: 1m 19s	remaining: 12h 56m 44s
170:	learn: 0.0304423	test: 0.2833360	best: 0.2794534 (115)	total: 1m 19s	remaining: 12h 55m 32s
171:	learn: 0.0302906	test: 0.2833823	best: 0.2794534 (115)	total: 1m 20s	remaining: 12h 58m 12s
172:	learn: 0.0300880	test: 0.2833371	best: 0.2794534 (115)	total: 1m 20s	remaining: 12h 57m 42s
173:	learn: 0.0298795	test: 0.2834111	best: 0.2794534 (115)	total: 1m 21s	remaining: 12h 58m 6s
174:	learn: 0.0297406	test: 0.2835389	best: 0.2794534 (115)	total: 1m 21s	remaining: 12h 58m 51s
175:	learn: 0.0295594	test: 0.2835790	best: 0.2794534 (115)	total: 1m 22s	remaining: 12h 58m 4s
176:	learn: 0.0293386	test: 0.2838137	best: 0.2794534 (115)	total: 1m 22s	remaining: 12h 57m 59s
177:	learn: 0.0291747	test: 0.2840540	best: 0.2794534 (115)	total: 1m 23s	remaining: 12h 57m 31s
178:	learn: 0.0290009	test: 0.2842352	best: 0.2794534 (115)	total: 1m 23s	remaining: 12h 58m 10s
179:	learn: 0.0288853	test: 0.2843433	best: 0.2794534 (115)	total: 1m 24s	remaining: 12h 58m 42s
180:	learn: 0.0286109	test: 0.2850243	best: 0.2794534 (115)	total: 1m 24s	remaining: 12h 59m 57s
181:	learn: 0.0284981	test: 0.2851079	best: 0.2794534 (115)	total: 1m 25s	remaining: 13h 13s
182:	learn: 0.0283479	test: 0.2849920	best: 0.2794534 (115)	total: 1m 25s	remaining: 12h 59m 9s
183:	learn: 0.0281648	test: 0.2850940	best: 0.2794534 (115)	total: 1m 26s	remaining: 12h 58m 31s
184:	learn: 0.0280215	test: 0.2853242	best: 0.2794534 (115)	total: 1m 26s	remaining: 12h 58m
185:	learn: 0.0278999	test: 0.2856094	best: 0.2794534 (115)	total: 1m 27s	remaining: 12h 58m 17s
186:	learn: 0.0277451	test: 0.2856336	best: 0.2794534 (115)	total: 1m 27s	remaining: 12h 58m 1s
187:	learn: 0.0275957	test: 0.2855974	best: 0.2794534 (115)	total: 1m 27s	remaining: 12h 57m 36s
188:	learn: 0.0274772	test: 0.2856780	best: 0.2794534 (115)	total: 1m 28s	remaining: 12h 56m 25s
189:	learn: 0.0273597	test: 0.2858021	best: 0.2794534 (115)	total: 1m 28s	remaining: 12h 55m 1s
190:	learn: 0.0270863	test: 0.2866695	best: 0.2794534 (115)	total: 1m 28s	remaining: 12h 54m 6s
191:	learn: 0.0269471	test: 0.2866369	best: 0.2794534 (115)	total: 1m 29s	remaining: 12h 53m 45s
192:	learn: 0.0268457	test: 0.2867062	best: 0.2794534 (115)	total: 1m 29s	remaining: 12h 55m 2s
193:	learn: 0.0266546	test: 0.2866620	best: 0.2794534 (115)	total: 1m 30s	remaining: 12h 54m 53s
194:	learn: 0.0264735	test: 0.2870353	best: 0.2794534 (115)	total: 1m 30s	remaining: 12h 55m 7s
195:	learn: 0.0263094	test: 0.2871410	best: 0.2794534 (115)	total: 1m 31s	remaining: 12h 55m 21s
196:	learn: 0.0262230	test: 0.2872248	best: 0.2794534 (115)	total: 1m 31s	remaining: 12h 55m 37s
197:	learn: 0.0260864	test: 0.2874124	best: 0.2794534 (115)	total: 1m 32s	remaining: 12h 56m 8s
198:	learn: 0.0259881	test: 0.2876171	best: 0.2794534 (115)	total: 1m 32s	remaining: 12h 56m 25s
199:	learn: 0.0259094	test: 0.2877302	best: 0.2794534 (115)	total: 1m 33s	remaining: 12h 56m 20s
200:	learn: 0.0257350	test: 0.2877118	best: 0.2794534 (115)	total: 1m 33s	remaining: 12h 55m 23s
201:	learn: 0.0256418	test: 0.2875621	best: 0.2794534 (115)	total: 1m 34s	remaining: 12h 54m 20s
202:	learn: 0.0252540	test: 0.2882337	best: 0.2794534 (115)	total: 1m 34s	remaining: 12h 54m 54s
203:	learn: 0.0251126	test: 0.2883247	best: 0.2794534 (115)	total: 1m 34s	remaining: 12h 54m 15s
204:	learn: 0.0250153	test: 0.2883748	best: 0.2794534 (115)	total: 1m 35s	remaining: 12h 53m 21s
205:	learn: 0.0249191	test: 0.2883895	best: 0.2794534 (115)	total: 1m 35s	remaining: 12h 52m 57s
206:	learn: 0.0247757	test: 0.2884958	best: 0.2794534 (115)	total: 1m 36s	remaining: 12h 52m 28s
207:	learn: 0.0246862	test: 0.2884836	best: 0.2794534 (115)	total: 1m 36s	remaining: 12h 51m 57s
208:	learn: 0.0245898	test: 0.2884882	best: 0.2794534 (115)	total: 1m 37s	remaining: 12h 52m 3s
209:	learn: 0.0244300	test: 0.2886126	best: 0.2794534 (115)	total: 1m 37s	remaining: 12h 52m 21s
210:	learn: 0.0243112	test: 0.2886523	best: 0.2794534 (115)	total: 1m 37s	remaining: 12h 52m 13s
211:	learn: 0.0242089	test: 0.2886857	best: 0.2794534 (115)	total: 1m 38s	remaining: 12h 52m 30s
212:	learn: 0.0241390	test: 0.2887459	best: 0.2794534 (115)	total: 1m 38s	remaining: 12h 52m 13s
213:	learn: 0.0240601	test: 0.2886577	best: 0.2794534 (115)	total: 1m 39s	remaining: 12h 52m 15s
214:	learn: 0.0239098	test: 0.2888732	best: 0.2794534 (115)	total: 1m 39s	remaining: 12h 52m 16s
215:	learn: 0.0238289	test: 0.2888667	best: 0.2794534 (115)	total: 1m 40s	remaining: 12h 51m 55s
216:	learn: 0.0237122	test: 0.2891255	best: 0.2794534 (115)	total: 1m 40s	remaining: 12h 51m 19s
217:	learn: 0.0236309	test: 0.2891382	best: 0.2794534 (115)	total: 1m 41s	remaining: 12h 50m 53s
218:	learn: 0.0235170	test: 0.2892243	best: 0.2794534 (115)	total: 1m 41s	remaining: 12h 51m
219:	learn: 0.0233301	test: 0.2896688	best: 0.2794534 (115)	total: 1m 41s	remaining: 12h 51m
220:	learn: 0.0232651	test: 0.2897480	best: 0.2794534 (115)	total: 1m 42s	remaining: 12h 51m 28s
221:	learn: 0.0231705	test: 0.2897458	best: 0.2794534 (115)	total: 1m 43s	remaining: 12h 52m 48s
222:	learn: 0.0230837	test: 0.2900083	best: 0.2794534 (115)	total: 1m 43s	remaining: 12h 52m 49s
223:	learn: 0.0229785	test: 0.2901717	best: 0.2794534 (115)	total: 1m 44s	remaining: 12h 52m 35s
224:	learn: 0.0228720	test: 0.2903082	best: 0.2794534 (115)	total: 1m 44s	remaining: 12h 55m 29s
225:	learn: 0.0228002	test: 0.2903454	best: 0.2794534 (115)	total: 1m 45s	remaining: 12h 55m 28s
226:	learn: 0.0227429	test: 0.2903379	best: 0.2794534 (115)	total: 1m 45s	remaining: 12h 55m 8s
227:	learn: 0.0226660	test: 0.2904061	best: 0.2794534 (115)	total: 1m 46s	remaining: 12h 55m 39s
228:	learn: 0.0225585	test: 0.2907426	best: 0.2794534 (115)	total: 1m 46s	remaining: 12h 55m 44s
229:	learn: 0.0224894	test: 0.2907833	best: 0.2794534 (115)	total: 1m 47s	remaining: 12h 55m 40s
230:	learn: 0.0224337	test: 0.2908208	best: 0.2794534 (115)	total: 1m 47s	remaining: 12h 56m 4s
231:	learn: 0.0223706	test: 0.2908140	best: 0.2794534 (115)	total: 1m 48s	remaining: 12h 54m 51s
232:	learn: 0.0223114	test: 0.2908657	best: 0.2794534 (115)	total: 1m 48s	remaining: 12h 54m 39s
233:	learn: 0.0222340	test: 0.2908337	best: 0.2794534 (115)	total: 1m 49s	remaining: 12h 55m 12s
234:	learn: 0.0221360	test: 0.2908994	best: 0.2794534 (115)	total: 1m 50s	remaining: 12h 58m 43s
235:	learn: 0.0220605	test: 0.2907869	best: 0.2794534 (115)	total: 1m 50s	remaining: 12h 59m 57s
236:	learn: 0.0219701	test: 0.2905649	best: 0.2794534 (115)	total: 1m 51s	remaining: 13h 6s
237:	learn: 0.0218807	test: 0.2904786	best: 0.2794534 (115)	total: 1m 51s	remaining: 12h 59m 50s
238:	learn: 0.0218035	test: 0.2906220	best: 0.2794534 (115)	total: 1m 52s	remaining: 12h 59m 33s
239:	learn: 0.0216914	test: 0.2908666	best: 0.2794534 (115)	total: 1m 52s	remaining: 12h 59m 16s
240:	learn: 0.0216032	test: 0.2910773	best: 0.2794534 (115)	total: 1m 52s	remaining: 12h 59m 1s
241:	learn: 0.0215284	test: 0.2911611	best: 0.2794534 (115)	total: 1m 53s	remaining: 12h 58m 20s
242:	learn: 0.0214223	test: 0.2912672	best: 0.2794534 (115)	total: 1m 53s	remaining: 12h 58m 13s
243:	learn: 0.0213498	test: 0.2914904	best: 0.2794534 (115)	total: 1m 54s	remaining: 12h 58m 11s
244:	learn: 0.0212951	test: 0.2916302	best: 0.2794534 (115)	total: 1m 54s	remaining: 12h 58m 15s
245:	learn: 0.0212323	test: 0.2917730	best: 0.2794534 (115)	total: 1m 55s	remaining: 12h 58m 24s
246:	learn: 0.0211704	test: 0.2919191	best: 0.2794534 (115)	total: 1m 55s	remaining: 12h 58m 24s
247:	learn: 0.0211081	test: 0.2918388	best: 0.2794534 (115)	total: 1m 56s	remaining: 12h 57m 51s
248:	learn: 0.0210224	test: 0.2919931	best: 0.2794534 (115)	total: 1m 56s	remaining: 12h 58m 23s
249:	learn: 0.0209667	test: 0.2920457	best: 0.2794534 (115)	total: 1m 57s	remaining: 12h 58m 34s
250:	learn: 0.0208744	test: 0.2923669	best: 0.2794534 (115)	total: 1m 57s	remaining: 12h 58m 36s
251:	learn: 0.0207214	test: 0.2924121	best: 0.2794534 (115)	total: 1m 58s	remaining: 12h 58m 56s
252:	learn: 0.0206588	test: 0.2924977	best: 0.2794534 (115)	total: 1m 58s	remaining: 12h 59m 14s
253:	learn: 0.0206075	test: 0.2925271	best: 0.2794534 (115)	total: 1m 59s	remaining: 12h 59m 40s
254:	learn: 0.0205269	test: 0.2925886	best: 0.2794534 (115)	total: 1m 59s	remaining: 12h 59m 50s
255:	learn: 0.0204599	test: 0.2926046	best: 0.2794534 (115)	total: 2m	remaining: 13h 39s
256:	learn: 0.0203753	test: 0.2926767	best: 0.2794534 (115)	total: 2m	remaining: 13h 1m 17s
257:	learn: 0.0202886	test: 0.2926657	best: 0.2794534 (115)	total: 2m 1s	remaining: 13h 1m 17s
258:	learn: 0.0202276	test: 0.2927374	best: 0.2794534 (115)	total: 2m 1s	remaining: 13h 59s
259:	learn: 0.0200935	test: 0.2932737	best: 0.2794534 (115)	total: 2m 2s	remaining: 13h 46s
260:	learn: 0.0200219	test: 0.2931595	best: 0.2794534 (115)	total: 2m 2s	remaining: 13h 24s
261:	learn: 0.0199260	test: 0.2932275	best: 0.2794534 (115)	total: 2m 3s	remaining: 13h 26s
262:	learn: 0.0198723	test: 0.2932674	best: 0.2794534 (115)	total: 2m 3s	remaining: 13h 18s
263:	learn: 0.0198153	test: 0.2932766	best: 0.2794534 (115)	total: 2m 3s	remaining: 13h 13s
264:	learn: 0.0197156	test: 0.2934158	best: 0.2794534 (115)	total: 2m 4s	remaining: 12h 59m 55s
265:	learn: 0.0196259	test: 0.2935211	best: 0.2794534 (115)	total: 2m 4s	remaining: 12h 59m 55s
266:	learn: 0.0195669	test: 0.2936736	best: 0.2794534 (115)	total: 2m 5s	remaining: 13h 36s
267:	learn: 0.0194683	test: 0.2936937	best: 0.2794534 (115)	total: 2m 5s	remaining: 13h 48s
268:	learn: 0.0193936	test: 0.2937889	best: 0.2794534 (115)	total: 2m 6s	remaining: 13h 1m 29s
269:	learn: 0.0193322	test: 0.2939018	best: 0.2794534 (115)	total: 2m 6s	remaining: 13h 1m 48s
270:	learn: 0.0192274	test: 0.2941261	best: 0.2794534 (115)	total: 2m 7s	remaining: 13h 2m 8s
271:	learn: 0.0190600	test: 0.2950336	best: 0.2794534 (115)	total: 2m 8s	remaining: 13h 2m 16s
272:	learn: 0.0190087	test: 0.2949328	best: 0.2794534 (115)	total: 2m 8s	remaining: 13h 2m 44s
273:	learn: 0.0189622	test: 0.2949104	best: 0.2794534 (115)	total: 2m 9s	remaining: 13h 2m 41s
274:	learn: 0.0189131	test: 0.2948996	best: 0.2794534 (115)	total: 2m 9s	remaining: 13h 1m 54s
275:	learn: 0.0188653	test: 0.2949373	best: 0.2794534 (115)	total: 2m 9s	remaining: 13h 1m 49s
276:	learn: 0.0188105	test: 0.2949824	best: 0.2794534 (115)	total: 2m 10s	remaining: 13h 5m 33s
277:	learn: 0.0187297	test: 0.2951762	best: 0.2794534 (115)	total: 2m 11s	remaining: 13h 6m 2s
278:	learn: 0.0186737	test: 0.2952301	best: 0.2794534 (115)	total: 2m 11s	remaining: 13h 6m 18s
279:	learn: 0.0186373	test: 0.2952551	best: 0.2794534 (115)	total: 2m 12s	remaining: 13h 6m 17s
280:	learn: 0.0185974	test: 0.2952716	best: 0.2794534 (115)	total: 2m 12s	remaining: 13h 6m 4s
281:	learn: 0.0184739	test: 0.2956969	best: 0.2794534 (115)	total: 2m 13s	remaining: 13h 5m 51s
282:	learn: 0.0184113	test: 0.2956039	best: 0.2794534 (115)	total: 2m 13s	remaining: 13h 5m 49s
283:	learn: 0.0183690	test: 0.2955832	best: 0.2794534 (115)	total: 2m 14s	remaining: 13h 5m 46s
284:	learn: 0.0183153	test: 0.2955817	best: 0.2794534 (115)	total: 2m 14s	remaining: 13h 5m 54s
285:	learn: 0.0182427	test: 0.2957968	best: 0.2794534 (115)	total: 2m 15s	remaining: 13h 6m 19s
286:	learn: 0.0182117	test: 0.2957758	best: 0.2794534 (115)	total: 2m 15s	remaining: 13h 6m 32s
287:	learn: 0.0181578	test: 0.2957606	best: 0.2794534 (115)	total: 2m 16s	remaining: 13h 5m 54s
288:	learn: 0.0180668	test: 0.2957285	best: 0.2794534 (115)	total: 2m 16s	remaining: 13h 5m 23s
289:	learn: 0.0180109	test: 0.2958227	best: 0.2794534 (115)	total: 2m 17s	remaining: 13h 5m 21s
290:	learn: 0.0179572	test: 0.2957072	best: 0.2794534 (115)	total: 2m 17s	remaining: 13h 5m 29s
291:	learn: 0.0179026	test: 0.2956706	best: 0.2794534 (115)	total: 2m 18s	remaining: 13h 5m 46s
292:	learn: 0.0178566	test: 0.2957485	best: 0.2794534 (115)	total: 2m 18s	remaining: 13h 5m 56s
293:	learn: 0.0177866	test: 0.2957872	best: 0.2794534 (115)	total: 2m 18s	remaining: 13h 5m 23s
294:	learn: 0.0177447	test: 0.2958234	best: 0.2794534 (115)	total: 2m 19s	remaining: 13h 5m 20s
295:	learn: 0.0176941	test: 0.2960068	best: 0.2794534 (115)	total: 2m 19s	remaining: 13h 5m 25s
296:	learn: 0.0176357	test: 0.2957814	best: 0.2794534 (115)	total: 2m 20s	remaining: 13h 5m 35s
297:	learn: 0.0175766	test: 0.2956876	best: 0.2794534 (115)	total: 2m 20s	remaining: 13h 4m 56s
298:	learn: 0.0175150	test: 0.2957581	best: 0.2794534 (115)	total: 2m 21s	remaining: 13h 4m 22s
299:	learn: 0.0174421	test: 0.2958667	best: 0.2794534 (115)	total: 2m 21s	remaining: 13h 3m 58s
300:	learn: 0.0173487	test: 0.2959626	best: 0.2794534 (115)	total: 2m 22s	remaining: 13h 4m 8s
301:	learn: 0.0172985	test: 0.2958491	best: 0.2794534 (115)	total: 2m 22s	remaining: 13h 4m 34s
302:	learn: 0.0172601	test: 0.2959440	best: 0.2794534 (115)	total: 2m 23s	remaining: 13h 4m 26s
303:	learn: 0.0172075	test: 0.2959747	best: 0.2794534 (115)	total: 2m 23s	remaining: 13h 4m 32s
304:	learn: 0.0171650	test: 0.2960033	best: 0.2794534 (115)	total: 2m 24s	remaining: 13h 4m 46s
305:	learn: 0.0171111	test: 0.2959679	best: 0.2794534 (115)	total: 2m 24s	remaining: 13h 5m
306:	learn: 0.0170675	test: 0.2961541	best: 0.2794534 (115)	total: 2m 25s	remaining: 13h 4m 47s
307:	learn: 0.0170364	test: 0.2961679	best: 0.2794534 (115)	total: 2m 25s	remaining: 13h 5m 3s
308:	learn: 0.0169766	test: 0.2962869	best: 0.2794534 (115)	total: 2m 26s	remaining: 13h 5m 11s
309:	learn: 0.0169473	test: 0.2963338	best: 0.2794534 (115)	total: 2m 26s	remaining: 13h 5m 46s
310:	learn: 0.0169107	test: 0.2963700	best: 0.2794534 (115)	total: 2m 27s	remaining: 13h 5m 42s
311:	learn: 0.0168717	test: 0.2962694	best: 0.2794534 (115)	total: 2m 27s	remaining: 13h 5m 21s
312:	learn: 0.0167957	test: 0.2964692	best: 0.2794534 (115)	total: 2m 28s	remaining: 13h 5m 40s
313:	learn: 0.0167320	test: 0.2966347	best: 0.2794534 (115)	total: 2m 28s	remaining: 13h 5m 37s
314:	learn: 0.0166869	test: 0.2965153	best: 0.2794534 (115)	total: 2m 28s	remaining: 13h 5m 9s
315:	learn: 0.0166328	test: 0.2966008	best: 0.2794534 (115)	total: 2m 29s	remaining: 13h 4m 35s
316:	learn: 0.0165795	test: 0.2967241	best: 0.2794534 (115)	total: 2m 29s	remaining: 13h 4m 12s
317:	learn: 0.0165274	test: 0.2967670	best: 0.2794534 (115)	total: 2m 30s	remaining: 13h 4m 37s
318:	learn: 0.0164985	test: 0.2967406	best: 0.2794534 (115)	total: 2m 31s	remaining: 13h 9m 28s
319:	learn: 0.0164710	test: 0.2968032	best: 0.2794534 (115)	total: 2m 32s	remaining: 13h 9m 17s
320:	learn: 0.0164191	test: 0.2969264	best: 0.2794534 (115)	total: 2m 32s	remaining: 13h 9m 32s
321:	learn: 0.0163738	test: 0.2970355	best: 0.2794534 (115)	total: 2m 33s	remaining: 13h 9m 34s
322:	learn: 0.0163374	test: 0.2970265	best: 0.2794534 (115)	total: 2m 33s	remaining: 13h 9m 1s
323:	learn: 0.0162755	test: 0.2971469	best: 0.2794534 (115)	total: 2m 33s	remaining: 13h 9m 29s
324:	learn: 0.0162420	test: 0.2971759	best: 0.2794534 (115)	total: 2m 34s	remaining: 13h 8m 37s
325:	learn: 0.0162102	test: 0.2972072	best: 0.2794534 (115)	total: 2m 34s	remaining: 13h 8m 17s
/home/cyyen/miniconda3/envs/stock_path_tracker/lib/python3.8/site-packages/pandas/core/groupby/groupby.py:980: FutureWarning: Sorting because non-concatenation axis is not aligned. A future version
of pandas will change to not sort by default.

To accept the future behavior, pass 'sort=False'.

To retain the current behavior and silence the warning, pass 'sort=True'.

  result = concat(values, axis=self.axis, keys=keys)
326:	learn: 0.0161551	test: 0.2971906	best: 0.2794534 (115)	total: 2m 35s	remaining: 13h 8m 7s
327:	learn: 0.0161185	test: 0.2972373	best: 0.2794534 (115)	total: 2m 35s	remaining: 13h 8m 12s
328:	learn: 0.0160312	test: 0.2973955	best: 0.2794534 (115)	total: 2m 35s	remaining: 13h 7m 34s
329:	learn: 0.0159840	test: 0.2974455	best: 0.2794534 (115)	total: 2m 36s	remaining: 13h 6m 36s
330:	learn: 0.0159487	test: 0.2974605	best: 0.2794534 (115)	total: 2m 36s	remaining: 13h 6m 4s
331:	learn: 0.0159096	test: 0.2974800	best: 0.2794534 (115)	total: 2m 37s	remaining: 13h 6m 1s
332:	learn: 0.0158644	test: 0.2976122	best: 0.2794534 (115)	total: 2m 37s	remaining: 13h 5m 55s
333:	learn: 0.0158241	test: 0.2978011	best: 0.2794534 (115)	total: 2m 38s	remaining: 13h 5m 54s
334:	learn: 0.0157898	test: 0.2979280	best: 0.2794534 (115)	total: 2m 38s	remaining: 13h 5m 48s
335:	learn: 0.0157501	test: 0.2980251	best: 0.2794534 (115)	total: 2m 39s	remaining: 13h 9m 14s
336:	learn: 0.0156940	test: 0.2980500	best: 0.2794534 (115)	total: 2m 40s	remaining: 13h 10m 9s
337:	learn: 0.0156526	test: 0.2979803	best: 0.2794534 (115)	total: 2m 41s	remaining: 13h 13m
338:	learn: 0.0155964	test: 0.2981534	best: 0.2794534 (115)	total: 2m 41s	remaining: 13h 13m 3s
339:	learn: 0.0155640	test: 0.2981681	best: 0.2794534 (115)	total: 2m 42s	remaining: 13h 12m 50s
340:	learn: 0.0155143	test: 0.2982666	best: 0.2794534 (115)	total: 2m 42s	remaining: 13h 13m 5s
341:	learn: 0.0154383	test: 0.2985964	best: 0.2794534 (115)	total: 2m 43s	remaining: 13h 12m 53s
342:	learn: 0.0153934	test: 0.2987147	best: 0.2794534 (115)	total: 2m 43s	remaining: 13h 13m 45s
343:	learn: 0.0153345	test: 0.2987408	best: 0.2794534 (115)	total: 2m 44s	remaining: 13h 13m 16s
344:	learn: 0.0152694	test: 0.2989238	best: 0.2794534 (115)	total: 2m 44s	remaining: 13h 12m 53s
345:	learn: 0.0152251	test: 0.2989621	best: 0.2794534 (115)	total: 2m 45s	remaining: 13h 12m 34s
346:	learn: 0.0151838	test: 0.2991012	best: 0.2794534 (115)	total: 2m 45s	remaining: 13h 12m 2s
347:	learn: 0.0151546	test: 0.2990951	best: 0.2794534 (115)	total: 2m 45s	remaining: 13h 11m 32s
348:	learn: 0.0150790	test: 0.2991600	best: 0.2794534 (115)	total: 2m 46s	remaining: 13h 10m 47s
349:	learn: 0.0150054	test: 0.2994871	best: 0.2794534 (115)	total: 2m 46s	remaining: 13h 9m 58s
350:	learn: 0.0149356	test: 0.2996432	best: 0.2794534 (115)	total: 2m 46s	remaining: 13h 9m 22s
351:	learn: 0.0149105	test: 0.2996903	best: 0.2794534 (115)	total: 2m 47s	remaining: 13h 8m 38s
352:	learn: 0.0148730	test: 0.2998743	best: 0.2794534 (115)	total: 2m 47s	remaining: 13h 8m 13s
353:	learn: 0.0148428	test: 0.2998956	best: 0.2794534 (115)	total: 2m 47s	remaining: 13h 7m 43s
354:	learn: 0.0148084	test: 0.2999280	best: 0.2794534 (115)	total: 2m 48s	remaining: 13h 7m 11s
355:	learn: 0.0147737	test: 0.2999462	best: 0.2794534 (115)	total: 2m 48s	remaining: 13h 6m 34s
356:	learn: 0.0147398	test: 0.3001549	best: 0.2794534 (115)	total: 2m 48s	remaining: 13h 5m 50s
357:	learn: 0.0147079	test: 0.3002185	best: 0.2794534 (115)	total: 2m 49s	remaining: 13h 5m 12s
358:	learn: 0.0146677	test: 0.3003441	best: 0.2794534 (115)	total: 2m 49s	remaining: 13h 5m 2s
359:	learn: 0.0146344	test: 0.3003779	best: 0.2794534 (115)	total: 2m 50s	remaining: 13h 4m 49s
360:	learn: 0.0146044	test: 0.3004879	best: 0.2794534 (115)	total: 2m 50s	remaining: 13h 4m 20s
361:	learn: 0.0145723	test: 0.3007059	best: 0.2794534 (115)	total: 2m 50s	remaining: 13h 3m 42s
362:	learn: 0.0145289	test: 0.3007857	best: 0.2794534 (115)	total: 2m 51s	remaining: 13h 2m 50s
363:	learn: 0.0145007	test: 0.3008226	best: 0.2794534 (115)	total: 2m 51s	remaining: 13h 1m 59s
364:	learn: 0.0144713	test: 0.3008784	best: 0.2794534 (115)	total: 2m 51s	remaining: 13h 1m 20s
365:	learn: 0.0144177	test: 0.3009764	best: 0.2794534 (115)	total: 2m 52s	remaining: 13h 51s
Stopped by overfitting detector  (250 iterations wait)

bestTest = 0.2794533983
bestIteration = 115

Shrink model to first 116 iterations.
is_turnpt_upward, 6, 0.75, 100000, 10, 0.5, RMSE, 202, Iter, 250, 0.0, 0.0
