transformed OHLCV at frequency 1D
reading cache of TXF in 1D OHLCV
feature: 97367270 has generated.
feature 97367270_lag1 has generated.
feature 97367270_lag2 has generated.
feature 97367270_lag3 has generated.
feature 97367270_lag4 has generated.
transformed OHLCV at frequency 1D
reading cache of TXF in 1D OHLCV
feature: 68488648 has generated.
feature 68488648_lag1 has generated.
feature 68488648_lag2 has generated.
feature 68488648_lag3 has generated.
feature 68488648_lag4 has generated.
transformed OHLCV at frequency 1D
reading cache of TXF in 1D OHLCV
feature: 56494646 has generated.
feature 56494646_lag1 has generated.
feature 56494646_lag2 has generated.
feature 56494646_lag3 has generated.
feature 56494646_lag4 has generated.
transformed OHLCV at frequency 1D
reading cache of TXF in 1D OHLCV
feature: 62918036 has generated.
feature 62918036_lag1 has generated.
feature 62918036_lag2 has generated.
feature 62918036_lag3 has generated.
feature 62918036_lag4 has generated.
transformed OHLCV at frequency 1D
reading cache of TXF in 1D OHLCV
feature: 09904850 has generated.
feature 09904850_lag1 has generated.
feature 09904850_lag2 has generated.
feature 09904850_lag3 has generated.
feature 09904850_lag4 has generated.
transformed OHLCV at frequency 1D
reading cache of TXF in 1D OHLCV
feature: 41716908 has generated.
feature 41716908_lag1 has generated.
feature 41716908_lag2 has generated.
feature 41716908_lag3 has generated.
feature 41716908_lag4 has generated.
transformed OHLCV at frequency 1D
reading cache of TXF in 1D OHLCV
feature: 22224505 has generated.
feature 22224505_lag1 has generated.
feature 22224505_lag2 has generated.
feature 22224505_lag3 has generated.
feature 22224505_lag4 has generated.
transformed OHLCV at frequency 1D
reading cache of TXF in 1D OHLCV
feature: 65400347 has generated.
feature 65400347_lag1 has generated.
feature 65400347_lag2 has generated.
feature 65400347_lag3 has generated.
feature 65400347_lag4 has generated.
transformed OHLCV at frequency 1D
reading cache of TXF in 1D OHLCV
feature: 79649739 has generated.
feature 79649739_lag1 has generated.
feature 79649739_lag2 has generated.
feature 79649739_lag3 has generated.
feature 79649739_lag4 has generated.
transformed OHLCV at frequency 1D
reading cache of TXF in 1D OHLCV
feature: 96290600 has generated.
feature 96290600_lag1 has generated.
feature 96290600_lag2 has generated.
feature 96290600_lag3 has generated.
feature 96290600_lag4 has generated.
transformed OHLCV at frequency 1D
reading cache of TXF in 1D OHLCV
feature: 38805934 has generated.
feature 38805934_lag1 has generated.
feature 38805934_lag2 has generated.
feature 38805934_lag3 has generated.
feature 38805934_lag4 has generated.
transformed OHLCV at frequency 1D
reading cache of TXF in 1D OHLCV
feature: 70807987 has generated.
feature 70807987_lag1 has generated.
feature 70807987_lag2 has generated.
feature 70807987_lag3 has generated.
feature 70807987_lag4 has generated.
transformed OHLCV at frequency 1D
reading cache of TXF in 1D OHLCV
feature: 05846388 has generated.
feature 05846388_lag1 has generated.
feature 05846388_lag2 has generated.
feature 05846388_lag3 has generated.
feature 05846388_lag4 has generated.
transformed OHLCV at frequency 1D
reading cache of TXF in 1D OHLCV
feature: 60827192 has generated.
feature 60827192_lag1 has generated.
feature 60827192_lag2 has generated.
feature 60827192_lag3 has generated.
feature 60827192_lag4 has generated.
transformed OHLCV at frequency 1D
reading cache of TXF in 1D OHLCV
feature: 32678710 has generated.
feature 32678710_lag1 has generated.
feature 32678710_lag2 has generated.
feature 32678710_lag3 has generated.
feature 32678710_lag4 has generated.
transformed OHLCV at frequency 1D
reading cache of TXF in 1D OHLCV
feature: 09074581 has generated.
feature 09074581_lag1 has generated.
feature 09074581_lag2 has generated.
feature 09074581_lag3 has generated.
feature 09074581_lag4 has generated.
transformed OHLCV at frequency 1D
reading cache of TXF in 1D OHLCV
feature: 95740378 has generated.
feature 95740378_lag1 has generated.
feature 95740378_lag2 has generated.
feature 95740378_lag3 has generated.
feature 95740378_lag4 has generated.
transformed OHLCV at frequency 1D
reading cache of TXF in 1D OHLCV
feature: 79761808 has generated.
feature 79761808_lag1 has generated.
feature 79761808_lag2 has generated.
feature 79761808_lag3 has generated.
feature 79761808_lag4 has generated.
transformed OHLCV at frequency 1D
reading cache of TXF in 1D OHLCV
feature: 40585393 has generated.
feature 40585393_lag1 has generated.
feature 40585393_lag2 has generated.
feature 40585393_lag3 has generated.
feature 40585393_lag4 has generated.
transformed OHLCV at frequency 1D
reading cache of TXF in 1D OHLCV
feature: 23530526 has generated.
feature 23530526_lag1 has generated.
feature 23530526_lag2 has generated.
feature 23530526_lag3 has generated.
feature 23530526_lag4 has generated.
transformed OHLCV at frequency 1D
reading cache of TXF in 1D OHLCV
feature: 64738114 has generated.
feature 64738114_lag1 has generated.
feature 64738114_lag2 has generated.
feature 64738114_lag3 has generated.
feature 64738114_lag4 has generated.
transformed OHLCV at frequency 1D
reading cache of TXF in 1D OHLCV
feature: 35321937 has generated.
feature 35321937_lag1 has generated.
feature 35321937_lag2 has generated.
feature 35321937_lag3 has generated.
feature 35321937_lag4 has generated.
transformed OHLCV at frequency 1D
reading cache of TXF in 1D OHLCV
feature: 16853914 has generated.
feature 16853914_lag1 has generated.
feature 16853914_lag2 has generated.
feature 16853914_lag3 has generated.
feature 16853914_lag4 has generated.
transformed OHLCV at frequency 1D
reading cache of TXF in 1D OHLCV
feature: 73272611 has generated.
feature 73272611_lag1 has generated.
feature 73272611_lag2 has generated.
feature 73272611_lag3 has generated.
feature 73272611_lag4 has generated.
transformed OHLCV at frequency 1D
reading cache of TXF in 1D OHLCV
feature: 98447210 has generated.
feature 98447210_lag1 has generated.
feature 98447210_lag2 has generated.
feature 98447210_lag3 has generated.
feature 98447210_lag4 has generated.
transformed OHLCV at frequency 1D
reading cache of TXF in 1D OHLCV
feature: 18654221 has generated.
feature 18654221_lag1 has generated.
feature 18654221_lag2 has generated.
feature 18654221_lag3 has generated.
feature 18654221_lag4 has generated.
transformed OHLCV at frequency 1D
reading cache of TXF in 1D OHLCV
feature: 86775622 has generated.
feature 86775622_lag1 has generated.
feature 86775622_lag2 has generated.
feature 86775622_lag3 has generated.
feature 86775622_lag4 has generated.
transformed OHLCV at frequency 1D
reading cache of TXF in 1D OHLCV
feature: 29303935 has generated.
feature 29303935_lag1 has generated.
feature 29303935_lag2 has generated.
feature 29303935_lag3 has generated.
feature 29303935_lag4 has generated.
transformed OHLCV at frequency 1D
reading cache of TXF in 1D OHLCV
feature: 95895325 has generated.
feature 95895325_lag1 has generated.
feature 95895325_lag2 has generated.
feature 95895325_lag3 has generated.
feature 95895325_lag4 has generated.
transformed OHLCV at frequency 1D
reading cache of TXF in 1D OHLCV
feature: 79527895 has generated.
feature 79527895_lag1 has generated.
feature 79527895_lag2 has generated.
feature 79527895_lag3 has generated.
feature 79527895_lag4 has generated.
transformed OHLCV at frequency 1D
reading cache of TXF in 1D OHLCV
feature: 20968309 has generated.
feature 20968309_lag1 has generated.
feature 20968309_lag2 has generated.
feature 20968309_lag3 has generated.
feature 20968309_lag4 has generated.
transformed OHLCV at frequency 1D
reading cache of TXF in 1D OHLCV
feature: 43266536 has generated.
feature 43266536_lag1 has generated.
feature 43266536_lag2 has generated.
feature 43266536_lag3 has generated.
feature 43266536_lag4 has generated.
transformed OHLCV at frequency 1D
reading cache of TXF in 1D OHLCV
feature: 38155758 has generated.
feature 38155758_lag1 has generated.
feature 38155758_lag2 has generated.
feature 38155758_lag3 has generated.
feature 38155758_lag4 has generated.
transformed OHLCV at frequency 1D
reading cache of TXF in 1D OHLCV
feature: 98334683 has generated.
feature 98334683_lag1 has generated.
feature 98334683_lag2 has generated.
feature 98334683_lag3 has generated.
feature 98334683_lag4 has generated.
transformed OHLCV at frequency 1D
reading cache of TXF in 1D OHLCV
feature: 08737879 has generated.
feature 08737879_lag1 has generated.
feature 08737879_lag2 has generated.
feature 08737879_lag3 has generated.
feature 08737879_lag4 has generated.
transformed OHLCV at frequency 1D
reading cache of TXF in 1D OHLCV
feature: 31387256 has generated.
feature 31387256_lag1 has generated.
feature 31387256_lag2 has generated.
feature 31387256_lag3 has generated.
feature 31387256_lag4 has generated.
transformed OHLCV at frequency 1D
reading cache of TXF in 1D OHLCV
feature: 85906314 has generated.
feature 85906314_lag1 has generated.
feature 85906314_lag2 has generated.
feature 85906314_lag3 has generated.
feature 85906314_lag4 has generated.
transformed OHLCV at frequency 1D
reading cache of TXF in 1D OHLCV
feature: 42576887 has generated.
feature 42576887_lag1 has generated.
feature 42576887_lag2 has generated.
feature 42576887_lag3 has generated.
feature 42576887_lag4 has generated.
transformed OHLCV at frequency 1D
reading cache of TXF in 1D OHLCV
feature: 29362743 has generated.
feature 29362743_lag1 has generated.
feature 29362743_lag2 has generated.
feature 29362743_lag3 has generated.
feature 29362743_lag4 has generated.
transformed OHLCV at frequency 1D
reading cache of TXF in 1D OHLCV
feature: 96105422 has generated.
feature 96105422_lag1 has generated.
feature 96105422_lag2 has generated.
feature 96105422_lag3 has generated.
feature 96105422_lag4 has generated.
transformed OHLCV at frequency 1D
reading cache of TXF in 1D OHLCV
feature: 77356892 has generated.
feature 77356892_lag1 has generated.
feature 77356892_lag2 has generated.
feature 77356892_lag3 has generated.
feature 77356892_lag4 has generated.
transformed OHLCV at frequency 1D
reading cache of TXF in 1D OHLCV
feature: 01615041 has generated.
feature 01615041_lag1 has generated.
feature 01615041_lag2 has generated.
feature 01615041_lag3 has generated.
feature 01615041_lag4 has generated.
transformed OHLCV at frequency 1D
reading cache of TXF in 1D OHLCV
feature: 72391189 has generated.
feature 72391189_lag1 has generated.
feature 72391189_lag2 has generated.
feature 72391189_lag3 has generated.
feature 72391189_lag4 has generated.
transformed OHLCV at frequency 1D
reading cache of TXF in 1D OHLCV
feature: 05236104 has generated.
feature 05236104_lag1 has generated.
feature 05236104_lag2 has generated.
feature 05236104_lag3 has generated.
feature 05236104_lag4 has generated.
transformed OHLCV at frequency 1D
reading cache of TXF in 1D OHLCV
feature: 64835975 has generated.
feature 64835975_lag1 has generated.
feature 64835975_lag2 has generated.
feature 64835975_lag3 has generated.
feature 64835975_lag4 has generated.
transformed OHLCV at frequency 1D
reading cache of TXF in 1D OHLCV
feature: 01082365 has generated.
feature 01082365_lag1 has generated.
feature 01082365_lag2 has generated.
feature 01082365_lag3 has generated.
feature 01082365_lag4 has generated.
transformed OHLCV at frequency 1D
reading cache of TXF in 1D OHLCV
feature: 94111142 has generated.
feature 94111142_lag1 has generated.
feature 94111142_lag2 has generated.
feature 94111142_lag3 has generated.
feature 94111142_lag4 has generated.
transformed OHLCV at frequency 1D
reading cache of TXF in 1D OHLCV
feature: 84940937 has generated.
feature 84940937_lag1 has generated.
feature 84940937_lag2 has generated.
feature 84940937_lag3 has generated.
feature 84940937_lag4 has generated.
transformed OHLCV at frequency 1D
reading cache of TXF in 1D OHLCV
feature: 72243738 has generated.
feature 72243738_lag1 has generated.
feature 72243738_lag2 has generated.
feature 72243738_lag3 has generated.
feature 72243738_lag4 has generated.
transformed OHLCV at frequency 1D
reading cache of TXF in 1D OHLCV
feature: 63872636 has generated.
feature 63872636_lag1 has generated.
feature 63872636_lag2 has generated.
feature 63872636_lag3 has generated.
feature 63872636_lag4 has generated.
transformed OHLCV at frequency 1D
reading cache of TXF in 1D OHLCV
feature: 12082156 has generated.
feature 12082156_lag1 has generated.
feature 12082156_lag2 has generated.
feature 12082156_lag3 has generated.
feature 12082156_lag4 has generated.
transformed OHLCV at frequency 1D
reading cache of TXF in 1D OHLCV
feature: 68213521 has generated.
feature 68213521_lag1 has generated.
feature 68213521_lag2 has generated.
feature 68213521_lag3 has generated.
feature 68213521_lag4 has generated.
transformed OHLCV at frequency 1D
reading cache of TXF in 1D OHLCV
feature: 27257567 has generated.
feature 27257567_lag1 has generated.
feature 27257567_lag2 has generated.
feature 27257567_lag3 has generated.
feature 27257567_lag4 has generated.
transformed OHLCV at frequency 1D
reading cache of TXF in 1D OHLCV
feature: 65532996 has generated.
feature 65532996_lag1 has generated.
feature 65532996_lag2 has generated.
feature 65532996_lag3 has generated.
feature 65532996_lag4 has generated.
transformed OHLCV at frequency 1D
reading cache of TXF in 1D OHLCV
feature: 66701434 has generated.
feature 66701434_lag1 has generated.
feature 66701434_lag2 has generated.
feature 66701434_lag3 has generated.
feature 66701434_lag4 has generated.
transformed OHLCV at frequency 1D
reading cache of TXF in 1D OHLCV
feature: 92195671 has generated.
feature 92195671_lag1 has generated.
feature 92195671_lag2 has generated.
feature 92195671_lag3 has generated.
feature 92195671_lag4 has generated.
transformed OHLCV at frequency 1D
reading cache of TXF in 1D OHLCV
feature: 38690895 has generated.
feature 38690895_lag1 has generated.
feature 38690895_lag2 has generated.
feature 38690895_lag3 has generated.
feature 38690895_lag4 has generated.
transformed OHLCV at frequency 1D
reading cache of TXF in 1D OHLCV
feature: 56076046 has generated.
feature 56076046_lag1 has generated.
feature 56076046_lag2 has generated.
feature 56076046_lag3 has generated.
feature 56076046_lag4 has generated.
transformed OHLCV at frequency 1D
reading cache of TXF in 1D OHLCV
feature: 92248921 has generated.
feature 92248921_lag1 has generated.
feature 92248921_lag2 has generated.
feature 92248921_lag3 has generated.
feature 92248921_lag4 has generated.
transformed OHLCV at frequency 1D
reading cache of TXF in 1D OHLCV
feature: 84331432 has generated.
feature 84331432_lag1 has generated.
feature 84331432_lag2 has generated.
feature 84331432_lag3 has generated.
feature 84331432_lag4 has generated.
transformed OHLCV at frequency 1D
reading cache of TXF in 1D OHLCV
feature: 74430244 has generated.
feature 74430244_lag1 has generated.
feature 74430244_lag2 has generated.
feature 74430244_lag3 has generated.
feature 74430244_lag4 has generated.
transformed OHLCV at frequency 1D
reading cache of TXF in 1D OHLCV
feature: 44070915 has generated.
feature 44070915_lag1 has generated.
feature 44070915_lag2 has generated.
feature 44070915_lag3 has generated.
feature 44070915_lag4 has generated.
transformed OHLCV at frequency 1D
reading cache of TXF in 1D OHLCV
feature: 62755712 has generated.
feature 62755712_lag1 has generated.
feature 62755712_lag2 has generated.
feature 62755712_lag3 has generated.
feature 62755712_lag4 has generated.
transformed OHLCV at frequency 1D
reading cache of TXF in 1D OHLCV
feature: 76453313 has generated.
feature 76453313_lag1 has generated.
feature 76453313_lag2 has generated.
feature 76453313_lag3 has generated.
feature 76453313_lag4 has generated.
transformed OHLCV at frequency 1D
reading cache of TXF in 1D OHLCV
feature: 55471756 has generated.
feature 55471756_lag1 has generated.
feature 55471756_lag2 has generated.
feature 55471756_lag3 has generated.
feature 55471756_lag4 has generated.
transformed OHLCV at frequency 1D
reading cache of TXF in 1D OHLCV
feature: 88127301 has generated.
feature 88127301_lag1 has generated.
feature 88127301_lag2 has generated.
feature 88127301_lag3 has generated.
feature 88127301_lag4 has generated.
transformed OHLCV at frequency 1D
reading cache of TXF in 1D OHLCV
feature: 00957305 has generated.
feature 00957305_lag1 has generated.
feature 00957305_lag2 has generated.
feature 00957305_lag3 has generated.
feature 00957305_lag4 has generated.
transformed OHLCV at frequency 1D
reading cache of TXF in 1D OHLCV
feature: 46067661 has generated.
feature 46067661_lag1 has generated.
feature 46067661_lag2 has generated.
feature 46067661_lag3 has generated.
feature 46067661_lag4 has generated.
transformed OHLCV at frequency 1D
reading cache of TXF in 1D OHLCV
feature: 37865502 has generated.
feature 37865502_lag1 has generated.
feature 37865502_lag2 has generated.
feature 37865502_lag3 has generated.
feature 37865502_lag4 has generated.
transformed OHLCV at frequency 1D
reading cache of TXF in 1D OHLCV
feature: 48032436 has generated.
feature 48032436_lag1 has generated.
feature 48032436_lag2 has generated.
feature 48032436_lag3 has generated.
feature 48032436_lag4 has generated.
transformed OHLCV at frequency 1D
reading cache of TXF in 1D OHLCV
feature: 27939058 has generated.
feature 27939058_lag1 has generated.
feature 27939058_lag2 has generated.
feature 27939058_lag3 has generated.
feature 27939058_lag4 has generated.
transformed OHLCV at frequency 1D
reading cache of TXF in 1D OHLCV
feature: 23569330 has generated.
feature 23569330_lag1 has generated.
feature 23569330_lag2 has generated.
feature 23569330_lag3 has generated.
feature 23569330_lag4 has generated.
transformed OHLCV at frequency 1D
reading cache of TXF in 1D OHLCV
feature: 22166205 has generated.
feature 22166205_lag1 has generated.
feature 22166205_lag2 has generated.
feature 22166205_lag3 has generated.
feature 22166205_lag4 has generated.
transformed OHLCV at frequency 1D
reading cache of TXF in 1D OHLCV
feature: 49320730 has generated.
feature 49320730_lag1 has generated.
feature 49320730_lag2 has generated.
feature 49320730_lag3 has generated.
feature 49320730_lag4 has generated.
transformed OHLCV at frequency 1D
reading cache of TXF in 1D OHLCV
0:	learn: 0.5191140	test: 0.6577993	best: 0.6577993 (0)	total: 772ms	remaining: 21h 26m 37s
1:	learn: 0.4573426	test: 0.5787043	best: 0.5787043 (1)	total: 1.25s	remaining: 17h 17m 46s
2:	learn: 0.4137914	test: 0.5381730	best: 0.5381730 (2)	total: 1.9s	remaining: 17h 35m 36s
3:	learn: 0.3724138	test: 0.4996166	best: 0.4996166 (3)	total: 2.55s	remaining: 17h 44m
4:	learn: 0.3609088	test: 0.4889564	best: 0.4889564 (4)	total: 3.07s	remaining: 17h 3m 32s
5:	learn: 0.3401695	test: 0.4585556	best: 0.4585556 (5)	total: 3.52s	remaining: 16h 17m 45s
6:	learn: 0.3305392	test: 0.4481749	best: 0.4481749 (6)	total: 4.96s	remaining: 19h 41m 5s
7:	learn: 0.3184432	test: 0.4462978	best: 0.4462978 (7)	total: 5.52s	remaining: 19h 9m 28s
8:	learn: 0.3109161	test: 0.4348958	best: 0.4348958 (8)	total: 6.01s	remaining: 18h 33m 32s
9:	learn: 0.3044604	test: 0.4288068	best: 0.4288068 (9)	total: 6.46s	remaining: 17h 55m 52s
10:	learn: 0.2969987	test: 0.4202846	best: 0.4202846 (10)	total: 6.83s	remaining: 17h 14m 45s
11:	learn: 0.2912272	test: 0.4160421	best: 0.4160421 (11)	total: 7.29s	remaining: 16h 52m 30s
12:	learn: 0.2854889	test: 0.4090615	best: 0.4090615 (12)	total: 7.79s	remaining: 16h 38m 53s
13:	learn: 0.2786844	test: 0.4079876	best: 0.4079876 (13)	total: 8.28s	remaining: 16h 25m 15s
14:	learn: 0.2710953	test: 0.3974684	best: 0.3974684 (14)	total: 8.7s	remaining: 16h 7m 2s
15:	learn: 0.2650138	test: 0.3938379	best: 0.3938379 (15)	total: 9.2s	remaining: 15h 58m 14s
16:	learn: 0.2588077	test: 0.3896827	best: 0.3896827 (16)	total: 9.67s	remaining: 15h 47m 58s
17:	learn: 0.2534336	test: 0.3876245	best: 0.3876245 (17)	total: 10.1s	remaining: 15h 30m 36s
18:	learn: 0.2475190	test: 0.3863499	best: 0.3863499 (18)	total: 10.4s	remaining: 15h 13m 28s
19:	learn: 0.2397030	test: 0.3795416	best: 0.3795416 (19)	total: 10.8s	remaining: 14h 55m 52s
20:	learn: 0.2359531	test: 0.3782264	best: 0.3782264 (20)	total: 11.3s	remaining: 15h 9s
21:	learn: 0.2312787	test: 0.3759835	best: 0.3759835 (21)	total: 11.8s	remaining: 14h 56m 37s
22:	learn: 0.2242265	test: 0.3726033	best: 0.3726033 (22)	total: 12.3s	remaining: 14h 50m 32s
23:	learn: 0.2202708	test: 0.3700140	best: 0.3700140 (23)	total: 12.8s	remaining: 14h 46m 13s
24:	learn: 0.2153240	test: 0.3671935	best: 0.3671935 (24)	total: 13.2s	remaining: 14h 42m 30s
25:	learn: 0.2078766	test: 0.3626841	best: 0.3626841 (25)	total: 13.7s	remaining: 14h 35m 38s
26:	learn: 0.2053014	test: 0.3618898	best: 0.3618898 (26)	total: 14.1s	remaining: 14h 31m 52s
27:	learn: 0.2024073	test: 0.3611087	best: 0.3611087 (27)	total: 14.6s	remaining: 14h 28m 17s
28:	learn: 0.1982947	test: 0.3591402	best: 0.3591402 (28)	total: 15.2s	remaining: 14h 31m
29:	learn: 0.1955362	test: 0.3584836	best: 0.3584836 (29)	total: 15.7s	remaining: 14h 31m 1s
30:	learn: 0.1930003	test: 0.3570212	best: 0.3570212 (30)	total: 16.2s	remaining: 14h 32m 42s
31:	learn: 0.1890372	test: 0.3540532	best: 0.3540532 (31)	total: 16.8s	remaining: 14h 34m 28s
32:	learn: 0.1846245	test: 0.3511663	best: 0.3511663 (32)	total: 17.4s	remaining: 14h 37m 54s
33:	learn: 0.1815718	test: 0.3488982	best: 0.3488982 (33)	total: 18s	remaining: 14h 40m 56s
34:	learn: 0.1776233	test: 0.3461887	best: 0.3461887 (34)	total: 18.4s	remaining: 14h 37m 2s
35:	learn: 0.1729663	test: 0.3452316	best: 0.3452316 (35)	total: 18.8s	remaining: 14h 31m 53s
36:	learn: 0.1704569	test: 0.3450609	best: 0.3450609 (36)	total: 19.3s	remaining: 14h 28m 51s
37:	learn: 0.1680633	test: 0.3448613	best: 0.3448613 (37)	total: 19.8s	remaining: 14h 27m 44s
38:	learn: 0.1656571	test: 0.3435511	best: 0.3435511 (38)	total: 20.3s	remaining: 14h 28m 34s
39:	learn: 0.1618024	test: 0.3401823	best: 0.3401823 (39)	total: 20.9s	remaining: 14h 30m 11s
40:	learn: 0.1584945	test: 0.3394852	best: 0.3394852 (40)	total: 21.4s	remaining: 14h 28m 35s
41:	learn: 0.1540822	test: 0.3354123	best: 0.3354123 (41)	total: 21.9s	remaining: 14h 27m 16s
42:	learn: 0.1505756	test: 0.3342101	best: 0.3342101 (42)	total: 22.4s	remaining: 14h 27m 2s
43:	learn: 0.1482798	test: 0.3329651	best: 0.3329651 (43)	total: 23s	remaining: 14h 30m 34s
44:	learn: 0.1462556	test: 0.3323741	best: 0.3323741 (44)	total: 23.5s	remaining: 14h 28m 23s
45:	learn: 0.1440936	test: 0.3312146	best: 0.3312146 (45)	total: 24s	remaining: 14h 27m 26s
46:	learn: 0.1415228	test: 0.3300854	best: 0.3300854 (46)	total: 24.6s	remaining: 14h 30m 44s
47:	learn: 0.1395750	test: 0.3296627	best: 0.3296627 (47)	total: 25s	remaining: 14h 28m 50s
48:	learn: 0.1372116	test: 0.3276315	best: 0.3276315 (48)	total: 25.5s	remaining: 14h 26m 50s
49:	learn: 0.1352856	test: 0.3266982	best: 0.3266982 (49)	total: 26.1s	remaining: 14h 30m 43s
50:	learn: 0.1330021	test: 0.3252586	best: 0.3252586 (50)	total: 26.6s	remaining: 14h 29m
51:	learn: 0.1307247	test: 0.3241070	best: 0.3241070 (51)	total: 27.1s	remaining: 14h 26m 56s
52:	learn: 0.1279992	test: 0.3227107	best: 0.3227107 (52)	total: 27.3s	remaining: 14h 18m 41s
53:	learn: 0.1249050	test: 0.3202055	best: 0.3202055 (53)	total: 27.8s	remaining: 14h 18m 24s
54:	learn: 0.1234740	test: 0.3197158	best: 0.3197158 (54)	total: 28.2s	remaining: 14h 15m 21s
55:	learn: 0.1220485	test: 0.3187890	best: 0.3187890 (55)	total: 28.7s	remaining: 14h 12m 18s
56:	learn: 0.1201062	test: 0.3179674	best: 0.3179674 (56)	total: 29.1s	remaining: 14h 11m 38s
57:	learn: 0.1175175	test: 0.3156652	best: 0.3156652 (57)	total: 29.6s	remaining: 14h 9m 49s
58:	learn: 0.1158186	test: 0.3147271	best: 0.3147271 (58)	total: 30.1s	remaining: 14h 8m 25s
59:	learn: 0.1141234	test: 0.3135606	best: 0.3135606 (59)	total: 30.4s	remaining: 14h 4m 30s
60:	learn: 0.1123369	test: 0.3127698	best: 0.3127698 (60)	total: 30.8s	remaining: 14h 2m 6s
61:	learn: 0.1108054	test: 0.3120872	best: 0.3120872 (61)	total: 31.3s	remaining: 14h 35s
62:	learn: 0.1093266	test: 0.3113201	best: 0.3113201 (62)	total: 31.7s	remaining: 13h 57m 57s
63:	learn: 0.1074406	test: 0.3099476	best: 0.3099476 (63)	total: 32.2s	remaining: 13h 58m 4s
64:	learn: 0.1062316	test: 0.3095507	best: 0.3095507 (64)	total: 32.7s	remaining: 13h 57m 22s
65:	learn: 0.1051183	test: 0.3085197	best: 0.3085197 (65)	total: 33.1s	remaining: 13h 56m 18s
66:	learn: 0.1032107	test: 0.3071631	best: 0.3071631 (66)	total: 33.6s	remaining: 13h 56m 18s
67:	learn: 0.1016727	test: 0.3054432	best: 0.3054432 (67)	total: 34.1s	remaining: 13h 56m 18s
68:	learn: 0.1005758	test: 0.3044770	best: 0.3044770 (68)	total: 34.6s	remaining: 13h 55m 18s
69:	learn: 0.0994177	test: 0.3038345	best: 0.3038345 (69)	total: 35.1s	remaining: 13h 56m 16s
70:	learn: 0.0983053	test: 0.3033805	best: 0.3033805 (70)	total: 35.6s	remaining: 13h 55m 36s
71:	learn: 0.0973499	test: 0.3025860	best: 0.3025860 (71)	total: 36.2s	remaining: 13h 57m 29s
72:	learn: 0.0961612	test: 0.3021586	best: 0.3021586 (72)	total: 36.8s	remaining: 14h 18s
73:	learn: 0.0950063	test: 0.3015727	best: 0.3015727 (73)	total: 37.8s	remaining: 14h 9m 49s
74:	learn: 0.0933354	test: 0.3004127	best: 0.3004127 (74)	total: 38.2s	remaining: 14h 8m 43s
75:	learn: 0.0915488	test: 0.2994541	best: 0.2994541 (75)	total: 38.6s	remaining: 14h 6m 54s
76:	learn: 0.0906413	test: 0.2987041	best: 0.2987041 (76)	total: 39.1s	remaining: 14h 5m 6s
77:	learn: 0.0896031	test: 0.2987375	best: 0.2987041 (76)	total: 39.5s	remaining: 14h 3m 53s
78:	learn: 0.0887084	test: 0.2987833	best: 0.2987041 (76)	total: 40.1s	remaining: 14h 4m 54s
79:	learn: 0.0879830	test: 0.2981916	best: 0.2981916 (79)	total: 40.8s	remaining: 14h 8m 30s
80:	learn: 0.0868738	test: 0.2974723	best: 0.2974723 (80)	total: 41.5s	remaining: 14h 13m 7s
81:	learn: 0.0862748	test: 0.2972221	best: 0.2972221 (81)	total: 42s	remaining: 14h 12m 15s
82:	learn: 0.0853969	test: 0.2969446	best: 0.2969446 (82)	total: 42.5s	remaining: 14h 12m 36s
83:	learn: 0.0845813	test: 0.2966983	best: 0.2966983 (83)	total: 43.1s	remaining: 14h 14m 50s
84:	learn: 0.0837764	test: 0.2966564	best: 0.2966564 (84)	total: 43.8s	remaining: 14h 17m 29s
85:	learn: 0.0831343	test: 0.2966976	best: 0.2966564 (84)	total: 44.3s	remaining: 14h 16m 53s
86:	learn: 0.0823941	test: 0.2961777	best: 0.2961777 (86)	total: 44.7s	remaining: 14h 15m 46s
87:	learn: 0.0815304	test: 0.2958167	best: 0.2958167 (87)	total: 45s	remaining: 14h 12m 28s
88:	learn: 0.0806874	test: 0.2954811	best: 0.2954811 (88)	total: 45.4s	remaining: 14h 10m 21s
89:	learn: 0.0801174	test: 0.2954460	best: 0.2954460 (89)	total: 45.9s	remaining: 14h 9m 22s
90:	learn: 0.0794630	test: 0.2951799	best: 0.2951799 (90)	total: 46.3s	remaining: 14h 7m 39s
91:	learn: 0.0787959	test: 0.2949653	best: 0.2949653 (91)	total: 46.8s	remaining: 14h 7m 13s
92:	learn: 0.0780810	test: 0.2945161	best: 0.2945161 (92)	total: 47.2s	remaining: 14h 5m 31s
93:	learn: 0.0772411	test: 0.2935989	best: 0.2935989 (93)	total: 47.7s	remaining: 14h 4m 30s
94:	learn: 0.0766184	test: 0.2935370	best: 0.2935370 (94)	total: 48.1s	remaining: 14h 2m 26s
95:	learn: 0.0759692	test: 0.2928450	best: 0.2928450 (95)	total: 48.5s	remaining: 14h 23s
96:	learn: 0.0752659	test: 0.2926712	best: 0.2926712 (96)	total: 48.9s	remaining: 13h 59m 56s
97:	learn: 0.0746275	test: 0.2923149	best: 0.2923149 (97)	total: 49.4s	remaining: 13h 59m 1s
98:	learn: 0.0737911	test: 0.2917768	best: 0.2917768 (98)	total: 49.9s	remaining: 13h 59m 20s
99:	learn: 0.0732590	test: 0.2916889	best: 0.2916889 (99)	total: 50.3s	remaining: 13h 58m 5s
100:	learn: 0.0726056	test: 0.2906590	best: 0.2906590 (100)	total: 50.7s	remaining: 13h 56m 6s
101:	learn: 0.0711559	test: 0.2898659	best: 0.2898659 (101)	total: 51.2s	remaining: 13h 56m 24s
102:	learn: 0.0706751	test: 0.2896979	best: 0.2896979 (102)	total: 51.7s	remaining: 13h 56m 1s
103:	learn: 0.0701509	test: 0.2894203	best: 0.2894203 (103)	total: 52.3s	remaining: 13h 56m 39s
104:	learn: 0.0697557	test: 0.2889008	best: 0.2889008 (104)	total: 52.7s	remaining: 13h 56m 12s
105:	learn: 0.0690521	test: 0.2888658	best: 0.2888658 (105)	total: 53.1s	remaining: 13h 54m 11s
106:	learn: 0.0685468	test: 0.2889945	best: 0.2888658 (105)	total: 53.7s	remaining: 13h 54m 48s
107:	learn: 0.0681106	test: 0.2890461	best: 0.2888658 (105)	total: 54.2s	remaining: 13h 54m 55s
108:	learn: 0.0674420	test: 0.2881327	best: 0.2881327 (108)	total: 54.6s	remaining: 13h 54m 5s
109:	learn: 0.0668660	test: 0.2880573	best: 0.2880573 (109)	total: 55s	remaining: 13h 52m 33s
110:	learn: 0.0660483	test: 0.2872276	best: 0.2872276 (110)	total: 55.4s	remaining: 13h 50m 59s
111:	learn: 0.0654717	test: 0.2869120	best: 0.2869120 (111)	total: 55.8s	remaining: 13h 49m 16s
112:	learn: 0.0647326	test: 0.2860138	best: 0.2860138 (112)	total: 56.3s	remaining: 13h 49m 28s
113:	learn: 0.0643122	test: 0.2859507	best: 0.2859507 (113)	total: 56.7s	remaining: 13h 48m 12s
114:	learn: 0.0633662	test: 0.2852220	best: 0.2852220 (114)	total: 57.6s	remaining: 13h 54m 8s
115:	learn: 0.0628949	test: 0.2852356	best: 0.2852220 (114)	total: 58.2s	remaining: 13h 54m 42s
116:	learn: 0.0625250	test: 0.2851918	best: 0.2851918 (116)	total: 58.6s	remaining: 13h 53m 54s
117:	learn: 0.0616592	test: 0.2849502	best: 0.2849502 (117)	total: 59.1s	remaining: 13h 54m 6s
118:	learn: 0.0612504	test: 0.2845449	best: 0.2845449 (118)	total: 59.5s	remaining: 13h 52m 33s
119:	learn: 0.0608513	test: 0.2844530	best: 0.2844530 (119)	total: 60s	remaining: 13h 52m 19s
120:	learn: 0.0604322	test: 0.2844623	best: 0.2844530 (119)	total: 1m	remaining: 13h 50m 14s
121:	learn: 0.0599960	test: 0.2842917	best: 0.2842917 (121)	total: 1m	remaining: 13h 49m 43s
122:	learn: 0.0595709	test: 0.2841843	best: 0.2841843 (122)	total: 1m 1s	remaining: 13h 51m 11s
123:	learn: 0.0589733	test: 0.2841576	best: 0.2841576 (123)	total: 1m 1s	remaining: 13h 50m 40s
124:	learn: 0.0585305	test: 0.2842665	best: 0.2841576 (123)	total: 1m 2s	remaining: 13h 56m 19s
125:	learn: 0.0582042	test: 0.2841856	best: 0.2841576 (123)	total: 1m 3s	remaining: 13h 56m 6s
126:	learn: 0.0575771	test: 0.2843260	best: 0.2841576 (123)	total: 1m 3s	remaining: 13h 55m 28s
127:	learn: 0.0571584	test: 0.2840810	best: 0.2840810 (127)	total: 1m 4s	remaining: 13h 54m 49s
128:	learn: 0.0568334	test: 0.2839506	best: 0.2839506 (128)	total: 1m 4s	remaining: 13h 54m 11s
129:	learn: 0.0564792	test: 0.2836330	best: 0.2836330 (129)	total: 1m 5s	remaining: 13h 53m 16s
130:	learn: 0.0559272	test: 0.2834608	best: 0.2834608 (130)	total: 1m 5s	remaining: 13h 51m 32s
131:	learn: 0.0552955	test: 0.2830908	best: 0.2830908 (131)	total: 1m 5s	remaining: 13h 51m 6s
132:	learn: 0.0547775	test: 0.2828575	best: 0.2828575 (132)	total: 1m 6s	remaining: 13h 51m 5s
133:	learn: 0.0544949	test: 0.2827274	best: 0.2827274 (133)	total: 1m 6s	remaining: 13h 51m 51s
134:	learn: 0.0542296	test: 0.2826253	best: 0.2826253 (134)	total: 1m 7s	remaining: 13h 53m 58s
135:	learn: 0.0539624	test: 0.2826154	best: 0.2826154 (135)	total: 1m 7s	remaining: 13h 52m 3s
136:	learn: 0.0536084	test: 0.2828192	best: 0.2826154 (135)	total: 1m 8s	remaining: 13h 52m 35s
137:	learn: 0.0528890	test: 0.2826981	best: 0.2826154 (135)	total: 1m 8s	remaining: 13h 51m 18s
138:	learn: 0.0525746	test: 0.2822016	best: 0.2822016 (138)	total: 1m 9s	remaining: 13h 50m 17s
139:	learn: 0.0523156	test: 0.2820551	best: 0.2820551 (139)	total: 1m 9s	remaining: 13h 49m 47s
140:	learn: 0.0519012	test: 0.2813440	best: 0.2813440 (140)	total: 1m 10s	remaining: 13h 52m 20s
141:	learn: 0.0515371	test: 0.2811485	best: 0.2811485 (141)	total: 1m 11s	remaining: 13h 52m 53s
142:	learn: 0.0513051	test: 0.2810214	best: 0.2810214 (142)	total: 1m 11s	remaining: 13h 54m 56s
143:	learn: 0.0508554	test: 0.2805960	best: 0.2805960 (143)	total: 1m 12s	remaining: 13h 57m 11s
144:	learn: 0.0503004	test: 0.2809847	best: 0.2805960 (143)	total: 1m 12s	remaining: 13h 57m 29s
145:	learn: 0.0499900	test: 0.2809498	best: 0.2805960 (143)	total: 1m 13s	remaining: 13h 57m 4s
146:	learn: 0.0495980	test: 0.2806844	best: 0.2805960 (143)	total: 1m 13s	remaining: 13h 55m 20s
147:	learn: 0.0491152	test: 0.2806276	best: 0.2805960 (143)	total: 1m 14s	remaining: 13h 53m 54s
148:	learn: 0.0488233	test: 0.2806141	best: 0.2805960 (143)	total: 1m 14s	remaining: 13h 53m 10s
149:	learn: 0.0481477	test: 0.2806667	best: 0.2805960 (143)	total: 1m 15s	remaining: 13h 52m 45s
150:	learn: 0.0479127	test: 0.2806730	best: 0.2805960 (143)	total: 1m 15s	remaining: 13h 53m 11s
151:	learn: 0.0476381	test: 0.2803990	best: 0.2803990 (151)	total: 1m 16s	remaining: 13h 52m 29s
152:	learn: 0.0473169	test: 0.2801252	best: 0.2801252 (152)	total: 1m 16s	remaining: 13h 53m 27s
153:	learn: 0.0470860	test: 0.2801141	best: 0.2801141 (153)	total: 1m 17s	remaining: 13h 54m 44s
154:	learn: 0.0468416	test: 0.2798844	best: 0.2798844 (154)	total: 1m 17s	remaining: 13h 53m 3s
155:	learn: 0.0465333	test: 0.2797748	best: 0.2797748 (155)	total: 1m 17s	remaining: 13h 50m 48s
156:	learn: 0.0455656	test: 0.2790511	best: 0.2790511 (156)	total: 1m 18s	remaining: 13h 49m 49s
157:	learn: 0.0452898	test: 0.2789370	best: 0.2789370 (157)	total: 1m 18s	remaining: 13h 49m 13s
158:	learn: 0.0450734	test: 0.2787307	best: 0.2787307 (158)	total: 1m 19s	remaining: 13h 48m 55s
159:	learn: 0.0448193	test: 0.2786241	best: 0.2786241 (159)	total: 1m 19s	remaining: 13h 48m 14s
160:	learn: 0.0443875	test: 0.2780143	best: 0.2780143 (160)	total: 1m 20s	remaining: 13h 47m 8s
161:	learn: 0.0440483	test: 0.2775800	best: 0.2775800 (161)	total: 1m 20s	remaining: 13h 47m 14s
162:	learn: 0.0438510	test: 0.2775779	best: 0.2775779 (162)	total: 1m 20s	remaining: 13h 45m 38s
163:	learn: 0.0435360	test: 0.2774893	best: 0.2774893 (163)	total: 1m 21s	remaining: 13h 45m 5s
164:	learn: 0.0432839	test: 0.2775071	best: 0.2774893 (163)	total: 1m 21s	remaining: 13h 44m 9s
165:	learn: 0.0429111	test: 0.2771386	best: 0.2771386 (165)	total: 1m 22s	remaining: 13h 43m 37s
166:	learn: 0.0426939	test: 0.2771627	best: 0.2771386 (165)	total: 1m 22s	remaining: 13h 44m 15s
167:	learn: 0.0421605	test: 0.2769909	best: 0.2769909 (167)	total: 1m 23s	remaining: 13h 43m 24s
168:	learn: 0.0419349	test: 0.2771623	best: 0.2769909 (167)	total: 1m 23s	remaining: 13h 42m 59s
169:	learn: 0.0417722	test: 0.2771374	best: 0.2769909 (167)	total: 1m 24s	remaining: 13h 43m 42s
170:	learn: 0.0415718	test: 0.2770636	best: 0.2769909 (167)	total: 1m 24s	remaining: 13h 44m 21s
171:	learn: 0.0413227	test: 0.2772196	best: 0.2769909 (167)	total: 1m 25s	remaining: 13h 43m 58s
172:	learn: 0.0410121	test: 0.2768428	best: 0.2768428 (172)	total: 1m 25s	remaining: 13h 42m 52s
173:	learn: 0.0404846	test: 0.2778487	best: 0.2768428 (172)	total: 1m 25s	remaining: 13h 42m 3s
174:	learn: 0.0403278	test: 0.2777439	best: 0.2768428 (172)	total: 1m 26s	remaining: 13h 42m 41s
175:	learn: 0.0401639	test: 0.2777080	best: 0.2768428 (172)	total: 1m 27s	remaining: 13h 44m 5s
176:	learn: 0.0399785	test: 0.2776307	best: 0.2768428 (172)	total: 1m 27s	remaining: 13h 43m 36s
177:	learn: 0.0397451	test: 0.2775245	best: 0.2768428 (172)	total: 1m 28s	remaining: 13h 43m 43s
178:	learn: 0.0395759	test: 0.2774788	best: 0.2768428 (172)	total: 1m 28s	remaining: 13h 44m 2s
179:	learn: 0.0394120	test: 0.2774525	best: 0.2768428 (172)	total: 1m 29s	remaining: 13h 43m 57s
180:	learn: 0.0392530	test: 0.2773924	best: 0.2768428 (172)	total: 1m 29s	remaining: 13h 44m 3s
181:	learn: 0.0390799	test: 0.2773712	best: 0.2768428 (172)	total: 1m 30s	remaining: 13h 44m 4s
182:	learn: 0.0388483	test: 0.2772834	best: 0.2768428 (172)	total: 1m 30s	remaining: 13h 43m 9s
183:	learn: 0.0386916	test: 0.2772417	best: 0.2768428 (172)	total: 1m 30s	remaining: 13h 42m 17s
184:	learn: 0.0385430	test: 0.2773634	best: 0.2768428 (172)	total: 1m 31s	remaining: 13h 41m 1s
185:	learn: 0.0381191	test: 0.2773129	best: 0.2768428 (172)	total: 1m 31s	remaining: 13h 41m 30s
186:	learn: 0.0379845	test: 0.2772555	best: 0.2768428 (172)	total: 1m 32s	remaining: 13h 41m 50s
187:	learn: 0.0377184	test: 0.2771701	best: 0.2768428 (172)	total: 1m 32s	remaining: 13h 42m 12s
188:	learn: 0.0374480	test: 0.2767411	best: 0.2767411 (188)	total: 1m 33s	remaining: 13h 43m 27s
189:	learn: 0.0372516	test: 0.2763090	best: 0.2763090 (189)	total: 1m 34s	remaining: 13h 43m 55s
190:	learn: 0.0370122	test: 0.2762418	best: 0.2762418 (190)	total: 1m 34s	remaining: 13h 43m 42s
191:	learn: 0.0366389	test: 0.2753688	best: 0.2753688 (191)	total: 1m 35s	remaining: 13h 43m 29s
192:	learn: 0.0364336	test: 0.2753833	best: 0.2753688 (191)	total: 1m 35s	remaining: 13h 42m 46s
193:	learn: 0.0362000	test: 0.2751470	best: 0.2751470 (193)	total: 1m 35s	remaining: 13h 42m 38s
194:	learn: 0.0360234	test: 0.2753183	best: 0.2751470 (193)	total: 1m 36s	remaining: 13h 42m 14s
195:	learn: 0.0358757	test: 0.2752959	best: 0.2751470 (193)	total: 1m 36s	remaining: 13h 41m 34s
196:	learn: 0.0356765	test: 0.2750112	best: 0.2750112 (196)	total: 1m 37s	remaining: 13h 41m 9s
197:	learn: 0.0355373	test: 0.2749087	best: 0.2749087 (197)	total: 1m 37s	remaining: 13h 41m 23s
198:	learn: 0.0353668	test: 0.2749470	best: 0.2749087 (197)	total: 1m 38s	remaining: 13h 41m 49s
199:	learn: 0.0350721	test: 0.2745242	best: 0.2745242 (199)	total: 1m 38s	remaining: 13h 41m 43s
200:	learn: 0.0348387	test: 0.2745630	best: 0.2745242 (199)	total: 1m 39s	remaining: 13h 42m 46s
201:	learn: 0.0346890	test: 0.2743765	best: 0.2743765 (201)	total: 1m 39s	remaining: 13h 42m 10s
202:	learn: 0.0345324	test: 0.2743830	best: 0.2743765 (201)	total: 1m 40s	remaining: 13h 42m 6s
203:	learn: 0.0344199	test: 0.2741522	best: 0.2741522 (203)	total: 1m 40s	remaining: 13h 41m 27s
204:	learn: 0.0342499	test: 0.2741997	best: 0.2741522 (203)	total: 1m 41s	remaining: 13h 41m 47s
205:	learn: 0.0340647	test: 0.2743198	best: 0.2741522 (203)	total: 1m 41s	remaining: 13h 41m 33s
206:	learn: 0.0338538	test: 0.2739578	best: 0.2739578 (206)	total: 1m 42s	remaining: 13h 41m 28s
207:	learn: 0.0334527	test: 0.2742494	best: 0.2739578 (206)	total: 1m 42s	remaining: 13h 41m 36s
208:	learn: 0.0332956	test: 0.2743574	best: 0.2739578 (206)	total: 1m 43s	remaining: 13h 41m 51s
209:	learn: 0.0331919	test: 0.2743696	best: 0.2739578 (206)	total: 1m 43s	remaining: 13h 40m 56s
210:	learn: 0.0329433	test: 0.2736553	best: 0.2736553 (210)	total: 1m 44s	remaining: 13h 40m 23s
211:	learn: 0.0327148	test: 0.2734284	best: 0.2734284 (211)	total: 1m 44s	remaining: 13h 40m 34s
212:	learn: 0.0325881	test: 0.2732903	best: 0.2732903 (212)	total: 1m 45s	remaining: 13h 40m 6s
213:	learn: 0.0324798	test: 0.2732933	best: 0.2732903 (212)	total: 1m 45s	remaining: 13h 39m 57s
214:	learn: 0.0323058	test: 0.2735081	best: 0.2732903 (212)	total: 1m 45s	remaining: 13h 39m 15s
215:	learn: 0.0321869	test: 0.2734423	best: 0.2732903 (212)	total: 1m 46s	remaining: 13h 38m 37s
216:	learn: 0.0320319	test: 0.2733430	best: 0.2732903 (212)	total: 1m 46s	remaining: 13h 37m 47s
217:	learn: 0.0317430	test: 0.2733491	best: 0.2732903 (212)	total: 1m 47s	remaining: 13h 37m 48s
218:	learn: 0.0316162	test: 0.2734113	best: 0.2732903 (212)	total: 1m 47s	remaining: 13h 37m 37s
219:	learn: 0.0315001	test: 0.2733866	best: 0.2732903 (212)	total: 1m 48s	remaining: 13h 37m 5s
220:	learn: 0.0313867	test: 0.2733832	best: 0.2732903 (212)	total: 1m 48s	remaining: 13h 36m 44s
221:	learn: 0.0312794	test: 0.2733113	best: 0.2732903 (212)	total: 1m 48s	remaining: 13h 36m 19s
222:	learn: 0.0311841	test: 0.2733575	best: 0.2732903 (212)	total: 1m 49s	remaining: 13h 36m 8s
223:	learn: 0.0310608	test: 0.2734771	best: 0.2732903 (212)	total: 1m 49s	remaining: 13h 36m 4s
224:	learn: 0.0309062	test: 0.2733548	best: 0.2732903 (212)	total: 1m 50s	remaining: 13h 35m 29s
225:	learn: 0.0307813	test: 0.2732188	best: 0.2732188 (225)	total: 1m 50s	remaining: 13h 35m 39s
226:	learn: 0.0306696	test: 0.2731528	best: 0.2731528 (226)	total: 1m 51s	remaining: 13h 35m 20s
227:	learn: 0.0305720	test: 0.2729823	best: 0.2729823 (227)	total: 1m 51s	remaining: 13h 34m 23s
228:	learn: 0.0304893	test: 0.2728557	best: 0.2728557 (228)	total: 1m 52s	remaining: 13h 33m 37s
229:	learn: 0.0303360	test: 0.2730640	best: 0.2728557 (228)	total: 1m 52s	remaining: 13h 34m 5s
230:	learn: 0.0302334	test: 0.2730905	best: 0.2728557 (228)	total: 1m 53s	remaining: 13h 33m 57s
231:	learn: 0.0300814	test: 0.2730966	best: 0.2728557 (228)	total: 1m 53s	remaining: 13h 33m 50s
232:	learn: 0.0299921	test: 0.2730950	best: 0.2728557 (228)	total: 1m 54s	remaining: 13h 34m 17s
233:	learn: 0.0298418	test: 0.2731274	best: 0.2728557 (228)	total: 1m 54s	remaining: 13h 35m 9s
234:	learn: 0.0297586	test: 0.2731563	best: 0.2728557 (228)	total: 1m 55s	remaining: 13h 34m 49s
235:	learn: 0.0296473	test: 0.2732115	best: 0.2728557 (228)	total: 1m 55s	remaining: 13h 34m 37s
236:	learn: 0.0295423	test: 0.2731553	best: 0.2728557 (228)	total: 1m 56s	remaining: 13h 34m 28s
237:	learn: 0.0293048	test: 0.2732489	best: 0.2728557 (228)	total: 1m 56s	remaining: 13h 34m 6s
238:	learn: 0.0292213	test: 0.2731205	best: 0.2728557 (228)	total: 1m 56s	remaining: 13h 33m 56s
239:	learn: 0.0290826	test: 0.2731747	best: 0.2728557 (228)	total: 1m 57s	remaining: 13h 34m 1s
240:	learn: 0.0289727	test: 0.2730931	best: 0.2728557 (228)	total: 1m 57s	remaining: 13h 33m 45s
241:	learn: 0.0288217	test: 0.2730129	best: 0.2728557 (228)	total: 1m 58s	remaining: 13h 33m 53s
242:	learn: 0.0287438	test: 0.2729683	best: 0.2728557 (228)	total: 1m 58s	remaining: 13h 33m 50s
243:	learn: 0.0286117	test: 0.2730089	best: 0.2728557 (228)	total: 1m 59s	remaining: 13h 32m 56s
244:	learn: 0.0285293	test: 0.2730746	best: 0.2728557 (228)	total: 1m 59s	remaining: 13h 32m 36s
245:	learn: 0.0284481	test: 0.2730963	best: 0.2728557 (228)	total: 2m	remaining: 13h 32m 22s
246:	learn: 0.0283355	test: 0.2729829	best: 0.2728557 (228)	total: 2m	remaining: 13h 32m 8s
247:	learn: 0.0282522	test: 0.2730219	best: 0.2728557 (228)	total: 2m 1s	remaining: 13h 32m 14s
248:	learn: 0.0281552	test: 0.2730024	best: 0.2728557 (228)	total: 2m 1s	remaining: 13h 31m 36s
249:	learn: 0.0280327	test: 0.2730137	best: 0.2728557 (228)	total: 2m 1s	remaining: 13h 31m 14s
250:	learn: 0.0279362	test: 0.2731407	best: 0.2728557 (228)	total: 2m 2s	remaining: 13h 30m 38s
251:	learn: 0.0278373	test: 0.2731220	best: 0.2728557 (228)	total: 2m 2s	remaining: 13h 31m 7s
252:	learn: 0.0277720	test: 0.2731166	best: 0.2728557 (228)	total: 2m 3s	remaining: 13h 30m 59s
253:	learn: 0.0276552	test: 0.2728484	best: 0.2728484 (253)	total: 2m 3s	remaining: 13h 30m 56s
254:	learn: 0.0275447	test: 0.2728897	best: 0.2728484 (253)	total: 2m 4s	remaining: 13h 31m 2s
255:	learn: 0.0273908	test: 0.2730109	best: 0.2728484 (253)	total: 2m 4s	remaining: 13h 31m
256:	learn: 0.0272632	test: 0.2727936	best: 0.2727936 (256)	total: 2m 5s	remaining: 13h 30m 57s
257:	learn: 0.0271597	test: 0.2726869	best: 0.2726869 (257)	total: 2m 5s	remaining: 13h 30m 53s
258:	learn: 0.0270494	test: 0.2726200	best: 0.2726200 (258)	total: 2m 6s	remaining: 13h 30m 50s
259:	learn: 0.0269143	test: 0.2727992	best: 0.2726200 (258)	total: 2m 6s	remaining: 13h 31m 25s
260:	learn: 0.0268203	test: 0.2727136	best: 0.2726200 (258)	total: 2m 7s	remaining: 13h 31m 24s
261:	learn: 0.0267057	test: 0.2729398	best: 0.2726200 (258)	total: 2m 8s	remaining: 13h 33m 26s
262:	learn: 0.0266158	test: 0.2728785	best: 0.2726200 (258)	total: 2m 8s	remaining: 13h 32m 57s
263:	learn: 0.0265388	test: 0.2728877	best: 0.2726200 (258)	total: 2m 9s	remaining: 13h 32m 26s
264:	learn: 0.0264612	test: 0.2729102	best: 0.2726200 (258)	total: 2m 9s	remaining: 13h 34m 44s
265:	learn: 0.0263408	test: 0.2728160	best: 0.2726200 (258)	total: 2m 10s	remaining: 13h 34m 18s
266:	learn: 0.0261988	test: 0.2730173	best: 0.2726200 (258)	total: 2m 10s	remaining: 13h 34m
267:	learn: 0.0261291	test: 0.2730069	best: 0.2726200 (258)	total: 2m 11s	remaining: 13h 34m 8s
268:	learn: 0.0260506	test: 0.2730266	best: 0.2726200 (258)	total: 2m 11s	remaining: 13h 33m 50s
269:	learn: 0.0259765	test: 0.2731423	best: 0.2726200 (258)	total: 2m 12s	remaining: 13h 33m 43s
270:	learn: 0.0258793	test: 0.2732670	best: 0.2726200 (258)	total: 2m 12s	remaining: 13h 34m 6s
271:	learn: 0.0257871	test: 0.2733266	best: 0.2726200 (258)	total: 2m 13s	remaining: 13h 34m 46s
272:	learn: 0.0256988	test: 0.2732992	best: 0.2726200 (258)	total: 2m 13s	remaining: 13h 34m 45s
273:	learn: 0.0256135	test: 0.2731481	best: 0.2726200 (258)	total: 2m 14s	remaining: 13h 35m 14s
274:	learn: 0.0255404	test: 0.2731513	best: 0.2726200 (258)	total: 2m 14s	remaining: 13h 35m 33s
275:	learn: 0.0254161	test: 0.2730431	best: 0.2726200 (258)	total: 2m 15s	remaining: 13h 35m 7s
276:	learn: 0.0252940	test: 0.2731031	best: 0.2726200 (258)	total: 2m 15s	remaining: 13h 35m 8s
277:	learn: 0.0250880	test: 0.2732240	best: 0.2726200 (258)	total: 2m 16s	remaining: 13h 34m 45s
278:	learn: 0.0250062	test: 0.2732159	best: 0.2726200 (258)	total: 2m 16s	remaining: 13h 35m 50s
279:	learn: 0.0249469	test: 0.2731877	best: 0.2726200 (258)	total: 2m 17s	remaining: 13h 36m 31s
280:	learn: 0.0248936	test: 0.2731901	best: 0.2726200 (258)	total: 2m 18s	remaining: 13h 37m 20s
281:	learn: 0.0248231	test: 0.2732545	best: 0.2726200 (258)	total: 2m 18s	remaining: 13h 37m 37s
282:	learn: 0.0247615	test: 0.2731209	best: 0.2726200 (258)	total: 2m 19s	remaining: 13h 37m 6s
283:	learn: 0.0247055	test: 0.2731313	best: 0.2726200 (258)	total: 2m 19s	remaining: 13h 36m 48s
284:	learn: 0.0246419	test: 0.2731486	best: 0.2726200 (258)	total: 2m 20s	remaining: 13h 36m 26s
285:	learn: 0.0245166	test: 0.2730623	best: 0.2726200 (258)	total: 2m 20s	remaining: 13h 36m 14s
286:	learn: 0.0244211	test: 0.2730168	best: 0.2726200 (258)	total: 2m 20s	remaining: 13h 36m 14s
287:	learn: 0.0243465	test: 0.2730008	best: 0.2726200 (258)	total: 2m 21s	remaining: 13h 36m 18s
288:	learn: 0.0242795	test: 0.2730378	best: 0.2726200 (258)	total: 2m 21s	remaining: 13h 35m 59s
289:	learn: 0.0242224	test: 0.2730815	best: 0.2726200 (258)	total: 2m 22s	remaining: 13h 35m 55s
290:	learn: 0.0241739	test: 0.2731113	best: 0.2726200 (258)	total: 2m 22s	remaining: 13h 35m 47s
291:	learn: 0.0240797	test: 0.2730885	best: 0.2726200 (258)	total: 2m 23s	remaining: 13h 35m 33s
292:	learn: 0.0240188	test: 0.2730926	best: 0.2726200 (258)	total: 2m 23s	remaining: 13h 35m 5s
293:	learn: 0.0239587	test: 0.2731614	best: 0.2726200 (258)	total: 2m 24s	remaining: 13h 34m 52s
294:	learn: 0.0238225	test: 0.2733255	best: 0.2726200 (258)	total: 2m 24s	remaining: 13h 34m 53s
295:	learn: 0.0237562	test: 0.2733655	best: 0.2726200 (258)	total: 2m 25s	remaining: 13h 34m 44s
296:	learn: 0.0236646	test: 0.2734356	best: 0.2726200 (258)	total: 2m 25s	remaining: 13h 34m 24s
297:	learn: 0.0235648	test: 0.2732611	best: 0.2726200 (258)	total: 2m 25s	remaining: 13h 34m 6s
298:	learn: 0.0235085	test: 0.2732634	best: 0.2726200 (258)	total: 2m 26s	remaining: 13h 33m 44s
299:	learn: 0.0233298	test: 0.2732063	best: 0.2726200 (258)	total: 2m 26s	remaining: 13h 33m 42s
300:	learn: 0.0232687	test: 0.2732451	best: 0.2726200 (258)	total: 2m 27s	remaining: 13h 33m 15s
301:	learn: 0.0232202	test: 0.2733011	best: 0.2726200 (258)	total: 2m 27s	remaining: 13h 32m 44s
302:	learn: 0.0231703	test: 0.2732763	best: 0.2726200 (258)	total: 2m 28s	remaining: 13h 32m 59s
303:	learn: 0.0230318	test: 0.2729527	best: 0.2726200 (258)	total: 2m 28s	remaining: 13h 32m 30s
304:	learn: 0.0229432	test: 0.2730286	best: 0.2726200 (258)	total: 2m 29s	remaining: 13h 31m 54s
305:	learn: 0.0228965	test: 0.2730367	best: 0.2726200 (258)	total: 2m 29s	remaining: 13h 31m 11s
306:	learn: 0.0228529	test: 0.2730485	best: 0.2726200 (258)	total: 2m 29s	remaining: 13h 30m 37s
307:	learn: 0.0228020	test: 0.2730294	best: 0.2726200 (258)	total: 2m 30s	remaining: 13h 30m 43s
308:	learn: 0.0227519	test: 0.2730542	best: 0.2726200 (258)	total: 2m 30s	remaining: 13h 30m 36s
309:	learn: 0.0226951	test: 0.2730654	best: 0.2726200 (258)	total: 2m 31s	remaining: 13h 30m 15s
310:	learn: 0.0226435	test: 0.2730354	best: 0.2726200 (258)	total: 2m 31s	remaining: 13h 30m 12s
311:	learn: 0.0225958	test: 0.2730094	best: 0.2726200 (258)	total: 2m 31s	remaining: 13h 29m 11s
312:	learn: 0.0224672	test: 0.2727151	best: 0.2726200 (258)	total: 2m 32s	remaining: 13h 28m 57s
313:	learn: 0.0224107	test: 0.2727551	best: 0.2726200 (258)	total: 2m 32s	remaining: 13h 28m 5s
314:	learn: 0.0223151	test: 0.2726871	best: 0.2726200 (258)	total: 2m 33s	remaining: 13h 28m 14s
315:	learn: 0.0222401	test: 0.2727666	best: 0.2726200 (258)	total: 2m 34s	remaining: 13h 34m 17s
316:	learn: 0.0221933	test: 0.2727644	best: 0.2726200 (258)	total: 2m 35s	remaining: 13h 35m 22s
317:	learn: 0.0221463	test: 0.2727995	best: 0.2726200 (258)	total: 2m 36s	remaining: 13h 35m 13s
318:	learn: 0.0220975	test: 0.2727765	best: 0.2726200 (258)	total: 2m 36s	remaining: 13h 35m 24s
319:	learn: 0.0220526	test: 0.2728251	best: 0.2726200 (258)	total: 2m 36s	remaining: 13h 34m 56s
320:	learn: 0.0219530	test: 0.2730435	best: 0.2726200 (258)	total: 2m 37s	remaining: 13h 34m 11s
321:	learn: 0.0218928	test: 0.2730100	best: 0.2726200 (258)	total: 2m 37s	remaining: 13h 33m 38s
322:	learn: 0.0218343	test: 0.2731284	best: 0.2726200 (258)	total: 2m 38s	remaining: 13h 33m 27s
323:	learn: 0.0217686	test: 0.2731042	best: 0.2726200 (258)	total: 2m 38s	remaining: 13h 33m 30s
324:	learn: 0.0216913	test: 0.2731652	best: 0.2726200 (258)	total: 2m 39s	remaining: 13h 32m 51s
325:	learn: 0.0216374	test: 0.2731773	best: 0.2726200 (258)	total: 2m 39s	remaining: 13h 32m 20s
326:	learn: 0.0215790	test: 0.2731631	best: 0.2726200 (258)	total: 2m 39s	remaining: 13h 31m 49s
327:	learn: 0.0214990	test: 0.2731310	best: 0.2726200 (258)	total: 2m 40s	remaining: 13h 31m 40s
328:	learn: 0.0214212	test: 0.2731503	best: 0.2726200 (258)	total: 2m 40s	remaining: 13h 31m 58s
329:	learn: 0.0213180	test: 0.2728955	best: 0.2726200 (258)	total: 2m 41s	remaining: 13h 31m 37s
330:	learn: 0.0212679	test: 0.2729102	best: 0.2726200 (258)	total: 2m 41s	remaining: 13h 31m 24s
331:	learn: 0.0211962	test: 0.2731121	best: 0.2726200 (258)	total: 2m 42s	remaining: 13h 31m 18s
332:	learn: 0.0211285	test: 0.2731901	best: 0.2726200 (258)	total: 2m 42s	remaining: 13h 30m 19s
333:	learn: 0.0210616	test: 0.2730882	best: 0.2726200 (258)	total: 2m 42s	remaining: 13h 29m 45s
334:	learn: 0.0210196	test: 0.2731328	best: 0.2726200 (258)	total: 2m 43s	remaining: 13h 29m 27s
335:	learn: 0.0209416	test: 0.2732252	best: 0.2726200 (258)	total: 2m 43s	remaining: 13h 29m
336:	learn: 0.0208841	test: 0.2733900	best: 0.2726200 (258)	total: 2m 44s	remaining: 13h 28m 31s
337:	learn: 0.0208286	test: 0.2734049	best: 0.2726200 (258)	total: 2m 44s	remaining: 13h 27m 24s
338:	learn: 0.0207717	test: 0.2734503	best: 0.2726200 (258)	total: 2m 44s	remaining: 13h 26m 48s
339:	learn: 0.0207018	test: 0.2735148	best: 0.2726200 (258)	total: 2m 44s	remaining: 13h 25m 52s
340:	learn: 0.0206218	test: 0.2736828	best: 0.2726200 (258)	total: 2m 45s	remaining: 13h 26m 9s
341:	learn: 0.0205715	test: 0.2737181	best: 0.2726200 (258)	total: 2m 45s	remaining: 13h 25m 41s
342:	learn: 0.0205179	test: 0.2737185	best: 0.2726200 (258)	total: 2m 46s	remaining: 13h 25m 1s
343:	learn: 0.0204587	test: 0.2737284	best: 0.2726200 (258)	total: 2m 46s	remaining: 13h 24m 28s
344:	learn: 0.0204064	test: 0.2737307	best: 0.2726200 (258)	total: 2m 46s	remaining: 13h 23m 46s
345:	learn: 0.0203657	test: 0.2737031	best: 0.2726200 (258)	total: 2m 47s	remaining: 13h 23m 47s
346:	learn: 0.0202827	test: 0.2739132	best: 0.2726200 (258)	total: 2m 47s	remaining: 13h 22m 55s
347:	learn: 0.0202264	test: 0.2739549	best: 0.2726200 (258)	total: 2m 48s	remaining: 13h 22m 18s
348:	learn: 0.0201740	test: 0.2739560	best: 0.2726200 (258)	total: 2m 48s	remaining: 13h 21m 39s
349:	learn: 0.0201318	test: 0.2740098	best: 0.2726200 (258)	total: 2m 48s	remaining: 13h 21m 2s
350:	learn: 0.0200856	test: 0.2740047	best: 0.2726200 (258)	total: 2m 49s	remaining: 13h 21m 52s
351:	learn: 0.0200375	test: 0.2740032	best: 0.2726200 (258)	total: 2m 50s	remaining: 13h 22m 14s
352:	learn: 0.0199825	test: 0.2740295	best: 0.2726200 (258)	total: 2m 50s	remaining: 13h 21m 57s
353:	learn: 0.0199491	test: 0.2740872	best: 0.2726200 (258)	total: 2m 50s	remaining: 13h 21m 5s
354:	learn: 0.0199001	test: 0.2740925	best: 0.2726200 (258)	total: 2m 51s	remaining: 13h 20m 12s
355:	learn: 0.0198444	test: 0.2740604	best: 0.2726200 (258)	total: 2m 51s	remaining: 13h 19m 4s
356:	learn: 0.0198048	test: 0.2740494	best: 0.2726200 (258)	total: 2m 51s	remaining: 13h 17m 53s
357:	learn: 0.0197494	test: 0.2741027	best: 0.2726200 (258)	total: 2m 51s	remaining: 13h 16m 37s
358:	learn: 0.0197144	test: 0.2741855	best: 0.2726200 (258)	total: 2m 51s	remaining: 13h 15m 30s
359:	learn: 0.0196390	test: 0.2744492	best: 0.2726200 (258)	total: 2m 52s	remaining: 13h 14m 46s
360:	learn: 0.0195905	test: 0.2744595	best: 0.2726200 (258)	total: 2m 52s	remaining: 13h 13m 39s
361:	learn: 0.0195541	test: 0.2745579	best: 0.2726200 (258)	total: 2m 52s	remaining: 13h 12m 30s
362:	learn: 0.0195169	test: 0.2746013	best: 0.2726200 (258)	total: 2m 52s	remaining: 13h 11m 22s
363:	learn: 0.0194808	test: 0.2746105	best: 0.2726200 (258)	total: 2m 53s	remaining: 13h 10m 17s
364:	learn: 0.0194383	test: 0.2745985	best: 0.2726200 (258)	total: 2m 53s	remaining: 13h 9m 16s
365:	learn: 0.0193610	test: 0.2746782	best: 0.2726200 (258)	total: 2m 53s	remaining: 13h 8m 9s
366:	learn: 0.0193137	test: 0.2746703	best: 0.2726200 (258)	total: 2m 53s	remaining: 13h 7m 7s
367:	learn: 0.0192799	test: 0.2746762	best: 0.2726200 (258)	total: 2m 54s	remaining: 13h 6m 5s
368:	learn: 0.0192298	test: 0.2747279	best: 0.2726200 (258)	total: 2m 54s	remaining: 13h 5m 25s
369:	learn: 0.0191883	test: 0.2747202	best: 0.2726200 (258)	total: 2m 54s	remaining: 13h 4m 51s
370:	learn: 0.0191554	test: 0.2747519	best: 0.2726200 (258)	total: 2m 55s	remaining: 13h 3m 48s
371:	learn: 0.0191237	test: 0.2747952	best: 0.2726200 (258)	total: 2m 55s	remaining: 13h 2m 51s
372:	learn: 0.0190789	test: 0.2748717	best: 0.2726200 (258)	total: 2m 55s	remaining: 13h 1m 51s
373:	learn: 0.0190378	test: 0.2748939	best: 0.2726200 (258)	total: 2m 55s	remaining: 13h 45s
374:	learn: 0.0190029	test: 0.2749034	best: 0.2726200 (258)	total: 2m 56s	remaining: 12h 59m 48s
375:	learn: 0.0189412	test: 0.2750334	best: 0.2726200 (258)	total: 2m 56s	remaining: 12h 58m 52s
376:	learn: 0.0189009	test: 0.2749420	best: 0.2726200 (258)	total: 2m 56s	remaining: 12h 57m 52s
377:	learn: 0.0188622	test: 0.2750056	best: 0.2726200 (258)	total: 2m 56s	remaining: 12h 56m 55s
378:	learn: 0.0188311	test: 0.2749419	best: 0.2726200 (258)	total: 2m 57s	remaining: 12h 55m 56s
379:	learn: 0.0187999	test: 0.2749476	best: 0.2726200 (258)	total: 2m 57s	remaining: 12h 54m 55s
380:	learn: 0.0187254	test: 0.2749709	best: 0.2726200 (258)	total: 2m 57s	remaining: 12h 53m 59s
381:	learn: 0.0186866	test: 0.2749419	best: 0.2726200 (258)	total: 2m 57s	remaining: 12h 53m 5s
382:	learn: 0.0186469	test: 0.2749468	best: 0.2726200 (258)	total: 2m 58s	remaining: 12h 52m 3s
383:	learn: 0.0186007	test: 0.2751362	best: 0.2726200 (258)	total: 2m 58s	remaining: 12h 51m 9s
384:	learn: 0.0185635	test: 0.2751641	best: 0.2726200 (258)	total: 2m 58s	remaining: 12h 50m 16s
385:	learn: 0.0185097	test: 0.2750972	best: 0.2726200 (258)	total: 2m 58s	remaining: 12h 49m 23s
386:	learn: 0.0184568	test: 0.2751369	best: 0.2726200 (258)	total: 2m 59s	remaining: 12h 48m 33s
387:	learn: 0.0183780	test: 0.2752592	best: 0.2726200 (258)	total: 2m 59s	remaining: 12h 47m 37s
388:	learn: 0.0183400	test: 0.2753173	best: 0.2726200 (258)	total: 2m 59s	remaining: 12h 46m 40s
389:	learn: 0.0183067	test: 0.2753496	best: 0.2726200 (258)	total: 3m	remaining: 12h 46m 37s
390:	learn: 0.0182583	test: 0.2754018	best: 0.2726200 (258)	total: 3m	remaining: 12h 46m 8s
391:	learn: 0.0182042	test: 0.2754664	best: 0.2726200 (258)	total: 3m	remaining: 12h 45m 39s
392:	learn: 0.0181593	test: 0.2754948	best: 0.2726200 (258)	total: 3m 1s	remaining: 12h 45m 13s
393:	learn: 0.0180920	test: 0.2755128	best: 0.2726200 (258)	total: 3m 1s	remaining: 12h 44m 21s
394:	learn: 0.0180289	test: 0.2755099	best: 0.2726200 (258)	total: 3m 1s	remaining: 12h 43m 31s
395:	learn: 0.0179910	test: 0.2756253	best: 0.2726200 (258)	total: 3m 1s	remaining: 12h 42m 32s
396:	learn: 0.0179385	test: 0.2755816	best: 0.2726200 (258)	total: 3m 2s	remaining: 12h 41m 41s
397:	learn: 0.0179066	test: 0.2755991	best: 0.2726200 (258)	total: 3m 2s	remaining: 12h 40m 44s
398:	learn: 0.0178781	test: 0.2755603	best: 0.2726200 (258)	total: 3m 2s	remaining: 12h 39m 47s
399:	learn: 0.0178160	test: 0.2756782	best: 0.2726200 (258)	total: 3m 2s	remaining: 12h 38m 56s
400:	learn: 0.0177517	test: 0.2757011	best: 0.2726200 (258)	total: 3m 3s	remaining: 12h 38m 12s
401:	learn: 0.0176527	test: 0.2759127	best: 0.2726200 (258)	total: 3m 3s	remaining: 12h 37m 24s
402:	learn: 0.0175867	test: 0.2762345	best: 0.2726200 (258)	total: 3m 3s	remaining: 12h 36m 34s
403:	learn: 0.0175364	test: 0.2761857	best: 0.2726200 (258)	total: 3m 3s	remaining: 12h 35m 40s
404:	learn: 0.0174723	test: 0.2762418	best: 0.2726200 (258)	total: 3m 4s	remaining: 12h 34m 49s
405:	learn: 0.0174257	test: 0.2764177	best: 0.2726200 (258)	total: 3m 4s	remaining: 12h 34m 13s
406:	learn: 0.0173949	test: 0.2763953	best: 0.2726200 (258)	total: 3m 4s	remaining: 12h 33m 32s
407:	learn: 0.0173607	test: 0.2764895	best: 0.2726200 (258)	total: 3m 5s	remaining: 12h 32m 45s
408:	learn: 0.0173062	test: 0.2765016	best: 0.2726200 (258)	total: 3m 5s	remaining: 12h 31m 58s
409:	learn: 0.0172249	test: 0.2768885	best: 0.2726200 (258)	total: 3m 5s	remaining: 12h 31m 6s
410:	learn: 0.0171919	test: 0.2769361	best: 0.2726200 (258)	total: 3m 5s	remaining: 12h 30m 22s
411:	learn: 0.0171279	test: 0.2769417	best: 0.2726200 (258)	total: 3m 6s	remaining: 12h 29m 33s
412:	learn: 0.0170945	test: 0.2769672	best: 0.2726200 (258)	total: 3m 6s	remaining: 12h 28m 34s
413:	learn: 0.0170635	test: 0.2769472	best: 0.2726200 (258)	total: 3m 6s	remaining: 12h 27m 46s
414:	learn: 0.0170306	test: 0.2768650	best: 0.2726200 (258)	total: 3m 6s	remaining: 12h 27m 1s
415:	learn: 0.0169897	test: 0.2769186	best: 0.2726200 (258)	total: 3m 7s	remaining: 12h 26m 9s
416:	learn: 0.0169571	test: 0.2769420	best: 0.2726200 (258)	total: 3m 7s	remaining: 12h 25m 18s
417:	learn: 0.0169287	test: 0.2769494	best: 0.2726200 (258)	total: 3m 7s	remaining: 12h 24m 31s
418:	learn: 0.0168829	test: 0.2769651	best: 0.2726200 (258)	total: 3m 7s	remaining: 12h 23m 50s
419:	learn: 0.0168234	test: 0.2769937	best: 0.2726200 (258)	total: 3m 8s	remaining: 12h 22m 54s
420:	learn: 0.0167837	test: 0.2770480	best: 0.2726200 (258)	total: 3m 8s	remaining: 12h 22m 4s
421:	learn: 0.0167443	test: 0.2770668	best: 0.2726200 (258)	total: 3m 8s	remaining: 12h 21m 17s
422:	learn: 0.0167021	test: 0.2770199	best: 0.2726200 (258)	total: 3m 8s	remaining: 12h 20m 25s
423:	learn: 0.0166580	test: 0.2770440	best: 0.2726200 (258)	total: 3m 8s	remaining: 12h 19m 41s
424:	learn: 0.0166282	test: 0.2770906	best: 0.2726200 (258)	total: 3m 9s	remaining: 12h 19m 2s
425:	learn: 0.0166006	test: 0.2771178	best: 0.2726200 (258)	total: 3m 9s	remaining: 12h 18m 13s
426:	learn: 0.0165637	test: 0.2771519	best: 0.2726200 (258)	total: 3m 9s	remaining: 12h 17m 27s
427:	learn: 0.0165285	test: 0.2772108	best: 0.2726200 (258)	total: 3m 10s	remaining: 12h 16m 42s
428:	learn: 0.0164681	test: 0.2773748	best: 0.2726200 (258)	total: 3m 10s	remaining: 12h 15m 55s
429:	learn: 0.0164388	test: 0.2774352	best: 0.2726200 (258)	total: 3m 10s	remaining: 12h 15m 10s
430:	learn: 0.0163836	test: 0.2774955	best: 0.2726200 (258)	total: 3m 10s	remaining: 12h 14m 28s
431:	learn: 0.0163060	test: 0.2777486	best: 0.2726200 (258)	total: 3m 11s	remaining: 12h 14m 12s
432:	learn: 0.0162769	test: 0.2777584	best: 0.2726200 (258)	total: 3m 11s	remaining: 12h 13m 30s
433:	learn: 0.0162321	test: 0.2777107	best: 0.2726200 (258)	total: 3m 11s	remaining: 12h 12m 45s
434:	learn: 0.0161961	test: 0.2777030	best: 0.2726200 (258)	total: 3m 11s	remaining: 12h 11m 53s
435:	learn: 0.0161559	test: 0.2776808	best: 0.2726200 (258)	total: 3m 12s	remaining: 12h 11m 11s
436:	learn: 0.0161215	test: 0.2776493	best: 0.2726200 (258)	total: 3m 12s	remaining: 12h 10m 21s
437:	learn: 0.0160803	test: 0.2777127	best: 0.2726200 (258)	total: 3m 12s	remaining: 12h 9m 33s
438:	learn: 0.0160309	test: 0.2777238	best: 0.2726200 (258)	total: 3m 12s	remaining: 12h 8m 50s
439:	learn: 0.0159971	test: 0.2777738	best: 0.2726200 (258)	total: 3m 13s	remaining: 12h 8m 6s
440:	learn: 0.0159577	test: 0.2778420	best: 0.2726200 (258)	total: 3m 13s	remaining: 12h 7m 26s
441:	learn: 0.0158935	test: 0.2775877	best: 0.2726200 (258)	total: 3m 13s	remaining: 12h 6m 53s
442:	learn: 0.0158477	test: 0.2775925	best: 0.2726200 (258)	total: 3m 13s	remaining: 12h 6m 21s
443:	learn: 0.0158062	test: 0.2776129	best: 0.2726200 (258)	total: 3m 14s	remaining: 12h 5m 54s
444:	learn: 0.0157739	test: 0.2776068	best: 0.2726200 (258)	total: 3m 14s	remaining: 12h 5m 10s
445:	learn: 0.0157454	test: 0.2775519	best: 0.2726200 (258)	total: 3m 14s	remaining: 12h 4m 30s
446:	learn: 0.0157166	test: 0.2775036	best: 0.2726200 (258)	total: 3m 14s	remaining: 12h 3m 34s
447:	learn: 0.0156889	test: 0.2774690	best: 0.2726200 (258)	total: 3m 15s	remaining: 12h 2m 41s
448:	learn: 0.0156548	test: 0.2774690	best: 0.2726200 (258)	total: 3m 15s	remaining: 12h 1m 43s
449:	learn: 0.0156285	test: 0.2775040	best: 0.2726200 (258)	total: 3m 15s	remaining: 12h 48s
450:	learn: 0.0155808	test: 0.2774317	best: 0.2726200 (258)	total: 3m 15s	remaining: 11h 59m 50s
451:	learn: 0.0155428	test: 0.2775732	best: 0.2726200 (258)	total: 3m 15s	remaining: 11h 58m 55s
452:	learn: 0.0155167	test: 0.2776319	best: 0.2726200 (258)	total: 3m 16s	remaining: 11h 57m 57s
453:	learn: 0.0154741	test: 0.2777178	best: 0.2726200 (258)	total: 3m 16s	remaining: 11h 57m 2s
454:	learn: 0.0154347	test: 0.2777888	best: 0.2726200 (258)	total: 3m 16s	remaining: 11h 56m 10s
455:	learn: 0.0153634	test: 0.2777653	best: 0.2726200 (258)	total: 3m 16s	remaining: 11h 55m 34s
456:	learn: 0.0153192	test: 0.2778379	best: 0.2726200 (258)	total: 3m 16s	remaining: 11h 54m 49s
457:	learn: 0.0152893	test: 0.2778976	best: 0.2726200 (258)	total: 3m 17s	remaining: 11h 54m 11s
458:	learn: 0.0152636	test: 0.2779278	best: 0.2726200 (258)	total: 3m 17s	remaining: 11h 53m 25s
459:	learn: 0.0152244	test: 0.2779636	best: 0.2726200 (258)	total: 3m 17s	remaining: 11h 52m 33s
460:	learn: 0.0151794	test: 0.2780707	best: 0.2726200 (258)	total: 3m 17s	remaining: 11h 51m 30s
461:	learn: 0.0151488	test: 0.2781054	best: 0.2726200 (258)	total: 3m 17s	remaining: 11h 50m 30s
462:	learn: 0.0151145	test: 0.2780920	best: 0.2726200 (258)	total: 3m 18s	remaining: 11h 49m 29s
463:	learn: 0.0150771	test: 0.2781630	best: 0.2726200 (258)	total: 3m 18s	remaining: 11h 48m 26s
464:	learn: 0.0150383	test: 0.2781960	best: 0.2726200 (258)	total: 3m 18s	remaining: 11h 47m 22s
465:	learn: 0.0150081	test: 0.2782112	best: 0.2726200 (258)	total: 3m 18s	remaining: 11h 46m 18s
466:	learn: 0.0149730	test: 0.2782706	best: 0.2726200 (258)	total: 3m 18s	remaining: 11h 45m 15s
467:	learn: 0.0149464	test: 0.2783002	best: 0.2726200 (258)	total: 3m 18s	remaining: 11h 44m 13s
468:	learn: 0.0149111	test: 0.2783701	best: 0.2726200 (258)	total: 3m 18s	remaining: 11h 43m 10s
469:	learn: 0.0148614	test: 0.2783261	best: 0.2726200 (258)	total: 3m 18s	remaining: 11h 42m 9s
470:	learn: 0.0148317	test: 0.2783745	best: 0.2726200 (258)	total: 3m 19s	remaining: 11h 41m 8s
471:	learn: 0.0147984	test: 0.2784972	best: 0.2726200 (258)	total: 3m 19s	remaining: 11h 40m 7s
472:	learn: 0.0147602	test: 0.2785489	best: 0.2726200 (258)	total: 3m 19s	remaining: 11h 39m 7s
473:	learn: 0.0147345	test: 0.2785954	best: 0.2726200 (258)	total: 3m 19s	remaining: 11h 38m 6s
474:	learn: 0.0146782	test: 0.2786752	best: 0.2726200 (258)	total: 3m 19s	remaining: 11h 37m 5s
475:	learn: 0.0146466	test: 0.2787618	best: 0.2726200 (258)	total: 3m 19s	remaining: 11h 36m 4s
476:	learn: 0.0146247	test: 0.2788283	best: 0.2726200 (258)	total: 3m 19s	remaining: 11h 35m 4s
477:	learn: 0.0146009	test: 0.2788265	best: 0.2726200 (258)	total: 3m 20s	remaining: 11h 34m 3s
478:	learn: 0.0145621	test: 0.2788756	best: 0.2726200 (258)	total: 3m 20s	remaining: 11h 33m 4s
479:	learn: 0.0145419	test: 0.2788879	best: 0.2726200 (258)	total: 3m 20s	remaining: 11h 32m 4s
480:	learn: 0.0145206	test: 0.2789152	best: 0.2726200 (258)	total: 3m 20s	remaining: 11h 31m 5s
481:	learn: 0.0144797	test: 0.2789032	best: 0.2726200 (258)	total: 3m 20s	remaining: 11h 30m 5s
482:	learn: 0.0144591	test: 0.2788904	best: 0.2726200 (258)	total: 3m 20s	remaining: 11h 29m 7s
483:	learn: 0.0144211	test: 0.2790422	best: 0.2726200 (258)	total: 3m 20s	remaining: 11h 28m 9s
484:	learn: 0.0143987	test: 0.2790887	best: 0.2726200 (258)	total: 3m 20s	remaining: 11h 27m 10s
485:	learn: 0.0143693	test: 0.2790725	best: 0.2726200 (258)	total: 3m 21s	remaining: 11h 26m 12s
486:	learn: 0.0143385	test: 0.2790939	best: 0.2726200 (258)	total: 3m 21s	remaining: 11h 25m 15s
487:	learn: 0.0143134	test: 0.2791177	best: 0.2726200 (258)	total: 3m 21s	remaining: 11h 24m 18s
488:	learn: 0.0142889	test: 0.2790821	best: 0.2726200 (258)	total: 3m 21s	remaining: 11h 23m 20s
489:	learn: 0.0142671	test: 0.2791282	best: 0.2726200 (258)	total: 3m 21s	remaining: 11h 22m 22s
490:	learn: 0.0142468	test: 0.2791175	best: 0.2726200 (258)	total: 3m 21s	remaining: 11h 21m 24s
491:	learn: 0.0142245	test: 0.2791313	best: 0.2726200 (258)	total: 3m 21s	remaining: 11h 20m 28s
492:	learn: 0.0141826	test: 0.2791745	best: 0.2726200 (258)	total: 3m 21s	remaining: 11h 19m 30s
493:	learn: 0.0141416	test: 0.2792177	best: 0.2726200 (258)	total: 3m 22s	remaining: 11h 18m 34s
494:	learn: 0.0141092	test: 0.2792621	best: 0.2726200 (258)	total: 3m 22s	remaining: 11h 17m 37s
495:	learn: 0.0140777	test: 0.2793308	best: 0.2726200 (258)	total: 3m 22s	remaining: 11h 16m 40s
/home/cyyen/miniconda3/envs/stock_path_tracker/lib/python3.8/site-packages/pandas/core/groupby/groupby.py:980: FutureWarning: Sorting because non-concatenation axis is not aligned. A future version
of pandas will change to not sort by default.

To accept the future behavior, pass 'sort=False'.

To retain the current behavior and silence the warning, pass 'sort=True'.

  result = concat(values, axis=self.axis, keys=keys)
496:	learn: 0.0140557	test: 0.2793733	best: 0.2726200 (258)	total: 3m 22s	remaining: 11h 15m 46s
497:	learn: 0.0140031	test: 0.2794677	best: 0.2726200 (258)	total: 3m 22s	remaining: 11h 14m 53s
498:	learn: 0.0139745	test: 0.2794101	best: 0.2726200 (258)	total: 3m 22s	remaining: 11h 14m 1s
499:	learn: 0.0139408	test: 0.2793463	best: 0.2726200 (258)	total: 3m 22s	remaining: 11h 13m 9s
500:	learn: 0.0139132	test: 0.2793101	best: 0.2726200 (258)	total: 3m 23s	remaining: 11h 12m 16s
501:	learn: 0.0138886	test: 0.2792685	best: 0.2726200 (258)	total: 3m 23s	remaining: 11h 11m 22s
502:	learn: 0.0138576	test: 0.2793433	best: 0.2726200 (258)	total: 3m 23s	remaining: 11h 10m 28s
503:	learn: 0.0138250	test: 0.2793611	best: 0.2726200 (258)	total: 3m 23s	remaining: 11h 9m 34s
504:	learn: 0.0138079	test: 0.2793702	best: 0.2726200 (258)	total: 3m 23s	remaining: 11h 8m 42s
505:	learn: 0.0137844	test: 0.2793903	best: 0.2726200 (258)	total: 3m 23s	remaining: 11h 7m 51s
506:	learn: 0.0137517	test: 0.2794622	best: 0.2726200 (258)	total: 3m 23s	remaining: 11h 6m 59s
507:	learn: 0.0137233	test: 0.2795689	best: 0.2726200 (258)	total: 3m 24s	remaining: 11h 6m 6s
508:	learn: 0.0136995	test: 0.2795460	best: 0.2726200 (258)	total: 3m 24s	remaining: 11h 5m 14s
Stopped by overfitting detector  (250 iterations wait)

bestTest = 0.2726199884
bestIteration = 258

Shrink model to first 259 iterations.
is_turnpt_downward, 6, 0.75, 100000, 10, 0.5, RMSE, 202, Iter, 250, 0.4444444444444444, 0.07407407407407407
