transformed OHLCV at frequency 1D
reading cache of TXF in 1D OHLCV
feature: 97367270 has generated.
feature 97367270_lag1 has generated.
feature 97367270_lag2 has generated.
feature 97367270_lag3 has generated.
feature 97367270_lag4 has generated.
transformed OHLCV at frequency 1D
reading cache of TXF in 1D OHLCV
feature: 68488648 has generated.
feature 68488648_lag1 has generated.
feature 68488648_lag2 has generated.
feature 68488648_lag3 has generated.
feature 68488648_lag4 has generated.
transformed OHLCV at frequency 1D
reading cache of TXF in 1D OHLCV
feature: 56494646 has generated.
feature 56494646_lag1 has generated.
feature 56494646_lag2 has generated.
feature 56494646_lag3 has generated.
feature 56494646_lag4 has generated.
transformed OHLCV at frequency 1D
reading cache of TXF in 1D OHLCV
feature: 62918036 has generated.
feature 62918036_lag1 has generated.
feature 62918036_lag2 has generated.
feature 62918036_lag3 has generated.
feature 62918036_lag4 has generated.
transformed OHLCV at frequency 1D
reading cache of TXF in 1D OHLCV
feature: 09904850 has generated.
feature 09904850_lag1 has generated.
feature 09904850_lag2 has generated.
feature 09904850_lag3 has generated.
feature 09904850_lag4 has generated.
transformed OHLCV at frequency 1D
reading cache of TXF in 1D OHLCV
feature: 41716908 has generated.
feature 41716908_lag1 has generated.
feature 41716908_lag2 has generated.
feature 41716908_lag3 has generated.
feature 41716908_lag4 has generated.
transformed OHLCV at frequency 1D
reading cache of TXF in 1D OHLCV
feature: 22224505 has generated.
feature 22224505_lag1 has generated.
feature 22224505_lag2 has generated.
feature 22224505_lag3 has generated.
feature 22224505_lag4 has generated.
transformed OHLCV at frequency 1D
reading cache of TXF in 1D OHLCV
feature: 65400347 has generated.
feature 65400347_lag1 has generated.
feature 65400347_lag2 has generated.
feature 65400347_lag3 has generated.
feature 65400347_lag4 has generated.
transformed OHLCV at frequency 1D
reading cache of TXF in 1D OHLCV
feature: 79649739 has generated.
feature 79649739_lag1 has generated.
feature 79649739_lag2 has generated.
feature 79649739_lag3 has generated.
feature 79649739_lag4 has generated.
transformed OHLCV at frequency 1D
reading cache of TXF in 1D OHLCV
feature: 96290600 has generated.
feature 96290600_lag1 has generated.
feature 96290600_lag2 has generated.
feature 96290600_lag3 has generated.
feature 96290600_lag4 has generated.
transformed OHLCV at frequency 1D
reading cache of TXF in 1D OHLCV
feature: 38805934 has generated.
feature 38805934_lag1 has generated.
feature 38805934_lag2 has generated.
feature 38805934_lag3 has generated.
feature 38805934_lag4 has generated.
transformed OHLCV at frequency 1D
reading cache of TXF in 1D OHLCV
feature: 70807987 has generated.
feature 70807987_lag1 has generated.
feature 70807987_lag2 has generated.
feature 70807987_lag3 has generated.
feature 70807987_lag4 has generated.
transformed OHLCV at frequency 1D
reading cache of TXF in 1D OHLCV
feature: 05846388 has generated.
feature 05846388_lag1 has generated.
feature 05846388_lag2 has generated.
feature 05846388_lag3 has generated.
feature 05846388_lag4 has generated.
transformed OHLCV at frequency 1D
reading cache of TXF in 1D OHLCV
feature: 60827192 has generated.
feature 60827192_lag1 has generated.
feature 60827192_lag2 has generated.
feature 60827192_lag3 has generated.
feature 60827192_lag4 has generated.
transformed OHLCV at frequency 1D
reading cache of TXF in 1D OHLCV
feature: 32678710 has generated.
feature 32678710_lag1 has generated.
feature 32678710_lag2 has generated.
feature 32678710_lag3 has generated.
feature 32678710_lag4 has generated.
transformed OHLCV at frequency 1D
reading cache of TXF in 1D OHLCV
feature: 09074581 has generated.
feature 09074581_lag1 has generated.
feature 09074581_lag2 has generated.
feature 09074581_lag3 has generated.
feature 09074581_lag4 has generated.
transformed OHLCV at frequency 1D
reading cache of TXF in 1D OHLCV
feature: 95740378 has generated.
feature 95740378_lag1 has generated.
feature 95740378_lag2 has generated.
feature 95740378_lag3 has generated.
feature 95740378_lag4 has generated.
transformed OHLCV at frequency 1D
reading cache of TXF in 1D OHLCV
feature: 79761808 has generated.
feature 79761808_lag1 has generated.
feature 79761808_lag2 has generated.
feature 79761808_lag3 has generated.
feature 79761808_lag4 has generated.
transformed OHLCV at frequency 1D
reading cache of TXF in 1D OHLCV
feature: 40585393 has generated.
feature 40585393_lag1 has generated.
feature 40585393_lag2 has generated.
feature 40585393_lag3 has generated.
feature 40585393_lag4 has generated.
transformed OHLCV at frequency 1D
reading cache of TXF in 1D OHLCV
feature: 23530526 has generated.
feature 23530526_lag1 has generated.
feature 23530526_lag2 has generated.
feature 23530526_lag3 has generated.
feature 23530526_lag4 has generated.
transformed OHLCV at frequency 1D
reading cache of TXF in 1D OHLCV
feature: 64738114 has generated.
feature 64738114_lag1 has generated.
feature 64738114_lag2 has generated.
feature 64738114_lag3 has generated.
feature 64738114_lag4 has generated.
transformed OHLCV at frequency 1D
reading cache of TXF in 1D OHLCV
feature: 35321937 has generated.
feature 35321937_lag1 has generated.
feature 35321937_lag2 has generated.
feature 35321937_lag3 has generated.
feature 35321937_lag4 has generated.
transformed OHLCV at frequency 1D
reading cache of TXF in 1D OHLCV
feature: 16853914 has generated.
feature 16853914_lag1 has generated.
feature 16853914_lag2 has generated.
feature 16853914_lag3 has generated.
feature 16853914_lag4 has generated.
transformed OHLCV at frequency 1D
reading cache of TXF in 1D OHLCV
feature: 73272611 has generated.
feature 73272611_lag1 has generated.
feature 73272611_lag2 has generated.
feature 73272611_lag3 has generated.
feature 73272611_lag4 has generated.
transformed OHLCV at frequency 1D
reading cache of TXF in 1D OHLCV
feature: 98447210 has generated.
feature 98447210_lag1 has generated.
feature 98447210_lag2 has generated.
feature 98447210_lag3 has generated.
feature 98447210_lag4 has generated.
transformed OHLCV at frequency 1D
reading cache of TXF in 1D OHLCV
feature: 18654221 has generated.
feature 18654221_lag1 has generated.
feature 18654221_lag2 has generated.
feature 18654221_lag3 has generated.
feature 18654221_lag4 has generated.
transformed OHLCV at frequency 1D
reading cache of TXF in 1D OHLCV
feature: 86775622 has generated.
feature 86775622_lag1 has generated.
feature 86775622_lag2 has generated.
feature 86775622_lag3 has generated.
feature 86775622_lag4 has generated.
transformed OHLCV at frequency 1D
reading cache of TXF in 1D OHLCV
feature: 29303935 has generated.
feature 29303935_lag1 has generated.
feature 29303935_lag2 has generated.
feature 29303935_lag3 has generated.
feature 29303935_lag4 has generated.
transformed OHLCV at frequency 1D
reading cache of TXF in 1D OHLCV
feature: 95895325 has generated.
feature 95895325_lag1 has generated.
feature 95895325_lag2 has generated.
feature 95895325_lag3 has generated.
feature 95895325_lag4 has generated.
transformed OHLCV at frequency 1D
reading cache of TXF in 1D OHLCV
feature: 79527895 has generated.
feature 79527895_lag1 has generated.
feature 79527895_lag2 has generated.
feature 79527895_lag3 has generated.
feature 79527895_lag4 has generated.
transformed OHLCV at frequency 1D
reading cache of TXF in 1D OHLCV
feature: 20968309 has generated.
feature 20968309_lag1 has generated.
feature 20968309_lag2 has generated.
feature 20968309_lag3 has generated.
feature 20968309_lag4 has generated.
transformed OHLCV at frequency 1D
reading cache of TXF in 1D OHLCV
feature: 43266536 has generated.
feature 43266536_lag1 has generated.
feature 43266536_lag2 has generated.
feature 43266536_lag3 has generated.
feature 43266536_lag4 has generated.
transformed OHLCV at frequency 1D
reading cache of TXF in 1D OHLCV
feature: 38155758 has generated.
feature 38155758_lag1 has generated.
feature 38155758_lag2 has generated.
feature 38155758_lag3 has generated.
feature 38155758_lag4 has generated.
transformed OHLCV at frequency 1D
reading cache of TXF in 1D OHLCV
feature: 98334683 has generated.
feature 98334683_lag1 has generated.
feature 98334683_lag2 has generated.
feature 98334683_lag3 has generated.
feature 98334683_lag4 has generated.
transformed OHLCV at frequency 1D
reading cache of TXF in 1D OHLCV
feature: 08737879 has generated.
feature 08737879_lag1 has generated.
feature 08737879_lag2 has generated.
feature 08737879_lag3 has generated.
feature 08737879_lag4 has generated.
transformed OHLCV at frequency 1D
reading cache of TXF in 1D OHLCV
feature: 31387256 has generated.
feature 31387256_lag1 has generated.
feature 31387256_lag2 has generated.
feature 31387256_lag3 has generated.
feature 31387256_lag4 has generated.
transformed OHLCV at frequency 1D
reading cache of TXF in 1D OHLCV
feature: 85906314 has generated.
feature 85906314_lag1 has generated.
feature 85906314_lag2 has generated.
feature 85906314_lag3 has generated.
feature 85906314_lag4 has generated.
transformed OHLCV at frequency 1D
reading cache of TXF in 1D OHLCV
feature: 42576887 has generated.
feature 42576887_lag1 has generated.
feature 42576887_lag2 has generated.
feature 42576887_lag3 has generated.
feature 42576887_lag4 has generated.
transformed OHLCV at frequency 1D
reading cache of TXF in 1D OHLCV
feature: 29362743 has generated.
feature 29362743_lag1 has generated.
feature 29362743_lag2 has generated.
feature 29362743_lag3 has generated.
feature 29362743_lag4 has generated.
transformed OHLCV at frequency 1D
reading cache of TXF in 1D OHLCV
feature: 96105422 has generated.
feature 96105422_lag1 has generated.
feature 96105422_lag2 has generated.
feature 96105422_lag3 has generated.
feature 96105422_lag4 has generated.
transformed OHLCV at frequency 1D
reading cache of TXF in 1D OHLCV
feature: 77356892 has generated.
feature 77356892_lag1 has generated.
feature 77356892_lag2 has generated.
feature 77356892_lag3 has generated.
feature 77356892_lag4 has generated.
transformed OHLCV at frequency 1D
reading cache of TXF in 1D OHLCV
feature: 01615041 has generated.
feature 01615041_lag1 has generated.
feature 01615041_lag2 has generated.
feature 01615041_lag3 has generated.
feature 01615041_lag4 has generated.
transformed OHLCV at frequency 1D
reading cache of TXF in 1D OHLCV
feature: 72391189 has generated.
feature 72391189_lag1 has generated.
feature 72391189_lag2 has generated.
feature 72391189_lag3 has generated.
feature 72391189_lag4 has generated.
transformed OHLCV at frequency 1D
reading cache of TXF in 1D OHLCV
feature: 05236104 has generated.
feature 05236104_lag1 has generated.
feature 05236104_lag2 has generated.
feature 05236104_lag3 has generated.
feature 05236104_lag4 has generated.
transformed OHLCV at frequency 1D
reading cache of TXF in 1D OHLCV
feature: 64835975 has generated.
feature 64835975_lag1 has generated.
feature 64835975_lag2 has generated.
feature 64835975_lag3 has generated.
feature 64835975_lag4 has generated.
transformed OHLCV at frequency 1D
reading cache of TXF in 1D OHLCV
feature: 01082365 has generated.
feature 01082365_lag1 has generated.
feature 01082365_lag2 has generated.
feature 01082365_lag3 has generated.
feature 01082365_lag4 has generated.
transformed OHLCV at frequency 1D
reading cache of TXF in 1D OHLCV
feature: 94111142 has generated.
feature 94111142_lag1 has generated.
feature 94111142_lag2 has generated.
feature 94111142_lag3 has generated.
feature 94111142_lag4 has generated.
transformed OHLCV at frequency 1D
reading cache of TXF in 1D OHLCV
feature: 84940937 has generated.
feature 84940937_lag1 has generated.
feature 84940937_lag2 has generated.
feature 84940937_lag3 has generated.
feature 84940937_lag4 has generated.
transformed OHLCV at frequency 1D
reading cache of TXF in 1D OHLCV
feature: 72243738 has generated.
feature 72243738_lag1 has generated.
feature 72243738_lag2 has generated.
feature 72243738_lag3 has generated.
feature 72243738_lag4 has generated.
transformed OHLCV at frequency 1D
reading cache of TXF in 1D OHLCV
feature: 63872636 has generated.
feature 63872636_lag1 has generated.
feature 63872636_lag2 has generated.
feature 63872636_lag3 has generated.
feature 63872636_lag4 has generated.
transformed OHLCV at frequency 1D
reading cache of TXF in 1D OHLCV
feature: 12082156 has generated.
feature 12082156_lag1 has generated.
feature 12082156_lag2 has generated.
feature 12082156_lag3 has generated.
feature 12082156_lag4 has generated.
transformed OHLCV at frequency 1D
reading cache of TXF in 1D OHLCV
feature: 68213521 has generated.
feature 68213521_lag1 has generated.
feature 68213521_lag2 has generated.
feature 68213521_lag3 has generated.
feature 68213521_lag4 has generated.
transformed OHLCV at frequency 1D
reading cache of TXF in 1D OHLCV
feature: 27257567 has generated.
feature 27257567_lag1 has generated.
feature 27257567_lag2 has generated.
feature 27257567_lag3 has generated.
feature 27257567_lag4 has generated.
transformed OHLCV at frequency 1D
reading cache of TXF in 1D OHLCV
feature: 65532996 has generated.
feature 65532996_lag1 has generated.
feature 65532996_lag2 has generated.
feature 65532996_lag3 has generated.
feature 65532996_lag4 has generated.
transformed OHLCV at frequency 1D
reading cache of TXF in 1D OHLCV
feature: 66701434 has generated.
feature 66701434_lag1 has generated.
feature 66701434_lag2 has generated.
feature 66701434_lag3 has generated.
feature 66701434_lag4 has generated.
transformed OHLCV at frequency 1D
reading cache of TXF in 1D OHLCV
feature: 92195671 has generated.
feature 92195671_lag1 has generated.
feature 92195671_lag2 has generated.
feature 92195671_lag3 has generated.
feature 92195671_lag4 has generated.
transformed OHLCV at frequency 1D
reading cache of TXF in 1D OHLCV
feature: 38690895 has generated.
feature 38690895_lag1 has generated.
feature 38690895_lag2 has generated.
feature 38690895_lag3 has generated.
feature 38690895_lag4 has generated.
transformed OHLCV at frequency 1D
reading cache of TXF in 1D OHLCV
feature: 56076046 has generated.
feature 56076046_lag1 has generated.
feature 56076046_lag2 has generated.
feature 56076046_lag3 has generated.
feature 56076046_lag4 has generated.
transformed OHLCV at frequency 1D
reading cache of TXF in 1D OHLCV
feature: 92248921 has generated.
feature 92248921_lag1 has generated.
feature 92248921_lag2 has generated.
feature 92248921_lag3 has generated.
feature 92248921_lag4 has generated.
transformed OHLCV at frequency 1D
reading cache of TXF in 1D OHLCV
feature: 84331432 has generated.
feature 84331432_lag1 has generated.
feature 84331432_lag2 has generated.
feature 84331432_lag3 has generated.
feature 84331432_lag4 has generated.
transformed OHLCV at frequency 1D
reading cache of TXF in 1D OHLCV
feature: 74430244 has generated.
feature 74430244_lag1 has generated.
feature 74430244_lag2 has generated.
feature 74430244_lag3 has generated.
feature 74430244_lag4 has generated.
transformed OHLCV at frequency 1D
reading cache of TXF in 1D OHLCV
feature: 44070915 has generated.
feature 44070915_lag1 has generated.
feature 44070915_lag2 has generated.
feature 44070915_lag3 has generated.
feature 44070915_lag4 has generated.
transformed OHLCV at frequency 1D
reading cache of TXF in 1D OHLCV
feature: 62755712 has generated.
feature 62755712_lag1 has generated.
feature 62755712_lag2 has generated.
feature 62755712_lag3 has generated.
feature 62755712_lag4 has generated.
transformed OHLCV at frequency 1D
reading cache of TXF in 1D OHLCV
feature: 76453313 has generated.
feature 76453313_lag1 has generated.
feature 76453313_lag2 has generated.
feature 76453313_lag3 has generated.
feature 76453313_lag4 has generated.
transformed OHLCV at frequency 1D
reading cache of TXF in 1D OHLCV
feature: 55471756 has generated.
feature 55471756_lag1 has generated.
feature 55471756_lag2 has generated.
feature 55471756_lag3 has generated.
feature 55471756_lag4 has generated.
transformed OHLCV at frequency 1D
reading cache of TXF in 1D OHLCV
feature: 88127301 has generated.
feature 88127301_lag1 has generated.
feature 88127301_lag2 has generated.
feature 88127301_lag3 has generated.
feature 88127301_lag4 has generated.
transformed OHLCV at frequency 1D
reading cache of TXF in 1D OHLCV
feature: 00957305 has generated.
feature 00957305_lag1 has generated.
feature 00957305_lag2 has generated.
feature 00957305_lag3 has generated.
feature 00957305_lag4 has generated.
transformed OHLCV at frequency 1D
reading cache of TXF in 1D OHLCV
feature: 46067661 has generated.
feature 46067661_lag1 has generated.
feature 46067661_lag2 has generated.
feature 46067661_lag3 has generated.
feature 46067661_lag4 has generated.
transformed OHLCV at frequency 1D
reading cache of TXF in 1D OHLCV
feature: 37865502 has generated.
feature 37865502_lag1 has generated.
feature 37865502_lag2 has generated.
feature 37865502_lag3 has generated.
feature 37865502_lag4 has generated.
transformed OHLCV at frequency 1D
reading cache of TXF in 1D OHLCV
feature: 48032436 has generated.
feature 48032436_lag1 has generated.
feature 48032436_lag2 has generated.
feature 48032436_lag3 has generated.
feature 48032436_lag4 has generated.
transformed OHLCV at frequency 1D
reading cache of TXF in 1D OHLCV
feature: 27939058 has generated.
feature 27939058_lag1 has generated.
feature 27939058_lag2 has generated.
feature 27939058_lag3 has generated.
feature 27939058_lag4 has generated.
transformed OHLCV at frequency 1D
reading cache of TXF in 1D OHLCV
feature: 23569330 has generated.
feature 23569330_lag1 has generated.
feature 23569330_lag2 has generated.
feature 23569330_lag3 has generated.
feature 23569330_lag4 has generated.
transformed OHLCV at frequency 1D
reading cache of TXF in 1D OHLCV
feature: 22166205 has generated.
feature 22166205_lag1 has generated.
feature 22166205_lag2 has generated.
feature 22166205_lag3 has generated.
feature 22166205_lag4 has generated.
transformed OHLCV at frequency 1D
reading cache of TXF in 1D OHLCV
feature: 49320730 has generated.
feature 49320730_lag1 has generated.
feature 49320730_lag2 has generated.
feature 49320730_lag3 has generated.
feature 49320730_lag4 has generated.
transformed OHLCV at frequency 1D
reading cache of TXF in 1D OHLCV
0:	learn: 0.5005968	test: 0.6654008	best: 0.6654008 (0)	total: 769ms	remaining: 21h 20m 51s
1:	learn: 0.4176222	test: 0.6525745	best: 0.6525745 (1)	total: 1.34s	remaining: 18h 37m 4s
2:	learn: 0.3564494	test: 0.5527246	best: 0.5527246 (2)	total: 1.85s	remaining: 17h 9m 39s
3:	learn: 0.3241527	test: 0.4771646	best: 0.4771646 (3)	total: 2.54s	remaining: 17h 37m 59s
4:	learn: 0.3127839	test: 0.4626642	best: 0.4626642 (4)	total: 3.3s	remaining: 18h 19m 7s
5:	learn: 0.3021486	test: 0.4537777	best: 0.4537777 (5)	total: 4s	remaining: 18h 30m 27s
6:	learn: 0.2950105	test: 0.4425643	best: 0.4425643 (6)	total: 4.9s	remaining: 19h 26m 12s
7:	learn: 0.2816883	test: 0.4204157	best: 0.4204157 (7)	total: 5.95s	remaining: 20h 38m 31s
8:	learn: 0.2739521	test: 0.4162451	best: 0.4162451 (8)	total: 7.43s	remaining: 22h 56m 35s
9:	learn: 0.2665283	test: 0.4152926	best: 0.4152926 (9)	total: 8.77s	remaining: 1d 21m 25s
10:	learn: 0.2604841	test: 0.4113461	best: 0.4113461 (10)	total: 10.6s	remaining: 1d 2h 40m 6s
11:	learn: 0.2536282	test: 0.4037191	best: 0.4037191 (11)	total: 11.9s	remaining: 1d 3h 28m 11s
12:	learn: 0.2471992	test: 0.3971298	best: 0.3971298 (12)	total: 14.8s	remaining: 1d 7h 36m 58s
13:	learn: 0.2387431	test: 0.3937275	best: 0.3937275 (13)	total: 16.1s	remaining: 1d 7h 51m 45s
14:	learn: 0.2330492	test: 0.3860642	best: 0.3860642 (14)	total: 17.1s	remaining: 1d 7h 43m 6s
15:	learn: 0.2288665	test: 0.3841738	best: 0.3841738 (15)	total: 18s	remaining: 1d 7h 11m 25s
16:	learn: 0.2231915	test: 0.3818196	best: 0.3818196 (16)	total: 18.8s	remaining: 1d 6h 44m 26s
17:	learn: 0.2172827	test: 0.3799091	best: 0.3799091 (17)	total: 19.7s	remaining: 1d 6h 26m 51s
18:	learn: 0.2109446	test: 0.3760892	best: 0.3760892 (18)	total: 21.1s	remaining: 1d 6h 53m 34s
19:	learn: 0.2039737	test: 0.3706829	best: 0.3706829 (19)	total: 22.4s	remaining: 1d 7h 2m 20s
20:	learn: 0.1978493	test: 0.3670359	best: 0.3670359 (20)	total: 23.2s	remaining: 1d 6h 40m 15s
21:	learn: 0.1946046	test: 0.3658313	best: 0.3658313 (21)	total: 24s	remaining: 1d 6h 18m 38s
22:	learn: 0.1905458	test: 0.3636584	best: 0.3636584 (22)	total: 26.6s	remaining: 1d 8h 4m 30s
23:	learn: 0.1825475	test: 0.3591980	best: 0.3591980 (23)	total: 27.5s	remaining: 1d 7h 48m 53s
24:	learn: 0.1728502	test: 0.3568058	best: 0.3568058 (24)	total: 28.7s	remaining: 1d 7h 52m 57s
25:	learn: 0.1667756	test: 0.3530200	best: 0.3530200 (25)	total: 30s	remaining: 1d 8h 3m 55s
26:	learn: 0.1628545	test: 0.3500922	best: 0.3500922 (26)	total: 31.5s	remaining: 1d 8h 25m 36s
27:	learn: 0.1592453	test: 0.3485782	best: 0.3485782 (27)	total: 32.9s	remaining: 1d 8h 34m 49s
28:	learn: 0.1540282	test: 0.3460302	best: 0.3460302 (28)	total: 34s	remaining: 1d 8h 32m 43s
29:	learn: 0.1505412	test: 0.3437905	best: 0.3437905 (29)	total: 35.5s	remaining: 1d 8h 53m 17s
30:	learn: 0.1482150	test: 0.3429342	best: 0.3429342 (30)	total: 36.8s	remaining: 1d 8h 59m 51s
31:	learn: 0.1447038	test: 0.3412757	best: 0.3412757 (31)	total: 39s	remaining: 1d 9h 49m 29s
32:	learn: 0.1427090	test: 0.3398407	best: 0.3398407 (32)	total: 40.8s	remaining: 1d 10h 18m 27s
33:	learn: 0.1399713	test: 0.3385238	best: 0.3385238 (33)	total: 42.3s	remaining: 1d 10h 35m 8s
34:	learn: 0.1367709	test: 0.3357756	best: 0.3357756 (34)	total: 43.8s	remaining: 1d 10h 46m 10s
35:	learn: 0.1342590	test: 0.3348400	best: 0.3348400 (35)	total: 45s	remaining: 1d 10h 40m 58s
36:	learn: 0.1307903	test: 0.3334690	best: 0.3334690 (36)	total: 45.9s	remaining: 1d 10h 25m 9s
37:	learn: 0.1287277	test: 0.3319896	best: 0.3319896 (37)	total: 46.9s	remaining: 1d 10h 16m 48s
38:	learn: 0.1260765	test: 0.3299844	best: 0.3299844 (38)	total: 48.3s	remaining: 1d 10h 21m 23s
39:	learn: 0.1236594	test: 0.3286391	best: 0.3286391 (39)	total: 50s	remaining: 1d 10h 43m 23s
40:	learn: 0.1211124	test: 0.3262333	best: 0.3262333 (40)	total: 51.1s	remaining: 1d 10h 36m 9s
41:	learn: 0.1194379	test: 0.3251960	best: 0.3251960 (41)	total: 52.4s	remaining: 1d 10h 39m 48s
42:	learn: 0.1170002	test: 0.3238381	best: 0.3238381 (42)	total: 53.7s	remaining: 1d 10h 41m 14s
43:	learn: 0.1153124	test: 0.3236674	best: 0.3236674 (43)	total: 54.9s	remaining: 1d 10h 37m 3s
44:	learn: 0.1126251	test: 0.3222877	best: 0.3222877 (44)	total: 55.9s	remaining: 1d 10h 29m 12s
45:	learn: 0.1105468	test: 0.3206217	best: 0.3206217 (45)	total: 56.8s	remaining: 1d 10h 15m 38s
46:	learn: 0.1084257	test: 0.3191600	best: 0.3191600 (46)	total: 57.7s	remaining: 1d 10h 5m 20s
47:	learn: 0.1065336	test: 0.3179546	best: 0.3179546 (47)	total: 58.9s	remaining: 1d 10h 2m 49s
48:	learn: 0.1039861	test: 0.3169424	best: 0.3169424 (48)	total: 59.8s	remaining: 1d 9h 52m 14s
49:	learn: 0.1006077	test: 0.3133290	best: 0.3133290 (49)	total: 1m	remaining: 1d 9h 42m 33s
50:	learn: 0.0992970	test: 0.3118489	best: 0.3118489 (50)	total: 1m 1s	remaining: 1d 9h 34m 14s
51:	learn: 0.0970569	test: 0.3110113	best: 0.3110113 (51)	total: 1m 2s	remaining: 1d 9h 27m 28s
52:	learn: 0.0958508	test: 0.3107977	best: 0.3107977 (52)	total: 1m 3s	remaining: 1d 9h 27m 36s
53:	learn: 0.0932981	test: 0.3096250	best: 0.3096250 (53)	total: 1m 4s	remaining: 1d 9h 17m 23s
54:	learn: 0.0919184	test: 0.3086839	best: 0.3086839 (54)	total: 1m 5s	remaining: 1d 9h 9m
55:	learn: 0.0907850	test: 0.3082871	best: 0.3082871 (55)	total: 1m 6s	remaining: 1d 9h 3m 23s
56:	learn: 0.0888966	test: 0.3065595	best: 0.3065595 (56)	total: 1m 7s	remaining: 1d 8h 55m 8s
57:	learn: 0.0872699	test: 0.3060736	best: 0.3060736 (57)	total: 1m 8s	remaining: 1d 8h 52m 29s
58:	learn: 0.0863082	test: 0.3052870	best: 0.3052870 (58)	total: 1m 9s	remaining: 1d 8h 56m 7s
59:	learn: 0.0850875	test: 0.3048680	best: 0.3048680 (59)	total: 1m 11s	remaining: 1d 8h 53m 50s
60:	learn: 0.0841144	test: 0.3045850	best: 0.3045850 (60)	total: 1m 13s	remaining: 1d 9h 20m 5s
61:	learn: 0.0829586	test: 0.3041413	best: 0.3041413 (61)	total: 1m 14s	remaining: 1d 9h 19m 52s
62:	learn: 0.0807268	test: 0.3014991	best: 0.3014991 (62)	total: 1m 15s	remaining: 1d 9h 15m 25s
63:	learn: 0.0798397	test: 0.3009746	best: 0.3009746 (63)	total: 1m 16s	remaining: 1d 9h 14m 5s
64:	learn: 0.0787645	test: 0.3003873	best: 0.3003873 (64)	total: 1m 18s	remaining: 1d 9h 20m 21s
65:	learn: 0.0767943	test: 0.2990281	best: 0.2990281 (65)	total: 1m 19s	remaining: 1d 9h 23m 50s
66:	learn: 0.0758317	test: 0.2984857	best: 0.2984857 (66)	total: 1m 21s	remaining: 1d 9h 56m 28s
67:	learn: 0.0750543	test: 0.2980804	best: 0.2980804 (67)	total: 1m 23s	remaining: 1d 10h 4m 52s
68:	learn: 0.0740778	test: 0.2976106	best: 0.2976106 (68)	total: 1m 24s	remaining: 1d 10h 10m 37s
69:	learn: 0.0718472	test: 0.2958768	best: 0.2958768 (69)	total: 1m 26s	remaining: 1d 10h 13m 20s
70:	learn: 0.0705180	test: 0.2945463	best: 0.2945463 (70)	total: 1m 27s	remaining: 1d 10h 21m 23s
71:	learn: 0.0692935	test: 0.2940514	best: 0.2940514 (71)	total: 1m 29s	remaining: 1d 10h 28m 14s
72:	learn: 0.0682252	test: 0.2936546	best: 0.2936546 (72)	total: 1m 30s	remaining: 1d 10h 26m 21s
73:	learn: 0.0663205	test: 0.2919099	best: 0.2919099 (73)	total: 1m 31s	remaining: 1d 10h 23m 5s
74:	learn: 0.0655431	test: 0.2915312	best: 0.2915312 (74)	total: 1m 33s	remaining: 1d 10h 37m 12s
75:	learn: 0.0647976	test: 0.2912606	best: 0.2912606 (75)	total: 1m 35s	remaining: 1d 10h 42m 49s
76:	learn: 0.0637685	test: 0.2911823	best: 0.2911823 (76)	total: 1m 36s	remaining: 1d 10h 53m 11s
77:	learn: 0.0634051	test: 0.2909667	best: 0.2909667 (77)	total: 1m 38s	remaining: 1d 10h 59m 47s
78:	learn: 0.0627295	test: 0.2904529	best: 0.2904529 (78)	total: 1m 39s	remaining: 1d 11h 3m 18s
79:	learn: 0.0622791	test: 0.2901877	best: 0.2901877 (79)	total: 1m 40s	remaining: 1d 11h 1m 46s
80:	learn: 0.0617878	test: 0.2901904	best: 0.2901877 (79)	total: 1m 42s	remaining: 1d 11h 12m 50s
81:	learn: 0.0611759	test: 0.2896373	best: 0.2896373 (81)	total: 1m 44s	remaining: 1d 11h 20m 57s
82:	learn: 0.0601209	test: 0.2899337	best: 0.2896373 (81)	total: 1m 45s	remaining: 1d 11h 24m 42s
83:	learn: 0.0594866	test: 0.2890571	best: 0.2890571 (83)	total: 1m 47s	remaining: 1d 11h 25m 45s
84:	learn: 0.0586843	test: 0.2885655	best: 0.2885655 (84)	total: 1m 49s	remaining: 1d 11h 44m 41s
85:	learn: 0.0579565	test: 0.2879072	best: 0.2879072 (85)	total: 1m 50s	remaining: 1d 11h 48m 44s
86:	learn: 0.0575062	test: 0.2876754	best: 0.2876754 (86)	total: 1m 52s	remaining: 1d 11h 55m 53s
87:	learn: 0.0568986	test: 0.2876372	best: 0.2876372 (87)	total: 1m 54s	remaining: 1d 12h 13m 52s
88:	learn: 0.0562831	test: 0.2877730	best: 0.2876372 (87)	total: 1m 56s	remaining: 1d 12h 21m 18s
89:	learn: 0.0553393	test: 0.2873249	best: 0.2873249 (89)	total: 1m 58s	remaining: 1d 12h 24m 54s
90:	learn: 0.0546739	test: 0.2869271	best: 0.2869271 (90)	total: 1m 59s	remaining: 1d 12h 26m 20s
91:	learn: 0.0536068	test: 0.2864007	best: 0.2864007 (91)	total: 2m	remaining: 1d 12h 26m 16s
92:	learn: 0.0529139	test: 0.2865465	best: 0.2864007 (91)	total: 2m 2s	remaining: 1d 12h 33m 48s
93:	learn: 0.0522536	test: 0.2864250	best: 0.2864007 (91)	total: 2m 4s	remaining: 1d 12h 40m 28s
94:	learn: 0.0510372	test: 0.2861396	best: 0.2861396 (94)	total: 2m 5s	remaining: 1d 12h 43m 3s
95:	learn: 0.0504731	test: 0.2861622	best: 0.2861396 (94)	total: 2m 7s	remaining: 1d 12h 45m 46s
96:	learn: 0.0501496	test: 0.2859931	best: 0.2859931 (96)	total: 2m 8s	remaining: 1d 12h 44m 27s
97:	learn: 0.0496330	test: 0.2856710	best: 0.2856710 (97)	total: 2m 9s	remaining: 1d 12h 42m 31s
98:	learn: 0.0491995	test: 0.2856798	best: 0.2856710 (97)	total: 2m 11s	remaining: 1d 12h 44m
99:	learn: 0.0487511	test: 0.2855558	best: 0.2855558 (99)	total: 2m 12s	remaining: 1d 12h 45m 12s
100:	learn: 0.0484135	test: 0.2854373	best: 0.2854373 (100)	total: 2m 13s	remaining: 1d 12h 42m 34s
101:	learn: 0.0479513	test: 0.2853777	best: 0.2853777 (101)	total: 2m 15s	remaining: 1d 12h 43m 50s
102:	learn: 0.0473298	test: 0.2853663	best: 0.2853663 (102)	total: 2m 16s	remaining: 1d 12h 47m 50s
103:	learn: 0.0467596	test: 0.2854858	best: 0.2853663 (102)	total: 2m 18s	remaining: 1d 12h 50m 11s
104:	learn: 0.0460178	test: 0.2852926	best: 0.2852926 (104)	total: 2m 19s	remaining: 1d 12h 56m 36s
105:	learn: 0.0458041	test: 0.2852349	best: 0.2852349 (105)	total: 2m 21s	remaining: 1d 13h 1m 11s
106:	learn: 0.0455222	test: 0.2849013	best: 0.2849013 (106)	total: 2m 22s	remaining: 1d 13h 3m
107:	learn: 0.0451810	test: 0.2850019	best: 0.2849013 (106)	total: 2m 24s	remaining: 1d 13h 9m 10s
108:	learn: 0.0449123	test: 0.2849941	best: 0.2849013 (106)	total: 2m 25s	remaining: 1d 13h 7m 33s
109:	learn: 0.0445748	test: 0.2849735	best: 0.2849013 (106)	total: 2m 26s	remaining: 1d 13h 4m 37s
110:	learn: 0.0443239	test: 0.2848672	best: 0.2848672 (110)	total: 2m 28s	remaining: 1d 13h 5m 37s
111:	learn: 0.0437771	test: 0.2841068	best: 0.2841068 (111)	total: 2m 30s	remaining: 1d 13h 9m 55s
112:	learn: 0.0435083	test: 0.2840215	best: 0.2840215 (112)	total: 2m 31s	remaining: 1d 13h 11m 12s
113:	learn: 0.0430501	test: 0.2838783	best: 0.2838783 (113)	total: 2m 32s	remaining: 1d 13h 11m 36s
114:	learn: 0.0428581	test: 0.2839117	best: 0.2838783 (113)	total: 2m 34s	remaining: 1d 13h 13m 22s
115:	learn: 0.0425890	test: 0.2837323	best: 0.2837323 (115)	total: 2m 35s	remaining: 1d 13h 18m 19s
116:	learn: 0.0423489	test: 0.2836414	best: 0.2836414 (116)	total: 2m 37s	remaining: 1d 13h 22m 12s
117:	learn: 0.0419958	test: 0.2833937	best: 0.2833937 (117)	total: 2m 38s	remaining: 1d 13h 22m 49s
118:	learn: 0.0416509	test: 0.2835075	best: 0.2833937 (117)	total: 2m 40s	remaining: 1d 13h 27m 49s
119:	learn: 0.0413194	test: 0.2833708	best: 0.2833708 (119)	total: 2m 42s	remaining: 1d 13h 30m 23s
120:	learn: 0.0410327	test: 0.2832646	best: 0.2832646 (120)	total: 2m 43s	remaining: 1d 13h 32m 17s
121:	learn: 0.0404781	test: 0.2832069	best: 0.2832069 (121)	total: 2m 44s	remaining: 1d 13h 29m 51s
122:	learn: 0.0401671	test: 0.2831046	best: 0.2831046 (122)	total: 2m 46s	remaining: 1d 13h 31m 28s
123:	learn: 0.0399080	test: 0.2831084	best: 0.2831046 (122)	total: 2m 47s	remaining: 1d 13h 31m 17s
124:	learn: 0.0396435	test: 0.2830368	best: 0.2830368 (124)	total: 2m 49s	remaining: 1d 13h 33m 22s
125:	learn: 0.0392980	test: 0.2829196	best: 0.2829196 (125)	total: 2m 52s	remaining: 1d 13h 54m 5s
126:	learn: 0.0386999	test: 0.2831934	best: 0.2829196 (125)	total: 2m 54s	remaining: 1d 14h 11m 12s
127:	learn: 0.0383819	test: 0.2830434	best: 0.2829196 (125)	total: 2m 56s	remaining: 1d 14h 15m 57s
128:	learn: 0.0378988	test: 0.2838402	best: 0.2829196 (125)	total: 2m 58s	remaining: 1d 14h 19m 36s
129:	learn: 0.0370638	test: 0.2835071	best: 0.2829196 (125)	total: 2m 59s	remaining: 1d 14h 20m 7s
130:	learn: 0.0368167	test: 0.2837844	best: 0.2829196 (125)	total: 3m 1s	remaining: 1d 14h 28m 54s
131:	learn: 0.0366217	test: 0.2838235	best: 0.2829196 (125)	total: 3m 3s	remaining: 1d 14h 37m 59s
132:	learn: 0.0364519	test: 0.2838721	best: 0.2829196 (125)	total: 3m 5s	remaining: 1d 14h 38m 47s
133:	learn: 0.0360888	test: 0.2840696	best: 0.2829196 (125)	total: 3m 6s	remaining: 1d 14h 41m 3s
134:	learn: 0.0358601	test: 0.2840983	best: 0.2829196 (125)	total: 3m 8s	remaining: 1d 14h 39m 50s
135:	learn: 0.0356639	test: 0.2840195	best: 0.2829196 (125)	total: 3m 9s	remaining: 1d 14h 33m 29s
136:	learn: 0.0354511	test: 0.2837282	best: 0.2829196 (125)	total: 3m 10s	remaining: 1d 14h 30m 32s
137:	learn: 0.0352056	test: 0.2834413	best: 0.2829196 (125)	total: 3m 11s	remaining: 1d 14h 27m 58s
138:	learn: 0.0350027	test: 0.2832565	best: 0.2829196 (125)	total: 3m 12s	remaining: 1d 14h 25m 47s
139:	learn: 0.0347313	test: 0.2830543	best: 0.2829196 (125)	total: 3m 14s	remaining: 1d 14h 26m 26s
140:	learn: 0.0344664	test: 0.2829029	best: 0.2829029 (140)	total: 3m 15s	remaining: 1d 14h 27m 19s
141:	learn: 0.0342991	test: 0.2826809	best: 0.2826809 (141)	total: 3m 17s	remaining: 1d 14h 31m 46s
142:	learn: 0.0341300	test: 0.2824031	best: 0.2824031 (142)	total: 3m 20s	remaining: 1d 14h 50m 1s
143:	learn: 0.0339122	test: 0.2821601	best: 0.2821601 (143)	total: 3m 21s	remaining: 1d 14h 51m 36s
144:	learn: 0.0336723	test: 0.2821141	best: 0.2821141 (144)	total: 3m 23s	remaining: 1d 14h 50m 50s
145:	learn: 0.0333648	test: 0.2816915	best: 0.2816915 (145)	total: 3m 25s	remaining: 1d 15h 4m
146:	learn: 0.0331982	test: 0.2815544	best: 0.2815544 (146)	total: 3m 26s	remaining: 1d 15h 3m 25s
147:	learn: 0.0330249	test: 0.2815494	best: 0.2815494 (147)	total: 3m 28s	remaining: 1d 15h 4m 3s
148:	learn: 0.0328722	test: 0.2816023	best: 0.2815494 (147)	total: 3m 29s	remaining: 1d 15h 21s
149:	learn: 0.0325218	test: 0.2816801	best: 0.2815494 (147)	total: 3m 31s	remaining: 1d 15h 1m 24s
150:	learn: 0.0323153	test: 0.2818608	best: 0.2815494 (147)	total: 3m 32s	remaining: 1d 15h 2m 53s
151:	learn: 0.0321281	test: 0.2820807	best: 0.2815494 (147)	total: 3m 33s	remaining: 1d 15h 1m 38s
152:	learn: 0.0317865	test: 0.2818947	best: 0.2815494 (147)	total: 3m 34s	remaining: 1d 14h 57m 5s
153:	learn: 0.0315812	test: 0.2819541	best: 0.2815494 (147)	total: 3m 35s	remaining: 1d 14h 50m 51s
154:	learn: 0.0312799	test: 0.2820481	best: 0.2815494 (147)	total: 3m 36s	remaining: 1d 14h 48m 18s
155:	learn: 0.0310915	test: 0.2819350	best: 0.2815494 (147)	total: 3m 37s	remaining: 1d 14h 42m 45s
156:	learn: 0.0307691	test: 0.2820605	best: 0.2815494 (147)	total: 3m 38s	remaining: 1d 14h 36m 54s
157:	learn: 0.0306597	test: 0.2820404	best: 0.2815494 (147)	total: 3m 39s	remaining: 1d 14h 31m 15s
158:	learn: 0.0305198	test: 0.2820213	best: 0.2815494 (147)	total: 3m 40s	remaining: 1d 14h 28m 36s
159:	learn: 0.0302676	test: 0.2819296	best: 0.2815494 (147)	total: 3m 41s	remaining: 1d 14h 28m 37s
160:	learn: 0.0300584	test: 0.2818913	best: 0.2815494 (147)	total: 3m 43s	remaining: 1d 14h 27m 40s
161:	learn: 0.0299203	test: 0.2819534	best: 0.2815494 (147)	total: 3m 44s	remaining: 1d 14h 24m 4s
162:	learn: 0.0297644	test: 0.2822424	best: 0.2815494 (147)	total: 3m 45s	remaining: 1d 14h 21m 31s
163:	learn: 0.0296106	test: 0.2823770	best: 0.2815494 (147)	total: 3m 47s	remaining: 1d 14h 24m 4s
164:	learn: 0.0293544	test: 0.2826611	best: 0.2815494 (147)	total: 3m 48s	remaining: 1d 14h 22m 47s
165:	learn: 0.0292365	test: 0.2825733	best: 0.2815494 (147)	total: 3m 49s	remaining: 1d 14h 24m 25s
166:	learn: 0.0290986	test: 0.2824898	best: 0.2815494 (147)	total: 3m 50s	remaining: 1d 14h 19m 49s
167:	learn: 0.0289380	test: 0.2825443	best: 0.2815494 (147)	total: 3m 51s	remaining: 1d 14h 15m 18s
168:	learn: 0.0287440	test: 0.2824936	best: 0.2815494 (147)	total: 3m 53s	remaining: 1d 14h 15m 30s
169:	learn: 0.0285645	test: 0.2826781	best: 0.2815494 (147)	total: 3m 54s	remaining: 1d 14h 18m 54s
170:	learn: 0.0281934	test: 0.2830550	best: 0.2815494 (147)	total: 3m 56s	remaining: 1d 14h 17m 26s
171:	learn: 0.0281192	test: 0.2830177	best: 0.2815494 (147)	total: 3m 57s	remaining: 1d 14h 19m 43s
172:	learn: 0.0280303	test: 0.2829912	best: 0.2815494 (147)	total: 4m	remaining: 1d 14h 30m 15s
173:	learn: 0.0278612	test: 0.2829933	best: 0.2815494 (147)	total: 4m 2s	remaining: 1d 14h 43m
174:	learn: 0.0277605	test: 0.2829867	best: 0.2815494 (147)	total: 4m 4s	remaining: 1d 14h 42m 20s
175:	learn: 0.0276421	test: 0.2831752	best: 0.2815494 (147)	total: 4m 5s	remaining: 1d 14h 44m 26s
176:	learn: 0.0275156	test: 0.2831475	best: 0.2815494 (147)	total: 4m 7s	remaining: 1d 14h 44m 3s
177:	learn: 0.0273609	test: 0.2831784	best: 0.2815494 (147)	total: 4m 8s	remaining: 1d 14h 44m 59s
178:	learn: 0.0272201	test: 0.2833217	best: 0.2815494 (147)	total: 4m 10s	remaining: 1d 14h 45m 8s
179:	learn: 0.0271107	test: 0.2833858	best: 0.2815494 (147)	total: 4m 11s	remaining: 1d 14h 46m 48s
180:	learn: 0.0269876	test: 0.2834187	best: 0.2815494 (147)	total: 4m 13s	remaining: 1d 14h 48m 15s
181:	learn: 0.0268860	test: 0.2833058	best: 0.2815494 (147)	total: 4m 14s	remaining: 1d 14h 49m 28s
182:	learn: 0.0266962	test: 0.2836174	best: 0.2815494 (147)	total: 4m 16s	remaining: 1d 14h 49m 55s
183:	learn: 0.0264276	test: 0.2839335	best: 0.2815494 (147)	total: 4m 17s	remaining: 1d 14h 51m 14s
184:	learn: 0.0263203	test: 0.2840660	best: 0.2815494 (147)	total: 4m 19s	remaining: 1d 14h 52m 1s
185:	learn: 0.0261552	test: 0.2838170	best: 0.2815494 (147)	total: 4m 20s	remaining: 1d 14h 54m 8s
186:	learn: 0.0260633	test: 0.2838146	best: 0.2815494 (147)	total: 4m 22s	remaining: 1d 14h 52m 51s
187:	learn: 0.0259107	test: 0.2838181	best: 0.2815494 (147)	total: 4m 23s	remaining: 1d 14h 52m 55s
188:	learn: 0.0258048	test: 0.2838940	best: 0.2815494 (147)	total: 4m 26s	remaining: 1d 15h 6m
189:	learn: 0.0256909	test: 0.2840512	best: 0.2815494 (147)	total: 4m 28s	remaining: 1d 15h 8m 25s
190:	learn: 0.0252450	test: 0.2852210	best: 0.2815494 (147)	total: 4m 29s	remaining: 1d 15h 8m 46s
191:	learn: 0.0251273	test: 0.2851659	best: 0.2815494 (147)	total: 4m 31s	remaining: 1d 15h 11m 46s
192:	learn: 0.0250564	test: 0.2851509	best: 0.2815494 (147)	total: 4m 32s	remaining: 1d 15h 11m 17s
193:	learn: 0.0249476	test: 0.2851436	best: 0.2815494 (147)	total: 4m 34s	remaining: 1d 15h 12m 44s
194:	learn: 0.0248597	test: 0.2852142	best: 0.2815494 (147)	total: 4m 35s	remaining: 1d 15h 13m 20s
195:	learn: 0.0247217	test: 0.2851342	best: 0.2815494 (147)	total: 4m 37s	remaining: 1d 15h 15m 32s
196:	learn: 0.0245765	test: 0.2851549	best: 0.2815494 (147)	total: 4m 39s	remaining: 1d 15h 17m
197:	learn: 0.0244870	test: 0.2850888	best: 0.2815494 (147)	total: 4m 40s	remaining: 1d 15h 17m 25s
198:	learn: 0.0243480	test: 0.2850108	best: 0.2815494 (147)	total: 4m 41s	remaining: 1d 15h 14m 53s
199:	learn: 0.0242575	test: 0.2850682	best: 0.2815494 (147)	total: 4m 43s	remaining: 1d 15h 19m 1s
200:	learn: 0.0241275	test: 0.2852342	best: 0.2815494 (147)	total: 4m 45s	remaining: 1d 15h 21m 11s
201:	learn: 0.0239865	test: 0.2852100	best: 0.2815494 (147)	total: 4m 46s	remaining: 1d 15h 19m 51s
202:	learn: 0.0238975	test: 0.2851801	best: 0.2815494 (147)	total: 4m 47s	remaining: 1d 15h 15m 13s
203:	learn: 0.0237773	test: 0.2848935	best: 0.2815494 (147)	total: 4m 48s	remaining: 1d 15h 11m 35s
204:	learn: 0.0236514	test: 0.2850794	best: 0.2815494 (147)	total: 4m 49s	remaining: 1d 15h 6m 52s
205:	learn: 0.0235278	test: 0.2850789	best: 0.2815494 (147)	total: 4m 50s	remaining: 1d 15h 2m 51s
206:	learn: 0.0233982	test: 0.2850122	best: 0.2815494 (147)	total: 4m 51s	remaining: 1d 15h 3m 16s
207:	learn: 0.0233085	test: 0.2849848	best: 0.2815494 (147)	total: 4m 53s	remaining: 1d 15h 7m 21s
208:	learn: 0.0230382	test: 0.2854680	best: 0.2815494 (147)	total: 4m 55s	remaining: 1d 15h 9m 7s
209:	learn: 0.0229217	test: 0.2857715	best: 0.2815494 (147)	total: 4m 56s	remaining: 1d 15h 9m 27s
210:	learn: 0.0228307	test: 0.2857672	best: 0.2815494 (147)	total: 4m 57s	remaining: 1d 15h 8m 21s
211:	learn: 0.0227444	test: 0.2857675	best: 0.2815494 (147)	total: 4m 59s	remaining: 1d 15h 7m 53s
212:	learn: 0.0225925	test: 0.2853009	best: 0.2815494 (147)	total: 5m	remaining: 1d 15h 6m 9s
213:	learn: 0.0225268	test: 0.2852930	best: 0.2815494 (147)	total: 5m 1s	remaining: 1d 15h 5m 50s
214:	learn: 0.0224573	test: 0.2852693	best: 0.2815494 (147)	total: 5m 2s	remaining: 1d 15h 3m 25s
215:	learn: 0.0223238	test: 0.2851705	best: 0.2815494 (147)	total: 5m 3s	remaining: 1d 14h 59m
216:	learn: 0.0221823	test: 0.2852164	best: 0.2815494 (147)	total: 5m 5s	remaining: 1d 14h 58m 30s
217:	learn: 0.0219852	test: 0.2853013	best: 0.2815494 (147)	total: 5m 6s	remaining: 1d 14h 57m 44s
218:	learn: 0.0218518	test: 0.2854930	best: 0.2815494 (147)	total: 5m 7s	remaining: 1d 14h 54m 28s
219:	learn: 0.0217699	test: 0.2854901	best: 0.2815494 (147)	total: 5m 8s	remaining: 1d 14h 51m 50s
220:	learn: 0.0216522	test: 0.2856000	best: 0.2815494 (147)	total: 5m 9s	remaining: 1d 14h 49m 48s
221:	learn: 0.0215785	test: 0.2856888	best: 0.2815494 (147)	total: 5m 11s	remaining: 1d 14h 50m 45s
222:	learn: 0.0214146	test: 0.2858172	best: 0.2815494 (147)	total: 5m 12s	remaining: 1d 14h 49m 29s
223:	learn: 0.0213259	test: 0.2858356	best: 0.2815494 (147)	total: 5m 13s	remaining: 1d 14h 49m 48s
224:	learn: 0.0212512	test: 0.2858359	best: 0.2815494 (147)	total: 5m 15s	remaining: 1d 14h 52m 4s
225:	learn: 0.0210751	test: 0.2860812	best: 0.2815494 (147)	total: 5m 16s	remaining: 1d 14h 49m 44s
226:	learn: 0.0209650	test: 0.2859480	best: 0.2815494 (147)	total: 5m 17s	remaining: 1d 14h 48m 58s
227:	learn: 0.0209017	test: 0.2860037	best: 0.2815494 (147)	total: 5m 18s	remaining: 1d 14h 46m 5s
228:	learn: 0.0208084	test: 0.2860750	best: 0.2815494 (147)	total: 5m 19s	remaining: 1d 14h 42m 36s
229:	learn: 0.0207314	test: 0.2860613	best: 0.2815494 (147)	total: 5m 21s	remaining: 1d 14h 40m 44s
230:	learn: 0.0206489	test: 0.2861698	best: 0.2815494 (147)	total: 5m 22s	remaining: 1d 14h 42m 2s
231:	learn: 0.0205670	test: 0.2860232	best: 0.2815494 (147)	total: 5m 23s	remaining: 1d 14h 39m 16s
232:	learn: 0.0204929	test: 0.2860117	best: 0.2815494 (147)	total: 5m 24s	remaining: 1d 14h 37m 44s
233:	learn: 0.0204018	test: 0.2861196	best: 0.2815494 (147)	total: 5m 25s	remaining: 1d 14h 34m 42s
234:	learn: 0.0202226	test: 0.2867075	best: 0.2815494 (147)	total: 5m 26s	remaining: 1d 14h 30m 38s
235:	learn: 0.0200828	test: 0.2866811	best: 0.2815494 (147)	total: 5m 27s	remaining: 1d 14h 27m 52s
236:	learn: 0.0199732	test: 0.2870365	best: 0.2815494 (147)	total: 5m 28s	remaining: 1d 14h 27m 43s
237:	learn: 0.0199051	test: 0.2870361	best: 0.2815494 (147)	total: 5m 30s	remaining: 1d 14h 27m 36s
238:	learn: 0.0198590	test: 0.2870991	best: 0.2815494 (147)	total: 5m 31s	remaining: 1d 14h 25m 27s
239:	learn: 0.0197879	test: 0.2871808	best: 0.2815494 (147)	total: 5m 32s	remaining: 1d 14h 22m 18s
240:	learn: 0.0197309	test: 0.2872900	best: 0.2815494 (147)	total: 5m 33s	remaining: 1d 14h 21m 48s
241:	learn: 0.0196728	test: 0.2872933	best: 0.2815494 (147)	total: 5m 34s	remaining: 1d 14h 18m 2s
242:	learn: 0.0196048	test: 0.2872543	best: 0.2815494 (147)	total: 5m 35s	remaining: 1d 14h 14m 36s
243:	learn: 0.0195261	test: 0.2869892	best: 0.2815494 (147)	total: 5m 36s	remaining: 1d 14h 11m 50s
244:	learn: 0.0193842	test: 0.2872560	best: 0.2815494 (147)	total: 5m 37s	remaining: 1d 14h 8m 29s
245:	learn: 0.0193175	test: 0.2874496	best: 0.2815494 (147)	total: 5m 38s	remaining: 1d 14h 7m 4s
246:	learn: 0.0192202	test: 0.2874382	best: 0.2815494 (147)	total: 5m 39s	remaining: 1d 14h 3m 35s
247:	learn: 0.0191180	test: 0.2876808	best: 0.2815494 (147)	total: 5m 39s	remaining: 1d 13h 58m 42s
248:	learn: 0.0190589	test: 0.2876688	best: 0.2815494 (147)	total: 5m 40s	remaining: 1d 13h 55m 59s
249:	learn: 0.0190082	test: 0.2876915	best: 0.2815494 (147)	total: 5m 42s	remaining: 1d 13h 58m 48s
250:	learn: 0.0188788	test: 0.2877544	best: 0.2815494 (147)	total: 5m 43s	remaining: 1d 13h 57m 50s
251:	learn: 0.0188243	test: 0.2876950	best: 0.2815494 (147)	total: 5m 44s	remaining: 1d 13h 55m 25s
252:	learn: 0.0187385	test: 0.2877602	best: 0.2815494 (147)	total: 5m 46s	remaining: 1d 13h 55m 14s
253:	learn: 0.0186912	test: 0.2878022	best: 0.2815494 (147)	total: 5m 47s	remaining: 1d 13h 54m 18s
254:	learn: 0.0186228	test: 0.2878017	best: 0.2815494 (147)	total: 5m 48s	remaining: 1d 13h 54m
255:	learn: 0.0185519	test: 0.2877609	best: 0.2815494 (147)	total: 5m 51s	remaining: 1d 14h 14s
256:	learn: 0.0184718	test: 0.2877777	best: 0.2815494 (147)	total: 5m 52s	remaining: 1d 14h 22s
257:	learn: 0.0184239	test: 0.2878128	best: 0.2815494 (147)	total: 5m 54s	remaining: 1d 14h 2m 3s
258:	learn: 0.0183328	test: 0.2881577	best: 0.2815494 (147)	total: 5m 55s	remaining: 1d 14h 1m 31s
259:	learn: 0.0182842	test: 0.2882614	best: 0.2815494 (147)	total: 5m 56s	remaining: 1d 14h 1m 18s
260:	learn: 0.0182407	test: 0.2882915	best: 0.2815494 (147)	total: 5m 58s	remaining: 1d 14h 43s
261:	learn: 0.0181804	test: 0.2883359	best: 0.2815494 (147)	total: 5m 59s	remaining: 1d 14h 2m
262:	learn: 0.0181297	test: 0.2883016	best: 0.2815494 (147)	total: 6m 1s	remaining: 1d 14h 1m 57s
263:	learn: 0.0180698	test: 0.2882797	best: 0.2815494 (147)	total: 6m 2s	remaining: 1d 14h 4m 53s
264:	learn: 0.0179907	test: 0.2881205	best: 0.2815494 (147)	total: 6m 4s	remaining: 1d 14h 4m 17s
265:	learn: 0.0178563	test: 0.2881619	best: 0.2815494 (147)	total: 6m 5s	remaining: 1d 14h 3m 53s
266:	learn: 0.0177745	test: 0.2881474	best: 0.2815494 (147)	total: 6m 7s	remaining: 1d 14h 5m 28s
267:	learn: 0.0176841	test: 0.2880465	best: 0.2815494 (147)	total: 6m 8s	remaining: 1d 14h 6m 6s
268:	learn: 0.0176000	test: 0.2881342	best: 0.2815494 (147)	total: 6m 9s	remaining: 1d 14h 4m 31s
269:	learn: 0.0174183	test: 0.2888877	best: 0.2815494 (147)	total: 6m 10s	remaining: 1d 14h 3m 14s
270:	learn: 0.0173344	test: 0.2888060	best: 0.2815494 (147)	total: 6m 12s	remaining: 1d 14h 2m 41s
271:	learn: 0.0172727	test: 0.2888961	best: 0.2815494 (147)	total: 6m 13s	remaining: 1d 14h 3m 36s
272:	learn: 0.0171755	test: 0.2892563	best: 0.2815494 (147)	total: 6m 15s	remaining: 1d 14h 4m 4s
273:	learn: 0.0171263	test: 0.2893171	best: 0.2815494 (147)	total: 6m 16s	remaining: 1d 14h 5m 57s
274:	learn: 0.0170658	test: 0.2894043	best: 0.2815494 (147)	total: 6m 18s	remaining: 1d 14h 5m 3s
275:	learn: 0.0169632	test: 0.2896040	best: 0.2815494 (147)	total: 6m 18s	remaining: 1d 14h 1m 51s
276:	learn: 0.0169193	test: 0.2897078	best: 0.2815494 (147)	total: 6m 20s	remaining: 1d 14h 6s
277:	learn: 0.0168788	test: 0.2897472	best: 0.2815494 (147)	total: 6m 21s	remaining: 1d 13h 59m 10s
278:	learn: 0.0168320	test: 0.2898003	best: 0.2815494 (147)	total: 6m 22s	remaining: 1d 13h 56m 31s
279:	learn: 0.0167796	test: 0.2898463	best: 0.2815494 (147)	total: 6m 23s	remaining: 1d 13h 54m 56s
280:	learn: 0.0167344	test: 0.2898642	best: 0.2815494 (147)	total: 6m 24s	remaining: 1d 13h 56m 9s
281:	learn: 0.0166538	test: 0.2899949	best: 0.2815494 (147)	total: 6m 26s	remaining: 1d 13h 57m 32s
282:	learn: 0.0166097	test: 0.2901478	best: 0.2815494 (147)	total: 6m 27s	remaining: 1d 13h 55m 9s
283:	learn: 0.0165435	test: 0.2901005	best: 0.2815494 (147)	total: 6m 28s	remaining: 1d 13h 54m 4s
284:	learn: 0.0165028	test: 0.2900864	best: 0.2815494 (147)	total: 6m 30s	remaining: 1d 13h 54m 32s
285:	learn: 0.0163940	test: 0.2905874	best: 0.2815494 (147)	total: 6m 31s	remaining: 1d 13h 54m 23s
286:	learn: 0.0163421	test: 0.2906770	best: 0.2815494 (147)	total: 6m 32s	remaining: 1d 13h 55m 10s
287:	learn: 0.0162874	test: 0.2907630	best: 0.2815494 (147)	total: 6m 34s	remaining: 1d 13h 54m 56s
288:	learn: 0.0162364	test: 0.2908194	best: 0.2815494 (147)	total: 6m 35s	remaining: 1d 13h 55m 58s
289:	learn: 0.0161685	test: 0.2907761	best: 0.2815494 (147)	total: 6m 37s	remaining: 1d 13h 57m 39s
290:	learn: 0.0161050	test: 0.2910049	best: 0.2815494 (147)	total: 6m 38s	remaining: 1d 13h 57m 57s
291:	learn: 0.0160519	test: 0.2908004	best: 0.2815494 (147)	total: 6m 40s	remaining: 1d 13h 59m 32s
292:	learn: 0.0159355	test: 0.2912014	best: 0.2815494 (147)	total: 6m 42s	remaining: 1d 14h 19s
293:	learn: 0.0158894	test: 0.2912085	best: 0.2815494 (147)	total: 6m 43s	remaining: 1d 14h 9s
294:	learn: 0.0158004	test: 0.2917564	best: 0.2815494 (147)	total: 6m 44s	remaining: 1d 13h 59m 53s
295:	learn: 0.0157548	test: 0.2917777	best: 0.2815494 (147)	total: 6m 46s	remaining: 1d 14h 30s
296:	learn: 0.0156904	test: 0.2918474	best: 0.2815494 (147)	total: 6m 47s	remaining: 1d 13h 59m 21s
297:	learn: 0.0156513	test: 0.2918832	best: 0.2815494 (147)	total: 6m 48s	remaining: 1d 13h 57m 7s
298:	learn: 0.0156122	test: 0.2919314	best: 0.2815494 (147)	total: 6m 49s	remaining: 1d 13h 55m 28s
299:	learn: 0.0154956	test: 0.2921977	best: 0.2815494 (147)	total: 6m 50s	remaining: 1d 13h 54m 38s
300:	learn: 0.0154505	test: 0.2922571	best: 0.2815494 (147)	total: 6m 51s	remaining: 1d 13h 54m 6s
301:	learn: 0.0154022	test: 0.2920410	best: 0.2815494 (147)	total: 6m 53s	remaining: 1d 13h 52m 59s
302:	learn: 0.0153551	test: 0.2921056	best: 0.2815494 (147)	total: 6m 53s	remaining: 1d 13h 50m 14s
303:	learn: 0.0153051	test: 0.2921626	best: 0.2815494 (147)	total: 6m 55s	remaining: 1d 13h 50m 20s
304:	learn: 0.0152747	test: 0.2921919	best: 0.2815494 (147)	total: 6m 56s	remaining: 1d 13h 50m 36s
305:	learn: 0.0152434	test: 0.2922093	best: 0.2815494 (147)	total: 6m 59s	remaining: 1d 13h 55m 15s
306:	learn: 0.0151764	test: 0.2924511	best: 0.2815494 (147)	total: 7m 1s	remaining: 1d 14h 3m 4s
307:	learn: 0.0151112	test: 0.2925385	best: 0.2815494 (147)	total: 7m 3s	remaining: 1d 14h 4m 3s
308:	learn: 0.0150637	test: 0.2926602	best: 0.2815494 (147)	total: 7m 5s	remaining: 1d 14h 5m 27s
309:	learn: 0.0149798	test: 0.2928257	best: 0.2815494 (147)	total: 7m 6s	remaining: 1d 14h 5m 7s
310:	learn: 0.0149470	test: 0.2929111	best: 0.2815494 (147)	total: 7m 7s	remaining: 1d 14h 6m
311:	learn: 0.0149223	test: 0.2929858	best: 0.2815494 (147)	total: 7m 9s	remaining: 1d 14h 6m
312:	learn: 0.0148885	test: 0.2929491	best: 0.2815494 (147)	total: 7m 10s	remaining: 1d 14h 6m 35s
313:	learn: 0.0148526	test: 0.2930307	best: 0.2815494 (147)	total: 7m 12s	remaining: 1d 14h 6m 56s
314:	learn: 0.0147949	test: 0.2931349	best: 0.2815494 (147)	total: 7m 13s	remaining: 1d 14h 5m 54s
315:	learn: 0.0147544	test: 0.2932069	best: 0.2815494 (147)	total: 7m 14s	remaining: 1d 14h 5m 16s
316:	learn: 0.0147057	test: 0.2931806	best: 0.2815494 (147)	total: 7m 17s	remaining: 1d 14h 10m 56s
317:	learn: 0.0146224	test: 0.2934726	best: 0.2815494 (147)	total: 7m 18s	remaining: 1d 14h 11m 30s
318:	learn: 0.0145897	test: 0.2935437	best: 0.2815494 (147)	total: 7m 20s	remaining: 1d 14h 12m 27s
319:	learn: 0.0145461	test: 0.2936155	best: 0.2815494 (147)	total: 7m 21s	remaining: 1d 14h 12m 13s
320:	learn: 0.0145161	test: 0.2936302	best: 0.2815494 (147)	total: 7m 22s	remaining: 1d 14h 10m 59s
321:	learn: 0.0144723	test: 0.2936637	best: 0.2815494 (147)	total: 7m 23s	remaining: 1d 14h 9m 54s
322:	learn: 0.0144418	test: 0.2937090	best: 0.2815494 (147)	total: 7m 24s	remaining: 1d 14h 8m 28s
323:	learn: 0.0143973	test: 0.2938584	best: 0.2815494 (147)	total: 7m 26s	remaining: 1d 14h 9m 39s
324:	learn: 0.0143658	test: 0.2938473	best: 0.2815494 (147)	total: 7m 28s	remaining: 1d 14h 10m 59s
325:	learn: 0.0143328	test: 0.2938665	best: 0.2815494 (147)	total: 7m 29s	remaining: 1d 14h 11m 7s
326:	learn: 0.0143041	test: 0.2938852	best: 0.2815494 (147)	total: 7m 31s	remaining: 1d 14h 12m 15s
327:	learn: 0.0142560	test: 0.2938107	best: 0.2815494 (147)	total: 7m 32s	remaining: 1d 14h 10m 54s
328:	learn: 0.0142069	test: 0.2939344	best: 0.2815494 (147)	total: 7m 33s	remaining: 1d 14h 10m 49s
329:	learn: 0.0141076	test: 0.2943819	best: 0.2815494 (147)	total: 7m 34s	remaining: 1d 14h 9m 8s
330:	learn: 0.0140848	test: 0.2943780	best: 0.2815494 (147)	total: 7m 35s	remaining: 1d 14h 6m 23s
331:	learn: 0.0140452	test: 0.2943932	best: 0.2815494 (147)	total: 7m 36s	remaining: 1d 14h 3m 54s
332:	learn: 0.0139939	test: 0.2941680	best: 0.2815494 (147)	total: 7m 38s	remaining: 1d 14h 4m 46s
333:	learn: 0.0139649	test: 0.2942242	best: 0.2815494 (147)	total: 7m 39s	remaining: 1d 14h 3m 16s
334:	learn: 0.0139271	test: 0.2941406	best: 0.2815494 (147)	total: 7m 40s	remaining: 1d 14h 1m 37s
335:	learn: 0.0138802	test: 0.2941319	best: 0.2815494 (147)	total: 7m 41s	remaining: 1d 13h 59m 31s
336:	learn: 0.0138544	test: 0.2941949	best: 0.2815494 (147)	total: 7m 41s	remaining: 1d 13h 57m 5s
337:	learn: 0.0138177	test: 0.2942935	best: 0.2815494 (147)	total: 7m 42s	remaining: 1d 13h 55m 10s
338:	learn: 0.0137610	test: 0.2943040	best: 0.2815494 (147)	total: 7m 44s	remaining: 1d 13h 55m 6s
339:	learn: 0.0135901	test: 0.2942763	best: 0.2815494 (147)	total: 7m 45s	remaining: 1d 13h 54m 46s
340:	learn: 0.0135559	test: 0.2943356	best: 0.2815494 (147)	total: 7m 46s	remaining: 1d 13h 52m 52s
341:	learn: 0.0135187	test: 0.2944292	best: 0.2815494 (147)	total: 7m 47s	remaining: 1d 13h 51m 59s
342:	learn: 0.0134879	test: 0.2945029	best: 0.2815494 (147)	total: 7m 49s	remaining: 1d 13h 51m 45s
343:	learn: 0.0134578	test: 0.2945111	best: 0.2815494 (147)	total: 7m 50s	remaining: 1d 13h 49m 48s
344:	learn: 0.0134265	test: 0.2945451	best: 0.2815494 (147)	total: 7m 51s	remaining: 1d 13h 47m 36s
345:	learn: 0.0133932	test: 0.2945392	best: 0.2815494 (147)	total: 7m 51s	remaining: 1d 13h 45m 19s
346:	learn: 0.0133660	test: 0.2944567	best: 0.2815494 (147)	total: 7m 52s	remaining: 1d 13h 43m 52s
347:	learn: 0.0132945	test: 0.2948461	best: 0.2815494 (147)	total: 7m 55s	remaining: 1d 13h 47m
348:	learn: 0.0132574	test: 0.2948440	best: 0.2815494 (147)	total: 7m 55s	remaining: 1d 13h 44m 46s
349:	learn: 0.0132286	test: 0.2948988	best: 0.2815494 (147)	total: 7m 57s	remaining: 1d 13h 44m 6s
350:	learn: 0.0132048	test: 0.2949112	best: 0.2815494 (147)	total: 7m 58s	remaining: 1d 13h 45m 36s
351:	learn: 0.0131701	test: 0.2950007	best: 0.2815494 (147)	total: 7m 59s	remaining: 1d 13h 44m 17s
352:	learn: 0.0131452	test: 0.2950796	best: 0.2815494 (147)	total: 8m	remaining: 1d 13h 41m 57s
353:	learn: 0.0131122	test: 0.2951482	best: 0.2815494 (147)	total: 8m 1s	remaining: 1d 13h 40m 47s
354:	learn: 0.0130615	test: 0.2952863	best: 0.2815494 (147)	total: 8m 2s	remaining: 1d 13h 39m 6s
355:	learn: 0.0130281	test: 0.2953216	best: 0.2815494 (147)	total: 8m 3s	remaining: 1d 13h 37m 12s
356:	learn: 0.0129731	test: 0.2953597	best: 0.2815494 (147)	total: 8m 4s	remaining: 1d 13h 35m 36s
357:	learn: 0.0129469	test: 0.2954379	best: 0.2815494 (147)	total: 8m 5s	remaining: 1d 13h 34m 18s
358:	learn: 0.0129049	test: 0.2955113	best: 0.2815494 (147)	total: 8m 7s	remaining: 1d 13h 33m 42s
359:	learn: 0.0128689	test: 0.2957000	best: 0.2815494 (147)	total: 8m 8s	remaining: 1d 13h 32m 1s
360:	learn: 0.0128418	test: 0.2957193	best: 0.2815494 (147)	total: 8m 9s	remaining: 1d 13h 30m 44s
361:	learn: 0.0127991	test: 0.2957879	best: 0.2815494 (147)	total: 8m 10s	remaining: 1d 13h 28m 20s
362:	learn: 0.0127710	test: 0.2958434	best: 0.2815494 (147)	total: 8m 11s	remaining: 1d 13h 26m 25s
363:	learn: 0.0127380	test: 0.2958867	best: 0.2815494 (147)	total: 8m 11s	remaining: 1d 13h 23m 45s
364:	learn: 0.0127146	test: 0.2959641	best: 0.2815494 (147)	total: 8m 12s	remaining: 1d 13h 21m 23s
365:	learn: 0.0126395	test: 0.2965005	best: 0.2815494 (147)	total: 8m 13s	remaining: 1d 13h 19m 11s
366:	learn: 0.0126178	test: 0.2965643	best: 0.2815494 (147)	total: 8m 14s	remaining: 1d 13h 17m 11s
367:	learn: 0.0125705	test: 0.2965787	best: 0.2815494 (147)	total: 8m 15s	remaining: 1d 13h 15m 17s
368:	learn: 0.0125326	test: 0.2967716	best: 0.2815494 (147)	total: 8m 16s	remaining: 1d 13h 13m 18s
369:	learn: 0.0125116	test: 0.2968332	best: 0.2815494 (147)	total: 8m 17s	remaining: 1d 13h 11m 47s
370:	learn: 0.0124887	test: 0.2968525	best: 0.2815494 (147)	total: 8m 19s	remaining: 1d 13h 14m 9s
371:	learn: 0.0124478	test: 0.2969946	best: 0.2815494 (147)	total: 8m 19s	remaining: 1d 13h 11m 44s
372:	learn: 0.0123194	test: 0.2973618	best: 0.2815494 (147)	total: 8m 20s	remaining: 1d 13h 8m 36s
373:	learn: 0.0122976	test: 0.2974149	best: 0.2815494 (147)	total: 8m 21s	remaining: 1d 13h 5m 33s
374:	learn: 0.0122658	test: 0.2974405	best: 0.2815494 (147)	total: 8m 22s	remaining: 1d 13h 5m 13s
375:	learn: 0.0122416	test: 0.2974840	best: 0.2815494 (147)	total: 8m 23s	remaining: 1d 13h 1m 59s
376:	learn: 0.0121892	test: 0.2979209	best: 0.2815494 (147)	total: 8m 23s	remaining: 1d 12h 58m 53s
377:	learn: 0.0121674	test: 0.2979707	best: 0.2815494 (147)	total: 8m 24s	remaining: 1d 12h 55m 21s
378:	learn: 0.0121441	test: 0.2980175	best: 0.2815494 (147)	total: 8m 25s	remaining: 1d 12h 53m 45s
379:	learn: 0.0121181	test: 0.2981477	best: 0.2815494 (147)	total: 8m 26s	remaining: 1d 12h 51m 6s
380:	learn: 0.0120971	test: 0.2981802	best: 0.2815494 (147)	total: 8m 26s	remaining: 1d 12h 48m 8s
381:	learn: 0.0120104	test: 0.2987130	best: 0.2815494 (147)	total: 8m 27s	remaining: 1d 12h 45m 27s
382:	learn: 0.0119918	test: 0.2987583	best: 0.2815494 (147)	total: 8m 28s	remaining: 1d 12h 42m 15s
383:	learn: 0.0119714	test: 0.2987748	best: 0.2815494 (147)	total: 8m 28s	remaining: 1d 12h 39m 37s
384:	learn: 0.0119494	test: 0.2987705	best: 0.2815494 (147)	total: 8m 29s	remaining: 1d 12h 36m 27s
385:	learn: 0.0119279	test: 0.2988345	best: 0.2815494 (147)	total: 8m 30s	remaining: 1d 12h 34m 2s
386:	learn: 0.0118952	test: 0.2989182	best: 0.2815494 (147)	total: 8m 30s	remaining: 1d 12h 30m 49s
387:	learn: 0.0118649	test: 0.2989873	best: 0.2815494 (147)	total: 8m 31s	remaining: 1d 12h 28m 2s
388:	learn: 0.0118265	test: 0.2990124	best: 0.2815494 (147)	total: 8m 31s	remaining: 1d 12h 24m 53s
389:	learn: 0.0118052	test: 0.2990908	best: 0.2815494 (147)	total: 8m 32s	remaining: 1d 12h 22m 27s
390:	learn: 0.0117840	test: 0.2990666	best: 0.2815494 (147)	total: 8m 33s	remaining: 1d 12h 19m 48s
391:	learn: 0.0117479	test: 0.2990967	best: 0.2815494 (147)	total: 8m 35s	remaining: 1d 12h 21m 5s
392:	learn: 0.0117251	test: 0.2991543	best: 0.2815494 (147)	total: 8m 35s	remaining: 1d 12h 17m 57s
393:	learn: 0.0116832	test: 0.2991925	best: 0.2815494 (147)	total: 8m 36s	remaining: 1d 12h 14m 53s
394:	learn: 0.0116579	test: 0.2991881	best: 0.2815494 (147)	total: 8m 36s	remaining: 1d 12h 12m 5s
395:	learn: 0.0116294	test: 0.2992317	best: 0.2815494 (147)	total: 8m 37s	remaining: 1d 12h 9m 9s
396:	learn: 0.0116088	test: 0.2992892	best: 0.2815494 (147)	total: 8m 37s	remaining: 1d 12h 5m 55s
397:	learn: 0.0115895	test: 0.2993399	best: 0.2815494 (147)	total: 8m 38s	remaining: 1d 12h 2m 14s
Stopped by overfitting detector  (250 iterations wait)
/home/cyyen/miniconda3/envs/stock_path_tracker/lib/python3.8/site-packages/pandas/core/groupby/groupby.py:980: FutureWarning: Sorting because non-concatenation axis is not aligned. A future version
of pandas will change to not sort by default.

To accept the future behavior, pass 'sort=False'.

To retain the current behavior and silence the warning, pass 'sort=True'.

  result = concat(values, axis=self.axis, keys=keys)

bestTest = 0.2815493672
bestIteration = 147

Shrink model to first 148 iterations.
is_turnpt_upward, 7, 0.75, 100000, 10, 0.5, RMSE, 202, Iter, 250, 0.0, 0.0
