transformed OHLCV at frequency 1D
reading cache of TXF in 1D OHLCV
feature: 97367270 has generated.
feature 97367270_lag1 has generated.
feature 97367270_lag2 has generated.
feature 97367270_lag3 has generated.
feature 97367270_lag4 has generated.
transformed OHLCV at frequency 1D
reading cache of TXF in 1D OHLCV
feature: 68488648 has generated.
feature 68488648_lag1 has generated.
feature 68488648_lag2 has generated.
feature 68488648_lag3 has generated.
feature 68488648_lag4 has generated.
transformed OHLCV at frequency 1D
reading cache of TXF in 1D OHLCV
feature: 56494646 has generated.
feature 56494646_lag1 has generated.
feature 56494646_lag2 has generated.
feature 56494646_lag3 has generated.
feature 56494646_lag4 has generated.
transformed OHLCV at frequency 1D
reading cache of TXF in 1D OHLCV
feature: 62918036 has generated.
feature 62918036_lag1 has generated.
feature 62918036_lag2 has generated.
feature 62918036_lag3 has generated.
feature 62918036_lag4 has generated.
transformed OHLCV at frequency 1D
reading cache of TXF in 1D OHLCV
feature: 09904850 has generated.
feature 09904850_lag1 has generated.
feature 09904850_lag2 has generated.
feature 09904850_lag3 has generated.
feature 09904850_lag4 has generated.
transformed OHLCV at frequency 1D
reading cache of TXF in 1D OHLCV
feature: 41716908 has generated.
feature 41716908_lag1 has generated.
feature 41716908_lag2 has generated.
feature 41716908_lag3 has generated.
feature 41716908_lag4 has generated.
transformed OHLCV at frequency 1D
reading cache of TXF in 1D OHLCV
feature: 22224505 has generated.
feature 22224505_lag1 has generated.
feature 22224505_lag2 has generated.
feature 22224505_lag3 has generated.
feature 22224505_lag4 has generated.
transformed OHLCV at frequency 1D
reading cache of TXF in 1D OHLCV
feature: 65400347 has generated.
feature 65400347_lag1 has generated.
feature 65400347_lag2 has generated.
feature 65400347_lag3 has generated.
feature 65400347_lag4 has generated.
transformed OHLCV at frequency 1D
reading cache of TXF in 1D OHLCV
feature: 79649739 has generated.
feature 79649739_lag1 has generated.
feature 79649739_lag2 has generated.
feature 79649739_lag3 has generated.
feature 79649739_lag4 has generated.
transformed OHLCV at frequency 1D
reading cache of TXF in 1D OHLCV
feature: 96290600 has generated.
feature 96290600_lag1 has generated.
feature 96290600_lag2 has generated.
feature 96290600_lag3 has generated.
feature 96290600_lag4 has generated.
transformed OHLCV at frequency 1D
reading cache of TXF in 1D OHLCV
feature: 38805934 has generated.
feature 38805934_lag1 has generated.
feature 38805934_lag2 has generated.
feature 38805934_lag3 has generated.
feature 38805934_lag4 has generated.
transformed OHLCV at frequency 1D
reading cache of TXF in 1D OHLCV
feature: 70807987 has generated.
feature 70807987_lag1 has generated.
feature 70807987_lag2 has generated.
feature 70807987_lag3 has generated.
feature 70807987_lag4 has generated.
transformed OHLCV at frequency 1D
reading cache of TXF in 1D OHLCV
feature: 05846388 has generated.
feature 05846388_lag1 has generated.
feature 05846388_lag2 has generated.
feature 05846388_lag3 has generated.
feature 05846388_lag4 has generated.
transformed OHLCV at frequency 1D
reading cache of TXF in 1D OHLCV
feature: 60827192 has generated.
feature 60827192_lag1 has generated.
feature 60827192_lag2 has generated.
feature 60827192_lag3 has generated.
feature 60827192_lag4 has generated.
transformed OHLCV at frequency 1D
reading cache of TXF in 1D OHLCV
feature: 32678710 has generated.
feature 32678710_lag1 has generated.
feature 32678710_lag2 has generated.
feature 32678710_lag3 has generated.
feature 32678710_lag4 has generated.
transformed OHLCV at frequency 1D
reading cache of TXF in 1D OHLCV
feature: 09074581 has generated.
feature 09074581_lag1 has generated.
feature 09074581_lag2 has generated.
feature 09074581_lag3 has generated.
feature 09074581_lag4 has generated.
transformed OHLCV at frequency 1D
reading cache of TXF in 1D OHLCV
feature: 95740378 has generated.
feature 95740378_lag1 has generated.
feature 95740378_lag2 has generated.
feature 95740378_lag3 has generated.
feature 95740378_lag4 has generated.
transformed OHLCV at frequency 1D
reading cache of TXF in 1D OHLCV
feature: 79761808 has generated.
feature 79761808_lag1 has generated.
feature 79761808_lag2 has generated.
feature 79761808_lag3 has generated.
feature 79761808_lag4 has generated.
transformed OHLCV at frequency 1D
reading cache of TXF in 1D OHLCV
feature: 40585393 has generated.
feature 40585393_lag1 has generated.
feature 40585393_lag2 has generated.
feature 40585393_lag3 has generated.
feature 40585393_lag4 has generated.
transformed OHLCV at frequency 1D
reading cache of TXF in 1D OHLCV
feature: 23530526 has generated.
feature 23530526_lag1 has generated.
feature 23530526_lag2 has generated.
feature 23530526_lag3 has generated.
feature 23530526_lag4 has generated.
transformed OHLCV at frequency 1D
reading cache of TXF in 1D OHLCV
feature: 64738114 has generated.
feature 64738114_lag1 has generated.
feature 64738114_lag2 has generated.
feature 64738114_lag3 has generated.
feature 64738114_lag4 has generated.
transformed OHLCV at frequency 1D
reading cache of TXF in 1D OHLCV
feature: 35321937 has generated.
feature 35321937_lag1 has generated.
feature 35321937_lag2 has generated.
feature 35321937_lag3 has generated.
feature 35321937_lag4 has generated.
transformed OHLCV at frequency 1D
reading cache of TXF in 1D OHLCV
feature: 16853914 has generated.
feature 16853914_lag1 has generated.
feature 16853914_lag2 has generated.
feature 16853914_lag3 has generated.
feature 16853914_lag4 has generated.
transformed OHLCV at frequency 1D
reading cache of TXF in 1D OHLCV
feature: 73272611 has generated.
feature 73272611_lag1 has generated.
feature 73272611_lag2 has generated.
feature 73272611_lag3 has generated.
feature 73272611_lag4 has generated.
transformed OHLCV at frequency 1D
reading cache of TXF in 1D OHLCV
feature: 98447210 has generated.
feature 98447210_lag1 has generated.
feature 98447210_lag2 has generated.
feature 98447210_lag3 has generated.
feature 98447210_lag4 has generated.
transformed OHLCV at frequency 1D
reading cache of TXF in 1D OHLCV
feature: 18654221 has generated.
feature 18654221_lag1 has generated.
feature 18654221_lag2 has generated.
feature 18654221_lag3 has generated.
feature 18654221_lag4 has generated.
transformed OHLCV at frequency 1D
reading cache of TXF in 1D OHLCV
feature: 86775622 has generated.
feature 86775622_lag1 has generated.
feature 86775622_lag2 has generated.
feature 86775622_lag3 has generated.
feature 86775622_lag4 has generated.
transformed OHLCV at frequency 1D
reading cache of TXF in 1D OHLCV
feature: 29303935 has generated.
feature 29303935_lag1 has generated.
feature 29303935_lag2 has generated.
feature 29303935_lag3 has generated.
feature 29303935_lag4 has generated.
transformed OHLCV at frequency 1D
reading cache of TXF in 1D OHLCV
feature: 95895325 has generated.
feature 95895325_lag1 has generated.
feature 95895325_lag2 has generated.
feature 95895325_lag3 has generated.
feature 95895325_lag4 has generated.
transformed OHLCV at frequency 1D
reading cache of TXF in 1D OHLCV
feature: 79527895 has generated.
feature 79527895_lag1 has generated.
feature 79527895_lag2 has generated.
feature 79527895_lag3 has generated.
feature 79527895_lag4 has generated.
transformed OHLCV at frequency 1D
reading cache of TXF in 1D OHLCV
feature: 20968309 has generated.
feature 20968309_lag1 has generated.
feature 20968309_lag2 has generated.
feature 20968309_lag3 has generated.
feature 20968309_lag4 has generated.
transformed OHLCV at frequency 1D
reading cache of TXF in 1D OHLCV
feature: 43266536 has generated.
feature 43266536_lag1 has generated.
feature 43266536_lag2 has generated.
feature 43266536_lag3 has generated.
feature 43266536_lag4 has generated.
transformed OHLCV at frequency 1D
reading cache of TXF in 1D OHLCV
feature: 38155758 has generated.
feature 38155758_lag1 has generated.
feature 38155758_lag2 has generated.
feature 38155758_lag3 has generated.
feature 38155758_lag4 has generated.
transformed OHLCV at frequency 1D
reading cache of TXF in 1D OHLCV
feature: 98334683 has generated.
feature 98334683_lag1 has generated.
feature 98334683_lag2 has generated.
feature 98334683_lag3 has generated.
feature 98334683_lag4 has generated.
transformed OHLCV at frequency 1D
reading cache of TXF in 1D OHLCV
feature: 08737879 has generated.
feature 08737879_lag1 has generated.
feature 08737879_lag2 has generated.
feature 08737879_lag3 has generated.
feature 08737879_lag4 has generated.
transformed OHLCV at frequency 1D
reading cache of TXF in 1D OHLCV
feature: 31387256 has generated.
feature 31387256_lag1 has generated.
feature 31387256_lag2 has generated.
feature 31387256_lag3 has generated.
feature 31387256_lag4 has generated.
transformed OHLCV at frequency 1D
reading cache of TXF in 1D OHLCV
feature: 85906314 has generated.
feature 85906314_lag1 has generated.
feature 85906314_lag2 has generated.
feature 85906314_lag3 has generated.
feature 85906314_lag4 has generated.
transformed OHLCV at frequency 1D
reading cache of TXF in 1D OHLCV
feature: 42576887 has generated.
feature 42576887_lag1 has generated.
feature 42576887_lag2 has generated.
feature 42576887_lag3 has generated.
feature 42576887_lag4 has generated.
transformed OHLCV at frequency 1D
reading cache of TXF in 1D OHLCV
feature: 29362743 has generated.
feature 29362743_lag1 has generated.
feature 29362743_lag2 has generated.
feature 29362743_lag3 has generated.
feature 29362743_lag4 has generated.
transformed OHLCV at frequency 1D
reading cache of TXF in 1D OHLCV
feature: 96105422 has generated.
feature 96105422_lag1 has generated.
feature 96105422_lag2 has generated.
feature 96105422_lag3 has generated.
feature 96105422_lag4 has generated.
transformed OHLCV at frequency 1D
reading cache of TXF in 1D OHLCV
feature: 77356892 has generated.
feature 77356892_lag1 has generated.
feature 77356892_lag2 has generated.
feature 77356892_lag3 has generated.
feature 77356892_lag4 has generated.
transformed OHLCV at frequency 1D
reading cache of TXF in 1D OHLCV
feature: 01615041 has generated.
feature 01615041_lag1 has generated.
feature 01615041_lag2 has generated.
feature 01615041_lag3 has generated.
feature 01615041_lag4 has generated.
transformed OHLCV at frequency 1D
reading cache of TXF in 1D OHLCV
feature: 72391189 has generated.
feature 72391189_lag1 has generated.
feature 72391189_lag2 has generated.
feature 72391189_lag3 has generated.
feature 72391189_lag4 has generated.
transformed OHLCV at frequency 1D
reading cache of TXF in 1D OHLCV
feature: 05236104 has generated.
feature 05236104_lag1 has generated.
feature 05236104_lag2 has generated.
feature 05236104_lag3 has generated.
feature 05236104_lag4 has generated.
transformed OHLCV at frequency 1D
reading cache of TXF in 1D OHLCV
feature: 64835975 has generated.
feature 64835975_lag1 has generated.
feature 64835975_lag2 has generated.
feature 64835975_lag3 has generated.
feature 64835975_lag4 has generated.
transformed OHLCV at frequency 1D
reading cache of TXF in 1D OHLCV
feature: 01082365 has generated.
feature 01082365_lag1 has generated.
feature 01082365_lag2 has generated.
feature 01082365_lag3 has generated.
feature 01082365_lag4 has generated.
transformed OHLCV at frequency 1D
reading cache of TXF in 1D OHLCV
feature: 94111142 has generated.
feature 94111142_lag1 has generated.
feature 94111142_lag2 has generated.
feature 94111142_lag3 has generated.
feature 94111142_lag4 has generated.
transformed OHLCV at frequency 1D
reading cache of TXF in 1D OHLCV
feature: 84940937 has generated.
feature 84940937_lag1 has generated.
feature 84940937_lag2 has generated.
feature 84940937_lag3 has generated.
feature 84940937_lag4 has generated.
transformed OHLCV at frequency 1D
reading cache of TXF in 1D OHLCV
feature: 72243738 has generated.
feature 72243738_lag1 has generated.
feature 72243738_lag2 has generated.
feature 72243738_lag3 has generated.
feature 72243738_lag4 has generated.
transformed OHLCV at frequency 1D
reading cache of TXF in 1D OHLCV
feature: 63872636 has generated.
feature 63872636_lag1 has generated.
feature 63872636_lag2 has generated.
feature 63872636_lag3 has generated.
feature 63872636_lag4 has generated.
transformed OHLCV at frequency 1D
reading cache of TXF in 1D OHLCV
feature: 12082156 has generated.
feature 12082156_lag1 has generated.
feature 12082156_lag2 has generated.
feature 12082156_lag3 has generated.
feature 12082156_lag4 has generated.
transformed OHLCV at frequency 1D
reading cache of TXF in 1D OHLCV
feature: 68213521 has generated.
feature 68213521_lag1 has generated.
feature 68213521_lag2 has generated.
feature 68213521_lag3 has generated.
feature 68213521_lag4 has generated.
transformed OHLCV at frequency 1D
reading cache of TXF in 1D OHLCV
feature: 27257567 has generated.
feature 27257567_lag1 has generated.
feature 27257567_lag2 has generated.
feature 27257567_lag3 has generated.
feature 27257567_lag4 has generated.
transformed OHLCV at frequency 1D
reading cache of TXF in 1D OHLCV
feature: 65532996 has generated.
feature 65532996_lag1 has generated.
feature 65532996_lag2 has generated.
feature 65532996_lag3 has generated.
feature 65532996_lag4 has generated.
transformed OHLCV at frequency 1D
reading cache of TXF in 1D OHLCV
feature: 66701434 has generated.
feature 66701434_lag1 has generated.
feature 66701434_lag2 has generated.
feature 66701434_lag3 has generated.
feature 66701434_lag4 has generated.
transformed OHLCV at frequency 1D
reading cache of TXF in 1D OHLCV
feature: 92195671 has generated.
feature 92195671_lag1 has generated.
feature 92195671_lag2 has generated.
feature 92195671_lag3 has generated.
feature 92195671_lag4 has generated.
transformed OHLCV at frequency 1D
reading cache of TXF in 1D OHLCV
feature: 38690895 has generated.
feature 38690895_lag1 has generated.
feature 38690895_lag2 has generated.
feature 38690895_lag3 has generated.
feature 38690895_lag4 has generated.
transformed OHLCV at frequency 1D
reading cache of TXF in 1D OHLCV
feature: 56076046 has generated.
feature 56076046_lag1 has generated.
feature 56076046_lag2 has generated.
feature 56076046_lag3 has generated.
feature 56076046_lag4 has generated.
transformed OHLCV at frequency 1D
reading cache of TXF in 1D OHLCV
feature: 92248921 has generated.
feature 92248921_lag1 has generated.
feature 92248921_lag2 has generated.
feature 92248921_lag3 has generated.
feature 92248921_lag4 has generated.
transformed OHLCV at frequency 1D
reading cache of TXF in 1D OHLCV
feature: 84331432 has generated.
feature 84331432_lag1 has generated.
feature 84331432_lag2 has generated.
feature 84331432_lag3 has generated.
feature 84331432_lag4 has generated.
transformed OHLCV at frequency 1D
reading cache of TXF in 1D OHLCV
feature: 74430244 has generated.
feature 74430244_lag1 has generated.
feature 74430244_lag2 has generated.
feature 74430244_lag3 has generated.
feature 74430244_lag4 has generated.
transformed OHLCV at frequency 1D
reading cache of TXF in 1D OHLCV
feature: 44070915 has generated.
feature 44070915_lag1 has generated.
feature 44070915_lag2 has generated.
feature 44070915_lag3 has generated.
feature 44070915_lag4 has generated.
transformed OHLCV at frequency 1D
reading cache of TXF in 1D OHLCV
feature: 62755712 has generated.
feature 62755712_lag1 has generated.
feature 62755712_lag2 has generated.
feature 62755712_lag3 has generated.
feature 62755712_lag4 has generated.
transformed OHLCV at frequency 1D
reading cache of TXF in 1D OHLCV
feature: 76453313 has generated.
feature 76453313_lag1 has generated.
feature 76453313_lag2 has generated.
feature 76453313_lag3 has generated.
feature 76453313_lag4 has generated.
transformed OHLCV at frequency 1D
reading cache of TXF in 1D OHLCV
feature: 55471756 has generated.
feature 55471756_lag1 has generated.
feature 55471756_lag2 has generated.
feature 55471756_lag3 has generated.
feature 55471756_lag4 has generated.
transformed OHLCV at frequency 1D
reading cache of TXF in 1D OHLCV
feature: 88127301 has generated.
feature 88127301_lag1 has generated.
feature 88127301_lag2 has generated.
feature 88127301_lag3 has generated.
feature 88127301_lag4 has generated.
transformed OHLCV at frequency 1D
reading cache of TXF in 1D OHLCV
feature: 00957305 has generated.
feature 00957305_lag1 has generated.
feature 00957305_lag2 has generated.
feature 00957305_lag3 has generated.
feature 00957305_lag4 has generated.
transformed OHLCV at frequency 1D
reading cache of TXF in 1D OHLCV
feature: 46067661 has generated.
feature 46067661_lag1 has generated.
feature 46067661_lag2 has generated.
feature 46067661_lag3 has generated.
feature 46067661_lag4 has generated.
transformed OHLCV at frequency 1D
reading cache of TXF in 1D OHLCV
feature: 37865502 has generated.
feature 37865502_lag1 has generated.
feature 37865502_lag2 has generated.
feature 37865502_lag3 has generated.
feature 37865502_lag4 has generated.
transformed OHLCV at frequency 1D
reading cache of TXF in 1D OHLCV
feature: 48032436 has generated.
feature 48032436_lag1 has generated.
feature 48032436_lag2 has generated.
feature 48032436_lag3 has generated.
feature 48032436_lag4 has generated.
transformed OHLCV at frequency 1D
reading cache of TXF in 1D OHLCV
feature: 27939058 has generated.
feature 27939058_lag1 has generated.
feature 27939058_lag2 has generated.
feature 27939058_lag3 has generated.
feature 27939058_lag4 has generated.
transformed OHLCV at frequency 1D
reading cache of TXF in 1D OHLCV
feature: 23569330 has generated.
feature 23569330_lag1 has generated.
feature 23569330_lag2 has generated.
feature 23569330_lag3 has generated.
feature 23569330_lag4 has generated.
transformed OHLCV at frequency 1D
reading cache of TXF in 1D OHLCV
feature: 22166205 has generated.
feature 22166205_lag1 has generated.
feature 22166205_lag2 has generated.
feature 22166205_lag3 has generated.
feature 22166205_lag4 has generated.
transformed OHLCV at frequency 1D
reading cache of TXF in 1D OHLCV
feature: 49320730 has generated.
feature 49320730_lag1 has generated.
feature 49320730_lag2 has generated.
feature 49320730_lag3 has generated.
feature 49320730_lag4 has generated.
transformed OHLCV at frequency 1D
reading cache of TXF in 1D OHLCV
0:	learn: 0.5002556	test: 0.6549746	best: 0.6549746 (0)	total: 467ms	remaining: 12h 59m
1:	learn: 0.4487064	test: 0.5731516	best: 0.5731516 (1)	total: 1.11s	remaining: 15h 24m 7s
2:	learn: 0.4097636	test: 0.5330719	best: 0.5330719 (2)	total: 1.83s	remaining: 16h 58m 10s
3:	learn: 0.3742600	test: 0.4662651	best: 0.4662651 (3)	total: 3.02s	remaining: 20h 57m 52s
4:	learn: 0.3602295	test: 0.4527854	best: 0.4527854 (4)	total: 3.82s	remaining: 21h 13m 1s
5:	learn: 0.3374184	test: 0.4231318	best: 0.4231318 (5)	total: 4.7s	remaining: 21h 44m 9s
6:	learn: 0.3257455	test: 0.4163043	best: 0.4163043 (6)	total: 5.52s	remaining: 21h 53m 38s
7:	learn: 0.3143968	test: 0.4139254	best: 0.4139254 (7)	total: 6.39s	remaining: 22h 11m 2s
8:	learn: 0.3042345	test: 0.4044361	best: 0.4044361 (8)	total: 7.28s	remaining: 22h 28m 26s
9:	learn: 0.2965544	test: 0.3981602	best: 0.3981602 (9)	total: 8.09s	remaining: 22h 27m 33s
10:	learn: 0.2893100	test: 0.3922671	best: 0.3922671 (10)	total: 8.88s	remaining: 22h 24m 34s
11:	learn: 0.2814356	test: 0.3877976	best: 0.3877976 (11)	total: 9.7s	remaining: 22h 26m 53s
12:	learn: 0.2744320	test: 0.3808978	best: 0.3808978 (12)	total: 10.8s	remaining: 23h 1m 9s
13:	learn: 0.2682720	test: 0.3797060	best: 0.3797060 (13)	total: 11.9s	remaining: 23h 36m 48s
14:	learn: 0.2611290	test: 0.3762169	best: 0.3762169 (14)	total: 13.4s	remaining: 1d 48m 52s
15:	learn: 0.2555349	test: 0.3731537	best: 0.3731537 (15)	total: 14.3s	remaining: 1d 51m 50s
16:	learn: 0.2482659	test: 0.3682438	best: 0.3682438 (16)	total: 15.2s	remaining: 1d 48m 38s
17:	learn: 0.2420496	test: 0.3647863	best: 0.3647863 (17)	total: 16.1s	remaining: 1d 51m 6s
18:	learn: 0.2367228	test: 0.3634423	best: 0.3634423 (18)	total: 17s	remaining: 1d 52m 37s
19:	learn: 0.2311523	test: 0.3608692	best: 0.3608692 (19)	total: 18.5s	remaining: 1d 1h 44m 1s
20:	learn: 0.2259080	test: 0.3590967	best: 0.3590967 (20)	total: 19.5s	remaining: 1d 1h 49m 28s
21:	learn: 0.2171986	test: 0.3556334	best: 0.3556334 (21)	total: 21.1s	remaining: 1d 2h 36m 16s
22:	learn: 0.2133746	test: 0.3545148	best: 0.3545148 (22)	total: 22.4s	remaining: 1d 3h 6m
23:	learn: 0.2095702	test: 0.3538214	best: 0.3538214 (23)	total: 25.2s	remaining: 1d 5h 8m 54s
24:	learn: 0.2064093	test: 0.3532682	best: 0.3532682 (24)	total: 27.7s	remaining: 1d 6h 48m 20s
25:	learn: 0.2012580	test: 0.3505656	best: 0.3505656 (25)	total: 29.1s	remaining: 1d 7h 5m 21s
26:	learn: 0.1981819	test: 0.3490508	best: 0.3490508 (26)	total: 30.7s	remaining: 1d 7h 32m 31s
27:	learn: 0.1952258	test: 0.3481740	best: 0.3481740 (27)	total: 32.2s	remaining: 1d 7h 55m 34s
28:	learn: 0.1916102	test: 0.3467564	best: 0.3467564 (28)	total: 33.8s	remaining: 1d 8h 21m 23s
29:	learn: 0.1877972	test: 0.3463723	best: 0.3463723 (29)	total: 37.6s	remaining: 1d 10h 45m 34s
30:	learn: 0.1845547	test: 0.3453858	best: 0.3453858 (30)	total: 39s	remaining: 1d 10h 53m 32s
31:	learn: 0.1804423	test: 0.3442617	best: 0.3442617 (31)	total: 40.8s	remaining: 1d 11h 22m 55s
32:	learn: 0.1779400	test: 0.3435050	best: 0.3435050 (32)	total: 42.2s	remaining: 1d 11h 29m 56s
33:	learn: 0.1741907	test: 0.3416505	best: 0.3416505 (33)	total: 43.6s	remaining: 1d 11h 38m 58s
34:	learn: 0.1695115	test: 0.3385709	best: 0.3385709 (34)	total: 45s	remaining: 1d 11h 44m 22s
35:	learn: 0.1661398	test: 0.3363229	best: 0.3363229 (35)	total: 46.5s	remaining: 1d 11h 54m 14s
36:	learn: 0.1639851	test: 0.3350075	best: 0.3350075 (36)	total: 48.1s	remaining: 1d 12h 5m 41s
37:	learn: 0.1608555	test: 0.3333536	best: 0.3333536 (37)	total: 49.5s	remaining: 1d 12h 11m 35s
38:	learn: 0.1587832	test: 0.3327171	best: 0.3327171 (38)	total: 50.8s	remaining: 1d 12h 8m 29s
39:	learn: 0.1561134	test: 0.3318115	best: 0.3318115 (39)	total: 52s	remaining: 1d 12h 5m 8s
40:	learn: 0.1537190	test: 0.3303333	best: 0.3303333 (40)	total: 53.6s	remaining: 1d 12h 16m 5s
41:	learn: 0.1518132	test: 0.3296288	best: 0.3296288 (41)	total: 55.1s	remaining: 1d 12h 23m 52s
42:	learn: 0.1493655	test: 0.3281151	best: 0.3281151 (42)	total: 56.6s	remaining: 1d 12h 32m 7s
43:	learn: 0.1475455	test: 0.3270640	best: 0.3270640 (43)	total: 58.3s	remaining: 1d 12h 47m 25s
44:	learn: 0.1455370	test: 0.3263160	best: 0.3263160 (44)	total: 59.8s	remaining: 1d 12h 55m 38s
45:	learn: 0.1431947	test: 0.3255062	best: 0.3255062 (45)	total: 1m 1s	remaining: 1d 13h 5m 44s
46:	learn: 0.1413386	test: 0.3248472	best: 0.3248472 (46)	total: 1m 2s	remaining: 1d 13h 11m 59s
47:	learn: 0.1391954	test: 0.3238320	best: 0.3238320 (47)	total: 1m 4s	remaining: 1d 13h 16m 27s
48:	learn: 0.1371778	test: 0.3226284	best: 0.3226284 (48)	total: 1m 5s	remaining: 1d 13h 15m 28s
49:	learn: 0.1351947	test: 0.3217527	best: 0.3217527 (49)	total: 1m 7s	remaining: 1d 13h 22m 30s
50:	learn: 0.1334084	test: 0.3203246	best: 0.3203246 (50)	total: 1m 8s	remaining: 1d 13h 20m 9s
51:	learn: 0.1316813	test: 0.3190361	best: 0.3190361 (51)	total: 1m 9s	remaining: 1d 13h 21m 58s
52:	learn: 0.1300563	test: 0.3183890	best: 0.3183890 (52)	total: 1m 11s	remaining: 1d 13h 24m 26s
53:	learn: 0.1283713	test: 0.3176664	best: 0.3176664 (53)	total: 1m 12s	remaining: 1d 13h 21m 50s
54:	learn: 0.1268573	test: 0.3170436	best: 0.3170436 (54)	total: 1m 14s	remaining: 1d 13h 26m 33s
55:	learn: 0.1254607	test: 0.3163046	best: 0.3163046 (55)	total: 1m 15s	remaining: 1d 13h 27m 22s
56:	learn: 0.1240250	test: 0.3158134	best: 0.3158134 (56)	total: 1m 18s	remaining: 1d 14h 14m 12s
57:	learn: 0.1223677	test: 0.3155617	best: 0.3155617 (57)	total: 1m 20s	remaining: 1d 14h 19m 18s
58:	learn: 0.1205893	test: 0.3152644	best: 0.3152644 (58)	total: 1m 21s	remaining: 1d 14h 26m 2s
59:	learn: 0.1183812	test: 0.3138408	best: 0.3138408 (59)	total: 1m 23s	remaining: 1d 14h 30m 32s
60:	learn: 0.1161653	test: 0.3125079	best: 0.3125079 (60)	total: 1m 24s	remaining: 1d 14h 28m 13s
61:	learn: 0.1148289	test: 0.3120464	best: 0.3120464 (61)	total: 1m 25s	remaining: 1d 14h 21m 46s
62:	learn: 0.1134535	test: 0.3117529	best: 0.3117529 (62)	total: 1m 26s	remaining: 1d 14h 10m 21s
63:	learn: 0.1119342	test: 0.3111073	best: 0.3111073 (63)	total: 1m 27s	remaining: 1d 14h 9m 22s
64:	learn: 0.1105861	test: 0.3106540	best: 0.3106540 (64)	total: 1m 29s	remaining: 1d 14h 1m 12s
65:	learn: 0.1089517	test: 0.3092527	best: 0.3092527 (65)	total: 1m 30s	remaining: 1d 13h 57m
66:	learn: 0.1075613	test: 0.3085961	best: 0.3085961 (66)	total: 1m 31s	remaining: 1d 13h 59m 30s
67:	learn: 0.1063391	test: 0.3078522	best: 0.3078522 (67)	total: 1m 33s	remaining: 1d 13h 58m 2s
68:	learn: 0.1050630	test: 0.3071104	best: 0.3071104 (68)	total: 1m 34s	remaining: 1d 14h 4m 22s
69:	learn: 0.1037084	test: 0.3060901	best: 0.3060901 (69)	total: 1m 36s	remaining: 1d 14h 5m 39s
70:	learn: 0.1021285	test: 0.3043551	best: 0.3043551 (70)	total: 1m 37s	remaining: 1d 14h 11m 52s
71:	learn: 0.1010359	test: 0.3036852	best: 0.3036852 (71)	total: 1m 38s	remaining: 1d 14h 8m 13s
72:	learn: 0.0997281	test: 0.3029000	best: 0.3029000 (72)	total: 1m 40s	remaining: 1d 14h 12m 16s
73:	learn: 0.0973851	test: 0.2996276	best: 0.2996276 (73)	total: 1m 41s	remaining: 1d 14h 9m 54s
74:	learn: 0.0962017	test: 0.2986743	best: 0.2986743 (74)	total: 1m 42s	remaining: 1d 14h 21s
75:	learn: 0.0951156	test: 0.2983530	best: 0.2983530 (75)	total: 1m 43s	remaining: 1d 13h 56m 45s
76:	learn: 0.0942560	test: 0.2983327	best: 0.2983327 (76)	total: 1m 45s	remaining: 1d 13h 58m 54s
77:	learn: 0.0931676	test: 0.2978188	best: 0.2978188 (77)	total: 1m 46s	remaining: 1d 13h 57m 47s
78:	learn: 0.0920210	test: 0.2976925	best: 0.2976925 (78)	total: 1m 47s	remaining: 1d 13h 56m 24s
79:	learn: 0.0909558	test: 0.2971173	best: 0.2971173 (79)	total: 1m 48s	remaining: 1d 13h 46m 7s
80:	learn: 0.0896913	test: 0.2962396	best: 0.2962396 (80)	total: 1m 49s	remaining: 1d 13h 36m 9s
81:	learn: 0.0884543	test: 0.2954635	best: 0.2954635 (81)	total: 1m 51s	remaining: 1d 13h 34m 44s
82:	learn: 0.0872795	test: 0.2945368	best: 0.2945368 (82)	total: 1m 52s	remaining: 1d 13h 39m 3s
83:	learn: 0.0862126	test: 0.2936183	best: 0.2936183 (83)	total: 1m 54s	remaining: 1d 13h 44m 26s
84:	learn: 0.0851991	test: 0.2929213	best: 0.2929213 (84)	total: 1m 55s	remaining: 1d 13h 41m 10s
85:	learn: 0.0838396	test: 0.2915608	best: 0.2915608 (85)	total: 1m 57s	remaining: 1d 13h 45m 35s
86:	learn: 0.0827353	test: 0.2913141	best: 0.2913141 (86)	total: 1m 58s	remaining: 1d 13h 50m 17s
87:	learn: 0.0817708	test: 0.2906328	best: 0.2906328 (87)	total: 2m	remaining: 1d 13h 53m 49s
88:	learn: 0.0806885	test: 0.2905155	best: 0.2905155 (88)	total: 2m 1s	remaining: 1d 13h 54m 47s
89:	learn: 0.0797100	test: 0.2899601	best: 0.2899601 (89)	total: 2m 3s	remaining: 1d 13h 57m 23s
90:	learn: 0.0786901	test: 0.2897566	best: 0.2897566 (90)	total: 2m 4s	remaining: 1d 13h 57m 12s
91:	learn: 0.0772030	test: 0.2885383	best: 0.2885383 (91)	total: 2m 5s	remaining: 1d 13h 49m 34s
92:	learn: 0.0761421	test: 0.2876742	best: 0.2876742 (92)	total: 2m 6s	remaining: 1d 13h 41m 19s
93:	learn: 0.0747822	test: 0.2865639	best: 0.2865639 (93)	total: 2m 7s	remaining: 1d 13h 35m 20s
94:	learn: 0.0739621	test: 0.2860831	best: 0.2860831 (94)	total: 2m 8s	remaining: 1d 13h 35m 54s
95:	learn: 0.0728651	test: 0.2852050	best: 0.2852050 (95)	total: 2m 10s	remaining: 1d 13h 35m 46s
96:	learn: 0.0718508	test: 0.2848667	best: 0.2848667 (96)	total: 2m 11s	remaining: 1d 13h 30m 14s
97:	learn: 0.0709136	test: 0.2842847	best: 0.2842847 (97)	total: 2m 12s	remaining: 1d 13h 26m 55s
98:	learn: 0.0701590	test: 0.2840391	best: 0.2840391 (98)	total: 2m 13s	remaining: 1d 13h 30m 41s
99:	learn: 0.0691684	test: 0.2835693	best: 0.2835693 (99)	total: 2m 15s	remaining: 1d 13h 27m 46s
100:	learn: 0.0683130	test: 0.2832424	best: 0.2832424 (100)	total: 2m 16s	remaining: 1d 13h 30m 31s
101:	learn: 0.0672782	test: 0.2826762	best: 0.2826762 (101)	total: 2m 17s	remaining: 1d 13h 27m 37s
102:	learn: 0.0663586	test: 0.2832690	best: 0.2826762 (101)	total: 2m 18s	remaining: 1d 13h 26m 23s
103:	learn: 0.0656502	test: 0.2826456	best: 0.2826456 (103)	total: 2m 20s	remaining: 1d 13h 30m 52s
104:	learn: 0.0648375	test: 0.2820219	best: 0.2820219 (104)	total: 2m 22s	remaining: 1d 13h 35m 40s
105:	learn: 0.0640098	test: 0.2812132	best: 0.2812132 (105)	total: 2m 23s	remaining: 1d 13h 31m 49s
106:	learn: 0.0634745	test: 0.2812489	best: 0.2812132 (105)	total: 2m 24s	remaining: 1d 13h 27m 8s
107:	learn: 0.0627497	test: 0.2814020	best: 0.2812132 (105)	total: 2m 25s	remaining: 1d 13h 19m 21s
108:	learn: 0.0621081	test: 0.2814232	best: 0.2812132 (105)	total: 2m 26s	remaining: 1d 13h 11m 31s
109:	learn: 0.0616619	test: 0.2811992	best: 0.2811992 (109)	total: 2m 27s	remaining: 1d 13h 12m 37s
110:	learn: 0.0611482	test: 0.2810069	best: 0.2810069 (110)	total: 2m 29s	remaining: 1d 13h 14m 45s
111:	learn: 0.0606954	test: 0.2809059	best: 0.2809059 (111)	total: 2m 31s	remaining: 1d 13h 25m 17s
112:	learn: 0.0602558	test: 0.2806234	best: 0.2806234 (112)	total: 2m 33s	remaining: 1d 13h 40m 12s
113:	learn: 0.0597541	test: 0.2803482	best: 0.2803482 (113)	total: 2m 34s	remaining: 1d 13h 39m 18s
114:	learn: 0.0592842	test: 0.2799871	best: 0.2799871 (114)	total: 2m 35s	remaining: 1d 13h 34m 29s
115:	learn: 0.0586574	test: 0.2798343	best: 0.2798343 (115)	total: 2m 36s	remaining: 1d 13h 26m 51s
116:	learn: 0.0581855	test: 0.2796730	best: 0.2796730 (116)	total: 2m 37s	remaining: 1d 13h 18m 20s
117:	learn: 0.0577088	test: 0.2792471	best: 0.2792471 (117)	total: 2m 38s	remaining: 1d 13h 10m 52s
118:	learn: 0.0573110	test: 0.2791787	best: 0.2791787 (118)	total: 2m 38s	remaining: 1d 13h 3m 31s
119:	learn: 0.0569702	test: 0.2791653	best: 0.2791653 (119)	total: 2m 40s	remaining: 1d 13h 3m 36s
120:	learn: 0.0562243	test: 0.2787275	best: 0.2787275 (120)	total: 2m 41s	remaining: 1d 12h 56m 15s
121:	learn: 0.0556610	test: 0.2782580	best: 0.2782580 (121)	total: 2m 41s	remaining: 1d 12h 48m 56s
122:	learn: 0.0549531	test: 0.2777952	best: 0.2777952 (122)	total: 2m 43s	remaining: 1d 12h 50m 32s
123:	learn: 0.0546392	test: 0.2777801	best: 0.2777801 (123)	total: 2m 44s	remaining: 1d 12h 52m 20s
124:	learn: 0.0543403	test: 0.2777889	best: 0.2777801 (123)	total: 2m 45s	remaining: 1d 12h 46m 12s
125:	learn: 0.0540357	test: 0.2777481	best: 0.2777481 (125)	total: 2m 46s	remaining: 1d 12h 42m 5s
126:	learn: 0.0537097	test: 0.2774779	best: 0.2774779 (126)	total: 2m 47s	remaining: 1d 12h 37m 9s
127:	learn: 0.0533191	test: 0.2771310	best: 0.2771310 (127)	total: 2m 49s	remaining: 1d 12h 38m 16s
128:	learn: 0.0527560	test: 0.2771122	best: 0.2771122 (128)	total: 2m 50s	remaining: 1d 12h 38m 43s
129:	learn: 0.0520071	test: 0.2769002	best: 0.2769002 (129)	total: 2m 51s	remaining: 1d 12h 36m 47s
130:	learn: 0.0515321	test: 0.2765840	best: 0.2765840 (130)	total: 2m 54s	remaining: 1d 12h 55m 14s
131:	learn: 0.0509358	test: 0.2762148	best: 0.2762148 (131)	total: 2m 55s	remaining: 1d 12h 57m 17s
132:	learn: 0.0504206	test: 0.2762384	best: 0.2762148 (131)	total: 2m 57s	remaining: 1d 13h 19s
133:	learn: 0.0500871	test: 0.2761162	best: 0.2761162 (133)	total: 2m 59s	remaining: 1d 13h 4m 39s
134:	learn: 0.0496314	test: 0.2760517	best: 0.2760517 (134)	total: 3m	remaining: 1d 13h 6m 10s
135:	learn: 0.0490736	test: 0.2760816	best: 0.2760517 (134)	total: 3m 2s	remaining: 1d 13h 7m 24s
136:	learn: 0.0482238	test: 0.2755043	best: 0.2755043 (136)	total: 3m 3s	remaining: 1d 13h 11m 42s
137:	learn: 0.0477502	test: 0.2751873	best: 0.2751873 (137)	total: 3m 4s	remaining: 1d 13h 10m 54s
138:	learn: 0.0473353	test: 0.2748740	best: 0.2748740 (138)	total: 3m 6s	remaining: 1d 13h 11m 6s
139:	learn: 0.0465221	test: 0.2750654	best: 0.2748740 (138)	total: 3m 7s	remaining: 1d 13h 9m 48s
140:	learn: 0.0462607	test: 0.2746828	best: 0.2746828 (140)	total: 3m 8s	remaining: 1d 13h 7m 40s
141:	learn: 0.0460088	test: 0.2743982	best: 0.2743982 (141)	total: 3m 10s	remaining: 1d 13h 11m 43s
142:	learn: 0.0457374	test: 0.2746239	best: 0.2743982 (141)	total: 3m 11s	remaining: 1d 13h 12m 42s
143:	learn: 0.0453514	test: 0.2745922	best: 0.2743982 (141)	total: 3m 12s	remaining: 1d 13h 9m 37s
144:	learn: 0.0449745	test: 0.2749398	best: 0.2743982 (141)	total: 3m 13s	remaining: 1d 13h 4m 17s
145:	learn: 0.0447620	test: 0.2749403	best: 0.2743982 (141)	total: 3m 14s	remaining: 1d 13h
146:	learn: 0.0445430	test: 0.2749833	best: 0.2743982 (141)	total: 3m 15s	remaining: 1d 12h 55m 10s
147:	learn: 0.0442997	test: 0.2748392	best: 0.2743982 (141)	total: 3m 16s	remaining: 1d 12h 52m 25s
148:	learn: 0.0440389	test: 0.2748914	best: 0.2743982 (141)	total: 3m 18s	remaining: 1d 12h 52m 18s
149:	learn: 0.0437129	test: 0.2749006	best: 0.2743982 (141)	total: 3m 19s	remaining: 1d 12h 51m 11s
150:	learn: 0.0434988	test: 0.2747867	best: 0.2743982 (141)	total: 3m 20s	remaining: 1d 12h 47m 17s
151:	learn: 0.0432852	test: 0.2747719	best: 0.2743982 (141)	total: 3m 21s	remaining: 1d 12h 42m 44s
152:	learn: 0.0429944	test: 0.2748379	best: 0.2743982 (141)	total: 3m 22s	remaining: 1d 12h 41m 12s
153:	learn: 0.0428145	test: 0.2750759	best: 0.2743982 (141)	total: 3m 24s	remaining: 1d 12h 47m 45s
154:	learn: 0.0424547	test: 0.2753998	best: 0.2743982 (141)	total: 3m 25s	remaining: 1d 12h 46m 3s
155:	learn: 0.0422511	test: 0.2752529	best: 0.2743982 (141)	total: 3m 26s	remaining: 1d 12h 41m 47s
156:	learn: 0.0419396	test: 0.2752445	best: 0.2743982 (141)	total: 3m 27s	remaining: 1d 12h 40m 7s
157:	learn: 0.0417645	test: 0.2751408	best: 0.2743982 (141)	total: 3m 29s	remaining: 1d 12h 43m 44s
158:	learn: 0.0415106	test: 0.2750944	best: 0.2743982 (141)	total: 3m 31s	remaining: 1d 12h 57m 46s
159:	learn: 0.0412911	test: 0.2750147	best: 0.2743982 (141)	total: 3m 33s	remaining: 1d 13h
160:	learn: 0.0409928	test: 0.2752089	best: 0.2743982 (141)	total: 3m 34s	remaining: 1d 12h 57m 12s
161:	learn: 0.0407427	test: 0.2751955	best: 0.2743982 (141)	total: 3m 36s	remaining: 1d 12h 58m 58s
162:	learn: 0.0405263	test: 0.2750489	best: 0.2743982 (141)	total: 3m 37s	remaining: 1d 13h 1m 58s
163:	learn: 0.0402287	test: 0.2754036	best: 0.2743982 (141)	total: 3m 39s	remaining: 1d 13h 2m 35s
164:	learn: 0.0399877	test: 0.2753870	best: 0.2743982 (141)	total: 3m 40s	remaining: 1d 13h 6m 21s
165:	learn: 0.0397645	test: 0.2752427	best: 0.2743982 (141)	total: 3m 41s	remaining: 1d 13h 4m 36s
166:	learn: 0.0395479	test: 0.2752101	best: 0.2743982 (141)	total: 3m 43s	remaining: 1d 13h 2m 44s
167:	learn: 0.0391971	test: 0.2753077	best: 0.2743982 (141)	total: 3m 44s	remaining: 1d 13h 4m 24s
168:	learn: 0.0389971	test: 0.2751556	best: 0.2743982 (141)	total: 3m 46s	remaining: 1d 13h 7m 26s
169:	learn: 0.0387821	test: 0.2751980	best: 0.2743982 (141)	total: 3m 47s	remaining: 1d 13h 4m 39s
170:	learn: 0.0386227	test: 0.2751195	best: 0.2743982 (141)	total: 3m 48s	remaining: 1d 13h 6m 41s
171:	learn: 0.0383262	test: 0.2750999	best: 0.2743982 (141)	total: 3m 50s	remaining: 1d 13h 5m 34s
172:	learn: 0.0381073	test: 0.2749149	best: 0.2743982 (141)	total: 3m 51s	remaining: 1d 13h 5m 4s
173:	learn: 0.0379412	test: 0.2748289	best: 0.2743982 (141)	total: 3m 52s	remaining: 1d 13h 6m 34s
174:	learn: 0.0377452	test: 0.2747642	best: 0.2743982 (141)	total: 3m 54s	remaining: 1d 13h 7m 23s
175:	learn: 0.0375500	test: 0.2748127	best: 0.2743982 (141)	total: 3m 55s	remaining: 1d 13h 9m 2s
176:	learn: 0.0373193	test: 0.2744646	best: 0.2743982 (141)	total: 3m 57s	remaining: 1d 13h 10m 30s
177:	learn: 0.0371358	test: 0.2743874	best: 0.2743874 (177)	total: 3m 58s	remaining: 1d 13h 11m 14s
178:	learn: 0.0369943	test: 0.2744149	best: 0.2743874 (177)	total: 4m	remaining: 1d 13h 13m 13s
179:	learn: 0.0368568	test: 0.2743981	best: 0.2743874 (177)	total: 4m 1s	remaining: 1d 13h 13m 46s
180:	learn: 0.0366439	test: 0.2741659	best: 0.2741659 (180)	total: 4m 2s	remaining: 1d 13h 11m 48s
181:	learn: 0.0364564	test: 0.2740459	best: 0.2740459 (181)	total: 4m 4s	remaining: 1d 13h 13m 32s
182:	learn: 0.0362928	test: 0.2740609	best: 0.2740459 (181)	total: 4m 6s	remaining: 1d 13h 17m 6s
183:	learn: 0.0361499	test: 0.2740734	best: 0.2740459 (181)	total: 4m 7s	remaining: 1d 13h 18m 10s
184:	learn: 0.0359606	test: 0.2740260	best: 0.2740260 (184)	total: 4m 8s	remaining: 1d 13h 17m 40s
185:	learn: 0.0357782	test: 0.2739030	best: 0.2739030 (185)	total: 4m 10s	remaining: 1d 13h 17m 43s
186:	learn: 0.0356000	test: 0.2736819	best: 0.2736819 (186)	total: 4m 11s	remaining: 1d 13h 17m 54s
187:	learn: 0.0353745	test: 0.2736357	best: 0.2736357 (187)	total: 4m 12s	remaining: 1d 13h 15m 40s
188:	learn: 0.0351767	test: 0.2737818	best: 0.2736357 (187)	total: 4m 14s	remaining: 1d 13h 15m 44s
189:	learn: 0.0349879	test: 0.2737942	best: 0.2736357 (187)	total: 4m 15s	remaining: 1d 13h 13m 44s
190:	learn: 0.0348323	test: 0.2737308	best: 0.2736357 (187)	total: 4m 16s	remaining: 1d 13h 11m 48s
191:	learn: 0.0346088	test: 0.2736498	best: 0.2736357 (187)	total: 4m 17s	remaining: 1d 13h 9m 49s
192:	learn: 0.0344460	test: 0.2736061	best: 0.2736061 (192)	total: 4m 18s	remaining: 1d 13h 8m 19s
193:	learn: 0.0343288	test: 0.2735314	best: 0.2735314 (193)	total: 4m 19s	remaining: 1d 13h 5m 58s
194:	learn: 0.0341585	test: 0.2734913	best: 0.2734913 (194)	total: 4m 21s	remaining: 1d 13h 7m 28s
195:	learn: 0.0340321	test: 0.2735077	best: 0.2734913 (194)	total: 4m 22s	remaining: 1d 13h 10m 41s
196:	learn: 0.0338713	test: 0.2733741	best: 0.2733741 (196)	total: 4m 24s	remaining: 1d 13h 14m 10s
197:	learn: 0.0337003	test: 0.2733409	best: 0.2733409 (197)	total: 4m 25s	remaining: 1d 13h 13m 19s
198:	learn: 0.0334466	test: 0.2732485	best: 0.2732485 (198)	total: 4m 26s	remaining: 1d 13h 11m 39s
199:	learn: 0.0332655	test: 0.2732135	best: 0.2732135 (199)	total: 4m 28s	remaining: 1d 13h 11m 35s
200:	learn: 0.0331373	test: 0.2731606	best: 0.2731606 (200)	total: 4m 29s	remaining: 1d 13h 13m 39s
201:	learn: 0.0330112	test: 0.2730734	best: 0.2730734 (201)	total: 4m 31s	remaining: 1d 13h 13m 23s
202:	learn: 0.0328567	test: 0.2730070	best: 0.2730070 (202)	total: 4m 32s	remaining: 1d 13h 10m 4s
203:	learn: 0.0327424	test: 0.2729776	best: 0.2729776 (203)	total: 4m 33s	remaining: 1d 13h 5m 53s
204:	learn: 0.0326287	test: 0.2729030	best: 0.2729030 (204)	total: 4m 34s	remaining: 1d 13h 3m 15s
205:	learn: 0.0324527	test: 0.2728653	best: 0.2728653 (205)	total: 4m 34s	remaining: 1d 12h 59m 37s
206:	learn: 0.0323204	test: 0.2727245	best: 0.2727245 (206)	total: 4m 36s	remaining: 1d 12h 59m 7s
207:	learn: 0.0320856	test: 0.2723156	best: 0.2723156 (207)	total: 4m 38s	remaining: 1d 13h 4m 9s
208:	learn: 0.0319039	test: 0.2723368	best: 0.2723156 (207)	total: 4m 39s	remaining: 1d 13h 4m 1s
209:	learn: 0.0317885	test: 0.2724298	best: 0.2723156 (207)	total: 4m 40s	remaining: 1d 13h 11s
210:	learn: 0.0316071	test: 0.2724916	best: 0.2723156 (207)	total: 4m 41s	remaining: 1d 12h 58m 3s
211:	learn: 0.0315028	test: 0.2723726	best: 0.2723156 (207)	total: 4m 42s	remaining: 1d 12h 54m 14s
212:	learn: 0.0314030	test: 0.2723728	best: 0.2723156 (207)	total: 4m 43s	remaining: 1d 12h 50m 22s
213:	learn: 0.0312544	test: 0.2723560	best: 0.2723156 (207)	total: 4m 44s	remaining: 1d 12h 47m 59s
214:	learn: 0.0311419	test: 0.2723841	best: 0.2723156 (207)	total: 4m 45s	remaining: 1d 12h 48m 51s
215:	learn: 0.0310392	test: 0.2724379	best: 0.2723156 (207)	total: 4m 46s	remaining: 1d 12h 46m 45s
216:	learn: 0.0309205	test: 0.2723988	best: 0.2723156 (207)	total: 4m 47s	remaining: 1d 12h 43m 33s
217:	learn: 0.0306518	test: 0.2721668	best: 0.2721668 (217)	total: 4m 48s	remaining: 1d 12h 40m 29s
218:	learn: 0.0305547	test: 0.2721999	best: 0.2721668 (217)	total: 4m 49s	remaining: 1d 12h 37m 2s
219:	learn: 0.0304022	test: 0.2721733	best: 0.2721668 (217)	total: 4m 50s	remaining: 1d 12h 34m 28s
220:	learn: 0.0302030	test: 0.2721085	best: 0.2721085 (220)	total: 4m 51s	remaining: 1d 12h 32m 2s
221:	learn: 0.0300767	test: 0.2720893	best: 0.2720893 (221)	total: 4m 52s	remaining: 1d 12h 30m 26s
222:	learn: 0.0299539	test: 0.2721556	best: 0.2720893 (221)	total: 4m 53s	remaining: 1d 12h 27m 20s
223:	learn: 0.0297931	test: 0.2722573	best: 0.2720893 (221)	total: 4m 54s	remaining: 1d 12h 24m 5s
224:	learn: 0.0296943	test: 0.2723237	best: 0.2720893 (221)	total: 4m 55s	remaining: 1d 12h 20m 43s
225:	learn: 0.0295364	test: 0.2726012	best: 0.2720893 (221)	total: 4m 55s	remaining: 1d 12h 17m 19s
226:	learn: 0.0294433	test: 0.2725111	best: 0.2720893 (221)	total: 4m 57s	remaining: 1d 12h 15m 42s
227:	learn: 0.0293624	test: 0.2724620	best: 0.2720893 (221)	total: 4m 58s	remaining: 1d 12h 16m 39s
228:	learn: 0.0292440	test: 0.2725084	best: 0.2720893 (221)	total: 5m	remaining: 1d 12h 18m 25s
229:	learn: 0.0290851	test: 0.2727118	best: 0.2720893 (221)	total: 5m 1s	remaining: 1d 12h 22m 4s
230:	learn: 0.0289728	test: 0.2727520	best: 0.2720893 (221)	total: 5m 3s	remaining: 1d 12h 22m 43s
231:	learn: 0.0288383	test: 0.2728303	best: 0.2720893 (221)	total: 5m 4s	remaining: 1d 12h 25m 1s
232:	learn: 0.0287439	test: 0.2728936	best: 0.2720893 (221)	total: 5m 6s	remaining: 1d 12h 24m 35s
233:	learn: 0.0286454	test: 0.2729903	best: 0.2720893 (221)	total: 5m 7s	remaining: 1d 12h 22m 7s
234:	learn: 0.0285021	test: 0.2728386	best: 0.2720893 (221)	total: 5m 9s	remaining: 1d 12h 26m 50s
235:	learn: 0.0283973	test: 0.2727822	best: 0.2720893 (221)	total: 5m 11s	remaining: 1d 12h 34m 9s
236:	learn: 0.0282390	test: 0.2729409	best: 0.2720893 (221)	total: 5m 13s	remaining: 1d 12h 36m 11s
237:	learn: 0.0281303	test: 0.2728424	best: 0.2720893 (221)	total: 5m 14s	remaining: 1d 12h 36m 45s
238:	learn: 0.0280507	test: 0.2728946	best: 0.2720893 (221)	total: 5m 15s	remaining: 1d 12h 37m 7s
239:	learn: 0.0279323	test: 0.2729369	best: 0.2720893 (221)	total: 5m 16s	remaining: 1d 12h 35m 53s
240:	learn: 0.0278474	test: 0.2729581	best: 0.2720893 (221)	total: 5m 18s	remaining: 1d 12h 36m 56s
241:	learn: 0.0277278	test: 0.2730723	best: 0.2720893 (221)	total: 5m 20s	remaining: 1d 12h 39m 1s
242:	learn: 0.0273935	test: 0.2734256	best: 0.2720893 (221)	total: 5m 22s	remaining: 1d 12h 44m 36s
243:	learn: 0.0271927	test: 0.2731890	best: 0.2720893 (221)	total: 5m 23s	remaining: 1d 12h 46m 41s
244:	learn: 0.0270217	test: 0.2728731	best: 0.2720893 (221)	total: 5m 26s	remaining: 1d 12h 53m 14s
245:	learn: 0.0269076	test: 0.2730726	best: 0.2720893 (221)	total: 5m 28s	remaining: 1d 12h 57m 28s
246:	learn: 0.0268278	test: 0.2730607	best: 0.2720893 (221)	total: 5m 29s	remaining: 1d 12h 59m 9s
247:	learn: 0.0267407	test: 0.2730630	best: 0.2720893 (221)	total: 5m 31s	remaining: 1d 13h 1m 15s
248:	learn: 0.0266365	test: 0.2730025	best: 0.2720893 (221)	total: 5m 32s	remaining: 1d 13h 2m 11s
249:	learn: 0.0265589	test: 0.2730286	best: 0.2720893 (221)	total: 5m 34s	remaining: 1d 13h 3m 20s
250:	learn: 0.0264790	test: 0.2730423	best: 0.2720893 (221)	total: 5m 35s	remaining: 1d 13h 46s
251:	learn: 0.0264002	test: 0.2730816	best: 0.2720893 (221)	total: 5m 36s	remaining: 1d 12h 58m 1s
252:	learn: 0.0263223	test: 0.2730662	best: 0.2720893 (221)	total: 5m 37s	remaining: 1d 12h 56m 50s
253:	learn: 0.0261399	test: 0.2732270	best: 0.2720893 (221)	total: 5m 38s	remaining: 1d 12h 55m 31s
254:	learn: 0.0260693	test: 0.2732749	best: 0.2720893 (221)	total: 5m 39s	remaining: 1d 12h 54m 56s
255:	learn: 0.0259997	test: 0.2733061	best: 0.2720893 (221)	total: 5m 40s	remaining: 1d 12h 53m 12s
256:	learn: 0.0259300	test: 0.2732897	best: 0.2720893 (221)	total: 5m 41s	remaining: 1d 12h 49m 34s
257:	learn: 0.0258595	test: 0.2733462	best: 0.2720893 (221)	total: 5m 42s	remaining: 1d 12h 46m 3s
258:	learn: 0.0257272	test: 0.2734865	best: 0.2720893 (221)	total: 5m 43s	remaining: 1d 12h 45m 13s
259:	learn: 0.0256372	test: 0.2735484	best: 0.2720893 (221)	total: 5m 44s	remaining: 1d 12h 44m 28s
260:	learn: 0.0255007	test: 0.2733794	best: 0.2720893 (221)	total: 5m 45s	remaining: 1d 12h 43m 35s
261:	learn: 0.0254296	test: 0.2734546	best: 0.2720893 (221)	total: 5m 46s	remaining: 1d 12h 40m 37s
262:	learn: 0.0253568	test: 0.2734397	best: 0.2720893 (221)	total: 5m 49s	remaining: 1d 12h 49m 22s
263:	learn: 0.0251999	test: 0.2732815	best: 0.2720893 (221)	total: 5m 50s	remaining: 1d 12h 48m 52s
264:	learn: 0.0251342	test: 0.2733088	best: 0.2720893 (221)	total: 5m 51s	remaining: 1d 12h 46m 1s
265:	learn: 0.0250498	test: 0.2733091	best: 0.2720893 (221)	total: 5m 53s	remaining: 1d 12h 46m 57s
266:	learn: 0.0249794	test: 0.2733116	best: 0.2720893 (221)	total: 5m 54s	remaining: 1d 12h 45m 22s
267:	learn: 0.0249087	test: 0.2733261	best: 0.2720893 (221)	total: 5m 55s	remaining: 1d 12h 44m 44s
268:	learn: 0.0248168	test: 0.2732305	best: 0.2720893 (221)	total: 5m 56s	remaining: 1d 12h 43m 41s
269:	learn: 0.0247255	test: 0.2731135	best: 0.2720893 (221)	total: 5m 57s	remaining: 1d 12h 40m 47s
270:	learn: 0.0246571	test: 0.2731044	best: 0.2720893 (221)	total: 5m 58s	remaining: 1d 12h 38m 4s
271:	learn: 0.0245677	test: 0.2731878	best: 0.2720893 (221)	total: 5m 59s	remaining: 1d 12h 35m 18s
272:	learn: 0.0244850	test: 0.2732213	best: 0.2720893 (221)	total: 6m	remaining: 1d 12h 33m 49s
273:	learn: 0.0244025	test: 0.2732123	best: 0.2720893 (221)	total: 6m 1s	remaining: 1d 12h 35m 10s
274:	learn: 0.0243229	test: 0.2731213	best: 0.2720893 (221)	total: 6m 4s	remaining: 1d 12h 41m 46s
275:	learn: 0.0242111	test: 0.2731322	best: 0.2720893 (221)	total: 6m 5s	remaining: 1d 12h 42m 23s
276:	learn: 0.0240229	test: 0.2731775	best: 0.2720893 (221)	total: 6m 7s	remaining: 1d 12h 44m 27s
277:	learn: 0.0239447	test: 0.2731969	best: 0.2720893 (221)	total: 6m 8s	remaining: 1d 12h 44m 30s
278:	learn: 0.0238828	test: 0.2731523	best: 0.2720893 (221)	total: 6m 10s	remaining: 1d 12h 45m 35s
279:	learn: 0.0237941	test: 0.2732064	best: 0.2720893 (221)	total: 6m 11s	remaining: 1d 12h 46m 23s
280:	learn: 0.0237160	test: 0.2731678	best: 0.2720893 (221)	total: 6m 13s	remaining: 1d 12h 48m 37s
281:	learn: 0.0236482	test: 0.2731193	best: 0.2720893 (221)	total: 6m 14s	remaining: 1d 12h 49m 8s
282:	learn: 0.0235712	test: 0.2729968	best: 0.2720893 (221)	total: 6m 16s	remaining: 1d 12h 50m 6s
283:	learn: 0.0235003	test: 0.2730794	best: 0.2720893 (221)	total: 6m 17s	remaining: 1d 12h 49m 31s
284:	learn: 0.0233982	test: 0.2730372	best: 0.2720893 (221)	total: 6m 18s	remaining: 1d 12h 46m 26s
285:	learn: 0.0233377	test: 0.2729500	best: 0.2720893 (221)	total: 6m 19s	remaining: 1d 12h 44m 9s
286:	learn: 0.0232740	test: 0.2730623	best: 0.2720893 (221)	total: 6m 20s	remaining: 1d 12h 41m 9s
287:	learn: 0.0231816	test: 0.2729666	best: 0.2720893 (221)	total: 6m 21s	remaining: 1d 12h 41m 41s
288:	learn: 0.0230009	test: 0.2729678	best: 0.2720893 (221)	total: 6m 23s	remaining: 1d 12h 43m 10s
289:	learn: 0.0229185	test: 0.2729249	best: 0.2720893 (221)	total: 6m 24s	remaining: 1d 12h 41m 58s
290:	learn: 0.0228523	test: 0.2728139	best: 0.2720893 (221)	total: 6m 25s	remaining: 1d 12h 43m 54s
291:	learn: 0.0227596	test: 0.2727604	best: 0.2720893 (221)	total: 6m 27s	remaining: 1d 12h 45m 28s
292:	learn: 0.0226458	test: 0.2728274	best: 0.2720893 (221)	total: 6m 29s	remaining: 1d 12h 47m 13s
293:	learn: 0.0225855	test: 0.2728565	best: 0.2720893 (221)	total: 6m 30s	remaining: 1d 12h 45m 47s
294:	learn: 0.0225163	test: 0.2729048	best: 0.2720893 (221)	total: 6m 31s	remaining: 1d 12h 46m 6s
295:	learn: 0.0224685	test: 0.2729433	best: 0.2720893 (221)	total: 6m 32s	remaining: 1d 12h 44m 35s
296:	learn: 0.0223752	test: 0.2729922	best: 0.2720893 (221)	total: 6m 33s	remaining: 1d 12h 42m 28s
297:	learn: 0.0223132	test: 0.2729008	best: 0.2720893 (221)	total: 6m 34s	remaining: 1d 12h 41m 5s
298:	learn: 0.0222298	test: 0.2728533	best: 0.2720893 (221)	total: 6m 36s	remaining: 1d 12h 42m 42s
299:	learn: 0.0221761	test: 0.2729665	best: 0.2720893 (221)	total: 6m 37s	remaining: 1d 12h 42m 51s
300:	learn: 0.0221191	test: 0.2730371	best: 0.2720893 (221)	total: 6m 39s	remaining: 1d 12h 44m 46s
301:	learn: 0.0220430	test: 0.2730537	best: 0.2720893 (221)	total: 6m 40s	remaining: 1d 12h 45m 33s
302:	learn: 0.0219741	test: 0.2730975	best: 0.2720893 (221)	total: 6m 42s	remaining: 1d 12h 46m 41s
303:	learn: 0.0219079	test: 0.2731640	best: 0.2720893 (221)	total: 6m 43s	remaining: 1d 12h 47m 43s
304:	learn: 0.0217551	test: 0.2731531	best: 0.2720893 (221)	total: 6m 45s	remaining: 1d 12h 47m 50s
305:	learn: 0.0216905	test: 0.2731212	best: 0.2720893 (221)	total: 6m 47s	remaining: 1d 12h 50m 41s
306:	learn: 0.0216316	test: 0.2732453	best: 0.2720893 (221)	total: 6m 48s	remaining: 1d 12h 51m 46s
307:	learn: 0.0215656	test: 0.2731649	best: 0.2720893 (221)	total: 6m 50s	remaining: 1d 12h 53m 49s
308:	learn: 0.0215034	test: 0.2731712	best: 0.2720893 (221)	total: 6m 52s	remaining: 1d 12h 55m 28s
309:	learn: 0.0214064	test: 0.2731224	best: 0.2720893 (221)	total: 6m 53s	remaining: 1d 12h 56m 21s
310:	learn: 0.0213090	test: 0.2731627	best: 0.2720893 (221)	total: 6m 54s	remaining: 1d 12h 55m 53s
311:	learn: 0.0212097	test: 0.2733561	best: 0.2720893 (221)	total: 6m 56s	remaining: 1d 12h 56m 4s
312:	learn: 0.0211596	test: 0.2733543	best: 0.2720893 (221)	total: 6m 57s	remaining: 1d 12h 57m 3s
313:	learn: 0.0211025	test: 0.2734362	best: 0.2720893 (221)	total: 6m 59s	remaining: 1d 12h 57m 15s
314:	learn: 0.0210331	test: 0.2734948	best: 0.2720893 (221)	total: 7m	remaining: 1d 12h 58m 38s
315:	learn: 0.0209470	test: 0.2737527	best: 0.2720893 (221)	total: 7m 3s	remaining: 1d 13h 6m 29s
316:	learn: 0.0208926	test: 0.2736595	best: 0.2720893 (221)	total: 7m 4s	remaining: 1d 13h 7m 10s
317:	learn: 0.0207811	test: 0.2737050	best: 0.2720893 (221)	total: 7m 6s	remaining: 1d 13h 8m 26s
318:	learn: 0.0207017	test: 0.2737602	best: 0.2720893 (221)	total: 7m 8s	remaining: 1d 13h 9m 22s
319:	learn: 0.0206040	test: 0.2738037	best: 0.2720893 (221)	total: 7m 9s	remaining: 1d 13h 9m
320:	learn: 0.0204753	test: 0.2736323	best: 0.2720893 (221)	total: 7m 10s	remaining: 1d 13h 6m 51s
321:	learn: 0.0203946	test: 0.2735739	best: 0.2720893 (221)	total: 7m 11s	remaining: 1d 13h 4m 24s
322:	learn: 0.0203081	test: 0.2735854	best: 0.2720893 (221)	total: 7m 12s	remaining: 1d 13h 3m 22s
323:	learn: 0.0202026	test: 0.2737696	best: 0.2720893 (221)	total: 7m 13s	remaining: 1d 13h 2m 7s
324:	learn: 0.0201276	test: 0.2739670	best: 0.2720893 (221)	total: 7m 14s	remaining: 1d 13h 1m 52s
325:	learn: 0.0200881	test: 0.2740246	best: 0.2720893 (221)	total: 7m 15s	remaining: 1d 13h 2s
326:	learn: 0.0200378	test: 0.2739735	best: 0.2720893 (221)	total: 7m 16s	remaining: 1d 12h 56m 44s
327:	learn: 0.0199754	test: 0.2739417	best: 0.2720893 (221)	total: 7m 17s	remaining: 1d 12h 54m 26s
328:	learn: 0.0199258	test: 0.2740191	best: 0.2720893 (221)	total: 7m 18s	remaining: 1d 12h 51m 35s
329:	learn: 0.0198760	test: 0.2739351	best: 0.2720893 (221)	total: 7m 19s	remaining: 1d 12h 51m 25s
330:	learn: 0.0198390	test: 0.2739416	best: 0.2720893 (221)	total: 7m 20s	remaining: 1d 12h 49m 53s
331:	learn: 0.0197995	test: 0.2739873	best: 0.2720893 (221)	total: 7m 21s	remaining: 1d 12h 47m 23s
332:	learn: 0.0197477	test: 0.2739366	best: 0.2720893 (221)	total: 7m 21s	remaining: 1d 12h 44m 48s
333:	learn: 0.0197107	test: 0.2739914	best: 0.2720893 (221)	total: 7m 23s	remaining: 1d 12h 43m 12s
334:	learn: 0.0196496	test: 0.2739423	best: 0.2720893 (221)	total: 7m 24s	remaining: 1d 12h 42m 3s
335:	learn: 0.0195953	test: 0.2741054	best: 0.2720893 (221)	total: 7m 25s	remaining: 1d 12h 40m 36s
336:	learn: 0.0195526	test: 0.2741840	best: 0.2720893 (221)	total: 7m 26s	remaining: 1d 12h 39m
337:	learn: 0.0194882	test: 0.2741541	best: 0.2720893 (221)	total: 7m 26s	remaining: 1d 12h 36m 32s
338:	learn: 0.0194236	test: 0.2743215	best: 0.2720893 (221)	total: 7m 28s	remaining: 1d 12h 35m 56s
339:	learn: 0.0193863	test: 0.2743528	best: 0.2720893 (221)	total: 7m 29s	remaining: 1d 12h 35m
340:	learn: 0.0193241	test: 0.2743084	best: 0.2720893 (221)	total: 7m 30s	remaining: 1d 12h 34m 49s
341:	learn: 0.0192705	test: 0.2743193	best: 0.2720893 (221)	total: 7m 31s	remaining: 1d 12h 32m 51s
342:	learn: 0.0192204	test: 0.2742393	best: 0.2720893 (221)	total: 7m 32s	remaining: 1d 12h 33m 14s
343:	learn: 0.0191736	test: 0.2742323	best: 0.2720893 (221)	total: 7m 34s	remaining: 1d 12h 35m 10s
344:	learn: 0.0191245	test: 0.2741888	best: 0.2720893 (221)	total: 7m 36s	remaining: 1d 12h 36m 58s
345:	learn: 0.0190794	test: 0.2742420	best: 0.2720893 (221)	total: 7m 37s	remaining: 1d 12h 37m 56s
346:	learn: 0.0190007	test: 0.2742560	best: 0.2720893 (221)	total: 7m 39s	remaining: 1d 12h 40m 4s
347:	learn: 0.0189457	test: 0.2744043	best: 0.2720893 (221)	total: 7m 40s	remaining: 1d 12h 39m 34s
348:	learn: 0.0188997	test: 0.2743686	best: 0.2720893 (221)	total: 7m 41s	remaining: 1d 12h 38m 4s
349:	learn: 0.0188506	test: 0.2743183	best: 0.2720893 (221)	total: 7m 42s	remaining: 1d 12h 35m 53s
350:	learn: 0.0187967	test: 0.2742688	best: 0.2720893 (221)	total: 7m 44s	remaining: 1d 12h 36m 6s
351:	learn: 0.0187565	test: 0.2742383	best: 0.2720893 (221)	total: 7m 45s	remaining: 1d 12h 36m 11s
352:	learn: 0.0186887	test: 0.2742473	best: 0.2720893 (221)	total: 7m 46s	remaining: 1d 12h 35m 18s
353:	learn: 0.0186465	test: 0.2743141	best: 0.2720893 (221)	total: 7m 47s	remaining: 1d 12h 33m 1s
354:	learn: 0.0186025	test: 0.2743286	best: 0.2720893 (221)	total: 7m 49s	remaining: 1d 12h 34m 11s
355:	learn: 0.0185682	test: 0.2743499	best: 0.2720893 (221)	total: 7m 50s	remaining: 1d 12h 34m 41s
356:	learn: 0.0185277	test: 0.2743117	best: 0.2720893 (221)	total: 7m 51s	remaining: 1d 12h 35m 16s
357:	learn: 0.0184847	test: 0.2742728	best: 0.2720893 (221)	total: 7m 53s	remaining: 1d 12h 34m 49s
358:	learn: 0.0184350	test: 0.2742326	best: 0.2720893 (221)	total: 7m 54s	remaining: 1d 12h 32m 42s
359:	learn: 0.0183915	test: 0.2743224	best: 0.2720893 (221)	total: 7m 54s	remaining: 1d 12h 30m 2s
360:	learn: 0.0183413	test: 0.2743234	best: 0.2720893 (221)	total: 7m 55s	remaining: 1d 12h 28m 25s
361:	learn: 0.0183012	test: 0.2743817	best: 0.2720893 (221)	total: 7m 56s	remaining: 1d 12h 26m 31s
362:	learn: 0.0182603	test: 0.2743853	best: 0.2720893 (221)	total: 7m 57s	remaining: 1d 12h 25m 47s
363:	learn: 0.0182240	test: 0.2744170	best: 0.2720893 (221)	total: 7m 58s	remaining: 1d 12h 23m
364:	learn: 0.0181655	test: 0.2744035	best: 0.2720893 (221)	total: 7m 59s	remaining: 1d 12h 21m 22s
365:	learn: 0.0181022	test: 0.2743230	best: 0.2720893 (221)	total: 8m	remaining: 1d 12h 18m 58s
366:	learn: 0.0180570	test: 0.2742677	best: 0.2720893 (221)	total: 8m 1s	remaining: 1d 12h 17m 27s
367:	learn: 0.0180083	test: 0.2743779	best: 0.2720893 (221)	total: 8m 2s	remaining: 1d 12h 15m 59s
368:	learn: 0.0179637	test: 0.2743754	best: 0.2720893 (221)	total: 8m 3s	remaining: 1d 12h 14m 35s
369:	learn: 0.0179253	test: 0.2744223	best: 0.2720893 (221)	total: 8m 4s	remaining: 1d 12h 12m 38s
370:	learn: 0.0178841	test: 0.2745006	best: 0.2720893 (221)	total: 8m 4s	remaining: 1d 12h 10m 19s
371:	learn: 0.0178418	test: 0.2745545	best: 0.2720893 (221)	total: 8m 5s	remaining: 1d 12h 7m 58s
372:	learn: 0.0177453	test: 0.2746303	best: 0.2720893 (221)	total: 8m 6s	remaining: 1d 12h 6m 21s
373:	learn: 0.0176899	test: 0.2746861	best: 0.2720893 (221)	total: 8m 8s	remaining: 1d 12h 6m 55s
374:	learn: 0.0176542	test: 0.2747249	best: 0.2720893 (221)	total: 8m 9s	remaining: 1d 12h 6m 28s
375:	learn: 0.0176148	test: 0.2747858	best: 0.2720893 (221)	total: 8m 10s	remaining: 1d 12h 5m 2s
376:	learn: 0.0175813	test: 0.2748215	best: 0.2720893 (221)	total: 8m 11s	remaining: 1d 12h 4m 16s
377:	learn: 0.0175309	test: 0.2747895	best: 0.2720893 (221)	total: 8m 12s	remaining: 1d 12h 1m 24s
378:	learn: 0.0174729	test: 0.2748958	best: 0.2720893 (221)	total: 8m 13s	remaining: 1d 12h 24s
379:	learn: 0.0174181	test: 0.2748739	best: 0.2720893 (221)	total: 8m 14s	remaining: 1d 11h 58m 34s
380:	learn: 0.0173801	test: 0.2748303	best: 0.2720893 (221)	total: 8m 14s	remaining: 1d 11h 55m 38s
381:	learn: 0.0173224	test: 0.2748353	best: 0.2720893 (221)	total: 8m 15s	remaining: 1d 11h 54m 14s
382:	learn: 0.0172861	test: 0.2748214	best: 0.2720893 (221)	total: 8m 16s	remaining: 1d 11h 52m 8s
383:	learn: 0.0172539	test: 0.2748283	best: 0.2720893 (221)	total: 8m 17s	remaining: 1d 11h 50m 29s
384:	learn: 0.0172186	test: 0.2748864	best: 0.2720893 (221)	total: 8m 18s	remaining: 1d 11h 49m 6s
385:	learn: 0.0171853	test: 0.2749170	best: 0.2720893 (221)	total: 8m 19s	remaining: 1d 11h 47m 24s
386:	learn: 0.0171488	test: 0.2749122	best: 0.2720893 (221)	total: 8m 19s	remaining: 1d 11h 44m 57s
387:	learn: 0.0170088	test: 0.2748680	best: 0.2720893 (221)	total: 8m 20s	remaining: 1d 11h 43m 16s
388:	learn: 0.0169810	test: 0.2749092	best: 0.2720893 (221)	total: 8m 21s	remaining: 1d 11h 41m 20s
389:	learn: 0.0169364	test: 0.2750255	best: 0.2720893 (221)	total: 8m 22s	remaining: 1d 11h 38m 29s
390:	learn: 0.0168868	test: 0.2749944	best: 0.2720893 (221)	total: 8m 23s	remaining: 1d 11h 35m 54s
391:	learn: 0.0168509	test: 0.2750362	best: 0.2720893 (221)	total: 8m 23s	remaining: 1d 11h 33m 18s
392:	learn: 0.0167888	test: 0.2750525	best: 0.2720893 (221)	total: 8m 24s	remaining: 1d 11h 31m 30s
393:	learn: 0.0167511	test: 0.2750373	best: 0.2720893 (221)	total: 8m 25s	remaining: 1d 11h 28m 37s
394:	learn: 0.0167133	test: 0.2749968	best: 0.2720893 (221)	total: 8m 25s	remaining: 1d 11h 25m 36s
395:	learn: 0.0166650	test: 0.2750890	best: 0.2720893 (221)	total: 8m 26s	remaining: 1d 11h 23m 24s
396:	learn: 0.0166242	test: 0.2751731	best: 0.2720893 (221)	total: 8m 27s	remaining: 1d 11h 20m 44s
397:	learn: 0.0165830	test: 0.2752763	best: 0.2720893 (221)	total: 8m 27s	remaining: 1d 11h 18m 9s
398:	learn: 0.0165267	test: 0.2752650	best: 0.2720893 (221)	total: 8m 28s	remaining: 1d 11h 16m 19s
/home/cyyen/miniconda3/envs/stock_path_tracker/lib/python3.8/site-packages/pandas/core/groupby/groupby.py:980: FutureWarning: Sorting because non-concatenation axis is not aligned. A future version
of pandas will change to not sort by default.

To accept the future behavior, pass 'sort=False'.

To retain the current behavior and silence the warning, pass 'sort=True'.

  result = concat(values, axis=self.axis, keys=keys)
399:	learn: 0.0164966	test: 0.2753000	best: 0.2720893 (221)	total: 8m 29s	remaining: 1d 11h 13m 44s
400:	learn: 0.0164582	test: 0.2753404	best: 0.2720893 (221)	total: 8m 30s	remaining: 1d 11h 11m 31s
401:	learn: 0.0164233	test: 0.2753310	best: 0.2720893 (221)	total: 8m 30s	remaining: 1d 11h 9m
402:	learn: 0.0163755	test: 0.2753129	best: 0.2720893 (221)	total: 8m 31s	remaining: 1d 11h 7m 22s
403:	learn: 0.0163329	test: 0.2753797	best: 0.2720893 (221)	total: 8m 32s	remaining: 1d 11h 4m 35s
404:	learn: 0.0162965	test: 0.2754191	best: 0.2720893 (221)	total: 8m 32s	remaining: 1d 11h 1m 25s
405:	learn: 0.0162660	test: 0.2754717	best: 0.2720893 (221)	total: 8m 33s	remaining: 1d 10h 59m 28s
406:	learn: 0.0162334	test: 0.2754706	best: 0.2720893 (221)	total: 8m 34s	remaining: 1d 10h 56m 56s
407:	learn: 0.0161994	test: 0.2755605	best: 0.2720893 (221)	total: 8m 34s	remaining: 1d 10h 53m 49s
408:	learn: 0.0161613	test: 0.2754942	best: 0.2720893 (221)	total: 8m 35s	remaining: 1d 10h 50m 43s
409:	learn: 0.0161273	test: 0.2754715	best: 0.2720893 (221)	total: 8m 35s	remaining: 1d 10h 48m 26s
410:	learn: 0.0160812	test: 0.2755439	best: 0.2720893 (221)	total: 8m 36s	remaining: 1d 10h 45m 34s
411:	learn: 0.0160427	test: 0.2755372	best: 0.2720893 (221)	total: 8m 36s	remaining: 1d 10h 42m 10s
412:	learn: 0.0159528	test: 0.2755350	best: 0.2720893 (221)	total: 8m 37s	remaining: 1d 10h 39m 16s
413:	learn: 0.0159197	test: 0.2755401	best: 0.2720893 (221)	total: 8m 37s	remaining: 1d 10h 36m 30s
414:	learn: 0.0158932	test: 0.2756134	best: 0.2720893 (221)	total: 8m 38s	remaining: 1d 10h 34m 6s
415:	learn: 0.0158644	test: 0.2756527	best: 0.2720893 (221)	total: 8m 39s	remaining: 1d 10h 31m 43s
416:	learn: 0.0158392	test: 0.2756824	best: 0.2720893 (221)	total: 8m 39s	remaining: 1d 10h 29m 1s
417:	learn: 0.0158101	test: 0.2757111	best: 0.2720893 (221)	total: 8m 40s	remaining: 1d 10h 25m 43s
418:	learn: 0.0157786	test: 0.2757339	best: 0.2720893 (221)	total: 8m 40s	remaining: 1d 10h 22m 21s
419:	learn: 0.0157456	test: 0.2757846	best: 0.2720893 (221)	total: 8m 41s	remaining: 1d 10h 18m 53s
420:	learn: 0.0157196	test: 0.2758103	best: 0.2720893 (221)	total: 8m 42s	remaining: 1d 10h 17m 48s
421:	learn: 0.0156940	test: 0.2758586	best: 0.2720893 (221)	total: 8m 42s	remaining: 1d 10h 14m 40s
422:	learn: 0.0156585	test: 0.2758329	best: 0.2720893 (221)	total: 8m 42s	remaining: 1d 10h 11m 51s
423:	learn: 0.0156270	test: 0.2758312	best: 0.2720893 (221)	total: 8m 43s	remaining: 1d 10h 9m 6s
424:	learn: 0.0156014	test: 0.2758989	best: 0.2720893 (221)	total: 8m 43s	remaining: 1d 10h 6m 4s
425:	learn: 0.0155652	test: 0.2759154	best: 0.2720893 (221)	total: 8m 44s	remaining: 1d 10h 3m 7s
426:	learn: 0.0155275	test: 0.2759240	best: 0.2720893 (221)	total: 8m 44s	remaining: 1d 10h 15s
427:	learn: 0.0155010	test: 0.2759921	best: 0.2720893 (221)	total: 8m 45s	remaining: 1d 9h 57m 11s
428:	learn: 0.0154733	test: 0.2759754	best: 0.2720893 (221)	total: 8m 45s	remaining: 1d 9h 54m 16s
429:	learn: 0.0154501	test: 0.2760729	best: 0.2720893 (221)	total: 8m 46s	remaining: 1d 9h 50m 54s
430:	learn: 0.0154202	test: 0.2760775	best: 0.2720893 (221)	total: 8m 46s	remaining: 1d 9h 47m 36s
431:	learn: 0.0153784	test: 0.2760684	best: 0.2720893 (221)	total: 8m 46s	remaining: 1d 9h 44m 17s
432:	learn: 0.0153293	test: 0.2760780	best: 0.2720893 (221)	total: 8m 47s	remaining: 1d 9h 40m 58s
433:	learn: 0.0152996	test: 0.2760678	best: 0.2720893 (221)	total: 8m 47s	remaining: 1d 9h 37m 47s
434:	learn: 0.0152713	test: 0.2760766	best: 0.2720893 (221)	total: 8m 48s	remaining: 1d 9h 34m 24s
435:	learn: 0.0152471	test: 0.2761136	best: 0.2720893 (221)	total: 8m 48s	remaining: 1d 9h 31m 13s
436:	learn: 0.0152187	test: 0.2761971	best: 0.2720893 (221)	total: 8m 48s	remaining: 1d 9h 27m 48s
437:	learn: 0.0151623	test: 0.2762335	best: 0.2720893 (221)	total: 8m 49s	remaining: 1d 9h 25m 42s
438:	learn: 0.0151335	test: 0.2761939	best: 0.2720893 (221)	total: 8m 49s	remaining: 1d 9h 22m 55s
439:	learn: 0.0151067	test: 0.2762142	best: 0.2720893 (221)	total: 8m 50s	remaining: 1d 9h 20m 30s
440:	learn: 0.0150686	test: 0.2761815	best: 0.2720893 (221)	total: 8m 50s	remaining: 1d 9h 17m 44s
441:	learn: 0.0150368	test: 0.2762754	best: 0.2720893 (221)	total: 8m 51s	remaining: 1d 9h 14m 38s
442:	learn: 0.0150078	test: 0.2763224	best: 0.2720893 (221)	total: 8m 51s	remaining: 1d 9h 11m 24s
443:	learn: 0.0149705	test: 0.2763073	best: 0.2720893 (221)	total: 8m 52s	remaining: 1d 9h 8m 8s
444:	learn: 0.0149354	test: 0.2763712	best: 0.2720893 (221)	total: 8m 52s	remaining: 1d 9h 5m 11s
445:	learn: 0.0149008	test: 0.2763135	best: 0.2720893 (221)	total: 8m 52s	remaining: 1d 9h 2m 2s
446:	learn: 0.0148464	test: 0.2762586	best: 0.2720893 (221)	total: 8m 53s	remaining: 1d 8h 58m 47s
447:	learn: 0.0148178	test: 0.2762125	best: 0.2720893 (221)	total: 8m 53s	remaining: 1d 8h 55m 35s
448:	learn: 0.0147886	test: 0.2762843	best: 0.2720893 (221)	total: 8m 53s	remaining: 1d 8h 52m 41s
449:	learn: 0.0147393	test: 0.2762854	best: 0.2720893 (221)	total: 8m 54s	remaining: 1d 8h 49m 29s
450:	learn: 0.0146998	test: 0.2763581	best: 0.2720893 (221)	total: 8m 54s	remaining: 1d 8h 46m 21s
451:	learn: 0.0146613	test: 0.2764043	best: 0.2720893 (221)	total: 8m 54s	remaining: 1d 8h 42m 57s
452:	learn: 0.0146073	test: 0.2765126	best: 0.2720893 (221)	total: 8m 55s	remaining: 1d 8h 39m 36s
453:	learn: 0.0145822	test: 0.2764621	best: 0.2720893 (221)	total: 8m 55s	remaining: 1d 8h 36m 14s
454:	learn: 0.0145539	test: 0.2764530	best: 0.2720893 (221)	total: 8m 55s	remaining: 1d 8h 33m 53s
455:	learn: 0.0145234	test: 0.2764793	best: 0.2720893 (221)	total: 8m 56s	remaining: 1d 8h 31m 4s
456:	learn: 0.0144938	test: 0.2764645	best: 0.2720893 (221)	total: 8m 56s	remaining: 1d 8h 28m 14s
457:	learn: 0.0144596	test: 0.2764828	best: 0.2720893 (221)	total: 8m 57s	remaining: 1d 8h 25m 28s
458:	learn: 0.0144324	test: 0.2764490	best: 0.2720893 (221)	total: 8m 57s	remaining: 1d 8h 22m 35s
459:	learn: 0.0143890	test: 0.2764383	best: 0.2720893 (221)	total: 8m 57s	remaining: 1d 8h 19m 44s
460:	learn: 0.0143467	test: 0.2763984	best: 0.2720893 (221)	total: 8m 58s	remaining: 1d 8h 16m 59s
461:	learn: 0.0142821	test: 0.2764135	best: 0.2720893 (221)	total: 8m 58s	remaining: 1d 8h 14m 3s
462:	learn: 0.0142521	test: 0.2763582	best: 0.2720893 (221)	total: 8m 58s	remaining: 1d 8h 10m 54s
463:	learn: 0.0142324	test: 0.2764128	best: 0.2720893 (221)	total: 8m 59s	remaining: 1d 8h 7m 57s
464:	learn: 0.0142103	test: 0.2764381	best: 0.2720893 (221)	total: 8m 59s	remaining: 1d 8h 5m 8s
465:	learn: 0.0141810	test: 0.2765585	best: 0.2720893 (221)	total: 8m 59s	remaining: 1d 8h 2m 15s
466:	learn: 0.0141314	test: 0.2766172	best: 0.2720893 (221)	total: 9m	remaining: 1d 7h 59m 39s
467:	learn: 0.0140892	test: 0.2766643	best: 0.2720893 (221)	total: 9m	remaining: 1d 7h 57m 32s
468:	learn: 0.0140661	test: 0.2767480	best: 0.2720893 (221)	total: 9m 1s	remaining: 1d 7h 54m 23s
469:	learn: 0.0140427	test: 0.2768008	best: 0.2720893 (221)	total: 9m 1s	remaining: 1d 7h 51m 12s
470:	learn: 0.0140069	test: 0.2767838	best: 0.2720893 (221)	total: 9m 1s	remaining: 1d 7h 48m 7s
471:	learn: 0.0139868	test: 0.2768424	best: 0.2720893 (221)	total: 9m 2s	remaining: 1d 7h 44m 59s
Stopped by overfitting detector  (250 iterations wait)

bestTest = 0.2720892505
bestIteration = 221

Shrink model to first 222 iterations.
is_turnpt_downward, 7, 0.75, 100000, 10, 0.5, RMSE, 202, Iter, 250, 0.0, 0.0
